[0.068s] Invoking command in '/home/wasim/r4s/build/orocos_kdl': CMAKE_PREFIX_PATH=${CMAKE_PREFIX_PATH}:/opt/ros/jazzy DEBUGINFOD_URLS=https://debuginfod.ubuntu.com /usr/bin/cmake --build /home/wasim/r4s/build/orocos_kdl -- -j16 -l16
[0.337s] [100%] Built target orocos-kdl
[0.398s] Invoked command in '/home/wasim/r4s/build/orocos_kdl' returned '0': CMAKE_PREFIX_PATH=${CMAKE_PREFIX_PATH}:/opt/ros/jazzy DEBUGINFOD_URLS=https://debuginfod.ubuntu.com /usr/bin/cmake --build /home/wasim/r4s/build/orocos_kdl -- -j16 -l16
[0.404s] Invoking command in '/home/wasim/r4s/build/orocos_kdl': CMAKE_PREFIX_PATH=${CMAKE_PREFIX_PATH}:/opt/ros/jazzy DEBUGINFOD_URLS=https://debuginfod.ubuntu.com /usr/bin/cmake --install /home/wasim/r4s/build/orocos_kdl
[0.426s] -- Install configuration: "Release"
[0.426s] -- Up-to-date: /home/wasim/r4s/install/orocos_kdl/share/orocos_kdl/cmake/FindEigen3.cmake
[0.427s] -- Up-to-date: /home/wasim/r4s/install/orocos_kdl/share/orocos_kdl/cmake/orocos_kdl-config.cmake
[0.427s] -- Up-to-date: /home/wasim/r4s/install/orocos_kdl/share/orocos_kdl/cmake/orocos_kdl-config-version.cmake
[0.427s] -- Up-to-date: /home/wasim/r4s/install/orocos_kdl/share/orocos_kdl/cmake/OrocosKDLTargets.cmake
[0.427s] -- Up-to-date: /home/wasim/r4s/install/orocos_kdl/share/orocos_kdl/cmake/OrocosKDLTargets-release.cmake
[0.428s] -- Up-to-date: /home/wasim/r4s/install/orocos_kdl/lib/pkgconfig/orocos-kdl.pc
[0.429s] -- Up-to-date: /home/wasim/r4s/install/orocos_kdl/lib/pkgconfig/orocos_kdl.pc
[0.429s] -- Up-to-date: /home/wasim/r4s/install/orocos_kdl/lib/liborocos-kdl.so.1.5.2
[0.429s] -- Up-to-date: /home/wasim/r4s/install/orocos_kdl/lib/liborocos-kdl.so.1.5
[0.430s] -- Up-to-date: /home/wasim/r4s/install/orocos_kdl/lib/liborocos-kdl.so
[0.430s] -- Up-to-date: /home/wasim/r4s/install/orocos_kdl/include/kdl/articulatedbodyinertia.hpp
[0.430s] -- Up-to-date: /home/wasim/r4s/install/orocos_kdl/include/kdl/chain.hpp
[0.430s] -- Up-to-date: /home/wasim/r4s/install/orocos_kdl/include/kdl/chaindynparam.hpp
[0.431s] -- Up-to-date: /home/wasim/r4s/install/orocos_kdl/include/kdl/chainexternalwrenchestimator.hpp
[0.431s] -- Up-to-date: /home/wasim/r4s/install/orocos_kdl/include/kdl/chainfdsolver.hpp
[0.431s] -- Up-to-date: /home/wasim/r4s/install/orocos_kdl/include/kdl/chainfdsolver_recursive_newton_euler.hpp
[0.431s] -- Up-to-date: /home/wasim/r4s/install/orocos_kdl/include/kdl/chainfksolver.hpp
[0.431s] -- Up-to-date: /home/wasim/r4s/install/orocos_kdl/include/kdl/chainfksolverpos_recursive.hpp
[0.432s] -- Up-to-date: /home/wasim/r4s/install/orocos_kdl/include/kdl/chainfksolvervel_recursive.hpp
[0.432s] -- Up-to-date: /home/wasim/r4s/install/orocos_kdl/include/kdl/chainhdsolver_vereshchagin.hpp
[0.432s] -- Up-to-date: /home/wasim/r4s/install/orocos_kdl/include/kdl/chainhdsolver_vereshchagin_fext.hpp
[0.433s] -- Up-to-date: /home/wasim/r4s/install/orocos_kdl/include/kdl/chainidsolver.hpp
[0.433s] -- Up-to-date: /home/wasim/r4s/install/orocos_kdl/include/kdl/chainidsolver_recursive_newton_euler.hpp
[0.433s] -- Up-to-date: /home/wasim/r4s/install/orocos_kdl/include/kdl/chainidsolver_vereshchagin.hpp
[0.434s] -- Up-to-date: /home/wasim/r4s/install/orocos_kdl/include/kdl/chainiksolver.hpp
[0.435s] -- Up-to-date: /home/wasim/r4s/install/orocos_kdl/include/kdl/chainiksolverpos_lma.hpp
[0.436s] -- Up-to-date: /home/wasim/r4s/install/orocos_kdl/include/kdl/chainiksolverpos_nr.hpp
[0.437s] -- Up-to-date: /home/wasim/r4s/install/orocos_kdl/include/kdl/chainiksolverpos_nr_jl.hpp
[0.438s] -- Up-to-date: /home/wasim/r4s/install/orocos_kdl/include/kdl/chainiksolvervel_pinv.hpp
[0.438s] -- Up-to-date: /home/wasim/r4s/install/orocos_kdl/include/kdl/chainiksolvervel_pinv_givens.hpp
[0.438s] -- Up-to-date: /home/wasim/r4s/install/orocos_kdl/include/kdl/chainiksolvervel_pinv_nso.hpp
[0.440s] -- Up-to-date: /home/wasim/r4s/install/orocos_kdl/include/kdl/chainiksolvervel_wdls.hpp
[0.440s] -- Up-to-date: /home/wasim/r4s/install/orocos_kdl/include/kdl/chainjnttojacdotsolver.hpp
[0.440s] -- Up-to-date: /home/wasim/r4s/install/orocos_kdl/include/kdl/chainjnttojacsolver.hpp
[0.441s] -- Up-to-date: /home/wasim/r4s/install/orocos_kdl/include/kdl/frameacc.hpp
[0.442s] -- Up-to-date: /home/wasim/r4s/install/orocos_kdl/include/kdl/frameacc.inl
[0.443s] -- Up-to-date: /home/wasim/r4s/install/orocos_kdl/include/kdl/frameacc_io.hpp
[0.443s] -- Up-to-date: /home/wasim/r4s/install/orocos_kdl/include/kdl/frames.hpp
[0.444s] -- Up-to-date: /home/wasim/r4s/install/orocos_kdl/include/kdl/frames.inl
[0.444s] -- Up-to-date: /home/wasim/r4s/install/orocos_kdl/include/kdl/frames_io.hpp
[0.444s] -- Up-to-date: /home/wasim/r4s/install/orocos_kdl/include/kdl/framevel.hpp
[0.444s] -- Up-to-date: /home/wasim/r4s/install/orocos_kdl/include/kdl/framevel.inl
[0.445s] -- Up-to-date: /home/wasim/r4s/install/orocos_kdl/include/kdl/framevel_io.hpp
[0.445s] -- Up-to-date: /home/wasim/r4s/install/orocos_kdl/include/kdl/jacobian.hpp
[0.445s] -- Up-to-date: /home/wasim/r4s/install/orocos_kdl/include/kdl/jntarray.hpp
[0.445s] -- Up-to-date: /home/wasim/r4s/install/orocos_kdl/include/kdl/jntarrayacc.hpp
[0.446s] -- Up-to-date: /home/wasim/r4s/install/orocos_kdl/include/kdl/jntarrayvel.hpp
[0.447s] -- Up-to-date: /home/wasim/r4s/install/orocos_kdl/include/kdl/jntspaceinertiamatrix.hpp
[0.447s] -- Up-to-date: /home/wasim/r4s/install/orocos_kdl/include/kdl/joint.hpp
[0.447s] -- Up-to-date: /home/wasim/r4s/install/orocos_kdl/include/kdl/kdl.hpp
[0.448s] -- Up-to-date: /home/wasim/r4s/install/orocos_kdl/include/kdl/kinfam.hpp
[0.448s] -- Up-to-date: /home/wasim/r4s/install/orocos_kdl/include/kdl/kinfam_io.hpp
[0.449s] -- Up-to-date: /home/wasim/r4s/install/orocos_kdl/include/kdl/motion.hpp
[0.449s] -- Up-to-date: /home/wasim/r4s/install/orocos_kdl/include/kdl/path.hpp
[0.449s] -- Up-to-date: /home/wasim/r4s/install/orocos_kdl/include/kdl/path_circle.hpp
[0.449s] -- Up-to-date: /home/wasim/r4s/install/orocos_kdl/include/kdl/path_composite.hpp
[0.450s] -- Up-to-date: /home/wasim/r4s/install/orocos_kdl/include/kdl/path_cyclic_closed.hpp
[0.450s] -- Up-to-date: /home/wasim/r4s/install/orocos_kdl/include/kdl/path_line.hpp
[0.450s] -- Up-to-date: /home/wasim/r4s/install/orocos_kdl/include/kdl/path_point.hpp
[0.451s] -- Up-to-date: /home/wasim/r4s/install/orocos_kdl/include/kdl/path_roundedcomposite.hpp
[0.451s] -- Up-to-date: /home/wasim/r4s/install/orocos_kdl/include/kdl/rigidbodyinertia.hpp
[0.451s] -- Up-to-date: /home/wasim/r4s/install/orocos_kdl/include/kdl/rotational_interpolation.hpp
[0.451s] -- Up-to-date: /home/wasim/r4s/install/orocos_kdl/include/kdl/rotational_interpolation_sa.hpp
[0.452s] -- Up-to-date: /home/wasim/r4s/install/orocos_kdl/include/kdl/rotationalinertia.hpp
[0.452s] -- Up-to-date: /home/wasim/r4s/install/orocos_kdl/include/kdl/segment.hpp
[0.452s] -- Up-to-date: /home/wasim/r4s/install/orocos_kdl/include/kdl/solveri.hpp
[0.452s] -- Up-to-date: /home/wasim/r4s/install/orocos_kdl/include/kdl/stiffness.hpp
[0.453s] -- Up-to-date: /home/wasim/r4s/install/orocos_kdl/include/kdl/trajectory.hpp
[0.453s] -- Up-to-date: /home/wasim/r4s/install/orocos_kdl/include/kdl/trajectory_composite.hpp
[0.454s] -- Up-to-date: /home/wasim/r4s/install/orocos_kdl/include/kdl/trajectory_segment.hpp
[0.454s] -- Up-to-date: /home/wasim/r4s/install/orocos_kdl/include/kdl/trajectory_stationary.hpp
[0.454s] -- Up-to-date: /home/wasim/r4s/install/orocos_kdl/include/kdl/tree.hpp
[0.455s] -- Up-to-date: /home/wasim/r4s/install/orocos_kdl/include/kdl/treefksolver.hpp
[0.455s] -- Up-to-date: /home/wasim/r4s/install/orocos_kdl/include/kdl/treefksolverpos_recursive.hpp
[0.455s] -- Up-to-date: /home/wasim/r4s/install/orocos_kdl/include/kdl/treeidsolver.hpp
[0.456s] -- Up-to-date: /home/wasim/r4s/install/orocos_kdl/include/kdl/treeidsolver_recursive_newton_euler.hpp
[0.457s] -- Up-to-date: /home/wasim/r4s/install/orocos_kdl/include/kdl/treeiksolver.hpp
[0.457s] -- Up-to-date: /home/wasim/r4s/install/orocos_kdl/include/kdl/treeiksolverpos_nr_jl.hpp
[0.458s] -- Up-to-date: /home/wasim/r4s/install/orocos_kdl/include/kdl/treeiksolverpos_online.hpp
[0.459s] -- Up-to-date: /home/wasim/r4s/install/orocos_kdl/include/kdl/treeiksolvervel_wdls.hpp
[0.460s] -- Up-to-date: /home/wasim/r4s/install/orocos_kdl/include/kdl/treejnttojacsolver.hpp
[0.460s] -- Up-to-date: /home/wasim/r4s/install/orocos_kdl/include/kdl/velocityprofile.hpp
[0.461s] -- Up-to-date: /home/wasim/r4s/install/orocos_kdl/include/kdl/velocityprofile_dirac.hpp
[0.461s] -- Up-to-date: /home/wasim/r4s/install/orocos_kdl/include/kdl/velocityprofile_rect.hpp
[0.461s] -- Up-to-date: /home/wasim/r4s/install/orocos_kdl/include/kdl/velocityprofile_spline.hpp
[0.462s] -- Up-to-date: /home/wasim/r4s/install/orocos_kdl/include/kdl/velocityprofile_trap.hpp
[0.464s] -- Up-to-date: /home/wasim/r4s/install/orocos_kdl/include/kdl/velocityprofile_traphalf.hpp
[0.464s] -- Up-to-date: /home/wasim/r4s/install/orocos_kdl/include/kdl/config.h
[0.466s] -- Up-to-date: /home/wasim/r4s/install/orocos_kdl/include/kdl/utilities/error.h
[0.467s] -- Up-to-date: /home/wasim/r4s/install/orocos_kdl/include/kdl/utilities/error_stack.h
[0.468s] -- Up-to-date: /home/wasim/r4s/install/orocos_kdl/include/kdl/utilities/hash_combine.h
[0.468s] -- Up-to-date: /home/wasim/r4s/install/orocos_kdl/include/kdl/utilities/kdl-config.h
[0.468s] -- Up-to-date: /home/wasim/r4s/install/orocos_kdl/include/kdl/utilities/ldl_solver_eigen.hpp
[0.468s] -- Up-to-date: /home/wasim/r4s/install/orocos_kdl/include/kdl/utilities/rall1d.h
[0.468s] -- Up-to-date: /home/wasim/r4s/install/orocos_kdl/include/kdl/utilities/rall1d_io.h
[0.469s] -- Up-to-date: /home/wasim/r4s/install/orocos_kdl/include/kdl/utilities/rall2d.h
[0.469s] -- Up-to-date: /home/wasim/r4s/install/orocos_kdl/include/kdl/utilities/rall2d_io.h
[0.469s] -- Up-to-date: /home/wasim/r4s/install/orocos_kdl/include/kdl/utilities/rallNd.h
[0.470s] -- Up-to-date: /home/wasim/r4s/install/orocos_kdl/include/kdl/utilities/scoped_ptr.hpp
[0.471s] -- Up-to-date: /home/wasim/r4s/install/orocos_kdl/include/kdl/utilities/svd_HH.hpp
[0.471s] -- Up-to-date: /home/wasim/r4s/install/orocos_kdl/include/kdl/utilities/svd_eigen_HH.hpp
[0.472s] -- Up-to-date: /home/wasim/r4s/install/orocos_kdl/include/kdl/utilities/svd_eigen_Macie.hpp
[0.472s] -- Up-to-date: /home/wasim/r4s/install/orocos_kdl/include/kdl/utilities/traits.h
[0.472s] -- Up-to-date: /home/wasim/r4s/install/orocos_kdl/include/kdl/utilities/utility.h
[0.472s] -- Up-to-date: /home/wasim/r4s/install/orocos_kdl/include/kdl/utilities/utility_io.h
[0.474s] Invoked command in '/home/wasim/r4s/build/orocos_kdl' returned '0': CMAKE_PREFIX_PATH=${CMAKE_PREFIX_PATH}:/opt/ros/jazzy DEBUGINFOD_URLS=https://debuginfod.ubuntu.com /usr/bin/cmake --install /home/wasim/r4s/build/orocos_kdl
