[0.047s] Invoking command in '/home/wasim/r4s/build/kinova_vision': CMAKE_PREFIX_PATH=${CMAKE_PREFIX_PATH}:/opt/ros/jazzy DEBUGINFOD_URLS=https://debuginfod.ubuntu.com /usr/bin/cmake /home/wasim/r4s/src/ros2_kortex_vision -DCMAKE_INSTALL_PREFIX=/home/wasim/r4s/install/kinova_vision
[0.084s] -- Found ament_cmake: 2.5.4 (/opt/ros/jazzy/share/ament_cmake/cmake)
[0.675s] -- Found camera_calibration_parsers: 5.1.7 (/opt/ros/jazzy/share/camera_calibration_parsers/cmake)
[0.754s] -- Found rosidl_generator_c: 4.6.5 (/opt/ros/jazzy/share/rosidl_generator_c/cmake)
[0.779s] -- Found rosidl_generator_cpp: 4.6.5 (/opt/ros/jazzy/share/rosidl_generator_cpp/cmake)
[0.807s] -- Using all available rosidl_typesupport_c: rosidl_typesupport_fastrtps_c;rosidl_typesupport_introspection_c
[0.839s] -- Using all available rosidl_typesupport_cpp: rosidl_typesupport_fastrtps_cpp;rosidl_typesupport_introspection_cpp
[0.999s] -- Found rmw_implementation_cmake: 7.3.2 (/opt/ros/jazzy/share/rmw_implementation_cmake/cmake)
[1.002s] -- Found rmw_fastrtps_cpp: 8.4.2 (/opt/ros/jazzy/share/rmw_fastrtps_cpp/cmake)
[1.177s] -- Using RMW implementation 'rmw_fastrtps_cpp' as default
[1.500s] -- Setting yaml-cpp_DIR to: '/opt/ros/jazzy/share/yaml_cpp_vendor/cmake/../../../opt/yaml_cpp_vendor/share/cmake/yaml-cpp'
[1.542s] [31mCMake Error at CMakeLists.txt:16 (find_package):
[1.543s]   By not providing "Findcamera_info_manager.cmake" in CMAKE_MODULE_PATH this
[1.543s]   project has asked CMake to find a package configuration file provided by
[1.543s]   "camera_info_manager", but CMake did not find one.
[1.544s] 
[1.544s]   Could not find a package configuration file provided by
[1.544s]   "camera_info_manager" with any of the following names:
[1.544s] 
[1.545s]     camera_info_managerConfig.cmake
[1.545s]     camera_info_manager-config.cmake
[1.545s] 
[1.545s]   Add the installation prefix of "camera_info_manager" to CMAKE_PREFIX_PATH
[1.545s]   or set "camera_info_manager_DIR" to a directory containing one of the above
[1.546s]   files.  If "camera_info_manager" provides a separate development package or
[1.546s]   SDK, be sure it has been installed.
[1.546s] 
[1.546s] [0m
[1.547s] -- Configuring incomplete, errors occurred!
[1.561s] Invoked command in '/home/wasim/r4s/build/kinova_vision' returned '1': CMAKE_PREFIX_PATH=${CMAKE_PREFIX_PATH}:/opt/ros/jazzy DEBUGINFOD_URLS=https://debuginfod.ubuntu.com /usr/bin/cmake /home/wasim/r4s/src/ros2_kortex_vision -DCMAKE_INSTALL_PREFIX=/home/wasim/r4s/install/kinova_vision
