[ 12%] [32mBuilding C object src/nbx/ethercat/CMakeFiles/ethercat.dir/ethercat.c.o[0m
[ 12%] [32mBuilding C object src/nbx/kelo/CMakeFiles/kelo.dir/kelo_drive.c.o[0m
[ 18%] [32mBuilding C object src/nbx/2dof/CMakeFiles/2dof.dir/2dof.c.o[0m
[ 25%] [32mBuilding C object src/nbx/kelo/CMakeFiles/kelo.dir/eddie_power_board.c.o[0m
[ 31%] [32mBuilding CXX object src/nbx/kortex/CMakeFiles/kinova_gen3.dir/kinova_gen3.cpp.o[0m
[ 37%] [32mBuilding C object src/nbx/kelo/CMakeFiles/kelo.dir/kelo_power_board.c.o[0m
[ 43%] [32m[1mLinking C shared library lib2dof.so[0m
[ 50%] [32m[1mLinking C shared library libkelo.so[0m
[ 56%] [32m[1mLinking C shared library libethercat.so[0m
[ 56%] Built target 2dof
[ 62%] [32mBuilding C object src/example/CMakeFiles/2dof_example.dir/2dof_example.c.o[0m
[ 62%] Built target ethercat
[ 62%] Built target kelo
[ 75%] [32m[1mLinking C executable 2dof_example[0m
[ 75%] [32mBuilding C object src/example/CMakeFiles/eddie_example.dir/eddie_example.c.o[0m
[ 81%] [32m[1mLinking C executable eddie_example[0m
[ 81%] Built target 2dof_example
[ 81%] Built target eddie_example
[ 87%] [32m[1mLinking CXX shared library libkinova_gen3.so[0m
[ 87%] Built target kinova_gen3
[ 93%] [32mBuilding C object src/example/CMakeFiles/kinova_gen3_example.dir/kinova_gen3_example.c.o[0m
[100%] [32m[1mLinking C executable kinova_gen3_example[0m
[100%] Built target kinova_gen3_example
