-- The C compiler identification is GNU 13.3.0
-- The CXX compiler identification is GNU 13.3.0
-- Detecting C compiler ABI info
-- Detecting C compiler ABI info - done
-- Check for working C compiler: /usr/bin/cc - skipped
-- Detecting C compile features
-- Detecting C compile features - done
-- Detecting CXX compiler ABI info
-- Detecting CXX compiler ABI info - done
-- Check for working CXX compiler: /usr/bin/c++ - skipped
-- Detecting CXX compile features
-- Detecting CXX compile features - done
-- Orocos KDL version  (1.5.2)
-- Setting build type to 'Release'
-- Performing Test HAVE_STL_CONTAINER_INCOMPLETE_TYPES
-- Performing Test HAVE_STL_CONTAINER_INCOMPLETE_TYPES - Success
-- Configuring done (1.7s)
-- Generating done (0.0s)
-- Build files have been written to: /home/wasim/r4s/build/orocos_kdl
[  4%] [32mBuilding CXX object src/CMakeFiles/orocos-kdl.dir/chaindynparam.cpp.o[0m
[  4%] [32mBuilding CXX object src/CMakeFiles/orocos-kdl.dir/articulatedbodyinertia.cpp.o[0m
[  4%] [32mBuilding CXX object src/CMakeFiles/orocos-kdl.dir/chain.cpp.o[0m
[  7%] [32mBuilding CXX object src/CMakeFiles/orocos-kdl.dir/chainfdsolver_recursive_newton_euler.cpp.o[0m
[  7%] [32mBuilding CXX object src/CMakeFiles/orocos-kdl.dir/chainexternalwrenchestimator.cpp.o[0m
[  8%] [32mBuilding CXX object src/CMakeFiles/orocos-kdl.dir/chainfksolverpos_recursive.cpp.o[0m
[ 10%] [32mBuilding CXX object src/CMakeFiles/orocos-kdl.dir/chainfksolvervel_recursive.cpp.o[0m
[ 11%] [32mBuilding CXX object src/CMakeFiles/orocos-kdl.dir/chainhdsolver_vereshchagin.cpp.o[0m
[ 13%] [32mBuilding CXX object src/CMakeFiles/orocos-kdl.dir/chainhdsolver_vereshchagin_fext.cpp.o[0m
[ 14%] [32mBuilding CXX object src/CMakeFiles/orocos-kdl.dir/chainidsolver_vereshchagin.cpp.o[0m
[ 16%] [32mBuilding CXX object src/CMakeFiles/orocos-kdl.dir/chainiksolverpos_lma.cpp.o[0m
[ 17%] [32mBuilding CXX object src/CMakeFiles/orocos-kdl.dir/chainiksolverpos_nr.cpp.o[0m
[ 19%] [32mBuilding CXX object src/CMakeFiles/orocos-kdl.dir/chainiksolverpos_nr_jl.cpp.o[0m
[ 20%] [32mBuilding CXX object src/CMakeFiles/orocos-kdl.dir/chainiksolvervel_pinv.cpp.o[0m
[ 22%] [32mBuilding CXX object src/CMakeFiles/orocos-kdl.dir/chainiksolvervel_pinv_givens.cpp.o[0m
[ 23%] [32mBuilding CXX object src/CMakeFiles/orocos-kdl.dir/chainidsolver_recursive_newton_euler.cpp.o[0m
[ 25%] [32mBuilding CXX object src/CMakeFiles/orocos-kdl.dir/chainiksolvervel_pinv_nso.cpp.o[0m
[ 26%] [32mBuilding CXX object src/CMakeFiles/orocos-kdl.dir/chainiksolvervel_wdls.cpp.o[0m
[ 27%] [32mBuilding CXX object src/CMakeFiles/orocos-kdl.dir/chainjnttojacdotsolver.cpp.o[0m
[ 29%] [32mBuilding CXX object src/CMakeFiles/orocos-kdl.dir/chainjnttojacsolver.cpp.o[0m
[ 30%] [32mBuilding CXX object src/CMakeFiles/orocos-kdl.dir/frameacc.cpp.o[0m
[ 32%] [32mBuilding CXX object src/CMakeFiles/orocos-kdl.dir/frames.cpp.o[0m
[ 33%] [32mBuilding CXX object src/CMakeFiles/orocos-kdl.dir/frames_io.cpp.o[0m
[ 35%] [32mBuilding CXX object src/CMakeFiles/orocos-kdl.dir/framevel.cpp.o[0m
[ 36%] [32mBuilding CXX object src/CMakeFiles/orocos-kdl.dir/jacobian.cpp.o[0m
[ 38%] [32mBuilding CXX object src/CMakeFiles/orocos-kdl.dir/jntarray.cpp.o[0m
[ 39%] [32mBuilding CXX object src/CMakeFiles/orocos-kdl.dir/jntarrayacc.cpp.o[0m
[ 41%] [32mBuilding CXX object src/CMakeFiles/orocos-kdl.dir/jntarrayvel.cpp.o[0m
[ 42%] [32mBuilding CXX object src/CMakeFiles/orocos-kdl.dir/jntspaceinertiamatrix.cpp.o[0m
[ 44%] [32mBuilding CXX object src/CMakeFiles/orocos-kdl.dir/joint.cpp.o[0m
[ 45%] [32mBuilding CXX object src/CMakeFiles/orocos-kdl.dir/kinfam_io.cpp.o[0m
[ 47%] [32mBuilding CXX object src/CMakeFiles/orocos-kdl.dir/path.cpp.o[0m
[ 48%] [32mBuilding CXX object src/CMakeFiles/orocos-kdl.dir/path_circle.cpp.o[0m
[ 50%] [32mBuilding CXX object src/CMakeFiles/orocos-kdl.dir/path_composite.cpp.o[0m
[ 51%] [32mBuilding CXX object src/CMakeFiles/orocos-kdl.dir/path_cyclic_closed.cpp.o[0m
[ 52%] [32mBuilding CXX object src/CMakeFiles/orocos-kdl.dir/path_line.cpp.o[0m
[ 54%] [32mBuilding CXX object src/CMakeFiles/orocos-kdl.dir/path_point.cpp.o[0m
[ 55%] [32mBuilding CXX object src/CMakeFiles/orocos-kdl.dir/path_roundedcomposite.cpp.o[0m
[ 57%] [32mBuilding CXX object src/CMakeFiles/orocos-kdl.dir/rigidbodyinertia.cpp.o[0m
[ 58%] [32mBuilding CXX object src/CMakeFiles/orocos-kdl.dir/rotational_interpolation.cpp.o[0m
[ 60%] [32mBuilding CXX object src/CMakeFiles/orocos-kdl.dir/rotational_interpolation_sa.cpp.o[0m
[ 61%] [32mBuilding CXX object src/CMakeFiles/orocos-kdl.dir/rotationalinertia.cpp.o[0m
[ 63%] [32mBuilding CXX object src/CMakeFiles/orocos-kdl.dir/segment.cpp.o[0m
[ 64%] [32mBuilding CXX object src/CMakeFiles/orocos-kdl.dir/trajectory.cpp.o[0m
[ 66%] [32mBuilding CXX object src/CMakeFiles/orocos-kdl.dir/trajectory_composite.cpp.o[0m
[ 67%] [32mBuilding CXX object src/CMakeFiles/orocos-kdl.dir/trajectory_segment.cpp.o[0m
[ 69%] [32mBuilding CXX object src/CMakeFiles/orocos-kdl.dir/trajectory_stationary.cpp.o[0m
[ 70%] [32mBuilding CXX object src/CMakeFiles/orocos-kdl.dir/tree.cpp.o[0m
[ 72%] [32mBuilding CXX object src/CMakeFiles/orocos-kdl.dir/treefksolverpos_recursive.cpp.o[0m
[ 73%] [32mBuilding CXX object src/CMakeFiles/orocos-kdl.dir/treeidsolver_recursive_newton_euler.cpp.o[0m
[ 75%] [32mBuilding CXX object src/CMakeFiles/orocos-kdl.dir/treeiksolverpos_nr_jl.cpp.o[0m
[ 76%] [32mBuilding CXX object src/CMakeFiles/orocos-kdl.dir/treeiksolverpos_online.cpp.o[0m
[ 77%] [32mBuilding CXX object src/CMakeFiles/orocos-kdl.dir/treeiksolvervel_wdls.cpp.o[0m
[ 79%] [32mBuilding CXX object src/CMakeFiles/orocos-kdl.dir/treejnttojacsolver.cpp.o[0m
[ 80%] [32mBuilding CXX object src/CMakeFiles/orocos-kdl.dir/utilities/error_stack.cxx.o[0m
[ 82%] [32mBuilding CXX object src/CMakeFiles/orocos-kdl.dir/utilities/ldl_solver_eigen.cpp.o[0m
[ 83%] [32mBuilding CXX object src/CMakeFiles/orocos-kdl.dir/utilities/svd_HH.cpp.o[0m
[ 85%] [32mBuilding CXX object src/CMakeFiles/orocos-kdl.dir/utilities/svd_eigen_HH.cpp.o[0m
[ 86%] [32mBuilding CXX object src/CMakeFiles/orocos-kdl.dir/utilities/svd_eigen_Macie.cpp.o[0m
[ 88%] [32mBuilding CXX object src/CMakeFiles/orocos-kdl.dir/utilities/utility.cxx.o[0m
[ 89%] [32mBuilding CXX object src/CMakeFiles/orocos-kdl.dir/utilities/utility_io.cxx.o[0m
[ 91%] [32mBuilding CXX object src/CMakeFiles/orocos-kdl.dir/velocityprofile.cpp.o[0m
[ 92%] [32mBuilding CXX object src/CMakeFiles/orocos-kdl.dir/velocityprofile_dirac.cpp.o[0m
[ 94%] [32mBuilding CXX object src/CMakeFiles/orocos-kdl.dir/velocityprofile_rect.cpp.o[0m
[ 95%] [32mBuilding CXX object src/CMakeFiles/orocos-kdl.dir/velocityprofile_spline.cpp.o[0m
[ 97%] [32mBuilding CXX object src/CMakeFiles/orocos-kdl.dir/velocityprofile_trap.cpp.o[0m
[ 98%] [32mBuilding CXX object src/CMakeFiles/orocos-kdl.dir/velocityprofile_traphalf.cpp.o[0m
[100%] [32m[1mLinking CXX shared library liborocos-kdl.so[0m
[100%] Built target orocos-kdl
