[0.011s] Invoking command in '/home/wasim/r4s/build/eddie_ros': CMAKE_PREFIX_PATH=/home/wasim/r4s/install/robif2b:/home/wasim/r4s/install/orocos_kdl:/home/wasim/r4s/install/coord2b:/home/wasim/r4s/install/eddie_ros:/home/wasim/r4s/install/eddie-ros:/home/wasim/r4s/install/kinova_vision:/opt/ros/jazzy/opt/gz_sim_vendor:/opt/ros/jazzy/opt/gz_sensors_vendor:/opt/ros/jazzy/opt/gz_physics_vendor:/opt/ros/jazzy/opt/sdformat_vendor:/opt/ros/jazzy/opt/gz_gui_vendor:/opt/ros/jazzy/opt/gz_transport_vendor:/opt/ros/jazzy/opt/gz_rendering_vendor:/opt/ros/jazzy/opt/gz_plugin_vendor:/opt/ros/jazzy/opt/gz_fuel_tools_vendor:/opt/ros/jazzy/opt/gz_msgs_vendor:/opt/ros/jazzy/opt/gz_common_vendor:/opt/ros/jazzy/opt/gz_math_vendor:/opt/ros/jazzy/opt/gz_utils_vendor:/opt/ros/jazzy/opt/gz_tools_vendor:/opt/ros/jazzy/opt/gz_ogre_next_vendor:/opt/ros/jazzy/opt/gz_dartsim_vendor:/opt/ros/jazzy/opt/gz_cmake_vendor:/opt/ros/jazzy DEBUGINFOD_URLS=https://debuginfod.ubuntu.com LD_LIBRARY_PATH=/home/wasim/r4s/install/robif2b/lib:/home/wasim/r4s/install/orocos_kdl/lib:/home/wasim/r4s/install/coord2b/lib:/home/wasim/r4s/install/eddie_ros/lib:/home/wasim/r4s/install/kinova_vision/lib:/opt/ros/jazzy/opt/gz_sim_vendor/lib:/opt/ros/jazzy/opt/gz_sensors_vendor/lib:/opt/ros/jazzy/opt/gz_physics_vendor/lib:/opt/ros/jazzy/opt/sdformat_vendor/lib:/opt/ros/jazzy/opt/rviz_ogre_vendor/lib:/opt/ros/jazzy/lib/x86_64-linux-gnu:/opt/ros/jazzy/opt/gz_gui_vendor/lib:/opt/ros/jazzy/opt/gz_transport_vendor/lib:/opt/ros/jazzy/opt/gz_rendering_vendor/lib:/opt/ros/jazzy/opt/gz_plugin_vendor/lib:/opt/ros/jazzy/opt/gz_fuel_tools_vendor/lib:/opt/ros/jazzy/opt/gz_msgs_vendor/lib:/opt/ros/jazzy/opt/gz_common_vendor/lib:/opt/ros/jazzy/opt/gz_math_vendor/lib:/opt/ros/jazzy/opt/gz_utils_vendor/lib:/opt/ros/jazzy/opt/gz_tools_vendor/lib:/opt/ros/jazzy/opt/gz_ogre_next_vendor/lib:/opt/ros/jazzy/opt/gz_dartsim_vendor/lib:/opt/ros/jazzy/opt/gz_cmake_vendor/lib:/opt/ros/jazzy/lib PKG_CONFIG_PATH=/home/wasim/r4s/install/orocos_kdl/lib/x86_64-linux-gnu/pkgconfig:/home/wasim/r4s/install/orocos_kdl/lib/pkgconfig:/home/wasim/r4s/install/python_orocos_kdl/lib/x86_64-linux-gnu/pkgconfig:/home/wasim/r4s/install/python_orocos_kdl/lib/pkgconfig /usr/bin/cmake --build /home/wasim/r4s/build/eddie_ros -- -j16 -l16
[0.070s] [  1%] Built target eddie_ros__rosidl_generator_type_description
[0.082s] [  1%] Built target ament_cmake_python_copy_eddie_ros
[0.093s] [  3%] Built target eddie_ros__cpp
[0.095s] [ 16%] Built target eddie_ros__rosidl_generator_c
[0.124s] [ 56%] Built target eddie_ros__rosidl_typesupport_cpp
[0.125s] [ 56%] Built target eddie_ros__rosidl_typesupport_introspection_c
[0.125s] [ 56%] Built target eddie_ros__rosidl_typesupport_fastrtps_cpp
[0.125s] [ 56%] Built target eddie_ros__rosidl_typesupport_introspection_cpp
[0.125s] [ 56%] Built target eddie_ros__rosidl_typesupport_c
[0.125s] [ 56%] Built target eddie_ros__rosidl_typesupport_fastrtps_c
[0.152s] [ 56%] Built target eddie_ros
[0.160s] [ 61%] [32mBuilding CXX object CMakeFiles/pick_place_fsm_mock.dir/src/pick_place_fsm_mock.cpp.o[0m
[0.160s] [ 61%] Built target mock_servers_only
[0.160s] [ 66%] Built target task_planner_node
[0.160s] [ 71%] Built target eddie_ros_interface
[0.162s] [ 76%] Built target eddie_ros_interface_dummy
[0.163s] [ 81%] Built target eddie_ros_interface_test
[0.178s] [ 83%] Built target eddie_ros__py
[0.205s] [ 88%] Built target eddie_ros__rosidl_generator_py
[0.231s] [ 98%] Built target eddie_ros_s__rosidl_typesupport_c
[0.231s] [ 98%] Built target eddie_ros_s__rosidl_typesupport_introspection_c
[0.232s] [ 98%] Built target eddie_ros_s__rosidl_typesupport_fastrtps_c
[0.332s] running egg_info
[0.358s] writing eddie_ros.egg-info/PKG-INFO
[0.358s] writing dependency_links to eddie_ros.egg-info/dependency_links.txt
[0.358s] writing top-level names to eddie_ros.egg-info/top_level.txt
[0.434s] reading manifest file 'eddie_ros.egg-info/SOURCES.txt'
[0.435s] writing manifest file 'eddie_ros.egg-info/SOURCES.txt'
[0.465s] [ 98%] Built target ament_cmake_python_build_eddie_ros_egg
[8.098s] [100%] [32m[1mLinking CXX executable pick_place_fsm_mock[0m
[8.364s] [100%] Built target pick_place_fsm_mock
[8.378s] Invoked command in '/home/wasim/r4s/build/eddie_ros' returned '0': CMAKE_PREFIX_PATH=/home/wasim/r4s/install/robif2b:/home/wasim/r4s/install/orocos_kdl:/home/wasim/r4s/install/coord2b:/home/wasim/r4s/install/eddie_ros:/home/wasim/r4s/install/eddie-ros:/home/wasim/r4s/install/kinova_vision:/opt/ros/jazzy/opt/gz_sim_vendor:/opt/ros/jazzy/opt/gz_sensors_vendor:/opt/ros/jazzy/opt/gz_physics_vendor:/opt/ros/jazzy/opt/sdformat_vendor:/opt/ros/jazzy/opt/gz_gui_vendor:/opt/ros/jazzy/opt/gz_transport_vendor:/opt/ros/jazzy/opt/gz_rendering_vendor:/opt/ros/jazzy/opt/gz_plugin_vendor:/opt/ros/jazzy/opt/gz_fuel_tools_vendor:/opt/ros/jazzy/opt/gz_msgs_vendor:/opt/ros/jazzy/opt/gz_common_vendor:/opt/ros/jazzy/opt/gz_math_vendor:/opt/ros/jazzy/opt/gz_utils_vendor:/opt/ros/jazzy/opt/gz_tools_vendor:/opt/ros/jazzy/opt/gz_ogre_next_vendor:/opt/ros/jazzy/opt/gz_dartsim_vendor:/opt/ros/jazzy/opt/gz_cmake_vendor:/opt/ros/jazzy DEBUGINFOD_URLS=https://debuginfod.ubuntu.com LD_LIBRARY_PATH=/home/wasim/r4s/install/robif2b/lib:/home/wasim/r4s/install/orocos_kdl/lib:/home/wasim/r4s/install/coord2b/lib:/home/wasim/r4s/install/eddie_ros/lib:/home/wasim/r4s/install/kinova_vision/lib:/opt/ros/jazzy/opt/gz_sim_vendor/lib:/opt/ros/jazzy/opt/gz_sensors_vendor/lib:/opt/ros/jazzy/opt/gz_physics_vendor/lib:/opt/ros/jazzy/opt/sdformat_vendor/lib:/opt/ros/jazzy/opt/rviz_ogre_vendor/lib:/opt/ros/jazzy/lib/x86_64-linux-gnu:/opt/ros/jazzy/opt/gz_gui_vendor/lib:/opt/ros/jazzy/opt/gz_transport_vendor/lib:/opt/ros/jazzy/opt/gz_rendering_vendor/lib:/opt/ros/jazzy/opt/gz_plugin_vendor/lib:/opt/ros/jazzy/opt/gz_fuel_tools_vendor/lib:/opt/ros/jazzy/opt/gz_msgs_vendor/lib:/opt/ros/jazzy/opt/gz_common_vendor/lib:/opt/ros/jazzy/opt/gz_math_vendor/lib:/opt/ros/jazzy/opt/gz_utils_vendor/lib:/opt/ros/jazzy/opt/gz_tools_vendor/lib:/opt/ros/jazzy/opt/gz_ogre_next_vendor/lib:/opt/ros/jazzy/opt/gz_dartsim_vendor/lib:/opt/ros/jazzy/opt/gz_cmake_vendor/lib:/opt/ros/jazzy/lib PKG_CONFIG_PATH=/home/wasim/r4s/install/orocos_kdl/lib/x86_64-linux-gnu/pkgconfig:/home/wasim/r4s/install/orocos_kdl/lib/pkgconfig:/home/wasim/r4s/install/python_orocos_kdl/lib/x86_64-linux-gnu/pkgconfig:/home/wasim/r4s/install/python_orocos_kdl/lib/pkgconfig /usr/bin/cmake --build /home/wasim/r4s/build/eddie_ros -- -j16 -l16
[8.379s] Invoking command in '/home/wasim/r4s/build/eddie_ros': CMAKE_PREFIX_PATH=/home/wasim/r4s/install/robif2b:/home/wasim/r4s/install/orocos_kdl:/home/wasim/r4s/install/coord2b:/home/wasim/r4s/install/eddie_ros:/home/wasim/r4s/install/eddie-ros:/home/wasim/r4s/install/kinova_vision:/opt/ros/jazzy/opt/gz_sim_vendor:/opt/ros/jazzy/opt/gz_sensors_vendor:/opt/ros/jazzy/opt/gz_physics_vendor:/opt/ros/jazzy/opt/sdformat_vendor:/opt/ros/jazzy/opt/gz_gui_vendor:/opt/ros/jazzy/opt/gz_transport_vendor:/opt/ros/jazzy/opt/gz_rendering_vendor:/opt/ros/jazzy/opt/gz_plugin_vendor:/opt/ros/jazzy/opt/gz_fuel_tools_vendor:/opt/ros/jazzy/opt/gz_msgs_vendor:/opt/ros/jazzy/opt/gz_common_vendor:/opt/ros/jazzy/opt/gz_math_vendor:/opt/ros/jazzy/opt/gz_utils_vendor:/opt/ros/jazzy/opt/gz_tools_vendor:/opt/ros/jazzy/opt/gz_ogre_next_vendor:/opt/ros/jazzy/opt/gz_dartsim_vendor:/opt/ros/jazzy/opt/gz_cmake_vendor:/opt/ros/jazzy DEBUGINFOD_URLS=https://debuginfod.ubuntu.com LD_LIBRARY_PATH=/home/wasim/r4s/install/robif2b/lib:/home/wasim/r4s/install/orocos_kdl/lib:/home/wasim/r4s/install/coord2b/lib:/home/wasim/r4s/install/eddie_ros/lib:/home/wasim/r4s/install/kinova_vision/lib:/opt/ros/jazzy/opt/gz_sim_vendor/lib:/opt/ros/jazzy/opt/gz_sensors_vendor/lib:/opt/ros/jazzy/opt/gz_physics_vendor/lib:/opt/ros/jazzy/opt/sdformat_vendor/lib:/opt/ros/jazzy/opt/rviz_ogre_vendor/lib:/opt/ros/jazzy/lib/x86_64-linux-gnu:/opt/ros/jazzy/opt/gz_gui_vendor/lib:/opt/ros/jazzy/opt/gz_transport_vendor/lib:/opt/ros/jazzy/opt/gz_rendering_vendor/lib:/opt/ros/jazzy/opt/gz_plugin_vendor/lib:/opt/ros/jazzy/opt/gz_fuel_tools_vendor/lib:/opt/ros/jazzy/opt/gz_msgs_vendor/lib:/opt/ros/jazzy/opt/gz_common_vendor/lib:/opt/ros/jazzy/opt/gz_math_vendor/lib:/opt/ros/jazzy/opt/gz_utils_vendor/lib:/opt/ros/jazzy/opt/gz_tools_vendor/lib:/opt/ros/jazzy/opt/gz_ogre_next_vendor/lib:/opt/ros/jazzy/opt/gz_dartsim_vendor/lib:/opt/ros/jazzy/opt/gz_cmake_vendor/lib:/opt/ros/jazzy/lib PKG_CONFIG_PATH=/home/wasim/r4s/install/orocos_kdl/lib/x86_64-linux-gnu/pkgconfig:/home/wasim/r4s/install/orocos_kdl/lib/pkgconfig:/home/wasim/r4s/install/python_orocos_kdl/lib/x86_64-linux-gnu/pkgconfig:/home/wasim/r4s/install/python_orocos_kdl/lib/pkgconfig /usr/bin/cmake --install /home/wasim/r4s/build/eddie_ros
[8.388s] -- Install configuration: ""
[8.388s] -- Up-to-date: /home/wasim/r4s/install/eddie_ros/share/ament_index/resource_index/rosidl_interfaces/eddie_ros
[8.388s] -- Up-to-date: /home/wasim/r4s/install/eddie_ros/share/eddie_ros/action/ArmControl.json
[8.388s] -- Up-to-date: /home/wasim/r4s/install/eddie_ros/share/eddie_ros/action/GripperControl.json
[8.388s] -- Up-to-date: /home/wasim/r4s/install/eddie_ros/include/eddie_ros/eddie_ros
[8.389s] -- Up-to-date: /home/wasim/r4s/install/eddie_ros/include/eddie_ros/eddie_ros/msg
[8.389s] -- Up-to-date: /home/wasim/r4s/install/eddie_ros/include/eddie_ros/eddie_ros/msg/rosidl_generator_c__visibility_control.h
[8.389s] -- Up-to-date: /home/wasim/r4s/install/eddie_ros/include/eddie_ros/eddie_ros/action
[8.389s] -- Up-to-date: /home/wasim/r4s/install/eddie_ros/include/eddie_ros/eddie_ros/action/arm_control.h
[8.389s] -- Up-to-date: /home/wasim/r4s/install/eddie_ros/include/eddie_ros/eddie_ros/action/gripper_control.h
[8.389s] -- Up-to-date: /home/wasim/r4s/install/eddie_ros/include/eddie_ros/eddie_ros/action/detail
[8.389s] -- Up-to-date: /home/wasim/r4s/install/eddie_ros/include/eddie_ros/eddie_ros/action/detail/gripper_control__type_support.h
[8.389s] -- Up-to-date: /home/wasim/r4s/install/eddie_ros/include/eddie_ros/eddie_ros/action/detail/arm_control__struct.h
[8.389s] -- Up-to-date: /home/wasim/r4s/install/eddie_ros/include/eddie_ros/eddie_ros/action/detail/gripper_control__type_support.c
[8.389s] -- Up-to-date: /home/wasim/r4s/install/eddie_ros/include/eddie_ros/eddie_ros/action/detail/arm_control__functions.h
[8.389s] -- Up-to-date: /home/wasim/r4s/install/eddie_ros/include/eddie_ros/eddie_ros/action/detail/gripper_control__struct.h
[8.389s] -- Up-to-date: /home/wasim/r4s/install/eddie_ros/include/eddie_ros/eddie_ros/action/detail/arm_control__type_support.h
[8.390s] -- Up-to-date: /home/wasim/r4s/install/eddie_ros/include/eddie_ros/eddie_ros/action/detail/gripper_control__description.c
[8.390s] -- Up-to-date: /home/wasim/r4s/install/eddie_ros/include/eddie_ros/eddie_ros/action/detail/gripper_control__functions.h
[8.390s] -- Up-to-date: /home/wasim/r4s/install/eddie_ros/include/eddie_ros/eddie_ros/action/detail/gripper_control__functions.c
[8.390s] -- Up-to-date: /home/wasim/r4s/install/eddie_ros/include/eddie_ros/eddie_ros/action/detail/arm_control__functions.c
[8.390s] -- Up-to-date: /home/wasim/r4s/install/eddie_ros/include/eddie_ros/eddie_ros/action/detail/arm_control__description.c
[8.390s] -- Up-to-date: /home/wasim/r4s/install/eddie_ros/include/eddie_ros/eddie_ros/action/detail/arm_control__type_support.c
[8.390s] -- Up-to-date: /home/wasim/r4s/install/eddie_ros/share/eddie_ros/environment/library_path.sh
[8.390s] -- Up-to-date: /home/wasim/r4s/install/eddie_ros/share/eddie_ros/environment/library_path.dsv
[8.390s] -- Up-to-date: /home/wasim/r4s/install/eddie_ros/lib/libeddie_ros__rosidl_generator_c.so
[8.390s] -- Up-to-date: /home/wasim/r4s/install/eddie_ros/include/eddie_ros/eddie_ros
[8.390s] -- Up-to-date: /home/wasim/r4s/install/eddie_ros/include/eddie_ros/eddie_ros/msg
[8.390s] -- Up-to-date: /home/wasim/r4s/install/eddie_ros/include/eddie_ros/eddie_ros/msg/rosidl_typesupport_fastrtps_c__visibility_control.h
[8.390s] -- Up-to-date: /home/wasim/r4s/install/eddie_ros/include/eddie_ros/eddie_ros/action
[8.390s] -- Up-to-date: /home/wasim/r4s/install/eddie_ros/include/eddie_ros/eddie_ros/action/detail
[8.390s] -- Up-to-date: /home/wasim/r4s/install/eddie_ros/include/eddie_ros/eddie_ros/action/detail/gripper_control__rosidl_typesupport_fastrtps_c.h
[8.390s] -- Up-to-date: /home/wasim/r4s/install/eddie_ros/include/eddie_ros/eddie_ros/action/detail/arm_control__rosidl_typesupport_fastrtps_c.h
[8.390s] -- Up-to-date: /home/wasim/r4s/install/eddie_ros/lib/libeddie_ros__rosidl_typesupport_fastrtps_c.so
[8.390s] -- Up-to-date: /home/wasim/r4s/install/eddie_ros/include/eddie_ros/eddie_ros
[8.391s] -- Up-to-date: /home/wasim/r4s/install/eddie_ros/include/eddie_ros/eddie_ros/msg
[8.391s] -- Up-to-date: /home/wasim/r4s/install/eddie_ros/include/eddie_ros/eddie_ros/msg/rosidl_generator_cpp__visibility_control.hpp
[8.391s] -- Up-to-date: /home/wasim/r4s/install/eddie_ros/include/eddie_ros/eddie_ros/action
[8.391s] -- Up-to-date: /home/wasim/r4s/install/eddie_ros/include/eddie_ros/eddie_ros/action/arm_control.hpp
[8.391s] -- Up-to-date: /home/wasim/r4s/install/eddie_ros/include/eddie_ros/eddie_ros/action/detail
[8.391s] -- Up-to-date: /home/wasim/r4s/install/eddie_ros/include/eddie_ros/eddie_ros/action/detail/gripper_control__struct.hpp
[8.391s] -- Up-to-date: /home/wasim/r4s/install/eddie_ros/include/eddie_ros/eddie_ros/action/detail/gripper_control__builder.hpp
[8.391s] -- Up-to-date: /home/wasim/r4s/install/eddie_ros/include/eddie_ros/eddie_ros/action/detail/arm_control__builder.hpp
[8.391s] -- Up-to-date: /home/wasim/r4s/install/eddie_ros/include/eddie_ros/eddie_ros/action/detail/gripper_control__type_support.hpp
[8.391s] -- Up-to-date: /home/wasim/r4s/install/eddie_ros/include/eddie_ros/eddie_ros/action/detail/arm_control__struct.hpp
[8.391s] -- Up-to-date: /home/wasim/r4s/install/eddie_ros/include/eddie_ros/eddie_ros/action/detail/arm_control__traits.hpp
[8.391s] -- Up-to-date: /home/wasim/r4s/install/eddie_ros/include/eddie_ros/eddie_ros/action/detail/gripper_control__traits.hpp
[8.391s] -- Up-to-date: /home/wasim/r4s/install/eddie_ros/include/eddie_ros/eddie_ros/action/detail/arm_control__type_support.hpp
[8.391s] -- Up-to-date: /home/wasim/r4s/install/eddie_ros/include/eddie_ros/eddie_ros/action/gripper_control.hpp
[8.391s] -- Up-to-date: /home/wasim/r4s/install/eddie_ros/include/eddie_ros/eddie_ros
[8.391s] -- Up-to-date: /home/wasim/r4s/install/eddie_ros/include/eddie_ros/eddie_ros/msg
[8.391s] -- Up-to-date: /home/wasim/r4s/install/eddie_ros/include/eddie_ros/eddie_ros/msg/rosidl_typesupport_fastrtps_cpp__visibility_control.h
[8.391s] -- Up-to-date: /home/wasim/r4s/install/eddie_ros/include/eddie_ros/eddie_ros/action
[8.392s] -- Up-to-date: /home/wasim/r4s/install/eddie_ros/include/eddie_ros/eddie_ros/action/detail
[8.392s] -- Up-to-date: /home/wasim/r4s/install/eddie_ros/include/eddie_ros/eddie_ros/action/detail/arm_control__rosidl_typesupport_fastrtps_cpp.hpp
[8.392s] -- Up-to-date: /home/wasim/r4s/install/eddie_ros/include/eddie_ros/eddie_ros/action/detail/gripper_control__rosidl_typesupport_fastrtps_cpp.hpp
[8.392s] -- Up-to-date: /home/wasim/r4s/install/eddie_ros/include/eddie_ros/eddie_ros/action/detail/dds_fastrtps
[8.392s] -- Up-to-date: /home/wasim/r4s/install/eddie_ros/lib/libeddie_ros__rosidl_typesupport_fastrtps_cpp.so
[8.392s] -- Up-to-date: /home/wasim/r4s/install/eddie_ros/include/eddie_ros/eddie_ros
[8.392s] -- Up-to-date: /home/wasim/r4s/install/eddie_ros/include/eddie_ros/eddie_ros/msg
[8.392s] -- Up-to-date: /home/wasim/r4s/install/eddie_ros/include/eddie_ros/eddie_ros/msg/rosidl_typesupport_introspection_c__visibility_control.h
[8.392s] -- Up-to-date: /home/wasim/r4s/install/eddie_ros/include/eddie_ros/eddie_ros/action
[8.392s] -- Up-to-date: /home/wasim/r4s/install/eddie_ros/include/eddie_ros/eddie_ros/action/detail
[8.392s] -- Up-to-date: /home/wasim/r4s/install/eddie_ros/include/eddie_ros/eddie_ros/action/detail/gripper_control__type_support.c
[8.392s] -- Up-to-date: /home/wasim/r4s/install/eddie_ros/include/eddie_ros/eddie_ros/action/detail/arm_control__rosidl_typesupport_introspection_c.h
[8.392s] -- Up-to-date: /home/wasim/r4s/install/eddie_ros/include/eddie_ros/eddie_ros/action/detail/gripper_control__rosidl_typesupport_introspection_c.h
[8.392s] -- Up-to-date: /home/wasim/r4s/install/eddie_ros/include/eddie_ros/eddie_ros/action/detail/arm_control__type_support.c
[8.392s] -- Up-to-date: /home/wasim/r4s/install/eddie_ros/lib/libeddie_ros__rosidl_typesupport_introspection_c.so
[8.392s] -- Up-to-date: /home/wasim/r4s/install/eddie_ros/lib/libeddie_ros__rosidl_typesupport_c.so
[8.392s] -- Up-to-date: /home/wasim/r4s/install/eddie_ros/include/eddie_ros/eddie_ros
[8.393s] -- Up-to-date: /home/wasim/r4s/install/eddie_ros/include/eddie_ros/eddie_ros/action
[8.393s] -- Up-to-date: /home/wasim/r4s/install/eddie_ros/include/eddie_ros/eddie_ros/action/detail
[8.393s] -- Up-to-date: /home/wasim/r4s/install/eddie_ros/include/eddie_ros/eddie_ros/action/detail/gripper_control__rosidl_typesupport_introspection_cpp.hpp
[8.393s] -- Up-to-date: /home/wasim/r4s/install/eddie_ros/include/eddie_ros/eddie_ros/action/detail/arm_control__rosidl_typesupport_introspection_cpp.hpp
[8.393s] -- Up-to-date: /home/wasim/r4s/install/eddie_ros/include/eddie_ros/eddie_ros/action/detail/gripper_control__type_support.cpp
[8.393s] -- Up-to-date: /home/wasim/r4s/install/eddie_ros/include/eddie_ros/eddie_ros/action/detail/arm_control__type_support.cpp
[8.393s] -- Up-to-date: /home/wasim/r4s/install/eddie_ros/lib/libeddie_ros__rosidl_typesupport_introspection_cpp.so
[8.393s] -- Up-to-date: /home/wasim/r4s/install/eddie_ros/lib/libeddie_ros__rosidl_typesupport_cpp.so
[8.393s] -- Up-to-date: /home/wasim/r4s/install/eddie_ros/share/eddie_ros/environment/pythonpath.sh
[8.393s] -- Up-to-date: /home/wasim/r4s/install/eddie_ros/share/eddie_ros/environment/pythonpath.dsv
[8.393s] -- Up-to-date: /home/wasim/r4s/install/eddie_ros/lib/python3.12/site-packages/eddie_ros-0.0.1-py3.12.egg-info
[8.393s] -- Installing: /home/wasim/r4s/install/eddie_ros/lib/python3.12/site-packages/eddie_ros-0.0.1-py3.12.egg-info/top_level.txt
[8.393s] -- Installing: /home/wasim/r4s/install/eddie_ros/lib/python3.12/site-packages/eddie_ros-0.0.1-py3.12.egg-info/SOURCES.txt
[8.393s] -- Installing: /home/wasim/r4s/install/eddie_ros/lib/python3.12/site-packages/eddie_ros-0.0.1-py3.12.egg-info/dependency_links.txt
[8.393s] -- Installing: /home/wasim/r4s/install/eddie_ros/lib/python3.12/site-packages/eddie_ros-0.0.1-py3.12.egg-info/PKG-INFO
[8.393s] -- Up-to-date: /home/wasim/r4s/install/eddie_ros/lib/python3.12/site-packages/eddie_ros
[8.393s] -- Up-to-date: /home/wasim/r4s/install/eddie_ros/lib/python3.12/site-packages/eddie_ros/eddie_ros_s__rosidl_typesupport_introspection_c.so
[8.393s] -- Up-to-date: /home/wasim/r4s/install/eddie_ros/lib/python3.12/site-packages/eddie_ros/eddie_ros_s__rosidl_typesupport_fastrtps_c.so
[8.393s] -- Up-to-date: /home/wasim/r4s/install/eddie_ros/lib/python3.12/site-packages/eddie_ros/_eddie_ros_s.ep.rosidl_typesupport_introspection_c.c
[8.394s] -- Up-to-date: /home/wasim/r4s/install/eddie_ros/lib/python3.12/site-packages/eddie_ros/_eddie_ros_s.ep.rosidl_typesupport_c.c
[8.394s] -- Up-to-date: /home/wasim/r4s/install/eddie_ros/lib/python3.12/site-packages/eddie_ros/eddie_ros_s__rosidl_typesupport_c.so
[8.394s] -- Up-to-date: /home/wasim/r4s/install/eddie_ros/lib/python3.12/site-packages/eddie_ros/__init__.py
[8.394s] -- Up-to-date: /home/wasim/r4s/install/eddie_ros/lib/python3.12/site-packages/eddie_ros/action
[8.394s] -- Up-to-date: /home/wasim/r4s/install/eddie_ros/lib/python3.12/site-packages/eddie_ros/action/_gripper_control.py
[8.394s] -- Up-to-date: /home/wasim/r4s/install/eddie_ros/lib/python3.12/site-packages/eddie_ros/action/__init__.py
[8.394s] -- Up-to-date: /home/wasim/r4s/install/eddie_ros/lib/python3.12/site-packages/eddie_ros/action/_arm_control.py
[8.394s] -- Up-to-date: /home/wasim/r4s/install/eddie_ros/lib/python3.12/site-packages/eddie_ros/action/_arm_control_s.c
[8.394s] -- Up-to-date: /home/wasim/r4s/install/eddie_ros/lib/python3.12/site-packages/eddie_ros/action/_gripper_control_s.c
[8.394s] -- Up-to-date: /home/wasim/r4s/install/eddie_ros/lib/python3.12/site-packages/eddie_ros/_eddie_ros_s.ep.rosidl_typesupport_fastrtps_c.c
[8.423s] Listing '/home/wasim/r4s/install/eddie_ros/lib/python3.12/site-packages/eddie_ros'...
[8.423s] Listing '/home/wasim/r4s/install/eddie_ros/lib/python3.12/site-packages/eddie_ros/action'...
[8.427s] -- Up-to-date: /home/wasim/r4s/install/eddie_ros/lib/python3.12/site-packages/eddie_ros/eddie_ros_s__rosidl_typesupport_fastrtps_c.so
[8.427s] -- Up-to-date: /home/wasim/r4s/install/eddie_ros/lib/python3.12/site-packages/eddie_ros/eddie_ros_s__rosidl_typesupport_introspection_c.so
[8.427s] -- Up-to-date: /home/wasim/r4s/install/eddie_ros/lib/python3.12/site-packages/eddie_ros/eddie_ros_s__rosidl_typesupport_c.so
[8.428s] -- Up-to-date: /home/wasim/r4s/install/eddie_ros/lib/libeddie_ros__rosidl_generator_py.so
[8.428s] -- Up-to-date: /home/wasim/r4s/install/eddie_ros/share/eddie_ros/action/ArmControl.idl
[8.428s] -- Up-to-date: /home/wasim/r4s/install/eddie_ros/share/eddie_ros/action/GripperControl.idl
[8.428s] -- Up-to-date: /home/wasim/r4s/install/eddie_ros/share/eddie_ros/action/ArmControl.action
[8.428s] -- Up-to-date: /home/wasim/r4s/install/eddie_ros/share/eddie_ros/action/GripperControl.action
[8.428s] -- Up-to-date: /home/wasim/r4s/install/eddie_ros/include
[8.428s] -- Up-to-date: /home/wasim/r4s/install/eddie_ros/include/eddie_ros
[8.428s] -- Up-to-date: /home/wasim/r4s/install/eddie_ros/include/eddie_ros/eddie_ros.fsm.hpp
[8.429s] -- Up-to-date: /home/wasim/r4s/install/eddie_ros/include/eddie_ros/interface.hpp
[8.429s] -- Up-to-date: /home/wasim/r4s/install/eddie_ros/include/eddie_ros/eddie_ros.fsm
[8.429s] -- Up-to-date: /home/wasim/r4s/install/eddie_ros/share/eddie_ros/urdf
[8.429s] -- Up-to-date: /home/wasim/r4s/install/eddie_ros/share/eddie_ros/urdf/eddie.urdf
[8.429s] -- Up-to-date: /home/wasim/r4s/install/eddie_ros/lib/eddie_ros/eddie_ros_interface
[8.429s] -- Up-to-date: /home/wasim/r4s/install/eddie_ros/lib/eddie_ros/eddie_ros_interface_test
[8.429s] -- Up-to-date: /home/wasim/r4s/install/eddie_ros/lib/eddie_ros/set_interface_permissions.sh
[8.429s] -- Up-to-date: /home/wasim/r4s/install/eddie_ros/lib/eddie_ros/task_planner_node
[8.429s] -- Installing: /home/wasim/r4s/install/eddie_ros/lib/eddie_ros/pick_place_fsm_mock
[8.435s] -- Set non-toolchain portion of runtime path of "/home/wasim/r4s/install/eddie_ros/lib/eddie_ros/pick_place_fsm_mock" to ""
[8.435s] -- Up-to-date: /home/wasim/r4s/install/eddie_ros/lib/eddie_ros/mock_servers_only
[8.436s] -- Up-to-date: /home/wasim/r4s/install/eddie_ros/lib/eddie_ros/eddie_ros_interface_dummy
[8.436s] -- Up-to-date: /home/wasim/r4s/install/eddie_ros/share/ament_index/resource_index/package_run_dependencies/eddie_ros
[8.436s] -- Up-to-date: /home/wasim/r4s/install/eddie_ros/share/ament_index/resource_index/parent_prefix_path/eddie_ros
[8.436s] -- Up-to-date: /home/wasim/r4s/install/eddie_ros/share/eddie_ros/environment/ament_prefix_path.sh
[8.436s] -- Up-to-date: /home/wasim/r4s/install/eddie_ros/share/eddie_ros/environment/ament_prefix_path.dsv
[8.436s] -- Up-to-date: /home/wasim/r4s/install/eddie_ros/share/eddie_ros/environment/path.sh
[8.436s] -- Up-to-date: /home/wasim/r4s/install/eddie_ros/share/eddie_ros/environment/path.dsv
[8.436s] -- Up-to-date: /home/wasim/r4s/install/eddie_ros/share/eddie_ros/local_setup.bash
[8.436s] -- Up-to-date: /home/wasim/r4s/install/eddie_ros/share/eddie_ros/local_setup.sh
[8.436s] -- Up-to-date: /home/wasim/r4s/install/eddie_ros/share/eddie_ros/local_setup.zsh
[8.436s] -- Up-to-date: /home/wasim/r4s/install/eddie_ros/share/eddie_ros/local_setup.dsv
[8.437s] -- Installing: /home/wasim/r4s/install/eddie_ros/share/eddie_ros/package.dsv
[8.437s] -- Up-to-date: /home/wasim/r4s/install/eddie_ros/share/ament_index/resource_index/packages/eddie_ros
[8.437s] -- Up-to-date: /home/wasim/r4s/install/eddie_ros/share/eddie_ros/cmake/export_eddie_ros__rosidl_generator_cExport.cmake
[8.437s] -- Up-to-date: /home/wasim/r4s/install/eddie_ros/share/eddie_ros/cmake/export_eddie_ros__rosidl_generator_cExport-noconfig.cmake
[8.437s] -- Up-to-date: /home/wasim/r4s/install/eddie_ros/share/eddie_ros/cmake/export_eddie_ros__rosidl_typesupport_fastrtps_cExport.cmake
[8.437s] -- Up-to-date: /home/wasim/r4s/install/eddie_ros/share/eddie_ros/cmake/export_eddie_ros__rosidl_typesupport_fastrtps_cExport-noconfig.cmake
[8.437s] -- Up-to-date: /home/wasim/r4s/install/eddie_ros/share/eddie_ros/cmake/export_eddie_ros__rosidl_generator_cppExport.cmake
[8.437s] -- Up-to-date: /home/wasim/r4s/install/eddie_ros/share/eddie_ros/cmake/export_eddie_ros__rosidl_typesupport_fastrtps_cppExport.cmake
[8.437s] -- Up-to-date: /home/wasim/r4s/install/eddie_ros/share/eddie_ros/cmake/export_eddie_ros__rosidl_typesupport_fastrtps_cppExport-noconfig.cmake
[8.437s] -- Up-to-date: /home/wasim/r4s/install/eddie_ros/share/eddie_ros/cmake/eddie_ros__rosidl_typesupport_introspection_cExport.cmake
[8.437s] -- Up-to-date: /home/wasim/r4s/install/eddie_ros/share/eddie_ros/cmake/eddie_ros__rosidl_typesupport_introspection_cExport-noconfig.cmake
[8.437s] -- Up-to-date: /home/wasim/r4s/install/eddie_ros/share/eddie_ros/cmake/eddie_ros__rosidl_typesupport_cExport.cmake
[8.437s] -- Up-to-date: /home/wasim/r4s/install/eddie_ros/share/eddie_ros/cmake/eddie_ros__rosidl_typesupport_cExport-noconfig.cmake
[8.437s] -- Up-to-date: /home/wasim/r4s/install/eddie_ros/share/eddie_ros/cmake/eddie_ros__rosidl_typesupport_introspection_cppExport.cmake
[8.437s] -- Up-to-date: /home/wasim/r4s/install/eddie_ros/share/eddie_ros/cmake/eddie_ros__rosidl_typesupport_introspection_cppExport-noconfig.cmake
[8.437s] -- Up-to-date: /home/wasim/r4s/install/eddie_ros/share/eddie_ros/cmake/eddie_ros__rosidl_typesupport_cppExport.cmake
[8.437s] -- Up-to-date: /home/wasim/r4s/install/eddie_ros/share/eddie_ros/cmake/eddie_ros__rosidl_typesupport_cppExport-noconfig.cmake
[8.438s] -- Up-to-date: /home/wasim/r4s/install/eddie_ros/share/eddie_ros/cmake/export_eddie_ros__rosidl_generator_pyExport.cmake
[8.438s] -- Up-to-date: /home/wasim/r4s/install/eddie_ros/share/eddie_ros/cmake/export_eddie_ros__rosidl_generator_pyExport-noconfig.cmake
[8.438s] -- Up-to-date: /home/wasim/r4s/install/eddie_ros/share/eddie_ros/cmake/rosidl_cmake-extras.cmake
[8.438s] -- Up-to-date: /home/wasim/r4s/install/eddie_ros/share/eddie_ros/cmake/ament_cmake_export_dependencies-extras.cmake
[8.438s] -- Up-to-date: /home/wasim/r4s/install/eddie_ros/share/eddie_ros/cmake/ament_cmake_export_include_directories-extras.cmake
[8.438s] -- Up-to-date: /home/wasim/r4s/install/eddie_ros/share/eddie_ros/cmake/ament_cmake_export_libraries-extras.cmake
[8.438s] -- Up-to-date: /home/wasim/r4s/install/eddie_ros/share/eddie_ros/cmake/ament_cmake_export_targets-extras.cmake
[8.438s] -- Up-to-date: /home/wasim/r4s/install/eddie_ros/share/eddie_ros/cmake/rosidl_cmake_export_typesupport_targets-extras.cmake
[8.438s] -- Up-to-date: /home/wasim/r4s/install/eddie_ros/share/eddie_ros/cmake/rosidl_cmake_export_typesupport_libraries-extras.cmake
[8.438s] -- Up-to-date: /home/wasim/r4s/install/eddie_ros/share/eddie_ros/cmake/eddie_rosConfig.cmake
[8.438s] -- Up-to-date: /home/wasim/r4s/install/eddie_ros/share/eddie_ros/cmake/eddie_rosConfig-version.cmake
[8.438s] -- Up-to-date: /home/wasim/r4s/install/eddie_ros/share/eddie_ros/package.xml
[8.440s] Invoked command in '/home/wasim/r4s/build/eddie_ros' returned '0': CMAKE_PREFIX_PATH=/home/wasim/r4s/install/robif2b:/home/wasim/r4s/install/orocos_kdl:/home/wasim/r4s/install/coord2b:/home/wasim/r4s/install/eddie_ros:/home/wasim/r4s/install/eddie-ros:/home/wasim/r4s/install/kinova_vision:/opt/ros/jazzy/opt/gz_sim_vendor:/opt/ros/jazzy/opt/gz_sensors_vendor:/opt/ros/jazzy/opt/gz_physics_vendor:/opt/ros/jazzy/opt/sdformat_vendor:/opt/ros/jazzy/opt/gz_gui_vendor:/opt/ros/jazzy/opt/gz_transport_vendor:/opt/ros/jazzy/opt/gz_rendering_vendor:/opt/ros/jazzy/opt/gz_plugin_vendor:/opt/ros/jazzy/opt/gz_fuel_tools_vendor:/opt/ros/jazzy/opt/gz_msgs_vendor:/opt/ros/jazzy/opt/gz_common_vendor:/opt/ros/jazzy/opt/gz_math_vendor:/opt/ros/jazzy/opt/gz_utils_vendor:/opt/ros/jazzy/opt/gz_tools_vendor:/opt/ros/jazzy/opt/gz_ogre_next_vendor:/opt/ros/jazzy/opt/gz_dartsim_vendor:/opt/ros/jazzy/opt/gz_cmake_vendor:/opt/ros/jazzy DEBUGINFOD_URLS=https://debuginfod.ubuntu.com LD_LIBRARY_PATH=/home/wasim/r4s/install/robif2b/lib:/home/wasim/r4s/install/orocos_kdl/lib:/home/wasim/r4s/install/coord2b/lib:/home/wasim/r4s/install/eddie_ros/lib:/home/wasim/r4s/install/kinova_vision/lib:/opt/ros/jazzy/opt/gz_sim_vendor/lib:/opt/ros/jazzy/opt/gz_sensors_vendor/lib:/opt/ros/jazzy/opt/gz_physics_vendor/lib:/opt/ros/jazzy/opt/sdformat_vendor/lib:/opt/ros/jazzy/opt/rviz_ogre_vendor/lib:/opt/ros/jazzy/lib/x86_64-linux-gnu:/opt/ros/jazzy/opt/gz_gui_vendor/lib:/opt/ros/jazzy/opt/gz_transport_vendor/lib:/opt/ros/jazzy/opt/gz_rendering_vendor/lib:/opt/ros/jazzy/opt/gz_plugin_vendor/lib:/opt/ros/jazzy/opt/gz_fuel_tools_vendor/lib:/opt/ros/jazzy/opt/gz_msgs_vendor/lib:/opt/ros/jazzy/opt/gz_common_vendor/lib:/opt/ros/jazzy/opt/gz_math_vendor/lib:/opt/ros/jazzy/opt/gz_utils_vendor/lib:/opt/ros/jazzy/opt/gz_tools_vendor/lib:/opt/ros/jazzy/opt/gz_ogre_next_vendor/lib:/opt/ros/jazzy/opt/gz_dartsim_vendor/lib:/opt/ros/jazzy/opt/gz_cmake_vendor/lib:/opt/ros/jazzy/lib PKG_CONFIG_PATH=/home/wasim/r4s/install/orocos_kdl/lib/x86_64-linux-gnu/pkgconfig:/home/wasim/r4s/install/orocos_kdl/lib/pkgconfig:/home/wasim/r4s/install/python_orocos_kdl/lib/x86_64-linux-gnu/pkgconfig:/home/wasim/r4s/install/python_orocos_kdl/lib/pkgconfig /usr/bin/cmake --install /home/wasim/r4s/build/eddie_ros
