[0.045s] Invoking command in '/home/wasim/r4s/build/eddie_pmu_control': DEBUGINFOD_URLS=https://debuginfod.ubuntu.com /usr/bin/cmake /home/wasim/r4s/src/eddie_pmu_control -DCMAKE_INSTALL_PREFIX=/home/wasim/r4s/install/eddie_pmu_control
[0.185s] -- The C compiler identification is GNU 13.3.0
[0.327s] -- The CXX compiler identification is GNU 13.3.0
[0.371s] -- Detecting C compiler ABI info
[0.617s] -- Detecting C compiler ABI info - done
[0.637s] -- Check for working C compiler: /usr/bin/cc - skipped
[0.638s] -- Detecting C compile features
[0.639s] -- Detecting C compile features - done
[0.663s] -- Detecting CXX compiler ABI info
[0.937s] -- Detecting CXX compiler ABI info - done
[0.960s] -- Check for working CXX compiler: /usr/bin/c++ - skipped
[0.961s] -- Detecting CXX compile features
[0.962s] -- Detecting CXX compile features - done
[0.975s] -- Configuring done (0.9s)
[0.981s] -- Generating done (0.0s)
[0.984s] -- Build files have been written to: /home/wasim/r4s/build/eddie_pmu_control
[0.994s] Invoked command in '/home/wasim/r4s/build/eddie_pmu_control' returned '0': DEBUGINFOD_URLS=https://debuginfod.ubuntu.com /usr/bin/cmake /home/wasim/r4s/src/eddie_pmu_control -DCMAKE_INSTALL_PREFIX=/home/wasim/r4s/install/eddie_pmu_control
[0.997s] Invoking command in '/home/wasim/r4s/build/eddie_pmu_control': DEBUGINFOD_URLS=https://debuginfod.ubuntu.com /usr/bin/cmake --build /home/wasim/r4s/build/eddie_pmu_control -- -j16 -l16
[1.140s] [ 50%] [32mBuilding C object CMakeFiles/eddie_pmu_control.dir/eddie_pmu_control.c.o[0m
[1.251s] [100%] [32m[1mLinking C executable eddie_pmu_control[0m
[1.351s] [100%] Built target eddie_pmu_control
[1.384s] Invoked command in '/home/wasim/r4s/build/eddie_pmu_control' returned '0': DEBUGINFOD_URLS=https://debuginfod.ubuntu.com /usr/bin/cmake --build /home/wasim/r4s/build/eddie_pmu_control -- -j16 -l16
[1.411s] Invoking command in '/home/wasim/r4s/build/eddie_pmu_control': DEBUGINFOD_URLS=https://debuginfod.ubuntu.com /usr/bin/cmake --install /home/wasim/r4s/build/eddie_pmu_control
[1.433s] -- Install configuration: ""
[1.433s] -- Installing: /home/wasim/r4s/install/eddie_pmu_control/bin/eddie_pmu_control
[1.438s] Invoked command in '/home/wasim/r4s/build/eddie_pmu_control' returned '0': DEBUGINFOD_URLS=https://debuginfod.ubuntu.com /usr/bin/cmake --install /home/wasim/r4s/build/eddie_pmu_control
