[0.022s] Invoking command in '/home/wasim/r4s/src/build/coord2b': DEBUGINFOD_URLS=https://debuginfod.ubuntu.com /usr/bin/cmake --build /home/wasim/r4s/src/build/coord2b -- -j16 -l16
[0.093s] [ 60%] Built target coord2b
[0.126s] [100%] Built target traffic_lights
[0.159s] Invoked command in '/home/wasim/r4s/src/build/coord2b' returned '0': DEBUGINFOD_URLS=https://debuginfod.ubuntu.com /usr/bin/cmake --build /home/wasim/r4s/src/build/coord2b -- -j16 -l16
[0.160s] Invoking command in '/home/wasim/r4s/src/build/coord2b': DEBUGINFOD_URLS=https://debuginfod.ubuntu.com /usr/bin/cmake --install /home/wasim/r4s/src/build/coord2b
[0.173s] -- Install configuration: ""
[0.173s] -- Up-to-date: /home/wasim/r4s/src/install/coord2b/include
[0.173s] -- Up-to-date: /home/wasim/r4s/src/install/coord2b/include/coord2b
[0.173s] -- Up-to-date: /home/wasim/r4s/src/install/coord2b/include/coord2b/functions
[0.174s] -- Up-to-date: /home/wasim/r4s/src/install/coord2b/include/coord2b/functions/fsm.h
[0.174s] -- Up-to-date: /home/wasim/r4s/src/install/coord2b/include/coord2b/functions/event_loop.h
[0.174s] -- Up-to-date: /home/wasim/r4s/src/install/coord2b/include/coord2b/types
[0.174s] -- Up-to-date: /home/wasim/r4s/src/install/coord2b/include/coord2b/types/fsm.h
[0.174s] -- Up-to-date: /home/wasim/r4s/src/install/coord2b/include/coord2b/types/event_loop.h
[0.174s] -- Up-to-date: /home/wasim/r4s/src/install/coord2b/lib/cmake/coord2b/coord2b-config.cmake
[0.174s] -- Up-to-date: /home/wasim/r4s/src/install/coord2b/lib/cmake/coord2b/coord2b-config-version.cmake
[0.174s] -- Up-to-date: /home/wasim/r4s/src/install/coord2b/lib/cmake/coord2b/coord2b-targets.cmake
[0.174s] -- Up-to-date: /home/wasim/r4s/src/install/coord2b/lib/cmake/coord2b/coord2b-targets-noconfig.cmake
[0.175s] -- Up-to-date: /home/wasim/r4s/src/install/coord2b/lib/libcoord2b.so
[0.182s] Invoked command in '/home/wasim/r4s/src/build/coord2b' returned '0': DEBUGINFOD_URLS=https://debuginfod.ubuntu.com /usr/bin/cmake --install /home/wasim/r4s/src/build/coord2b
