[0.012s] Invoking command in '/home/wasim/r4s/build/eddie_ros': CMAKE_PREFIX_PATH=/home/wasim/r4s/install/robif2b:/home/wasim/r4s/install/orocos_kdl:/home/wasim/r4s/install/coord2b:/home/wasim/r4s/install/eddie_ros:/home/wasim/r4s/install/eddie-ros:/home/wasim/r4s/install/kinova_vision:/opt/ros/jazzy/opt/gz_sim_vendor:/opt/ros/jazzy/opt/gz_sensors_vendor:/opt/ros/jazzy/opt/gz_physics_vendor:/opt/ros/jazzy/opt/sdformat_vendor:/opt/ros/jazzy/opt/gz_gui_vendor:/opt/ros/jazzy/opt/gz_transport_vendor:/opt/ros/jazzy/opt/gz_rendering_vendor:/opt/ros/jazzy/opt/gz_plugin_vendor:/opt/ros/jazzy/opt/gz_fuel_tools_vendor:/opt/ros/jazzy/opt/gz_msgs_vendor:/opt/ros/jazzy/opt/gz_common_vendor:/opt/ros/jazzy/opt/gz_math_vendor:/opt/ros/jazzy/opt/gz_utils_vendor:/opt/ros/jazzy/opt/gz_tools_vendor:/opt/ros/jazzy/opt/gz_ogre_next_vendor:/opt/ros/jazzy/opt/gz_dartsim_vendor:/opt/ros/jazzy/opt/gz_cmake_vendor:/opt/ros/jazzy DEBUGINFOD_URLS=https://debuginfod.ubuntu.com LD_LIBRARY_PATH=/home/wasim/r4s/install/robif2b/lib:/home/wasim/r4s/install/orocos_kdl/lib:/home/wasim/r4s/install/coord2b/lib:/home/wasim/r4s/install/eddie_ros/lib:/home/wasim/r4s/install/kinova_vision/lib:/opt/ros/jazzy/opt/gz_sim_vendor/lib:/opt/ros/jazzy/opt/gz_sensors_vendor/lib:/opt/ros/jazzy/opt/gz_physics_vendor/lib:/opt/ros/jazzy/opt/sdformat_vendor/lib:/opt/ros/jazzy/opt/rviz_ogre_vendor/lib:/opt/ros/jazzy/lib/x86_64-linux-gnu:/opt/ros/jazzy/opt/gz_gui_vendor/lib:/opt/ros/jazzy/opt/gz_transport_vendor/lib:/opt/ros/jazzy/opt/gz_rendering_vendor/lib:/opt/ros/jazzy/opt/gz_plugin_vendor/lib:/opt/ros/jazzy/opt/gz_fuel_tools_vendor/lib:/opt/ros/jazzy/opt/gz_msgs_vendor/lib:/opt/ros/jazzy/opt/gz_common_vendor/lib:/opt/ros/jazzy/opt/gz_math_vendor/lib:/opt/ros/jazzy/opt/gz_utils_vendor/lib:/opt/ros/jazzy/opt/gz_tools_vendor/lib:/opt/ros/jazzy/opt/gz_ogre_next_vendor/lib:/opt/ros/jazzy/opt/gz_dartsim_vendor/lib:/opt/ros/jazzy/opt/gz_cmake_vendor/lib:/opt/ros/jazzy/lib PKG_CONFIG_PATH=/home/wasim/r4s/install/orocos_kdl/lib/x86_64-linux-gnu/pkgconfig:/home/wasim/r4s/install/orocos_kdl/lib/pkgconfig:/home/wasim/r4s/install/python_orocos_kdl/lib/x86_64-linux-gnu/pkgconfig:/home/wasim/r4s/install/python_orocos_kdl/lib/pkgconfig /usr/bin/cmake --build /home/wasim/r4s/build/eddie_ros -- -j16 -l16
[0.047s] -- Found ament_cmake: 2.5.4 (/opt/ros/jazzy/share/ament_cmake/cmake)
[0.074s] -- Found Python3: /usr/bin/python3 (found version "3.12.3") found components: Interpreter 
[0.150s] -- Found rclcpp: 28.1.9 (/opt/ros/jazzy/share/rclcpp/cmake)
[0.177s] -- Found rosidl_generator_c: 4.6.5 (/opt/ros/jazzy/share/rosidl_generator_c/cmake)
[0.185s] -- Found rosidl_generator_cpp: 4.6.5 (/opt/ros/jazzy/share/rosidl_generator_cpp/cmake)
[0.195s] -- Using all available rosidl_typesupport_c: rosidl_typesupport_fastrtps_c;rosidl_typesupport_introspection_c
[0.206s] -- Using all available rosidl_typesupport_cpp: rosidl_typesupport_fastrtps_cpp;rosidl_typesupport_introspection_cpp
[0.260s] -- Found rmw_implementation_cmake: 7.3.2 (/opt/ros/jazzy/share/rmw_implementation_cmake/cmake)
[0.261s] -- Found rmw_fastrtps_cpp: 8.4.2 (/opt/ros/jazzy/share/rmw_fastrtps_cpp/cmake)
[0.326s] -- Using RMW implementation 'rmw_fastrtps_cpp' as default
[0.387s] -- Found rclcpp_action: 28.1.9 (/opt/ros/jazzy/share/rclcpp_action/cmake)
[0.423s] -- Found rclcpp_components: 28.1.9 (/opt/ros/jazzy/share/rclcpp_components/cmake)
[0.447s] -- Found geometry_msgs: 5.3.6 (/opt/ros/jazzy/share/geometry_msgs/cmake)
[0.475s] -- Found kdl_parser: 2.11.0 (/opt/ros/jazzy/share/kdl_parser/cmake)
[0.476s] -- Found eigen3_cmake_module: 0.3.0 (/opt/ros/jazzy/share/eigen3_cmake_module/cmake)
[0.478s] -- Ensuring Eigen3 include directory is part of orocos-kdl CMake target
[0.479s] -- Found rosidl_default_generators: 1.6.0 (/opt/ros/jazzy/share/rosidl_default_generators/cmake)
[0.486s] -- Found rosidl_adapter: 4.6.5 (/opt/ros/jazzy/share/rosidl_adapter/cmake)
[0.764s] -- Found ament_cmake_ros: 0.12.0 (/opt/ros/jazzy/share/ament_cmake_ros/cmake)
[1.044s] -- Using all available rosidl_typesupport_c: rosidl_typesupport_fastrtps_c;rosidl_typesupport_introspection_c
[1.151s] -- Using all available rosidl_typesupport_cpp: rosidl_typesupport_fastrtps_cpp;rosidl_typesupport_introspection_cpp
[1.152s] -- Found python_cmake_module: 0.11.1 (/opt/ros/jazzy/share/python_cmake_module/cmake)
[1.407s] -- Found Python3: /usr/bin/python3 (found version "3.12.3") found components: Interpreter Development NumPy Development.Module Development.Embed 
[1.450s] -- Configuring done (1.4s)
[1.511s] -- Generating done (0.0s)
[1.529s] -- Build files have been written to: /home/wasim/r4s/build/eddie_ros
[1.575s] [  1%] Built target eddie_ros__rosidl_generator_type_description
[1.588s] [  1%] Built target ament_cmake_python_copy_eddie_ros
[1.600s] [  3%] Built target eddie_ros__cpp
[1.603s] [ 17%] Built target eddie_ros__rosidl_generator_c
[1.633s] [ 38%] Built target eddie_ros__rosidl_typesupport_c
[1.633s] [ 38%] Built target eddie_ros__rosidl_typesupport_introspection_c
[1.633s] [ 38%] Built target eddie_ros__rosidl_typesupport_fastrtps_c
[1.633s] [ 45%] Built target eddie_ros__rosidl_typesupport_fastrtps_cpp
[1.635s] [ 56%] Built target eddie_ros__rosidl_typesupport_cpp
[1.635s] [ 59%] Built target eddie_ros__rosidl_typesupport_introspection_cpp
[1.662s] [ 59%] Built target eddie_ros
[1.672s] [ 63%] [32mBuilding CXX object CMakeFiles/pick_place_fsm_mock.dir/src/pick_place_fsm_mock.cpp.o[0m
[1.672s] [ 64%] Built target mock_servers_only
[1.675s] [ 70%] Built target task_planner_node
[1.675s] [ 77%] Built target eddie_ros_interface
[1.676s] [ 80%] Built target eddie_ros_interface_test
[1.688s] [ 82%] Built target eddie_ros__py
[1.719s] [ 87%] Built target eddie_ros__rosidl_generator_py
[1.748s] [ 98%] Built target eddie_ros_s__rosidl_typesupport_fastrtps_c
[1.748s] [ 98%] Built target eddie_ros_s__rosidl_typesupport_c
[1.748s] [ 98%] Built target eddie_ros_s__rosidl_typesupport_introspection_c
[1.854s] running egg_info
[1.883s] writing eddie_ros.egg-info/PKG-INFO
[1.883s] writing dependency_links to eddie_ros.egg-info/dependency_links.txt
[1.883s] writing top-level names to eddie_ros.egg-info/top_level.txt
[1.966s] reading manifest file 'eddie_ros.egg-info/SOURCES.txt'
[1.967s] writing manifest file 'eddie_ros.egg-info/SOURCES.txt'
[1.995s] [ 98%] Built target ament_cmake_python_build_eddie_ros_egg
[10.288s] [100%] [32m[1mLinking CXX executable pick_place_fsm_mock[0m
[10.584s] [100%] Built target pick_place_fsm_mock
[10.598s] Invoked command in '/home/wasim/r4s/build/eddie_ros' returned '0': CMAKE_PREFIX_PATH=/home/wasim/r4s/install/robif2b:/home/wasim/r4s/install/orocos_kdl:/home/wasim/r4s/install/coord2b:/home/wasim/r4s/install/eddie_ros:/home/wasim/r4s/install/eddie-ros:/home/wasim/r4s/install/kinova_vision:/opt/ros/jazzy/opt/gz_sim_vendor:/opt/ros/jazzy/opt/gz_sensors_vendor:/opt/ros/jazzy/opt/gz_physics_vendor:/opt/ros/jazzy/opt/sdformat_vendor:/opt/ros/jazzy/opt/gz_gui_vendor:/opt/ros/jazzy/opt/gz_transport_vendor:/opt/ros/jazzy/opt/gz_rendering_vendor:/opt/ros/jazzy/opt/gz_plugin_vendor:/opt/ros/jazzy/opt/gz_fuel_tools_vendor:/opt/ros/jazzy/opt/gz_msgs_vendor:/opt/ros/jazzy/opt/gz_common_vendor:/opt/ros/jazzy/opt/gz_math_vendor:/opt/ros/jazzy/opt/gz_utils_vendor:/opt/ros/jazzy/opt/gz_tools_vendor:/opt/ros/jazzy/opt/gz_ogre_next_vendor:/opt/ros/jazzy/opt/gz_dartsim_vendor:/opt/ros/jazzy/opt/gz_cmake_vendor:/opt/ros/jazzy DEBUGINFOD_URLS=https://debuginfod.ubuntu.com LD_LIBRARY_PATH=/home/wasim/r4s/install/robif2b/lib:/home/wasim/r4s/install/orocos_kdl/lib:/home/wasim/r4s/install/coord2b/lib:/home/wasim/r4s/install/eddie_ros/lib:/home/wasim/r4s/install/kinova_vision/lib:/opt/ros/jazzy/opt/gz_sim_vendor/lib:/opt/ros/jazzy/opt/gz_sensors_vendor/lib:/opt/ros/jazzy/opt/gz_physics_vendor/lib:/opt/ros/jazzy/opt/sdformat_vendor/lib:/opt/ros/jazzy/opt/rviz_ogre_vendor/lib:/opt/ros/jazzy/lib/x86_64-linux-gnu:/opt/ros/jazzy/opt/gz_gui_vendor/lib:/opt/ros/jazzy/opt/gz_transport_vendor/lib:/opt/ros/jazzy/opt/gz_rendering_vendor/lib:/opt/ros/jazzy/opt/gz_plugin_vendor/lib:/opt/ros/jazzy/opt/gz_fuel_tools_vendor/lib:/opt/ros/jazzy/opt/gz_msgs_vendor/lib:/opt/ros/jazzy/opt/gz_common_vendor/lib:/opt/ros/jazzy/opt/gz_math_vendor/lib:/opt/ros/jazzy/opt/gz_utils_vendor/lib:/opt/ros/jazzy/opt/gz_tools_vendor/lib:/opt/ros/jazzy/opt/gz_ogre_next_vendor/lib:/opt/ros/jazzy/opt/gz_dartsim_vendor/lib:/opt/ros/jazzy/opt/gz_cmake_vendor/lib:/opt/ros/jazzy/lib PKG_CONFIG_PATH=/home/wasim/r4s/install/orocos_kdl/lib/x86_64-linux-gnu/pkgconfig:/home/wasim/r4s/install/orocos_kdl/lib/pkgconfig:/home/wasim/r4s/install/python_orocos_kdl/lib/x86_64-linux-gnu/pkgconfig:/home/wasim/r4s/install/python_orocos_kdl/lib/pkgconfig /usr/bin/cmake --build /home/wasim/r4s/build/eddie_ros -- -j16 -l16
[10.599s] Invoking command in '/home/wasim/r4s/build/eddie_ros': CMAKE_PREFIX_PATH=/home/wasim/r4s/install/robif2b:/home/wasim/r4s/install/orocos_kdl:/home/wasim/r4s/install/coord2b:/home/wasim/r4s/install/eddie_ros:/home/wasim/r4s/install/eddie-ros:/home/wasim/r4s/install/kinova_vision:/opt/ros/jazzy/opt/gz_sim_vendor:/opt/ros/jazzy/opt/gz_sensors_vendor:/opt/ros/jazzy/opt/gz_physics_vendor:/opt/ros/jazzy/opt/sdformat_vendor:/opt/ros/jazzy/opt/gz_gui_vendor:/opt/ros/jazzy/opt/gz_transport_vendor:/opt/ros/jazzy/opt/gz_rendering_vendor:/opt/ros/jazzy/opt/gz_plugin_vendor:/opt/ros/jazzy/opt/gz_fuel_tools_vendor:/opt/ros/jazzy/opt/gz_msgs_vendor:/opt/ros/jazzy/opt/gz_common_vendor:/opt/ros/jazzy/opt/gz_math_vendor:/opt/ros/jazzy/opt/gz_utils_vendor:/opt/ros/jazzy/opt/gz_tools_vendor:/opt/ros/jazzy/opt/gz_ogre_next_vendor:/opt/ros/jazzy/opt/gz_dartsim_vendor:/opt/ros/jazzy/opt/gz_cmake_vendor:/opt/ros/jazzy DEBUGINFOD_URLS=https://debuginfod.ubuntu.com LD_LIBRARY_PATH=/home/wasim/r4s/install/robif2b/lib:/home/wasim/r4s/install/orocos_kdl/lib:/home/wasim/r4s/install/coord2b/lib:/home/wasim/r4s/install/eddie_ros/lib:/home/wasim/r4s/install/kinova_vision/lib:/opt/ros/jazzy/opt/gz_sim_vendor/lib:/opt/ros/jazzy/opt/gz_sensors_vendor/lib:/opt/ros/jazzy/opt/gz_physics_vendor/lib:/opt/ros/jazzy/opt/sdformat_vendor/lib:/opt/ros/jazzy/opt/rviz_ogre_vendor/lib:/opt/ros/jazzy/lib/x86_64-linux-gnu:/opt/ros/jazzy/opt/gz_gui_vendor/lib:/opt/ros/jazzy/opt/gz_transport_vendor/lib:/opt/ros/jazzy/opt/gz_rendering_vendor/lib:/opt/ros/jazzy/opt/gz_plugin_vendor/lib:/opt/ros/jazzy/opt/gz_fuel_tools_vendor/lib:/opt/ros/jazzy/opt/gz_msgs_vendor/lib:/opt/ros/jazzy/opt/gz_common_vendor/lib:/opt/ros/jazzy/opt/gz_math_vendor/lib:/opt/ros/jazzy/opt/gz_utils_vendor/lib:/opt/ros/jazzy/opt/gz_tools_vendor/lib:/opt/ros/jazzy/opt/gz_ogre_next_vendor/lib:/opt/ros/jazzy/opt/gz_dartsim_vendor/lib:/opt/ros/jazzy/opt/gz_cmake_vendor/lib:/opt/ros/jazzy/lib PKG_CONFIG_PATH=/home/wasim/r4s/install/orocos_kdl/lib/x86_64-linux-gnu/pkgconfig:/home/wasim/r4s/install/orocos_kdl/lib/pkgconfig:/home/wasim/r4s/install/python_orocos_kdl/lib/x86_64-linux-gnu/pkgconfig:/home/wasim/r4s/install/python_orocos_kdl/lib/pkgconfig /usr/bin/cmake --install /home/wasim/r4s/build/eddie_ros
[10.610s] -- Install configuration: ""
[10.610s] -- Up-to-date: /home/wasim/r4s/install/eddie_ros/share/ament_index/resource_index/rosidl_interfaces/eddie_ros
[10.610s] -- Up-to-date: /home/wasim/r4s/install/eddie_ros/share/eddie_ros/action/ArmControl.json
[10.610s] -- Up-to-date: /home/wasim/r4s/install/eddie_ros/share/eddie_ros/action/GripperControl.json
[10.611s] -- Up-to-date: /home/wasim/r4s/install/eddie_ros/include/eddie_ros/eddie_ros
[10.611s] -- Up-to-date: /home/wasim/r4s/install/eddie_ros/include/eddie_ros/eddie_ros/msg
[10.611s] -- Up-to-date: /home/wasim/r4s/install/eddie_ros/include/eddie_ros/eddie_ros/msg/rosidl_generator_c__visibility_control.h
[10.611s] -- Up-to-date: /home/wasim/r4s/install/eddie_ros/include/eddie_ros/eddie_ros/action
[10.611s] -- Up-to-date: /home/wasim/r4s/install/eddie_ros/include/eddie_ros/eddie_ros/action/arm_control.h
[10.611s] -- Up-to-date: /home/wasim/r4s/install/eddie_ros/include/eddie_ros/eddie_ros/action/gripper_control.h
[10.611s] -- Up-to-date: /home/wasim/r4s/install/eddie_ros/include/eddie_ros/eddie_ros/action/detail
[10.611s] -- Up-to-date: /home/wasim/r4s/install/eddie_ros/include/eddie_ros/eddie_ros/action/detail/gripper_control__type_support.h
[10.611s] -- Up-to-date: /home/wasim/r4s/install/eddie_ros/include/eddie_ros/eddie_ros/action/detail/arm_control__struct.h
[10.611s] -- Up-to-date: /home/wasim/r4s/install/eddie_ros/include/eddie_ros/eddie_ros/action/detail/gripper_control__type_support.c
[10.611s] -- Up-to-date: /home/wasim/r4s/install/eddie_ros/include/eddie_ros/eddie_ros/action/detail/arm_control__functions.h
[10.611s] -- Up-to-date: /home/wasim/r4s/install/eddie_ros/include/eddie_ros/eddie_ros/action/detail/gripper_control__struct.h
[10.611s] -- Up-to-date: /home/wasim/r4s/install/eddie_ros/include/eddie_ros/eddie_ros/action/detail/arm_control__type_support.h
[10.612s] -- Up-to-date: /home/wasim/r4s/install/eddie_ros/include/eddie_ros/eddie_ros/action/detail/gripper_control__description.c
[10.612s] -- Up-to-date: /home/wasim/r4s/install/eddie_ros/include/eddie_ros/eddie_ros/action/detail/gripper_control__functions.h
[10.612s] -- Up-to-date: /home/wasim/r4s/install/eddie_ros/include/eddie_ros/eddie_ros/action/detail/gripper_control__functions.c
[10.612s] -- Up-to-date: /home/wasim/r4s/install/eddie_ros/include/eddie_ros/eddie_ros/action/detail/arm_control__functions.c
[10.612s] -- Up-to-date: /home/wasim/r4s/install/eddie_ros/include/eddie_ros/eddie_ros/action/detail/arm_control__description.c
[10.612s] -- Up-to-date: /home/wasim/r4s/install/eddie_ros/include/eddie_ros/eddie_ros/action/detail/arm_control__type_support.c
[10.612s] -- Up-to-date: /home/wasim/r4s/install/eddie_ros/share/eddie_ros/environment/library_path.sh
[10.612s] -- Up-to-date: /home/wasim/r4s/install/eddie_ros/share/eddie_ros/environment/library_path.dsv
[10.612s] -- Up-to-date: /home/wasim/r4s/install/eddie_ros/lib/libeddie_ros__rosidl_generator_c.so
[10.612s] -- Up-to-date: /home/wasim/r4s/install/eddie_ros/include/eddie_ros/eddie_ros
[10.612s] -- Up-to-date: /home/wasim/r4s/install/eddie_ros/include/eddie_ros/eddie_ros/msg
[10.612s] -- Up-to-date: /home/wasim/r4s/install/eddie_ros/include/eddie_ros/eddie_ros/msg/rosidl_typesupport_fastrtps_c__visibility_control.h
[10.612s] -- Up-to-date: /home/wasim/r4s/install/eddie_ros/include/eddie_ros/eddie_ros/action
[10.612s] -- Up-to-date: /home/wasim/r4s/install/eddie_ros/include/eddie_ros/eddie_ros/action/detail
[10.613s] -- Up-to-date: /home/wasim/r4s/install/eddie_ros/include/eddie_ros/eddie_ros/action/detail/gripper_control__rosidl_typesupport_fastrtps_c.h
[10.613s] -- Up-to-date: /home/wasim/r4s/install/eddie_ros/include/eddie_ros/eddie_ros/action/detail/arm_control__rosidl_typesupport_fastrtps_c.h
[10.613s] -- Up-to-date: /home/wasim/r4s/install/eddie_ros/lib/libeddie_ros__rosidl_typesupport_fastrtps_c.so
[10.613s] -- Up-to-date: /home/wasim/r4s/install/eddie_ros/include/eddie_ros/eddie_ros
[10.613s] -- Up-to-date: /home/wasim/r4s/install/eddie_ros/include/eddie_ros/eddie_ros/msg
[10.613s] -- Up-to-date: /home/wasim/r4s/install/eddie_ros/include/eddie_ros/eddie_ros/msg/rosidl_generator_cpp__visibility_control.hpp
[10.613s] -- Up-to-date: /home/wasim/r4s/install/eddie_ros/include/eddie_ros/eddie_ros/action
[10.613s] -- Up-to-date: /home/wasim/r4s/install/eddie_ros/include/eddie_ros/eddie_ros/action/arm_control.hpp
[10.613s] -- Up-to-date: /home/wasim/r4s/install/eddie_ros/include/eddie_ros/eddie_ros/action/detail
[10.613s] -- Up-to-date: /home/wasim/r4s/install/eddie_ros/include/eddie_ros/eddie_ros/action/detail/gripper_control__struct.hpp
[10.613s] -- Up-to-date: /home/wasim/r4s/install/eddie_ros/include/eddie_ros/eddie_ros/action/detail/gripper_control__builder.hpp
[10.613s] -- Up-to-date: /home/wasim/r4s/install/eddie_ros/include/eddie_ros/eddie_ros/action/detail/arm_control__builder.hpp
[10.613s] -- Up-to-date: /home/wasim/r4s/install/eddie_ros/include/eddie_ros/eddie_ros/action/detail/gripper_control__type_support.hpp
[10.613s] -- Up-to-date: /home/wasim/r4s/install/eddie_ros/include/eddie_ros/eddie_ros/action/detail/arm_control__struct.hpp
[10.613s] -- Up-to-date: /home/wasim/r4s/install/eddie_ros/include/eddie_ros/eddie_ros/action/detail/arm_control__traits.hpp
[10.613s] -- Up-to-date: /home/wasim/r4s/install/eddie_ros/include/eddie_ros/eddie_ros/action/detail/gripper_control__traits.hpp
[10.613s] -- Up-to-date: /home/wasim/r4s/install/eddie_ros/include/eddie_ros/eddie_ros/action/detail/arm_control__type_support.hpp
[10.614s] -- Up-to-date: /home/wasim/r4s/install/eddie_ros/include/eddie_ros/eddie_ros/action/gripper_control.hpp
[10.614s] -- Up-to-date: /home/wasim/r4s/install/eddie_ros/include/eddie_ros/eddie_ros
[10.614s] -- Up-to-date: /home/wasim/r4s/install/eddie_ros/include/eddie_ros/eddie_ros/msg
[10.614s] -- Up-to-date: /home/wasim/r4s/install/eddie_ros/include/eddie_ros/eddie_ros/msg/rosidl_typesupport_fastrtps_cpp__visibility_control.h
[10.614s] -- Up-to-date: /home/wasim/r4s/install/eddie_ros/include/eddie_ros/eddie_ros/action
[10.614s] -- Up-to-date: /home/wasim/r4s/install/eddie_ros/include/eddie_ros/eddie_ros/action/detail
[10.614s] -- Up-to-date: /home/wasim/r4s/install/eddie_ros/include/eddie_ros/eddie_ros/action/detail/arm_control__rosidl_typesupport_fastrtps_cpp.hpp
[10.614s] -- Up-to-date: /home/wasim/r4s/install/eddie_ros/include/eddie_ros/eddie_ros/action/detail/gripper_control__rosidl_typesupport_fastrtps_cpp.hpp
[10.614s] -- Up-to-date: /home/wasim/r4s/install/eddie_ros/include/eddie_ros/eddie_ros/action/detail/dds_fastrtps
[10.614s] -- Up-to-date: /home/wasim/r4s/install/eddie_ros/lib/libeddie_ros__rosidl_typesupport_fastrtps_cpp.so
[10.614s] -- Up-to-date: /home/wasim/r4s/install/eddie_ros/include/eddie_ros/eddie_ros
[10.614s] -- Up-to-date: /home/wasim/r4s/install/eddie_ros/include/eddie_ros/eddie_ros/msg
[10.614s] -- Up-to-date: /home/wasim/r4s/install/eddie_ros/include/eddie_ros/eddie_ros/msg/rosidl_typesupport_introspection_c__visibility_control.h
[10.614s] -- Up-to-date: /home/wasim/r4s/install/eddie_ros/include/eddie_ros/eddie_ros/action
[10.614s] -- Up-to-date: /home/wasim/r4s/install/eddie_ros/include/eddie_ros/eddie_ros/action/detail
[10.614s] -- Up-to-date: /home/wasim/r4s/install/eddie_ros/include/eddie_ros/eddie_ros/action/detail/gripper_control__type_support.c
[10.614s] -- Up-to-date: /home/wasim/r4s/install/eddie_ros/include/eddie_ros/eddie_ros/action/detail/arm_control__rosidl_typesupport_introspection_c.h
[10.614s] -- Up-to-date: /home/wasim/r4s/install/eddie_ros/include/eddie_ros/eddie_ros/action/detail/gripper_control__rosidl_typesupport_introspection_c.h
[10.614s] -- Up-to-date: /home/wasim/r4s/install/eddie_ros/include/eddie_ros/eddie_ros/action/detail/arm_control__type_support.c
[10.615s] -- Up-to-date: /home/wasim/r4s/install/eddie_ros/lib/libeddie_ros__rosidl_typesupport_introspection_c.so
[10.615s] -- Up-to-date: /home/wasim/r4s/install/eddie_ros/lib/libeddie_ros__rosidl_typesupport_c.so
[10.615s] -- Up-to-date: /home/wasim/r4s/install/eddie_ros/include/eddie_ros/eddie_ros
[10.615s] -- Up-to-date: /home/wasim/r4s/install/eddie_ros/include/eddie_ros/eddie_ros/action
[10.615s] -- Up-to-date: /home/wasim/r4s/install/eddie_ros/include/eddie_ros/eddie_ros/action/detail
[10.615s] -- Up-to-date: /home/wasim/r4s/install/eddie_ros/include/eddie_ros/eddie_ros/action/detail/gripper_control__rosidl_typesupport_introspection_cpp.hpp
[10.615s] -- Up-to-date: /home/wasim/r4s/install/eddie_ros/include/eddie_ros/eddie_ros/action/detail/arm_control__rosidl_typesupport_introspection_cpp.hpp
[10.615s] -- Up-to-date: /home/wasim/r4s/install/eddie_ros/include/eddie_ros/eddie_ros/action/detail/gripper_control__type_support.cpp
[10.615s] -- Up-to-date: /home/wasim/r4s/install/eddie_ros/include/eddie_ros/eddie_ros/action/detail/arm_control__type_support.cpp
[10.615s] -- Up-to-date: /home/wasim/r4s/install/eddie_ros/lib/libeddie_ros__rosidl_typesupport_introspection_cpp.so
[10.615s] -- Up-to-date: /home/wasim/r4s/install/eddie_ros/lib/libeddie_ros__rosidl_typesupport_cpp.so
[10.615s] -- Up-to-date: /home/wasim/r4s/install/eddie_ros/share/eddie_ros/environment/pythonpath.sh
[10.615s] -- Up-to-date: /home/wasim/r4s/install/eddie_ros/share/eddie_ros/environment/pythonpath.dsv
[10.615s] -- Up-to-date: /home/wasim/r4s/install/eddie_ros/lib/python3.12/site-packages/eddie_ros-0.0.1-py3.12.egg-info
[10.615s] -- Installing: /home/wasim/r4s/install/eddie_ros/lib/python3.12/site-packages/eddie_ros-0.0.1-py3.12.egg-info/top_level.txt
[10.615s] -- Installing: /home/wasim/r4s/install/eddie_ros/lib/python3.12/site-packages/eddie_ros-0.0.1-py3.12.egg-info/SOURCES.txt
[10.615s] -- Installing: /home/wasim/r4s/install/eddie_ros/lib/python3.12/site-packages/eddie_ros-0.0.1-py3.12.egg-info/dependency_links.txt
[10.615s] -- Installing: /home/wasim/r4s/install/eddie_ros/lib/python3.12/site-packages/eddie_ros-0.0.1-py3.12.egg-info/PKG-INFO
[10.616s] -- Up-to-date: /home/wasim/r4s/install/eddie_ros/lib/python3.12/site-packages/eddie_ros
[10.616s] -- Up-to-date: /home/wasim/r4s/install/eddie_ros/lib/python3.12/site-packages/eddie_ros/eddie_ros_s__rosidl_typesupport_introspection_c.so
[10.616s] -- Up-to-date: /home/wasim/r4s/install/eddie_ros/lib/python3.12/site-packages/eddie_ros/eddie_ros_s__rosidl_typesupport_fastrtps_c.so
[10.616s] -- Up-to-date: /home/wasim/r4s/install/eddie_ros/lib/python3.12/site-packages/eddie_ros/_eddie_ros_s.ep.rosidl_typesupport_introspection_c.c
[10.616s] -- Up-to-date: /home/wasim/r4s/install/eddie_ros/lib/python3.12/site-packages/eddie_ros/_eddie_ros_s.ep.rosidl_typesupport_c.c
[10.616s] -- Up-to-date: /home/wasim/r4s/install/eddie_ros/lib/python3.12/site-packages/eddie_ros/eddie_ros_s__rosidl_typesupport_c.so
[10.616s] -- Installing: /home/wasim/r4s/install/eddie_ros/lib/python3.12/site-packages/eddie_ros/__init__.py
[10.616s] -- Up-to-date: /home/wasim/r4s/install/eddie_ros/lib/python3.12/site-packages/eddie_ros/action
[10.616s] -- Up-to-date: /home/wasim/r4s/install/eddie_ros/lib/python3.12/site-packages/eddie_ros/action/_gripper_control.py
[10.616s] -- Up-to-date: /home/wasim/r4s/install/eddie_ros/lib/python3.12/site-packages/eddie_ros/action/__init__.py
[10.616s] -- Up-to-date: /home/wasim/r4s/install/eddie_ros/lib/python3.12/site-packages/eddie_ros/action/_arm_control.py
[10.616s] -- Up-to-date: /home/wasim/r4s/install/eddie_ros/lib/python3.12/site-packages/eddie_ros/action/_arm_control_s.c
[10.616s] -- Up-to-date: /home/wasim/r4s/install/eddie_ros/lib/python3.12/site-packages/eddie_ros/action/_gripper_control_s.c
[10.616s] -- Up-to-date: /home/wasim/r4s/install/eddie_ros/lib/python3.12/site-packages/eddie_ros/_eddie_ros_s.ep.rosidl_typesupport_fastrtps_c.c
[10.647s] Listing '/home/wasim/r4s/install/eddie_ros/lib/python3.12/site-packages/eddie_ros'...
[10.647s] Compiling '/home/wasim/r4s/install/eddie_ros/lib/python3.12/site-packages/eddie_ros/__init__.py'...
[10.647s] Listing '/home/wasim/r4s/install/eddie_ros/lib/python3.12/site-packages/eddie_ros/action'...
[10.652s] -- Up-to-date: /home/wasim/r4s/install/eddie_ros/lib/python3.12/site-packages/eddie_ros/eddie_ros_s__rosidl_typesupport_fastrtps_c.so
[10.653s] -- Up-to-date: /home/wasim/r4s/install/eddie_ros/lib/python3.12/site-packages/eddie_ros/eddie_ros_s__rosidl_typesupport_introspection_c.so
[10.653s] -- Up-to-date: /home/wasim/r4s/install/eddie_ros/lib/python3.12/site-packages/eddie_ros/eddie_ros_s__rosidl_typesupport_c.so
[10.653s] -- Up-to-date: /home/wasim/r4s/install/eddie_ros/lib/libeddie_ros__rosidl_generator_py.so
[10.653s] -- Up-to-date: /home/wasim/r4s/install/eddie_ros/share/eddie_ros/action/ArmControl.idl
[10.653s] -- Up-to-date: /home/wasim/r4s/install/eddie_ros/share/eddie_ros/action/GripperControl.idl
[10.653s] -- Up-to-date: /home/wasim/r4s/install/eddie_ros/share/eddie_ros/action/ArmControl.action
[10.653s] -- Up-to-date: /home/wasim/r4s/install/eddie_ros/share/eddie_ros/action/GripperControl.action
[10.654s] -- Up-to-date: /home/wasim/r4s/install/eddie_ros/include
[10.654s] -- Up-to-date: /home/wasim/r4s/install/eddie_ros/include/eddie_ros
[10.654s] -- Up-to-date: /home/wasim/r4s/install/eddie_ros/include/eddie_ros/eddie_ros.fsm.hpp
[10.654s] -- Up-to-date: /home/wasim/r4s/install/eddie_ros/include/eddie_ros/interface.hpp
[10.654s] -- Up-to-date: /home/wasim/r4s/install/eddie_ros/include/eddie_ros/eddie_ros.fsm
[10.654s] -- Up-to-date: /home/wasim/r4s/install/eddie_ros/share/eddie_ros/urdf
[10.654s] -- Up-to-date: /home/wasim/r4s/install/eddie_ros/share/eddie_ros/urdf/eddie.urdf
[10.654s] -- Up-to-date: /home/wasim/r4s/install/eddie_ros/lib/eddie_ros/eddie_ros_interface
[10.654s] -- Up-to-date: /home/wasim/r4s/install/eddie_ros/lib/eddie_ros/eddie_ros_interface_test
[10.654s] -- Up-to-date: /home/wasim/r4s/install/eddie_ros/lib/eddie_ros/set_interface_permissions.sh
[10.654s] -- Up-to-date: /home/wasim/r4s/install/eddie_ros/lib/eddie_ros/task_planner_node
[10.654s] -- Installing: /home/wasim/r4s/install/eddie_ros/lib/eddie_ros/pick_place_fsm_mock
[10.661s] -- Set non-toolchain portion of runtime path of "/home/wasim/r4s/install/eddie_ros/lib/eddie_ros/pick_place_fsm_mock" to ""
[10.661s] -- Up-to-date: /home/wasim/r4s/install/eddie_ros/lib/eddie_ros/mock_servers_only
[10.661s] -- Up-to-date: /home/wasim/r4s/install/eddie_ros/share/ament_index/resource_index/package_run_dependencies/eddie_ros
[10.661s] -- Installing: /home/wasim/r4s/install/eddie_ros/share/ament_index/resource_index/parent_prefix_path/eddie_ros
[10.661s] -- Up-to-date: /home/wasim/r4s/install/eddie_ros/share/eddie_ros/environment/ament_prefix_path.sh
[10.662s] -- Up-to-date: /home/wasim/r4s/install/eddie_ros/share/eddie_ros/environment/ament_prefix_path.dsv
[10.662s] -- Up-to-date: /home/wasim/r4s/install/eddie_ros/share/eddie_ros/environment/path.sh
[10.662s] -- Up-to-date: /home/wasim/r4s/install/eddie_ros/share/eddie_ros/environment/path.dsv
[10.662s] -- Up-to-date: /home/wasim/r4s/install/eddie_ros/share/eddie_ros/local_setup.bash
[10.662s] -- Up-to-date: /home/wasim/r4s/install/eddie_ros/share/eddie_ros/local_setup.sh
[10.662s] -- Up-to-date: /home/wasim/r4s/install/eddie_ros/share/eddie_ros/local_setup.zsh
[10.662s] -- Up-to-date: /home/wasim/r4s/install/eddie_ros/share/eddie_ros/local_setup.dsv
[10.662s] -- Installing: /home/wasim/r4s/install/eddie_ros/share/eddie_ros/package.dsv
[10.662s] -- Up-to-date: /home/wasim/r4s/install/eddie_ros/share/ament_index/resource_index/packages/eddie_ros
[10.662s] -- Up-to-date: /home/wasim/r4s/install/eddie_ros/share/eddie_ros/cmake/export_eddie_ros__rosidl_generator_cExport.cmake
[10.662s] -- Up-to-date: /home/wasim/r4s/install/eddie_ros/share/eddie_ros/cmake/export_eddie_ros__rosidl_generator_cExport-noconfig.cmake
[10.662s] -- Up-to-date: /home/wasim/r4s/install/eddie_ros/share/eddie_ros/cmake/export_eddie_ros__rosidl_typesupport_fastrtps_cExport.cmake
[10.662s] -- Up-to-date: /home/wasim/r4s/install/eddie_ros/share/eddie_ros/cmake/export_eddie_ros__rosidl_typesupport_fastrtps_cExport-noconfig.cmake
[10.662s] -- Up-to-date: /home/wasim/r4s/install/eddie_ros/share/eddie_ros/cmake/export_eddie_ros__rosidl_generator_cppExport.cmake
[10.662s] -- Up-to-date: /home/wasim/r4s/install/eddie_ros/share/eddie_ros/cmake/export_eddie_ros__rosidl_typesupport_fastrtps_cppExport.cmake
[10.662s] -- Up-to-date: /home/wasim/r4s/install/eddie_ros/share/eddie_ros/cmake/export_eddie_ros__rosidl_typesupport_fastrtps_cppExport-noconfig.cmake
[10.663s] -- Up-to-date: /home/wasim/r4s/install/eddie_ros/share/eddie_ros/cmake/eddie_ros__rosidl_typesupport_introspection_cExport.cmake
[10.663s] -- Up-to-date: /home/wasim/r4s/install/eddie_ros/share/eddie_ros/cmake/eddie_ros__rosidl_typesupport_introspection_cExport-noconfig.cmake
[10.663s] -- Up-to-date: /home/wasim/r4s/install/eddie_ros/share/eddie_ros/cmake/eddie_ros__rosidl_typesupport_cExport.cmake
[10.663s] -- Up-to-date: /home/wasim/r4s/install/eddie_ros/share/eddie_ros/cmake/eddie_ros__rosidl_typesupport_cExport-noconfig.cmake
[10.663s] -- Up-to-date: /home/wasim/r4s/install/eddie_ros/share/eddie_ros/cmake/eddie_ros__rosidl_typesupport_introspection_cppExport.cmake
[10.663s] -- Up-to-date: /home/wasim/r4s/install/eddie_ros/share/eddie_ros/cmake/eddie_ros__rosidl_typesupport_introspection_cppExport-noconfig.cmake
[10.663s] -- Up-to-date: /home/wasim/r4s/install/eddie_ros/share/eddie_ros/cmake/eddie_ros__rosidl_typesupport_cppExport.cmake
[10.663s] -- Up-to-date: /home/wasim/r4s/install/eddie_ros/share/eddie_ros/cmake/eddie_ros__rosidl_typesupport_cppExport-noconfig.cmake
[10.663s] -- Up-to-date: /home/wasim/r4s/install/eddie_ros/share/eddie_ros/cmake/export_eddie_ros__rosidl_generator_pyExport.cmake
[10.663s] -- Up-to-date: /home/wasim/r4s/install/eddie_ros/share/eddie_ros/cmake/export_eddie_ros__rosidl_generator_pyExport-noconfig.cmake
[10.663s] -- Up-to-date: /home/wasim/r4s/install/eddie_ros/share/eddie_ros/cmake/rosidl_cmake-extras.cmake
[10.663s] -- Up-to-date: /home/wasim/r4s/install/eddie_ros/share/eddie_ros/cmake/ament_cmake_export_dependencies-extras.cmake
[10.663s] -- Up-to-date: /home/wasim/r4s/install/eddie_ros/share/eddie_ros/cmake/ament_cmake_export_include_directories-extras.cmake
[10.663s] -- Up-to-date: /home/wasim/r4s/install/eddie_ros/share/eddie_ros/cmake/ament_cmake_export_libraries-extras.cmake
[10.663s] -- Up-to-date: /home/wasim/r4s/install/eddie_ros/share/eddie_ros/cmake/ament_cmake_export_targets-extras.cmake
[10.663s] -- Up-to-date: /home/wasim/r4s/install/eddie_ros/share/eddie_ros/cmake/rosidl_cmake_export_typesupport_targets-extras.cmake
[10.664s] -- Up-to-date: /home/wasim/r4s/install/eddie_ros/share/eddie_ros/cmake/rosidl_cmake_export_typesupport_libraries-extras.cmake
[10.664s] -- Up-to-date: /home/wasim/r4s/install/eddie_ros/share/eddie_ros/cmake/eddie_rosConfig.cmake
[10.664s] -- Up-to-date: /home/wasim/r4s/install/eddie_ros/share/eddie_ros/cmake/eddie_rosConfig-version.cmake
[10.664s] -- Up-to-date: /home/wasim/r4s/install/eddie_ros/share/eddie_ros/package.xml
[10.666s] Invoked command in '/home/wasim/r4s/build/eddie_ros' returned '0': CMAKE_PREFIX_PATH=/home/wasim/r4s/install/robif2b:/home/wasim/r4s/install/orocos_kdl:/home/wasim/r4s/install/coord2b:/home/wasim/r4s/install/eddie_ros:/home/wasim/r4s/install/eddie-ros:/home/wasim/r4s/install/kinova_vision:/opt/ros/jazzy/opt/gz_sim_vendor:/opt/ros/jazzy/opt/gz_sensors_vendor:/opt/ros/jazzy/opt/gz_physics_vendor:/opt/ros/jazzy/opt/sdformat_vendor:/opt/ros/jazzy/opt/gz_gui_vendor:/opt/ros/jazzy/opt/gz_transport_vendor:/opt/ros/jazzy/opt/gz_rendering_vendor:/opt/ros/jazzy/opt/gz_plugin_vendor:/opt/ros/jazzy/opt/gz_fuel_tools_vendor:/opt/ros/jazzy/opt/gz_msgs_vendor:/opt/ros/jazzy/opt/gz_common_vendor:/opt/ros/jazzy/opt/gz_math_vendor:/opt/ros/jazzy/opt/gz_utils_vendor:/opt/ros/jazzy/opt/gz_tools_vendor:/opt/ros/jazzy/opt/gz_ogre_next_vendor:/opt/ros/jazzy/opt/gz_dartsim_vendor:/opt/ros/jazzy/opt/gz_cmake_vendor:/opt/ros/jazzy DEBUGINFOD_URLS=https://debuginfod.ubuntu.com LD_LIBRARY_PATH=/home/wasim/r4s/install/robif2b/lib:/home/wasim/r4s/install/orocos_kdl/lib:/home/wasim/r4s/install/coord2b/lib:/home/wasim/r4s/install/eddie_ros/lib:/home/wasim/r4s/install/kinova_vision/lib:/opt/ros/jazzy/opt/gz_sim_vendor/lib:/opt/ros/jazzy/opt/gz_sensors_vendor/lib:/opt/ros/jazzy/opt/gz_physics_vendor/lib:/opt/ros/jazzy/opt/sdformat_vendor/lib:/opt/ros/jazzy/opt/rviz_ogre_vendor/lib:/opt/ros/jazzy/lib/x86_64-linux-gnu:/opt/ros/jazzy/opt/gz_gui_vendor/lib:/opt/ros/jazzy/opt/gz_transport_vendor/lib:/opt/ros/jazzy/opt/gz_rendering_vendor/lib:/opt/ros/jazzy/opt/gz_plugin_vendor/lib:/opt/ros/jazzy/opt/gz_fuel_tools_vendor/lib:/opt/ros/jazzy/opt/gz_msgs_vendor/lib:/opt/ros/jazzy/opt/gz_common_vendor/lib:/opt/ros/jazzy/opt/gz_math_vendor/lib:/opt/ros/jazzy/opt/gz_utils_vendor/lib:/opt/ros/jazzy/opt/gz_tools_vendor/lib:/opt/ros/jazzy/opt/gz_ogre_next_vendor/lib:/opt/ros/jazzy/opt/gz_dartsim_vendor/lib:/opt/ros/jazzy/opt/gz_cmake_vendor/lib:/opt/ros/jazzy/lib PKG_CONFIG_PATH=/home/wasim/r4s/install/orocos_kdl/lib/x86_64-linux-gnu/pkgconfig:/home/wasim/r4s/install/orocos_kdl/lib/pkgconfig:/home/wasim/r4s/install/python_orocos_kdl/lib/x86_64-linux-gnu/pkgconfig:/home/wasim/r4s/install/python_orocos_kdl/lib/pkgconfig /usr/bin/cmake --install /home/wasim/r4s/build/eddie_ros
