[  1%] Built target eddie_ros__rosidl_generator_type_description
[  1%] Built target ament_cmake_python_copy_eddie_ros
[  3%] Built target eddie_ros__cpp
[ 16%] Built target eddie_ros__rosidl_generator_c
[ 23%] Built target eddie_ros__rosidl_typesupport_c
[ 56%] Built target eddie_ros__rosidl_typesupport_introspection_c
[ 56%] Built target eddie_ros__rosidl_typesupport_fastrtps_cpp
[ 56%] Built target eddie_ros__rosidl_typesupport_fastrtps_c
[ 56%] Built target eddie_ros__rosidl_typesupport_cpp
[ 56%] Built target eddie_ros__rosidl_typesupport_introspection_cpp
[ 60%] [32mBuilding CXX object CMakeFiles/eddie_ros_interface_dummy.dir/src/interface_dummy.cpp.o[0m
[ 60%] [32mBuilding CXX object CMakeFiles/eddie_ros_interface_dummy.dir/src/interface-parameters.cpp.o[0m
[ 76%] Built target task_planner_node
[ 76%] Built target mock_servers_only
[ 76%] Built target pick_place_fsm_mock
[ 76%] Built target eddie_ros_interface_test
[ 81%] Built target eddie_ros_interface
[ 81%] Built target eddie_ros
[ 83%] Built target eddie_ros__py
[ 88%] Built target eddie_ros__rosidl_generator_py
[ 96%] Built target eddie_ros_s__rosidl_typesupport_c
[ 98%] Built target eddie_ros_s__rosidl_typesupport_fastrtps_c
[ 98%] Built target eddie_ros_s__rosidl_typesupport_introspection_c
running egg_info
writing eddie_ros.egg-info/PKG-INFO
writing dependency_links to eddie_ros.egg-info/dependency_links.txt
writing top-level names to eddie_ros.egg-info/top_level.txt
reading manifest file 'eddie_ros.egg-info/SOURCES.txt'
writing manifest file 'eddie_ros.egg-info/SOURCES.txt'
[ 98%] Built target ament_cmake_python_build_eddie_ros_egg
