[0.053s] Invoking command in '/home/wasim/r4s/build/robif2b': DEBUGINFOD_URLS=https://debuginfod.ubuntu.com /usr/bin/cmake --build /home/wasim/r4s/build/robif2b -- -j16 -l16
[0.190s] [ 31%] Built target 2dof
[0.191s] [ 31%] Built target ethercat
[0.191s] [ 50%] Built target kelo
[0.199s] [ 62%] Built target kinova_gen3
[0.250s] [ 75%] Built target 2dof_example
[0.251s] [ 87%] Built target eddie_example
[0.260s] [100%] Built target kinova_gen3_example
[0.342s] Invoked command in '/home/wasim/r4s/build/robif2b' returned '0': DEBUGINFOD_URLS=https://debuginfod.ubuntu.com /usr/bin/cmake --build /home/wasim/r4s/build/robif2b -- -j16 -l16
[0.344s] Invoking command in '/home/wasim/r4s/build/robif2b': DEBUGINFOD_URLS=https://debuginfod.ubuntu.com /usr/bin/cmake --install /home/wasim/r4s/build/robif2b
[0.369s] -- Install configuration: "Debug"
[0.369s] -- Installing: /home/wasim/r4s/install/robif2b/lib/cmake/robif2b/robif2b-config.cmake
[0.370s] -- Installing: /home/wasim/r4s/install/robif2b/lib/cmake/robif2b/robif2b-config-version.cmake
[0.370s] -- Installing: /home/wasim/r4s/install/robif2b/lib/cmake/robif2b/robif2b-targets.cmake
[0.370s] -- Installing: /home/wasim/r4s/install/robif2b/lib/cmake/robif2b/robif2b-targets-debug.cmake
[0.371s] -- Up-to-date: /home/wasim/r4s/install/robif2b/include
[0.371s] -- Installing: /home/wasim/r4s/install/robif2b/include/robif2b
[0.372s] -- Installing: /home/wasim/r4s/install/robif2b/include/robif2b/functions
[0.372s] -- Installing: /home/wasim/r4s/install/robif2b/include/robif2b/functions/kelo_power_board.h
[0.372s] -- Installing: /home/wasim/r4s/install/robif2b/include/robif2b/functions/eddie_power_board.h
[0.373s] -- Installing: /home/wasim/r4s/install/robif2b/include/robif2b/functions/kelo_drive.h
[0.373s] -- Installing: /home/wasim/r4s/install/robif2b/include/robif2b/functions/kinova_gen3.h
[0.373s] -- Installing: /home/wasim/r4s/install/robif2b/include/robif2b/functions/ethercat.h
[0.374s] -- Installing: /home/wasim/r4s/install/robif2b/include/robif2b/functions/2dof.h
[0.374s] -- Installing: /home/wasim/r4s/install/robif2b/include/robif2b/types
[0.374s] -- Installing: /home/wasim/r4s/install/robif2b/include/robif2b/types/kelo_power_board_api.h
[0.376s] -- Installing: /home/wasim/r4s/install/robif2b/include/robif2b/types/kelo_drive_api.h
[0.376s] -- Installing: /home/wasim/r4s/install/robif2b/include/robif2b/types/kelo_power_board.h
[0.376s] -- Installing: /home/wasim/r4s/install/robif2b/include/robif2b/types/eddie_power_board.h
[0.376s] -- Installing: /home/wasim/r4s/install/robif2b/include/robif2b/types/eddie_power_board_api.h
[0.377s] -- Installing: /home/wasim/r4s/install/robif2b/include/robif2b/types/kelo_drive.h
[0.378s] -- Installing: /home/wasim/r4s/install/robif2b/include/robif2b/types/kinova_gen3.h
[0.378s] -- Installing: /home/wasim/r4s/install/robif2b/include/robif2b/types/ethercat.h
[0.393s] -- Installing: /home/wasim/r4s/install/robif2b/include/robif2b/types/control_mode.h
[0.394s] -- Installing: /home/wasim/r4s/install/robif2b/include/robif2b/types/2dof.h
[0.394s] -- Installing: /home/wasim/r4s/install/robif2b/lib/lib2dof.so
[0.395s] -- Installing: /home/wasim/r4s/install/robif2b/lib/libethercat.so
[0.397s] -- Set non-toolchain portion of runtime path of "/home/wasim/r4s/install/robif2b/lib/libethercat.so" to ""
[0.397s] -- Installing: /home/wasim/r4s/install/robif2b/lib/libkinova_gen3.so
[0.410s] -- Installing: /home/wasim/r4s/install/robif2b/lib/libkelo.so
[0.469s] Invoked command in '/home/wasim/r4s/build/robif2b' returned '0': DEBUGINFOD_URLS=https://debuginfod.ubuntu.com /usr/bin/cmake --install /home/wasim/r4s/build/robif2b
