[0.324s] DEBUG:colcon:Command line arguments: ['/usr/bin/colcon', 'build']
[0.324s] DEBUG:colcon:Parsed command line arguments: Namespace(log_base=None, log_level=None, verb_name='build', build_base='build', install_base='install', merge_install=False, symlink_install=False, test_result_base=None, continue_on_error=False, executor='parallel', parallel_workers=16, event_handlers=None, ignore_user_meta=False, metas=['./colcon.meta'], base_paths=['.'], packages_ignore=None, packages_ignore_regex=None, paths=None, packages_up_to=None, packages_up_to_regex=None, packages_above=None, packages_above_and_dependencies=None, packages_above_depth=None, packages_select_by_dep=None, packages_skip_by_dep=None, packages_skip_up_to=None, packages_select_build_failed=False, packages_skip_build_finished=False, packages_select_test_failures=False, packages_skip_test_passed=False, packages_select=None, packages_skip=None, packages_select_regex=None, packages_skip_regex=None, packages_start=None, packages_end=None, allow_overriding=[], cmake_args=None, cmake_target=None, cmake_target_skip_unavailable=False, cmake_clean_cache=False, cmake_clean_first=False, cmake_force_configure=False, ament_cmake_args=None, catkin_cmake_args=None, catkin_skip_building_tests=False, mixin_files=None, mixin=None, verb_parser=<colcon_mixin.mixin.mixin_argument.MixinArgumentDecorator object at 0x7cf46cdae180>, verb_extension=<colcon_core.verb.build.BuildVerb object at 0x7cf46cdade80>, main=<bound method BuildVerb.main of <colcon_core.verb.build.BuildVerb object at 0x7cf46cdade80>>, mixin_verb=('build',))
[0.432s] Level 1:colcon.colcon_core.package_discovery:discover_packages(colcon_meta) check parameters
[0.432s] Level 1:colcon.colcon_core.package_discovery:discover_packages(recursive) check parameters
[0.433s] Level 1:colcon.colcon_core.package_discovery:discover_packages(ignore) check parameters
[0.433s] Level 1:colcon.colcon_core.package_discovery:discover_packages(path) check parameters
[0.433s] Level 1:colcon.colcon_core.package_discovery:discover_packages(colcon_meta) discover
[0.433s] Level 1:colcon.colcon_core.package_discovery:discover_packages(recursive) discover
[0.433s] INFO:colcon.colcon_core.package_discovery:Crawling recursively for packages in '/home/wasim/r4s/src'
[0.433s] Level 1:colcon.colcon_core.package_identification:_identify(.) by extensions ['ignore', 'ignore_ament_install']
[0.434s] Level 1:colcon.colcon_core.package_identification:_identify(.) by extension 'ignore'
[0.434s] Level 1:colcon.colcon_core.package_identification:_identify(.) by extension 'ignore_ament_install'
[0.434s] Level 1:colcon.colcon_core.package_identification:_identify(.) by extensions ['colcon_pkg']
[0.434s] Level 1:colcon.colcon_core.package_identification:_identify(.) by extension 'colcon_pkg'
[0.434s] Level 1:colcon.colcon_core.package_identification:_identify(.) by extensions ['colcon_meta']
[0.434s] Level 1:colcon.colcon_core.package_identification:_identify(.) by extension 'colcon_meta'
[0.434s] Level 1:colcon.colcon_core.package_identification:_identify(.) by extensions ['ros']
[0.434s] Level 1:colcon.colcon_core.package_identification:_identify(.) by extension 'ros'
[0.501s] Level 1:colcon.colcon_core.package_identification:_identify(.) by extensions ['cmake', 'python']
[0.502s] Level 1:colcon.colcon_core.package_identification:_identify(.) by extension 'cmake'
[0.502s] Level 1:colcon.colcon_core.package_identification:_identify(.) by extension 'python'
[0.502s] Level 1:colcon.colcon_core.package_identification:_identify(.) by extensions ['python_setup_py']
[0.502s] Level 1:colcon.colcon_core.package_identification:_identify(.) by extension 'python_setup_py'
[0.502s] Level 1:colcon.colcon_core.package_identification:_identify(build) by extensions ['ignore', 'ignore_ament_install']
[0.503s] Level 1:colcon.colcon_core.package_identification:_identify(build) by extension 'ignore'
[0.503s] Level 1:colcon.colcon_core.package_identification:_identify(build) ignored
[0.503s] Level 1:colcon.colcon_core.package_identification:_identify(coord-dsl) by extensions ['ignore', 'ignore_ament_install']
[0.503s] Level 1:colcon.colcon_core.package_identification:_identify(coord-dsl) by extension 'ignore'
[0.504s] Level 1:colcon.colcon_core.package_identification:_identify(coord-dsl) by extension 'ignore_ament_install'
[0.504s] Level 1:colcon.colcon_core.package_identification:_identify(coord-dsl) by extensions ['colcon_pkg']
[0.504s] Level 1:colcon.colcon_core.package_identification:_identify(coord-dsl) by extension 'colcon_pkg'
[0.504s] Level 1:colcon.colcon_core.package_identification:_identify(coord-dsl) by extensions ['colcon_meta']
[0.504s] Level 1:colcon.colcon_core.package_identification:_identify(coord-dsl) by extension 'colcon_meta'
[0.504s] Level 1:colcon.colcon_core.package_identification:_identify(coord-dsl) by extensions ['ros']
[0.504s] Level 1:colcon.colcon_core.package_identification:_identify(coord-dsl) by extension 'ros'
[0.504s] Level 1:colcon.colcon_core.package_identification:_identify(coord-dsl) by extensions ['cmake', 'python']
[0.504s] Level 1:colcon.colcon_core.package_identification:_identify(coord-dsl) by extension 'cmake'
[0.505s] Level 1:colcon.colcon_core.package_identification:_identify(coord-dsl) by extension 'python'
[0.505s] Level 1:colcon.colcon_core.package_identification:_identify(coord-dsl) by extensions ['python_setup_py']
[0.505s] Level 1:colcon.colcon_core.package_identification:_identify(coord-dsl) by extension 'python_setup_py'
[0.505s] Level 1:colcon.colcon_core.package_identification:_identify(coord-dsl/models) by extensions ['ignore', 'ignore_ament_install']
[0.505s] Level 1:colcon.colcon_core.package_identification:_identify(coord-dsl/models) by extension 'ignore'
[0.505s] Level 1:colcon.colcon_core.package_identification:_identify(coord-dsl/models) by extension 'ignore_ament_install'
[0.506s] Level 1:colcon.colcon_core.package_identification:_identify(coord-dsl/models) by extensions ['colcon_pkg']
[0.506s] Level 1:colcon.colcon_core.package_identification:_identify(coord-dsl/models) by extension 'colcon_pkg'
[0.506s] Level 1:colcon.colcon_core.package_identification:_identify(coord-dsl/models) by extensions ['colcon_meta']
[0.506s] Level 1:colcon.colcon_core.package_identification:_identify(coord-dsl/models) by extension 'colcon_meta'
[0.506s] Level 1:colcon.colcon_core.package_identification:_identify(coord-dsl/models) by extensions ['ros']
[0.506s] Level 1:colcon.colcon_core.package_identification:_identify(coord-dsl/models) by extension 'ros'
[0.506s] Level 1:colcon.colcon_core.package_identification:_identify(coord-dsl/models) by extensions ['cmake', 'python']
[0.506s] Level 1:colcon.colcon_core.package_identification:_identify(coord-dsl/models) by extension 'cmake'
[0.507s] Level 1:colcon.colcon_core.package_identification:_identify(coord-dsl/models) by extension 'python'
[0.507s] Level 1:colcon.colcon_core.package_identification:_identify(coord-dsl/models) by extensions ['python_setup_py']
[0.507s] Level 1:colcon.colcon_core.package_identification:_identify(coord-dsl/models) by extension 'python_setup_py'
[0.507s] Level 1:colcon.colcon_core.package_identification:_identify(coord-dsl/models/fsm) by extensions ['ignore', 'ignore_ament_install']
[0.507s] Level 1:colcon.colcon_core.package_identification:_identify(coord-dsl/models/fsm) by extension 'ignore'
[0.507s] Level 1:colcon.colcon_core.package_identification:_identify(coord-dsl/models/fsm) by extension 'ignore_ament_install'
[0.508s] Level 1:colcon.colcon_core.package_identification:_identify(coord-dsl/models/fsm) by extensions ['colcon_pkg']
[0.508s] Level 1:colcon.colcon_core.package_identification:_identify(coord-dsl/models/fsm) by extension 'colcon_pkg'
[0.508s] Level 1:colcon.colcon_core.package_identification:_identify(coord-dsl/models/fsm) by extensions ['colcon_meta']
[0.508s] Level 1:colcon.colcon_core.package_identification:_identify(coord-dsl/models/fsm) by extension 'colcon_meta'
[0.508s] Level 1:colcon.colcon_core.package_identification:_identify(coord-dsl/models/fsm) by extensions ['ros']
[0.508s] Level 1:colcon.colcon_core.package_identification:_identify(coord-dsl/models/fsm) by extension 'ros'
[0.508s] Level 1:colcon.colcon_core.package_identification:_identify(coord-dsl/models/fsm) by extensions ['cmake', 'python']
[0.508s] Level 1:colcon.colcon_core.package_identification:_identify(coord-dsl/models/fsm) by extension 'cmake'
[0.508s] Level 1:colcon.colcon_core.package_identification:_identify(coord-dsl/models/fsm) by extension 'python'
[0.509s] Level 1:colcon.colcon_core.package_identification:_identify(coord-dsl/models/fsm) by extensions ['python_setup_py']
[0.509s] Level 1:colcon.colcon_core.package_identification:_identify(coord-dsl/models/fsm) by extension 'python_setup_py'
[0.509s] Level 1:colcon.colcon_core.package_identification:_identify(coord-dsl/src) by extensions ['ignore', 'ignore_ament_install']
[0.509s] Level 1:colcon.colcon_core.package_identification:_identify(coord-dsl/src) by extension 'ignore'
[0.509s] Level 1:colcon.colcon_core.package_identification:_identify(coord-dsl/src) by extension 'ignore_ament_install'
[0.509s] Level 1:colcon.colcon_core.package_identification:_identify(coord-dsl/src) by extensions ['colcon_pkg']
[0.509s] Level 1:colcon.colcon_core.package_identification:_identify(coord-dsl/src) by extension 'colcon_pkg'
[0.510s] Level 1:colcon.colcon_core.package_identification:_identify(coord-dsl/src) by extensions ['colcon_meta']
[0.510s] Level 1:colcon.colcon_core.package_identification:_identify(coord-dsl/src) by extension 'colcon_meta'
[0.510s] Level 1:colcon.colcon_core.package_identification:_identify(coord-dsl/src) by extensions ['ros']
[0.510s] Level 1:colcon.colcon_core.package_identification:_identify(coord-dsl/src) by extension 'ros'
[0.510s] Level 1:colcon.colcon_core.package_identification:_identify(coord-dsl/src) by extensions ['cmake', 'python']
[0.510s] Level 1:colcon.colcon_core.package_identification:_identify(coord-dsl/src) by extension 'cmake'
[0.510s] Level 1:colcon.colcon_core.package_identification:_identify(coord-dsl/src) by extension 'python'
[0.510s] Level 1:colcon.colcon_core.package_identification:_identify(coord-dsl/src) by extensions ['python_setup_py']
[0.511s] Level 1:colcon.colcon_core.package_identification:_identify(coord-dsl/src) by extension 'python_setup_py'
[0.511s] Level 1:colcon.colcon_core.package_identification:_identify(coord-dsl/src/coord_dsl) by extensions ['ignore', 'ignore_ament_install']
[0.511s] Level 1:colcon.colcon_core.package_identification:_identify(coord-dsl/src/coord_dsl) by extension 'ignore'
[0.511s] Level 1:colcon.colcon_core.package_identification:_identify(coord-dsl/src/coord_dsl) by extension 'ignore_ament_install'
[0.511s] Level 1:colcon.colcon_core.package_identification:_identify(coord-dsl/src/coord_dsl) by extensions ['colcon_pkg']
[0.512s] Level 1:colcon.colcon_core.package_identification:_identify(coord-dsl/src/coord_dsl) by extension 'colcon_pkg'
[0.512s] Level 1:colcon.colcon_core.package_identification:_identify(coord-dsl/src/coord_dsl) by extensions ['colcon_meta']
[0.512s] Level 1:colcon.colcon_core.package_identification:_identify(coord-dsl/src/coord_dsl) by extension 'colcon_meta'
[0.512s] Level 1:colcon.colcon_core.package_identification:_identify(coord-dsl/src/coord_dsl) by extensions ['ros']
[0.512s] Level 1:colcon.colcon_core.package_identification:_identify(coord-dsl/src/coord_dsl) by extension 'ros'
[0.512s] Level 1:colcon.colcon_core.package_identification:_identify(coord-dsl/src/coord_dsl) by extensions ['cmake', 'python']
[0.512s] Level 1:colcon.colcon_core.package_identification:_identify(coord-dsl/src/coord_dsl) by extension 'cmake'
[0.512s] Level 1:colcon.colcon_core.package_identification:_identify(coord-dsl/src/coord_dsl) by extension 'python'
[0.512s] Level 1:colcon.colcon_core.package_identification:_identify(coord-dsl/src/coord_dsl) by extensions ['python_setup_py']
[0.512s] Level 1:colcon.colcon_core.package_identification:_identify(coord-dsl/src/coord_dsl) by extension 'python_setup_py'
[0.513s] Level 1:colcon.colcon_core.package_identification:_identify(coord-dsl/src/coord_dsl/generators) by extensions ['ignore', 'ignore_ament_install']
[0.513s] Level 1:colcon.colcon_core.package_identification:_identify(coord-dsl/src/coord_dsl/generators) by extension 'ignore'
[0.513s] Level 1:colcon.colcon_core.package_identification:_identify(coord-dsl/src/coord_dsl/generators) by extension 'ignore_ament_install'
[0.513s] Level 1:colcon.colcon_core.package_identification:_identify(coord-dsl/src/coord_dsl/generators) by extensions ['colcon_pkg']
[0.513s] Level 1:colcon.colcon_core.package_identification:_identify(coord-dsl/src/coord_dsl/generators) by extension 'colcon_pkg'
[0.513s] Level 1:colcon.colcon_core.package_identification:_identify(coord-dsl/src/coord_dsl/generators) by extensions ['colcon_meta']
[0.513s] Level 1:colcon.colcon_core.package_identification:_identify(coord-dsl/src/coord_dsl/generators) by extension 'colcon_meta'
[0.514s] Level 1:colcon.colcon_core.package_identification:_identify(coord-dsl/src/coord_dsl/generators) by extensions ['ros']
[0.514s] Level 1:colcon.colcon_core.package_identification:_identify(coord-dsl/src/coord_dsl/generators) by extension 'ros'
[0.514s] Level 1:colcon.colcon_core.package_identification:_identify(coord-dsl/src/coord_dsl/generators) by extensions ['cmake', 'python']
[0.514s] Level 1:colcon.colcon_core.package_identification:_identify(coord-dsl/src/coord_dsl/generators) by extension 'cmake'
[0.514s] Level 1:colcon.colcon_core.package_identification:_identify(coord-dsl/src/coord_dsl/generators) by extension 'python'
[0.514s] Level 1:colcon.colcon_core.package_identification:_identify(coord-dsl/src/coord_dsl/generators) by extensions ['python_setup_py']
[0.514s] Level 1:colcon.colcon_core.package_identification:_identify(coord-dsl/src/coord_dsl/generators) by extension 'python_setup_py'
[0.514s] Level 1:colcon.colcon_core.package_identification:_identify(coord-dsl/src/coord_dsl/metamodels) by extensions ['ignore', 'ignore_ament_install']
[0.515s] Level 1:colcon.colcon_core.package_identification:_identify(coord-dsl/src/coord_dsl/metamodels) by extension 'ignore'
[0.515s] Level 1:colcon.colcon_core.package_identification:_identify(coord-dsl/src/coord_dsl/metamodels) by extension 'ignore_ament_install'
[0.515s] Level 1:colcon.colcon_core.package_identification:_identify(coord-dsl/src/coord_dsl/metamodels) by extensions ['colcon_pkg']
[0.515s] Level 1:colcon.colcon_core.package_identification:_identify(coord-dsl/src/coord_dsl/metamodels) by extension 'colcon_pkg'
[0.515s] Level 1:colcon.colcon_core.package_identification:_identify(coord-dsl/src/coord_dsl/metamodels) by extensions ['colcon_meta']
[0.515s] Level 1:colcon.colcon_core.package_identification:_identify(coord-dsl/src/coord_dsl/metamodels) by extension 'colcon_meta'
[0.515s] Level 1:colcon.colcon_core.package_identification:_identify(coord-dsl/src/coord_dsl/metamodels) by extensions ['ros']
[0.515s] Level 1:colcon.colcon_core.package_identification:_identify(coord-dsl/src/coord_dsl/metamodels) by extension 'ros'
[0.516s] Level 1:colcon.colcon_core.package_identification:_identify(coord-dsl/src/coord_dsl/metamodels) by extensions ['cmake', 'python']
[0.516s] Level 1:colcon.colcon_core.package_identification:_identify(coord-dsl/src/coord_dsl/metamodels) by extension 'cmake'
[0.516s] Level 1:colcon.colcon_core.package_identification:_identify(coord-dsl/src/coord_dsl/metamodels) by extension 'python'
[0.516s] Level 1:colcon.colcon_core.package_identification:_identify(coord-dsl/src/coord_dsl/metamodels) by extensions ['python_setup_py']
[0.516s] Level 1:colcon.colcon_core.package_identification:_identify(coord-dsl/src/coord_dsl/metamodels) by extension 'python_setup_py'
[0.516s] Level 1:colcon.colcon_core.package_identification:_identify(coord-dsl/src/coord_dsl/templates) by extensions ['ignore', 'ignore_ament_install']
[0.517s] Level 1:colcon.colcon_core.package_identification:_identify(coord-dsl/src/coord_dsl/templates) by extension 'ignore'
[0.517s] Level 1:colcon.colcon_core.package_identification:_identify(coord-dsl/src/coord_dsl/templates) by extension 'ignore_ament_install'
[0.517s] Level 1:colcon.colcon_core.package_identification:_identify(coord-dsl/src/coord_dsl/templates) by extensions ['colcon_pkg']
[0.517s] Level 1:colcon.colcon_core.package_identification:_identify(coord-dsl/src/coord_dsl/templates) by extension 'colcon_pkg'
[0.517s] Level 1:colcon.colcon_core.package_identification:_identify(coord-dsl/src/coord_dsl/templates) by extensions ['colcon_meta']
[0.517s] Level 1:colcon.colcon_core.package_identification:_identify(coord-dsl/src/coord_dsl/templates) by extension 'colcon_meta'
[0.517s] Level 1:colcon.colcon_core.package_identification:_identify(coord-dsl/src/coord_dsl/templates) by extensions ['ros']
[0.517s] Level 1:colcon.colcon_core.package_identification:_identify(coord-dsl/src/coord_dsl/templates) by extension 'ros'
[0.517s] Level 1:colcon.colcon_core.package_identification:_identify(coord-dsl/src/coord_dsl/templates) by extensions ['cmake', 'python']
[0.518s] Level 1:colcon.colcon_core.package_identification:_identify(coord-dsl/src/coord_dsl/templates) by extension 'cmake'
[0.518s] Level 1:colcon.colcon_core.package_identification:_identify(coord-dsl/src/coord_dsl/templates) by extension 'python'
[0.518s] Level 1:colcon.colcon_core.package_identification:_identify(coord-dsl/src/coord_dsl/templates) by extensions ['python_setup_py']
[0.518s] Level 1:colcon.colcon_core.package_identification:_identify(coord-dsl/src/coord_dsl/templates) by extension 'python_setup_py'
[0.518s] Level 1:colcon.colcon_core.package_identification:_identify(coord2b) by extensions ['ignore', 'ignore_ament_install']
[0.518s] Level 1:colcon.colcon_core.package_identification:_identify(coord2b) by extension 'ignore'
[0.518s] Level 1:colcon.colcon_core.package_identification:_identify(coord2b) by extension 'ignore_ament_install'
[0.519s] Level 1:colcon.colcon_core.package_identification:_identify(coord2b) by extensions ['colcon_pkg']
[0.519s] Level 1:colcon.colcon_core.package_identification:_identify(coord2b) by extension 'colcon_pkg'
[0.519s] Level 1:colcon.colcon_core.package_identification:_identify(coord2b) by extensions ['colcon_meta']
[0.519s] Level 1:colcon.colcon_core.package_identification:_identify(coord2b) by extension 'colcon_meta'
[0.519s] Level 1:colcon.colcon_core.package_identification:_identify(coord2b) by extensions ['ros']
[0.519s] Level 1:colcon.colcon_core.package_identification:_identify(coord2b) by extension 'ros'
[0.519s] Level 1:colcon.colcon_core.package_identification:_identify(coord2b) by extensions ['cmake', 'python']
[0.519s] Level 1:colcon.colcon_core.package_identification:_identify(coord2b) by extension 'cmake'
[0.523s] Level 1:colcon.colcon_core.package_identification:_identify(coord2b) by extension 'python'
[0.524s] DEBUG:colcon.colcon_core.package_identification:Package 'coord2b' with type 'cmake' and name 'coord2b'
[0.524s] Level 1:colcon.colcon_core.package_identification:_identify(eddie-ros) by extensions ['ignore', 'ignore_ament_install']
[0.524s] Level 1:colcon.colcon_core.package_identification:_identify(eddie-ros) by extension 'ignore'
[0.524s] Level 1:colcon.colcon_core.package_identification:_identify(eddie-ros) by extension 'ignore_ament_install'
[0.525s] Level 1:colcon.colcon_core.package_identification:_identify(eddie-ros) by extensions ['colcon_pkg']
[0.525s] Level 1:colcon.colcon_core.package_identification:_identify(eddie-ros) by extension 'colcon_pkg'
[0.525s] Level 1:colcon.colcon_core.package_identification:_identify(eddie-ros) by extensions ['colcon_meta']
[0.525s] Level 1:colcon.colcon_core.package_identification:_identify(eddie-ros) by extension 'colcon_meta'
[0.525s] Level 1:colcon.colcon_core.package_identification:_identify(eddie-ros) by extensions ['ros']
[0.525s] Level 1:colcon.colcon_core.package_identification:_identify(eddie-ros) by extension 'ros'
[0.531s] DEBUG:colcon.colcon_core.package_identification:Package 'eddie-ros' with type 'ros.ament_cmake' and name 'eddie-ros'
[0.531s] Level 1:colcon.colcon_core.package_identification:_identify(eddie_pmu_control) by extensions ['ignore', 'ignore_ament_install']
[0.531s] Level 1:colcon.colcon_core.package_identification:_identify(eddie_pmu_control) by extension 'ignore'
[0.532s] Level 1:colcon.colcon_core.package_identification:_identify(eddie_pmu_control) by extension 'ignore_ament_install'
[0.532s] Level 1:colcon.colcon_core.package_identification:_identify(eddie_pmu_control) by extensions ['colcon_pkg']
[0.532s] Level 1:colcon.colcon_core.package_identification:_identify(eddie_pmu_control) by extension 'colcon_pkg'
[0.532s] Level 1:colcon.colcon_core.package_identification:_identify(eddie_pmu_control) by extensions ['colcon_meta']
[0.532s] Level 1:colcon.colcon_core.package_identification:_identify(eddie_pmu_control) by extension 'colcon_meta'
[0.532s] Level 1:colcon.colcon_core.package_identification:_identify(eddie_pmu_control) by extensions ['ros']
[0.532s] Level 1:colcon.colcon_core.package_identification:_identify(eddie_pmu_control) by extension 'ros'
[0.532s] Level 1:colcon.colcon_core.package_identification:_identify(eddie_pmu_control) by extensions ['cmake', 'python']
[0.533s] Level 1:colcon.colcon_core.package_identification:_identify(eddie_pmu_control) by extension 'cmake'
[0.533s] Level 1:colcon.colcon_core.package_identification:_identify(eddie_pmu_control) by extension 'python'
[0.533s] DEBUG:colcon.colcon_core.package_identification:Package 'eddie_pmu_control' with type 'cmake' and name 'eddie_pmu_control'
[0.534s] Level 1:colcon.colcon_core.package_identification:_identify(install) by extensions ['ignore', 'ignore_ament_install']
[0.534s] Level 1:colcon.colcon_core.package_identification:_identify(install) by extension 'ignore'
[0.534s] Level 1:colcon.colcon_core.package_identification:_identify(install) ignored
[0.534s] Level 1:colcon.colcon_core.package_identification:_identify(log) by extensions ['ignore', 'ignore_ament_install']
[0.534s] Level 1:colcon.colcon_core.package_identification:_identify(log) by extension 'ignore'
[0.535s] Level 1:colcon.colcon_core.package_identification:_identify(log) ignored
[0.535s] Level 1:colcon.colcon_core.package_identification:_identify(orocos_kinematics_dynamics) by extensions ['ignore', 'ignore_ament_install']
[0.535s] Level 1:colcon.colcon_core.package_identification:_identify(orocos_kinematics_dynamics) by extension 'ignore'
[0.535s] Level 1:colcon.colcon_core.package_identification:_identify(orocos_kinematics_dynamics) by extension 'ignore_ament_install'
[0.535s] Level 1:colcon.colcon_core.package_identification:_identify(orocos_kinematics_dynamics) by extensions ['colcon_pkg']
[0.536s] Level 1:colcon.colcon_core.package_identification:_identify(orocos_kinematics_dynamics) by extension 'colcon_pkg'
[0.536s] Level 1:colcon.colcon_core.package_identification:_identify(orocos_kinematics_dynamics) by extensions ['colcon_meta']
[0.536s] Level 1:colcon.colcon_core.package_identification:_identify(orocos_kinematics_dynamics) by extension 'colcon_meta'
[0.536s] Level 1:colcon.colcon_core.package_identification:_identify(orocos_kinematics_dynamics) by extensions ['ros']
[0.536s] Level 1:colcon.colcon_core.package_identification:_identify(orocos_kinematics_dynamics) by extension 'ros'
[0.536s] Level 1:colcon.colcon_core.package_identification:_identify(orocos_kinematics_dynamics) by extensions ['cmake', 'python']
[0.536s] Level 1:colcon.colcon_core.package_identification:_identify(orocos_kinematics_dynamics) by extension 'cmake'
[0.536s] Level 1:colcon.colcon_core.package_identification:_identify(orocos_kinematics_dynamics) by extension 'python'
[0.536s] Level 1:colcon.colcon_core.package_identification:_identify(orocos_kinematics_dynamics) by extensions ['python_setup_py']
[0.536s] Level 1:colcon.colcon_core.package_identification:_identify(orocos_kinematics_dynamics) by extension 'python_setup_py'
[0.537s] Level 1:colcon.colcon_core.package_identification:_identify(orocos_kinematics_dynamics/orocos_kdl) by extensions ['ignore', 'ignore_ament_install']
[0.537s] Level 1:colcon.colcon_core.package_identification:_identify(orocos_kinematics_dynamics/orocos_kdl) by extension 'ignore'
[0.537s] Level 1:colcon.colcon_core.package_identification:_identify(orocos_kinematics_dynamics/orocos_kdl) by extension 'ignore_ament_install'
[0.537s] Level 1:colcon.colcon_core.package_identification:_identify(orocos_kinematics_dynamics/orocos_kdl) by extensions ['colcon_pkg']
[0.537s] Level 1:colcon.colcon_core.package_identification:_identify(orocos_kinematics_dynamics/orocos_kdl) by extension 'colcon_pkg'
[0.537s] Level 1:colcon.colcon_core.package_identification:_identify(orocos_kinematics_dynamics/orocos_kdl) by extensions ['colcon_meta']
[0.537s] Level 1:colcon.colcon_core.package_identification:_identify(orocos_kinematics_dynamics/orocos_kdl) by extension 'colcon_meta'
[0.537s] Level 1:colcon.colcon_core.package_identification:_identify(orocos_kinematics_dynamics/orocos_kdl) by extensions ['ros']
[0.537s] Level 1:colcon.colcon_core.package_identification:_identify(orocos_kinematics_dynamics/orocos_kdl) by extension 'ros'
[0.539s] DEBUG:colcon.colcon_core.package_identification:Package 'orocos_kinematics_dynamics/orocos_kdl' with type 'ros.cmake' and name 'orocos_kdl'
[0.539s] Level 1:colcon.colcon_core.package_identification:_identify(orocos_kinematics_dynamics/python_orocos_kdl) by extensions ['ignore', 'ignore_ament_install']
[0.539s] Level 1:colcon.colcon_core.package_identification:_identify(orocos_kinematics_dynamics/python_orocos_kdl) by extension 'ignore'
[0.539s] Level 1:colcon.colcon_core.package_identification:_identify(orocos_kinematics_dynamics/python_orocos_kdl) by extension 'ignore_ament_install'
[0.540s] Level 1:colcon.colcon_core.package_identification:_identify(orocos_kinematics_dynamics/python_orocos_kdl) by extensions ['colcon_pkg']
[0.540s] Level 1:colcon.colcon_core.package_identification:_identify(orocos_kinematics_dynamics/python_orocos_kdl) by extension 'colcon_pkg'
[0.540s] Level 1:colcon.colcon_core.package_identification:_identify(orocos_kinematics_dynamics/python_orocos_kdl) by extensions ['colcon_meta']
[0.540s] Level 1:colcon.colcon_core.package_identification:_identify(orocos_kinematics_dynamics/python_orocos_kdl) by extension 'colcon_meta'
[0.540s] Level 1:colcon.colcon_core.package_identification:_identify(orocos_kinematics_dynamics/python_orocos_kdl) by extensions ['ros']
[0.540s] Level 1:colcon.colcon_core.package_identification:_identify(orocos_kinematics_dynamics/python_orocos_kdl) by extension 'ros'
[0.542s] DEBUG:colcon.colcon_core.package_identification:Package 'orocos_kinematics_dynamics/python_orocos_kdl' with type 'ros.catkin' and name 'python_orocos_kdl'
[0.542s] Level 1:colcon.colcon_core.package_identification:_identify(robif2b) by extensions ['ignore', 'ignore_ament_install']
[0.542s] Level 1:colcon.colcon_core.package_identification:_identify(robif2b) by extension 'ignore'
[0.542s] Level 1:colcon.colcon_core.package_identification:_identify(robif2b) by extension 'ignore_ament_install'
[0.542s] Level 1:colcon.colcon_core.package_identification:_identify(robif2b) by extensions ['colcon_pkg']
[0.543s] Level 1:colcon.colcon_core.package_identification:_identify(robif2b) by extension 'colcon_pkg'
[0.543s] Level 1:colcon.colcon_core.package_identification:_identify(robif2b) by extensions ['colcon_meta']
[0.543s] Level 1:colcon.colcon_core.package_identification:_identify(robif2b) by extension 'colcon_meta'
[0.543s] Level 1:colcon.colcon_core.package_identification:_identify(robif2b) by extensions ['ros']
[0.543s] Level 1:colcon.colcon_core.package_identification:_identify(robif2b) by extension 'ros'
[0.543s] Level 1:colcon.colcon_core.package_identification:_identify(robif2b) by extensions ['cmake', 'python']
[0.543s] Level 1:colcon.colcon_core.package_identification:_identify(robif2b) by extension 'cmake'
[0.548s] Level 1:colcon.colcon_core.package_identification:_identify(robif2b) by extension 'python'
[0.548s] DEBUG:colcon.colcon_core.package_identification:Package 'robif2b' with type 'cmake' and name 'robif2b'
[0.548s] Level 1:colcon.colcon_core.package_identification:_identify(ros2_kortex_vision) by extensions ['ignore', 'ignore_ament_install']
[0.548s] Level 1:colcon.colcon_core.package_identification:_identify(ros2_kortex_vision) by extension 'ignore'
[0.549s] Level 1:colcon.colcon_core.package_identification:_identify(ros2_kortex_vision) by extension 'ignore_ament_install'
[0.549s] Level 1:colcon.colcon_core.package_identification:_identify(ros2_kortex_vision) by extensions ['colcon_pkg']
[0.549s] Level 1:colcon.colcon_core.package_identification:_identify(ros2_kortex_vision) by extension 'colcon_pkg'
[0.549s] Level 1:colcon.colcon_core.package_identification:_identify(ros2_kortex_vision) by extensions ['colcon_meta']
[0.549s] Level 1:colcon.colcon_core.package_identification:_identify(ros2_kortex_vision) by extension 'colcon_meta'
[0.549s] Level 1:colcon.colcon_core.package_identification:_identify(ros2_kortex_vision) by extensions ['ros']
[0.549s] Level 1:colcon.colcon_core.package_identification:_identify(ros2_kortex_vision) by extension 'ros'
[0.551s] DEBUG:colcon.colcon_core.package_identification:Package 'ros2_kortex_vision' with type 'ros.ament_cmake' and name 'kinova_vision'
[0.552s] Level 1:colcon.colcon_core.package_discovery:discover_packages(recursive) using defaults
[0.552s] Level 1:colcon.colcon_core.package_discovery:discover_packages(ignore) discover
[0.552s] Level 1:colcon.colcon_core.package_discovery:discover_packages(ignore) using defaults
[0.552s] Level 1:colcon.colcon_core.package_discovery:discover_packages(path) discover
[0.552s] Level 1:colcon.colcon_core.package_discovery:discover_packages(path) using defaults
[0.600s] Level 1:colcon.colcon_core.package_discovery:discover_packages(prefix_path) check parameters
[0.600s] Level 1:colcon.colcon_core.package_discovery:discover_packages(prefix_path) discover
[0.610s] DEBUG:colcon.colcon_installed_package_information.package_discovery:Found 443 installed packages in /opt/ros/jazzy
[0.612s] Level 1:colcon.colcon_core.package_discovery:discover_packages(prefix_path) using defaults
[0.766s] Level 5:colcon.colcon_core.verb:set package 'coord2b' build argument 'cmake_args' from command line to 'None'
[0.766s] Level 5:colcon.colcon_core.verb:set package 'coord2b' build argument 'cmake_target' from command line to 'None'
[0.766s] Level 5:colcon.colcon_core.verb:set package 'coord2b' build argument 'cmake_target_skip_unavailable' from command line to 'False'
[0.766s] Level 5:colcon.colcon_core.verb:set package 'coord2b' build argument 'cmake_clean_cache' from command line to 'False'
[0.766s] Level 5:colcon.colcon_core.verb:set package 'coord2b' build argument 'cmake_clean_first' from command line to 'False'
[0.766s] Level 5:colcon.colcon_core.verb:set package 'coord2b' build argument 'cmake_force_configure' from command line to 'False'
[0.767s] Level 5:colcon.colcon_core.verb:set package 'coord2b' build argument 'ament_cmake_args' from command line to 'None'
[0.767s] Level 5:colcon.colcon_core.verb:set package 'coord2b' build argument 'catkin_cmake_args' from command line to 'None'
[0.767s] Level 5:colcon.colcon_core.verb:set package 'coord2b' build argument 'catkin_skip_building_tests' from command line to 'False'
[0.767s] DEBUG:colcon.colcon_core.verb:Building package 'coord2b' with the following arguments: {'ament_cmake_args': None, 'build_base': '/home/wasim/r4s/src/build/coord2b', 'catkin_cmake_args': None, 'catkin_skip_building_tests': False, 'cmake_args': None, 'cmake_clean_cache': False, 'cmake_clean_first': False, 'cmake_force_configure': False, 'cmake_target': None, 'cmake_target_skip_unavailable': False, 'install_base': '/home/wasim/r4s/src/install/coord2b', 'merge_install': False, 'path': '/home/wasim/r4s/src/coord2b', 'symlink_install': False, 'test_result_base': None}
[0.767s] Level 5:colcon.colcon_core.verb:set package 'eddie_pmu_control' build argument 'cmake_args' from command line to 'None'
[0.767s] Level 5:colcon.colcon_core.verb:set package 'eddie_pmu_control' build argument 'cmake_target' from command line to 'None'
[0.767s] Level 5:colcon.colcon_core.verb:set package 'eddie_pmu_control' build argument 'cmake_target_skip_unavailable' from command line to 'False'
[0.768s] Level 5:colcon.colcon_core.verb:set package 'eddie_pmu_control' build argument 'cmake_clean_cache' from command line to 'False'
[0.768s] Level 5:colcon.colcon_core.verb:set package 'eddie_pmu_control' build argument 'cmake_clean_first' from command line to 'False'
[0.768s] Level 5:colcon.colcon_core.verb:set package 'eddie_pmu_control' build argument 'cmake_force_configure' from command line to 'False'
[0.768s] Level 5:colcon.colcon_core.verb:set package 'eddie_pmu_control' build argument 'ament_cmake_args' from command line to 'None'
[0.768s] Level 5:colcon.colcon_core.verb:set package 'eddie_pmu_control' build argument 'catkin_cmake_args' from command line to 'None'
[0.768s] Level 5:colcon.colcon_core.verb:set package 'eddie_pmu_control' build argument 'catkin_skip_building_tests' from command line to 'False'
[0.768s] DEBUG:colcon.colcon_core.verb:Building package 'eddie_pmu_control' with the following arguments: {'ament_cmake_args': None, 'build_base': '/home/wasim/r4s/src/build/eddie_pmu_control', 'catkin_cmake_args': None, 'catkin_skip_building_tests': False, 'cmake_args': None, 'cmake_clean_cache': False, 'cmake_clean_first': False, 'cmake_force_configure': False, 'cmake_target': None, 'cmake_target_skip_unavailable': False, 'install_base': '/home/wasim/r4s/src/install/eddie_pmu_control', 'merge_install': False, 'path': '/home/wasim/r4s/src/eddie_pmu_control', 'symlink_install': False, 'test_result_base': None}
[0.769s] Level 5:colcon.colcon_core.verb:set package 'kinova_vision' build argument 'cmake_args' from command line to 'None'
[0.769s] Level 5:colcon.colcon_core.verb:set package 'kinova_vision' build argument 'cmake_target' from command line to 'None'
[0.769s] Level 5:colcon.colcon_core.verb:set package 'kinova_vision' build argument 'cmake_target_skip_unavailable' from command line to 'False'
[0.769s] Level 5:colcon.colcon_core.verb:set package 'kinova_vision' build argument 'cmake_clean_cache' from command line to 'False'
[0.769s] Level 5:colcon.colcon_core.verb:set package 'kinova_vision' build argument 'cmake_clean_first' from command line to 'False'
[0.769s] Level 5:colcon.colcon_core.verb:set package 'kinova_vision' build argument 'cmake_force_configure' from command line to 'False'
[0.769s] Level 5:colcon.colcon_core.verb:set package 'kinova_vision' build argument 'ament_cmake_args' from command line to 'None'
[0.769s] Level 5:colcon.colcon_core.verb:set package 'kinova_vision' build argument 'catkin_cmake_args' from command line to 'None'
[0.769s] Level 5:colcon.colcon_core.verb:set package 'kinova_vision' build argument 'catkin_skip_building_tests' from command line to 'False'
[0.769s] DEBUG:colcon.colcon_core.verb:Building package 'kinova_vision' with the following arguments: {'ament_cmake_args': None, 'build_base': '/home/wasim/r4s/src/build/kinova_vision', 'catkin_cmake_args': None, 'catkin_skip_building_tests': False, 'cmake_args': None, 'cmake_clean_cache': False, 'cmake_clean_first': False, 'cmake_force_configure': False, 'cmake_target': None, 'cmake_target_skip_unavailable': False, 'install_base': '/home/wasim/r4s/src/install/kinova_vision', 'merge_install': False, 'path': '/home/wasim/r4s/src/ros2_kortex_vision', 'symlink_install': False, 'test_result_base': None}
[0.770s] Level 5:colcon.colcon_core.verb:set package 'orocos_kdl' build argument 'cmake_args' from command line to 'None'
[0.770s] Level 5:colcon.colcon_core.verb:set package 'orocos_kdl' build argument 'cmake_target' from command line to 'None'
[0.770s] Level 5:colcon.colcon_core.verb:set package 'orocos_kdl' build argument 'cmake_target_skip_unavailable' from command line to 'False'
[0.770s] Level 5:colcon.colcon_core.verb:set package 'orocos_kdl' build argument 'cmake_clean_cache' from command line to 'False'
[0.770s] Level 5:colcon.colcon_core.verb:set package 'orocos_kdl' build argument 'cmake_clean_first' from command line to 'False'
[0.770s] Level 5:colcon.colcon_core.verb:set package 'orocos_kdl' build argument 'cmake_force_configure' from command line to 'False'
[0.770s] Level 5:colcon.colcon_core.verb:set package 'orocos_kdl' build argument 'ament_cmake_args' from command line to 'None'
[0.770s] Level 5:colcon.colcon_core.verb:set package 'orocos_kdl' build argument 'catkin_cmake_args' from command line to 'None'
[0.770s] Level 5:colcon.colcon_core.verb:set package 'orocos_kdl' build argument 'catkin_skip_building_tests' from command line to 'False'
[0.770s] DEBUG:colcon.colcon_core.verb:Building package 'orocos_kdl' with the following arguments: {'ament_cmake_args': None, 'build_base': '/home/wasim/r4s/src/build/orocos_kdl', 'catkin_cmake_args': None, 'catkin_skip_building_tests': False, 'cmake_args': None, 'cmake_clean_cache': False, 'cmake_clean_first': False, 'cmake_force_configure': False, 'cmake_target': None, 'cmake_target_skip_unavailable': False, 'install_base': '/home/wasim/r4s/src/install/orocos_kdl', 'merge_install': False, 'path': '/home/wasim/r4s/src/orocos_kinematics_dynamics/orocos_kdl', 'symlink_install': False, 'test_result_base': None}
[0.771s] Level 5:colcon.colcon_core.verb:set package 'robif2b' build argument 'cmake_args' from command line to 'None'
[0.771s] Level 5:colcon.colcon_core.verb:set package 'robif2b' build argument 'cmake_target' from command line to 'None'
[0.771s] Level 5:colcon.colcon_core.verb:set package 'robif2b' build argument 'cmake_target_skip_unavailable' from command line to 'False'
[0.771s] Level 5:colcon.colcon_core.verb:set package 'robif2b' build argument 'cmake_clean_cache' from command line to 'False'
[0.771s] Level 5:colcon.colcon_core.verb:set package 'robif2b' build argument 'cmake_clean_first' from command line to 'False'
[0.771s] Level 5:colcon.colcon_core.verb:set package 'robif2b' build argument 'cmake_force_configure' from command line to 'False'
[0.771s] Level 5:colcon.colcon_core.verb:set package 'robif2b' build argument 'ament_cmake_args' from command line to 'None'
[0.771s] Level 5:colcon.colcon_core.verb:set package 'robif2b' build argument 'catkin_cmake_args' from command line to 'None'
[0.771s] Level 5:colcon.colcon_core.verb:set package 'robif2b' build argument 'catkin_skip_building_tests' from command line to 'False'
[0.771s] DEBUG:colcon.colcon_core.verb:Building package 'robif2b' with the following arguments: {'ament_cmake_args': None, 'build_base': '/home/wasim/r4s/src/build/robif2b', 'catkin_cmake_args': None, 'catkin_skip_building_tests': False, 'cmake_args': None, 'cmake_clean_cache': False, 'cmake_clean_first': False, 'cmake_force_configure': False, 'cmake_target': None, 'cmake_target_skip_unavailable': False, 'install_base': '/home/wasim/r4s/src/install/robif2b', 'merge_install': False, 'path': '/home/wasim/r4s/src/robif2b', 'symlink_install': False, 'test_result_base': None}
[0.772s] Level 5:colcon.colcon_core.verb:set package 'eddie-ros' build argument 'cmake_args' from command line to 'None'
[0.772s] Level 5:colcon.colcon_core.verb:set package 'eddie-ros' build argument 'cmake_target' from command line to 'None'
[0.772s] Level 5:colcon.colcon_core.verb:set package 'eddie-ros' build argument 'cmake_target_skip_unavailable' from command line to 'False'
[0.772s] Level 5:colcon.colcon_core.verb:set package 'eddie-ros' build argument 'cmake_clean_cache' from command line to 'False'
[0.772s] Level 5:colcon.colcon_core.verb:set package 'eddie-ros' build argument 'cmake_clean_first' from command line to 'False'
[0.772s] Level 5:colcon.colcon_core.verb:set package 'eddie-ros' build argument 'cmake_force_configure' from command line to 'False'
[0.772s] Level 5:colcon.colcon_core.verb:set package 'eddie-ros' build argument 'ament_cmake_args' from command line to 'None'
[0.772s] Level 5:colcon.colcon_core.verb:set package 'eddie-ros' build argument 'catkin_cmake_args' from command line to 'None'
[0.772s] Level 5:colcon.colcon_core.verb:set package 'eddie-ros' build argument 'catkin_skip_building_tests' from command line to 'False'
[0.772s] DEBUG:colcon.colcon_core.verb:Building package 'eddie-ros' with the following arguments: {'ament_cmake_args': None, 'build_base': '/home/wasim/r4s/src/build/eddie-ros', 'catkin_cmake_args': None, 'catkin_skip_building_tests': False, 'cmake_args': None, 'cmake_clean_cache': False, 'cmake_clean_first': False, 'cmake_force_configure': False, 'cmake_target': None, 'cmake_target_skip_unavailable': False, 'install_base': '/home/wasim/r4s/src/install/eddie-ros', 'merge_install': False, 'path': '/home/wasim/r4s/src/eddie-ros', 'symlink_install': False, 'test_result_base': None}
[0.773s] Level 5:colcon.colcon_core.verb:set package 'python_orocos_kdl' build argument 'cmake_args' from command line to 'None'
[0.773s] Level 5:colcon.colcon_core.verb:set package 'python_orocos_kdl' build argument 'cmake_target' from command line to 'None'
[0.773s] Level 5:colcon.colcon_core.verb:set package 'python_orocos_kdl' build argument 'cmake_target_skip_unavailable' from command line to 'False'
[0.773s] Level 5:colcon.colcon_core.verb:set package 'python_orocos_kdl' build argument 'cmake_clean_cache' from command line to 'False'
[0.773s] Level 5:colcon.colcon_core.verb:set package 'python_orocos_kdl' build argument 'cmake_clean_first' from command line to 'False'
[0.773s] Level 5:colcon.colcon_core.verb:set package 'python_orocos_kdl' build argument 'cmake_force_configure' from command line to 'False'
[0.773s] Level 5:colcon.colcon_core.verb:set package 'python_orocos_kdl' build argument 'ament_cmake_args' from command line to 'None'
[0.773s] Level 5:colcon.colcon_core.verb:set package 'python_orocos_kdl' build argument 'catkin_cmake_args' from command line to 'None'
[0.773s] Level 5:colcon.colcon_core.verb:set package 'python_orocos_kdl' build argument 'catkin_skip_building_tests' from command line to 'False'
[0.773s] DEBUG:colcon.colcon_core.verb:Building package 'python_orocos_kdl' with the following arguments: {'ament_cmake_args': None, 'build_base': '/home/wasim/r4s/src/build/python_orocos_kdl', 'catkin_cmake_args': None, 'catkin_skip_building_tests': False, 'cmake_args': None, 'cmake_clean_cache': False, 'cmake_clean_first': False, 'cmake_force_configure': False, 'cmake_target': None, 'cmake_target_skip_unavailable': False, 'install_base': '/home/wasim/r4s/src/install/python_orocos_kdl', 'merge_install': False, 'path': '/home/wasim/r4s/src/orocos_kinematics_dynamics/python_orocos_kdl', 'symlink_install': False, 'test_result_base': None}
[0.773s] INFO:colcon.colcon_core.executor:Executing jobs using 'parallel' executor
[0.775s] DEBUG:colcon.colcon_parallel_executor.executor.parallel:run_until_complete
[0.776s] INFO:colcon.colcon_ros.task.cmake.build:Building ROS package in '/home/wasim/r4s/src/orocos_kinematics_dynamics/orocos_kdl' with build type 'cmake'
[0.776s] INFO:colcon.colcon_cmake.task.cmake.build:Building CMake package in '/home/wasim/r4s/src/orocos_kinematics_dynamics/orocos_kdl'
[0.782s] INFO:colcon.colcon_core.plugin_system:Skipping extension 'colcon_core.shell.bat': Not used on non-Windows systems
[0.782s] INFO:colcon.colcon_core.shell:Skip shell extension 'powershell' for command environment: Not usable outside of PowerShell
[0.783s] DEBUG:colcon.colcon_core.shell:Skip shell extension 'dsv' for command environment
[0.792s] INFO:colcon.colcon_cmake.task.cmake.build:Building CMake package in '/home/wasim/r4s/src/coord2b'
[0.793s] INFO:colcon.colcon_core.shell:Skip shell extension 'powershell' for command environment: Not usable outside of PowerShell
[0.793s] DEBUG:colcon.colcon_core.shell:Skip shell extension 'dsv' for command environment
[0.802s] INFO:colcon.colcon_cmake.task.cmake.build:Building CMake package in '/home/wasim/r4s/src/robif2b'
[0.803s] INFO:colcon.colcon_core.shell:Skip shell extension 'powershell' for command environment: Not usable outside of PowerShell
[0.803s] DEBUG:colcon.colcon_core.shell:Skip shell extension 'dsv' for command environment
[0.812s] INFO:colcon.colcon_cmake.task.cmake.build:Building CMake package in '/home/wasim/r4s/src/eddie_pmu_control'
[0.813s] INFO:colcon.colcon_core.shell:Skip shell extension 'powershell' for command environment: Not usable outside of PowerShell
[0.813s] DEBUG:colcon.colcon_core.shell:Skip shell extension 'dsv' for command environment
[0.823s] INFO:colcon.colcon_ros.task.ament_cmake.build:Building ROS package in '/home/wasim/r4s/src/ros2_kortex_vision' with build type 'ament_cmake'
[0.824s] INFO:colcon.colcon_cmake.task.cmake.build:Building CMake package in '/home/wasim/r4s/src/ros2_kortex_vision'
[0.824s] INFO:colcon.colcon_core.shell:Skip shell extension 'powershell' for command environment: Not usable outside of PowerShell
[0.825s] DEBUG:colcon.colcon_core.shell:Skip shell extension 'dsv' for command environment
[0.847s] DEBUG:colcon.colcon_core.event_handler.log_command:Invoking command in '/home/wasim/r4s/src/build/orocos_kdl': CMAKE_PREFIX_PATH=${CMAKE_PREFIX_PATH}:/opt/ros/jazzy DEBUGINFOD_URLS=https://debuginfod.ubuntu.com /usr/bin/cmake /home/wasim/r4s/src/orocos_kinematics_dynamics/orocos_kdl -DCMAKE_INSTALL_PREFIX=/home/wasim/r4s/src/install/orocos_kdl
[0.854s] DEBUG:colcon.colcon_core.event_handler.log_command:Invoking command in '/home/wasim/r4s/src/build/coord2b': DEBUGINFOD_URLS=https://debuginfod.ubuntu.com /usr/bin/cmake /home/wasim/r4s/src/coord2b -DCMAKE_INSTALL_PREFIX=/home/wasim/r4s/src/install/coord2b
[0.858s] DEBUG:colcon.colcon_core.event_handler.log_command:Invoking command in '/home/wasim/r4s/src/build/robif2b': DEBUGINFOD_URLS=https://debuginfod.ubuntu.com /usr/bin/cmake /home/wasim/r4s/src/robif2b -DCMAKE_INSTALL_PREFIX=/home/wasim/r4s/src/install/robif2b
[0.865s] DEBUG:colcon.colcon_core.event_handler.log_command:Invoking command in '/home/wasim/r4s/src/build/eddie_pmu_control': DEBUGINFOD_URLS=https://debuginfod.ubuntu.com /usr/bin/cmake /home/wasim/r4s/src/eddie_pmu_control -DCMAKE_INSTALL_PREFIX=/home/wasim/r4s/src/install/eddie_pmu_control
[0.903s] DEBUG:colcon.colcon_core.event_handler.log_command:Invoking command in '/home/wasim/r4s/src/build/kinova_vision': CMAKE_PREFIX_PATH=${CMAKE_PREFIX_PATH}:/opt/ros/jazzy DEBUGINFOD_URLS=https://debuginfod.ubuntu.com /usr/bin/cmake /home/wasim/r4s/src/ros2_kortex_vision -DCMAKE_INSTALL_PREFIX=/home/wasim/r4s/src/install/kinova_vision
[1.955s] DEBUG:colcon.colcon_core.event_handler.log_command:Invoked command in '/home/wasim/r4s/src/build/eddie_pmu_control' returned '0': DEBUGINFOD_URLS=https://debuginfod.ubuntu.com /usr/bin/cmake /home/wasim/r4s/src/eddie_pmu_control -DCMAKE_INSTALL_PREFIX=/home/wasim/r4s/src/install/eddie_pmu_control
[1.958s] DEBUG:colcon.colcon_core.event_handler.log_command:Invoking command in '/home/wasim/r4s/src/build/eddie_pmu_control': DEBUGINFOD_URLS=https://debuginfod.ubuntu.com /usr/bin/cmake --build /home/wasim/r4s/src/build/eddie_pmu_control -- -j16 -l16
[1.961s] DEBUG:colcon.colcon_core.event_handler.log_command:Invoked command in '/home/wasim/r4s/src/build/coord2b' returned '0': DEBUGINFOD_URLS=https://debuginfod.ubuntu.com /usr/bin/cmake /home/wasim/r4s/src/coord2b -DCMAKE_INSTALL_PREFIX=/home/wasim/r4s/src/install/coord2b
[1.963s] DEBUG:colcon.colcon_core.event_handler.log_command:Invoking command in '/home/wasim/r4s/src/build/coord2b': DEBUGINFOD_URLS=https://debuginfod.ubuntu.com /usr/bin/cmake --build /home/wasim/r4s/src/build/coord2b -- -j16 -l16
[1.967s] DEBUG:colcon.colcon_core.event_handler.log_command:Invoked command in '/home/wasim/r4s/src/build/robif2b' returned '0': DEBUGINFOD_URLS=https://debuginfod.ubuntu.com /usr/bin/cmake /home/wasim/r4s/src/robif2b -DCMAKE_INSTALL_PREFIX=/home/wasim/r4s/src/install/robif2b
[1.969s] DEBUG:colcon.colcon_core.event_handler.log_command:Invoking command in '/home/wasim/r4s/src/build/robif2b': DEBUGINFOD_URLS=https://debuginfod.ubuntu.com /usr/bin/cmake --build /home/wasim/r4s/src/build/robif2b -- -j16 -l16
[2.392s] DEBUG:colcon.colcon_core.event_handler.log_command:Invoked command in '/home/wasim/r4s/src/build/eddie_pmu_control' returned '0': DEBUGINFOD_URLS=https://debuginfod.ubuntu.com /usr/bin/cmake --build /home/wasim/r4s/src/build/eddie_pmu_control -- -j16 -l16
[2.423s] DEBUG:colcon.colcon_core.event_handler.log_command:Invoking command in '/home/wasim/r4s/src/build/eddie_pmu_control': DEBUGINFOD_URLS=https://debuginfod.ubuntu.com /usr/bin/cmake --install /home/wasim/r4s/src/build/eddie_pmu_control
[2.452s] Level 1:colcon.colcon_core.environment:create_environment_scripts_only(eddie_pmu_control)
[2.453s] DEBUG:colcon.colcon_core.event_handler.log_command:Invoked command in '/home/wasim/r4s/src/build/eddie_pmu_control' returned '0': DEBUGINFOD_URLS=https://debuginfod.ubuntu.com /usr/bin/cmake --install /home/wasim/r4s/src/build/eddie_pmu_control
[2.458s] Level 1:colcon.colcon_core.environment:checking '/home/wasim/r4s/src/install/eddie_pmu_control' for CMake module files
[2.459s] Level 1:colcon.colcon_core.environment:checking '/home/wasim/r4s/src/install/eddie_pmu_control' for CMake config files
[2.460s] Level 1:colcon.colcon_core.environment:checking '/home/wasim/r4s/src/install/eddie_pmu_control/bin'
[2.460s] Level 1:colcon.colcon_core.shell:create_environment_hook('eddie_pmu_control', 'path')
[2.461s] INFO:colcon.colcon_core.shell:Creating environment hook '/home/wasim/r4s/src/install/eddie_pmu_control/share/eddie_pmu_control/hook/path.ps1'
[2.463s] INFO:colcon.colcon_core.shell:Creating environment descriptor '/home/wasim/r4s/src/install/eddie_pmu_control/share/eddie_pmu_control/hook/path.dsv'
[2.463s] INFO:colcon.colcon_core.shell:Creating environment hook '/home/wasim/r4s/src/install/eddie_pmu_control/share/eddie_pmu_control/hook/path.sh'
[2.465s] Level 1:colcon.colcon_core.environment:checking '/home/wasim/r4s/src/install/eddie_pmu_control/lib/pkgconfig/eddie_pmu_control.pc'
[2.466s] Level 1:colcon.colcon_core.environment:checking '/home/wasim/r4s/src/install/eddie_pmu_control/lib/python3.12/site-packages'
[2.466s] Level 1:colcon.colcon_core.environment:checking '/home/wasim/r4s/src/install/eddie_pmu_control/bin'
[2.466s] Level 1:colcon.colcon_core.shell:create_environment_hook('eddie_pmu_control', 'pythonscriptspath')
[2.467s] INFO:colcon.colcon_core.shell:Creating environment hook '/home/wasim/r4s/src/install/eddie_pmu_control/share/eddie_pmu_control/hook/pythonscriptspath.ps1'
[2.468s] INFO:colcon.colcon_core.shell:Creating environment descriptor '/home/wasim/r4s/src/install/eddie_pmu_control/share/eddie_pmu_control/hook/pythonscriptspath.dsv'
[2.468s] INFO:colcon.colcon_core.shell:Creating environment hook '/home/wasim/r4s/src/install/eddie_pmu_control/share/eddie_pmu_control/hook/pythonscriptspath.sh'
[2.470s] INFO:colcon.colcon_core.shell:Creating package script '/home/wasim/r4s/src/install/eddie_pmu_control/share/eddie_pmu_control/package.ps1'
[2.473s] INFO:colcon.colcon_core.shell:Creating package descriptor '/home/wasim/r4s/src/install/eddie_pmu_control/share/eddie_pmu_control/package.dsv'
[2.476s] INFO:colcon.colcon_core.shell:Creating package script '/home/wasim/r4s/src/install/eddie_pmu_control/share/eddie_pmu_control/package.sh'
[2.478s] INFO:colcon.colcon_core.shell:Creating package script '/home/wasim/r4s/src/install/eddie_pmu_control/share/eddie_pmu_control/package.bash'
[2.480s] INFO:colcon.colcon_core.shell:Creating package script '/home/wasim/r4s/src/install/eddie_pmu_control/share/eddie_pmu_control/package.zsh'
[2.482s] Level 1:colcon.colcon_core.environment:create_file_with_runtime_dependencies(/home/wasim/r4s/src/install/eddie_pmu_control/share/colcon-core/packages/eddie_pmu_control)
[2.604s] DEBUG:colcon.colcon_core.event_handler.log_command:Invoked command in '/home/wasim/r4s/src/build/robif2b' returned '0': DEBUGINFOD_URLS=https://debuginfod.ubuntu.com /usr/bin/cmake --build /home/wasim/r4s/src/build/robif2b -- -j16 -l16
[2.607s] DEBUG:colcon.colcon_core.event_handler.log_command:Invoking command in '/home/wasim/r4s/src/build/robif2b': DEBUGINFOD_URLS=https://debuginfod.ubuntu.com /usr/bin/cmake --install /home/wasim/r4s/src/build/robif2b
[2.621s] DEBUG:colcon.colcon_core.event_handler.log_command:Invoked command in '/home/wasim/r4s/src/build/coord2b' returned '0': DEBUGINFOD_URLS=https://debuginfod.ubuntu.com /usr/bin/cmake --build /home/wasim/r4s/src/build/coord2b -- -j16 -l16
[2.623s] DEBUG:colcon.colcon_core.event_handler.log_command:Invoking command in '/home/wasim/r4s/src/build/coord2b': DEBUGINFOD_URLS=https://debuginfod.ubuntu.com /usr/bin/cmake --install /home/wasim/r4s/src/build/coord2b
[2.646s] Level 1:colcon.colcon_core.environment:create_environment_scripts_only(robif2b)
[2.647s] Level 1:colcon.colcon_core.environment:checking '/home/wasim/r4s/src/install/robif2b' for CMake module files
[2.648s] DEBUG:colcon.colcon_core.event_handler.log_command:Invoked command in '/home/wasim/r4s/src/build/robif2b' returned '0': DEBUGINFOD_URLS=https://debuginfod.ubuntu.com /usr/bin/cmake --install /home/wasim/r4s/src/build/robif2b
[2.651s] Level 1:colcon.colcon_core.environment:checking '/home/wasim/r4s/src/install/robif2b' for CMake config files
[2.656s] Level 1:colcon.colcon_core.shell:create_environment_hook('robif2b', 'cmake_prefix_path')
[2.656s] INFO:colcon.colcon_core.shell:Creating environment hook '/home/wasim/r4s/src/install/robif2b/share/robif2b/hook/cmake_prefix_path.ps1'
[2.658s] INFO:colcon.colcon_core.shell:Creating environment descriptor '/home/wasim/r4s/src/install/robif2b/share/robif2b/hook/cmake_prefix_path.dsv'
[2.659s] INFO:colcon.colcon_core.shell:Creating environment hook '/home/wasim/r4s/src/install/robif2b/share/robif2b/hook/cmake_prefix_path.sh'
[2.660s] Level 1:colcon.colcon_core.environment:checking '/home/wasim/r4s/src/install/robif2b/lib'
[2.661s] Level 1:colcon.colcon_core.shell:create_environment_hook('robif2b', 'ld_library_path_lib')
[2.661s] INFO:colcon.colcon_core.shell:Creating environment hook '/home/wasim/r4s/src/install/robif2b/share/robif2b/hook/ld_library_path_lib.ps1'
[2.662s] INFO:colcon.colcon_core.shell:Creating environment descriptor '/home/wasim/r4s/src/install/robif2b/share/robif2b/hook/ld_library_path_lib.dsv'
[2.663s] INFO:colcon.colcon_core.shell:Creating environment hook '/home/wasim/r4s/src/install/robif2b/share/robif2b/hook/ld_library_path_lib.sh'
[2.664s] Level 1:colcon.colcon_core.environment:checking '/home/wasim/r4s/src/install/robif2b/bin'
[2.664s] Level 1:colcon.colcon_core.environment:checking '/home/wasim/r4s/src/install/robif2b/lib/pkgconfig/robif2b.pc'
[2.665s] Level 1:colcon.colcon_core.environment:checking '/home/wasim/r4s/src/install/robif2b/lib/python3.12/site-packages'
[2.665s] Level 1:colcon.colcon_core.environment:checking '/home/wasim/r4s/src/install/robif2b/bin'
[2.666s] INFO:colcon.colcon_core.shell:Creating package script '/home/wasim/r4s/src/install/robif2b/share/robif2b/package.ps1'
[2.667s] INFO:colcon.colcon_core.shell:Creating package descriptor '/home/wasim/r4s/src/install/robif2b/share/robif2b/package.dsv'
[2.668s] INFO:colcon.colcon_core.shell:Creating package script '/home/wasim/r4s/src/install/robif2b/share/robif2b/package.sh'
[2.670s] INFO:colcon.colcon_core.shell:Creating package script '/home/wasim/r4s/src/install/robif2b/share/robif2b/package.bash'
[2.670s] INFO:colcon.colcon_core.shell:Creating package script '/home/wasim/r4s/src/install/robif2b/share/robif2b/package.zsh'
[2.671s] Level 1:colcon.colcon_core.environment:create_file_with_runtime_dependencies(/home/wasim/r4s/src/install/robif2b/share/colcon-core/packages/robif2b)
[2.675s] Level 1:colcon.colcon_core.environment:create_environment_scripts_only(coord2b)
[2.675s] Level 1:colcon.colcon_core.environment:checking '/home/wasim/r4s/src/install/coord2b' for CMake module files
[2.677s] DEBUG:colcon.colcon_core.event_handler.log_command:Invoked command in '/home/wasim/r4s/src/build/coord2b' returned '0': DEBUGINFOD_URLS=https://debuginfod.ubuntu.com /usr/bin/cmake --install /home/wasim/r4s/src/build/coord2b
[2.678s] Level 1:colcon.colcon_core.environment:checking '/home/wasim/r4s/src/install/coord2b' for CMake config files
[2.678s] Level 1:colcon.colcon_core.shell:create_environment_hook('coord2b', 'cmake_prefix_path')
[2.679s] INFO:colcon.colcon_core.shell:Creating environment hook '/home/wasim/r4s/src/install/coord2b/share/coord2b/hook/cmake_prefix_path.ps1'
[2.680s] INFO:colcon.colcon_core.shell:Creating environment descriptor '/home/wasim/r4s/src/install/coord2b/share/coord2b/hook/cmake_prefix_path.dsv'
[2.681s] INFO:colcon.colcon_core.shell:Creating environment hook '/home/wasim/r4s/src/install/coord2b/share/coord2b/hook/cmake_prefix_path.sh'
[2.682s] Level 1:colcon.colcon_core.environment:checking '/home/wasim/r4s/src/install/coord2b/lib'
[2.683s] Level 1:colcon.colcon_core.shell:create_environment_hook('coord2b', 'ld_library_path_lib')
[2.683s] INFO:colcon.colcon_core.shell:Creating environment hook '/home/wasim/r4s/src/install/coord2b/share/coord2b/hook/ld_library_path_lib.ps1'
[2.684s] INFO:colcon.colcon_core.shell:Creating environment descriptor '/home/wasim/r4s/src/install/coord2b/share/coord2b/hook/ld_library_path_lib.dsv'
[2.685s] INFO:colcon.colcon_core.shell:Creating environment hook '/home/wasim/r4s/src/install/coord2b/share/coord2b/hook/ld_library_path_lib.sh'
[2.686s] Level 1:colcon.colcon_core.environment:checking '/home/wasim/r4s/src/install/coord2b/bin'
[2.686s] Level 1:colcon.colcon_core.environment:checking '/home/wasim/r4s/src/install/coord2b/lib/pkgconfig/coord2b.pc'
[2.687s] Level 1:colcon.colcon_core.environment:checking '/home/wasim/r4s/src/install/coord2b/lib/python3.12/site-packages'
[2.687s] Level 1:colcon.colcon_core.environment:checking '/home/wasim/r4s/src/install/coord2b/bin'
[2.688s] INFO:colcon.colcon_core.shell:Creating package script '/home/wasim/r4s/src/install/coord2b/share/coord2b/package.ps1'
[2.689s] INFO:colcon.colcon_core.shell:Creating package descriptor '/home/wasim/r4s/src/install/coord2b/share/coord2b/package.dsv'
[2.690s] INFO:colcon.colcon_core.shell:Creating package script '/home/wasim/r4s/src/install/coord2b/share/coord2b/package.sh'
[2.691s] INFO:colcon.colcon_core.shell:Creating package script '/home/wasim/r4s/src/install/coord2b/share/coord2b/package.bash'
[2.693s] INFO:colcon.colcon_core.shell:Creating package script '/home/wasim/r4s/src/install/coord2b/share/coord2b/package.zsh'
[2.693s] Level 1:colcon.colcon_core.environment:create_file_with_runtime_dependencies(/home/wasim/r4s/src/install/coord2b/share/colcon-core/packages/coord2b)
[2.888s] DEBUG:colcon.colcon_core.event_handler.log_command:Invoked command in '/home/wasim/r4s/src/build/orocos_kdl' returned '0': CMAKE_PREFIX_PATH=${CMAKE_PREFIX_PATH}:/opt/ros/jazzy DEBUGINFOD_URLS=https://debuginfod.ubuntu.com /usr/bin/cmake /home/wasim/r4s/src/orocos_kinematics_dynamics/orocos_kdl -DCMAKE_INSTALL_PREFIX=/home/wasim/r4s/src/install/orocos_kdl
[2.890s] DEBUG:colcon.colcon_core.event_handler.log_command:Invoking command in '/home/wasim/r4s/src/build/orocos_kdl': CMAKE_PREFIX_PATH=${CMAKE_PREFIX_PATH}:/opt/ros/jazzy DEBUGINFOD_URLS=https://debuginfod.ubuntu.com /usr/bin/cmake --build /home/wasim/r4s/src/build/orocos_kdl -- -j16 -l16
[10.331s] DEBUG:colcon.colcon_core.event_handler.log_command:Invoked command in '/home/wasim/r4s/src/build/kinova_vision' returned '0': CMAKE_PREFIX_PATH=${CMAKE_PREFIX_PATH}:/opt/ros/jazzy DEBUGINFOD_URLS=https://debuginfod.ubuntu.com /usr/bin/cmake /home/wasim/r4s/src/ros2_kortex_vision -DCMAKE_INSTALL_PREFIX=/home/wasim/r4s/src/install/kinova_vision
[10.334s] DEBUG:colcon.colcon_core.event_handler.log_command:Invoking command in '/home/wasim/r4s/src/build/kinova_vision': CMAKE_PREFIX_PATH=${CMAKE_PREFIX_PATH}:/opt/ros/jazzy DEBUGINFOD_URLS=https://debuginfod.ubuntu.com /usr/bin/cmake --build /home/wasim/r4s/src/build/kinova_vision -- -j16 -l16
[27.252s] DEBUG:colcon.colcon_core.event_handler.log_command:Invoked command in '/home/wasim/r4s/src/build/orocos_kdl' returned '0': CMAKE_PREFIX_PATH=${CMAKE_PREFIX_PATH}:/opt/ros/jazzy DEBUGINFOD_URLS=https://debuginfod.ubuntu.com /usr/bin/cmake --build /home/wasim/r4s/src/build/orocos_kdl -- -j16 -l16
[27.253s] DEBUG:colcon.colcon_core.event_handler.log_command:Invoking command in '/home/wasim/r4s/src/build/orocos_kdl': CMAKE_PREFIX_PATH=${CMAKE_PREFIX_PATH}:/opt/ros/jazzy DEBUGINFOD_URLS=https://debuginfod.ubuntu.com /usr/bin/cmake --install /home/wasim/r4s/src/build/orocos_kdl
[27.295s] DEBUG:colcon.colcon_core.event_handler.log_command:Invoked command in '/home/wasim/r4s/src/build/orocos_kdl' returned '0': CMAKE_PREFIX_PATH=${CMAKE_PREFIX_PATH}:/opt/ros/jazzy DEBUGINFOD_URLS=https://debuginfod.ubuntu.com /usr/bin/cmake --install /home/wasim/r4s/src/build/orocos_kdl
[27.295s] Level 1:colcon.colcon_core.shell:create_environment_hook('orocos_kdl', 'pkg_config_path')
[27.295s] INFO:colcon.colcon_core.shell:Creating environment hook '/home/wasim/r4s/src/install/orocos_kdl/share/orocos_kdl/hook/pkg_config_path.ps1'
[27.296s] INFO:colcon.colcon_core.shell:Creating environment descriptor '/home/wasim/r4s/src/install/orocos_kdl/share/orocos_kdl/hook/pkg_config_path.dsv'
[27.296s] INFO:colcon.colcon_core.shell:Creating environment hook '/home/wasim/r4s/src/install/orocos_kdl/share/orocos_kdl/hook/pkg_config_path.sh'
[27.299s] Level 1:colcon.colcon_core.shell:create_environment_hook('orocos_kdl', 'pkg_config_path_multiarch')
[27.299s] INFO:colcon.colcon_core.shell:Creating environment hook '/home/wasim/r4s/src/install/orocos_kdl/share/orocos_kdl/hook/pkg_config_path_multiarch.ps1'
[27.300s] INFO:colcon.colcon_core.shell:Creating environment descriptor '/home/wasim/r4s/src/install/orocos_kdl/share/orocos_kdl/hook/pkg_config_path_multiarch.dsv'
[27.300s] INFO:colcon.colcon_core.shell:Creating environment hook '/home/wasim/r4s/src/install/orocos_kdl/share/orocos_kdl/hook/pkg_config_path_multiarch.sh'
[27.300s] Level 1:colcon.colcon_core.environment:create_environment_scripts_only(orocos_kdl)
[27.301s] Level 1:colcon.colcon_core.environment:checking '/home/wasim/r4s/src/install/orocos_kdl' for CMake module files
[27.301s] Level 1:colcon.colcon_core.shell:create_environment_hook('orocos_kdl', 'cmake_module_path')
[27.302s] INFO:colcon.colcon_core.shell:Creating environment hook '/home/wasim/r4s/src/install/orocos_kdl/share/orocos_kdl/hook/cmake_module_path.ps1'
[27.302s] INFO:colcon.colcon_core.shell:Creating environment descriptor '/home/wasim/r4s/src/install/orocos_kdl/share/orocos_kdl/hook/cmake_module_path.dsv'
[27.302s] INFO:colcon.colcon_core.shell:Creating environment hook '/home/wasim/r4s/src/install/orocos_kdl/share/orocos_kdl/hook/cmake_module_path.sh'
[27.303s] Level 1:colcon.colcon_core.environment:checking '/home/wasim/r4s/src/install/orocos_kdl' for CMake config files
[27.303s] Level 1:colcon.colcon_core.shell:create_environment_hook('orocos_kdl', 'cmake_prefix_path')
[27.303s] INFO:colcon.colcon_core.shell:Creating environment hook '/home/wasim/r4s/src/install/orocos_kdl/share/orocos_kdl/hook/cmake_prefix_path.ps1'
[27.303s] INFO:colcon.colcon_core.shell:Creating environment descriptor '/home/wasim/r4s/src/install/orocos_kdl/share/orocos_kdl/hook/cmake_prefix_path.dsv'
[27.304s] INFO:colcon.colcon_core.shell:Creating environment hook '/home/wasim/r4s/src/install/orocos_kdl/share/orocos_kdl/hook/cmake_prefix_path.sh'
[27.304s] Level 1:colcon.colcon_core.environment:checking '/home/wasim/r4s/src/install/orocos_kdl/lib'
[27.304s] Level 1:colcon.colcon_core.shell:create_environment_hook('orocos_kdl', 'ld_library_path_lib')
[27.305s] INFO:colcon.colcon_core.shell:Creating environment hook '/home/wasim/r4s/src/install/orocos_kdl/share/orocos_kdl/hook/ld_library_path_lib.ps1'
[27.305s] INFO:colcon.colcon_core.shell:Creating environment descriptor '/home/wasim/r4s/src/install/orocos_kdl/share/orocos_kdl/hook/ld_library_path_lib.dsv'
[27.305s] INFO:colcon.colcon_core.shell:Creating environment hook '/home/wasim/r4s/src/install/orocos_kdl/share/orocos_kdl/hook/ld_library_path_lib.sh'
[27.306s] Level 1:colcon.colcon_core.environment:checking '/home/wasim/r4s/src/install/orocos_kdl/bin'
[27.306s] Level 1:colcon.colcon_core.environment:checking '/home/wasim/r4s/src/install/orocos_kdl/lib/pkgconfig/orocos_kdl.pc'
[27.306s] Level 1:colcon.colcon_core.shell:create_environment_hook('orocos_kdl', 'pkg_config')
[27.306s] INFO:colcon.colcon_core.shell:Creating environment hook '/home/wasim/r4s/src/install/orocos_kdl/share/orocos_kdl/hook/pkg_config.ps1'
[27.307s] INFO:colcon.colcon_core.shell:Creating environment descriptor '/home/wasim/r4s/src/install/orocos_kdl/share/orocos_kdl/hook/pkg_config.dsv'
[27.307s] INFO:colcon.colcon_core.shell:Creating environment hook '/home/wasim/r4s/src/install/orocos_kdl/share/orocos_kdl/hook/pkg_config.sh'
[27.308s] Level 1:colcon.colcon_core.environment:checking '/home/wasim/r4s/src/install/orocos_kdl/lib/python3.12/site-packages'
[27.308s] Level 1:colcon.colcon_core.environment:checking '/home/wasim/r4s/src/install/orocos_kdl/bin'
[27.308s] INFO:colcon.colcon_core.shell:Creating package script '/home/wasim/r4s/src/install/orocos_kdl/share/orocos_kdl/package.ps1'
[27.309s] INFO:colcon.colcon_core.shell:Creating package descriptor '/home/wasim/r4s/src/install/orocos_kdl/share/orocos_kdl/package.dsv'
[27.309s] INFO:colcon.colcon_core.shell:Creating package script '/home/wasim/r4s/src/install/orocos_kdl/share/orocos_kdl/package.sh'
[27.310s] INFO:colcon.colcon_core.shell:Creating package script '/home/wasim/r4s/src/install/orocos_kdl/share/orocos_kdl/package.bash'
[27.310s] INFO:colcon.colcon_core.shell:Creating package script '/home/wasim/r4s/src/install/orocos_kdl/share/orocos_kdl/package.zsh'
[27.311s] Level 1:colcon.colcon_core.environment:create_file_with_runtime_dependencies(/home/wasim/r4s/src/install/orocos_kdl/share/colcon-core/packages/orocos_kdl)
[27.311s] INFO:colcon.colcon_ros.task.ament_cmake.build:Building ROS package in '/home/wasim/r4s/src/eddie-ros' with build type 'ament_cmake'
[27.311s] INFO:colcon.colcon_cmake.task.cmake.build:Building CMake package in '/home/wasim/r4s/src/eddie-ros'
[27.311s] INFO:colcon.colcon_core.shell:Skip shell extension 'powershell' for command environment: Not usable outside of PowerShell
[27.311s] DEBUG:colcon.colcon_core.shell:Skip shell extension 'dsv' for command environment
[27.317s] INFO:colcon.colcon_ros.task.catkin.build:Building ROS package in '/home/wasim/r4s/src/orocos_kinematics_dynamics/python_orocos_kdl' with build type 'catkin'
[27.317s] INFO:colcon.colcon_cmake.task.cmake.build:Building CMake package in '/home/wasim/r4s/src/orocos_kinematics_dynamics/python_orocos_kdl'
[27.317s] INFO:colcon.colcon_core.shell:Skip shell extension 'powershell' for command environment: Not usable outside of PowerShell
[27.317s] DEBUG:colcon.colcon_core.shell:Skip shell extension 'dsv' for command environment
[27.330s] DEBUG:colcon.colcon_core.event_handler.log_command:Invoking command in '/home/wasim/r4s/src/build/eddie-ros': CMAKE_MODULE_PATH=/home/wasim/r4s/src/install/orocos_kdl/share/orocos_kdl/cmake CMAKE_PREFIX_PATH=/home/wasim/r4s/src/install/robif2b:/home/wasim/r4s/src/install/orocos_kdl:/home/wasim/r4s/src/install/coord2b:/opt/ros/jazzy/opt/gz_sim_vendor:/opt/ros/jazzy/opt/gz_sensors_vendor:/opt/ros/jazzy/opt/gz_physics_vendor:/opt/ros/jazzy/opt/sdformat_vendor:/opt/ros/jazzy/opt/gz_gui_vendor:/opt/ros/jazzy/opt/gz_transport_vendor:/opt/ros/jazzy/opt/gz_rendering_vendor:/opt/ros/jazzy/opt/gz_plugin_vendor:/opt/ros/jazzy/opt/gz_fuel_tools_vendor:/opt/ros/jazzy/opt/gz_msgs_vendor:/opt/ros/jazzy/opt/gz_common_vendor:/opt/ros/jazzy/opt/gz_math_vendor:/opt/ros/jazzy/opt/gz_utils_vendor:/opt/ros/jazzy/opt/gz_tools_vendor:/opt/ros/jazzy/opt/gz_ogre_next_vendor:/opt/ros/jazzy/opt/gz_dartsim_vendor:/opt/ros/jazzy/opt/gz_cmake_vendor:/opt/ros/jazzy DEBUGINFOD_URLS=https://debuginfod.ubuntu.com LD_LIBRARY_PATH=/home/wasim/r4s/src/install/robif2b/lib:/home/wasim/r4s/src/install/orocos_kdl/lib:/home/wasim/r4s/src/install/coord2b/lib:${LD_LIBRARY_PATH} PKG_CONFIG_PATH=/home/wasim/r4s/src/install/orocos_kdl/lib/x86_64-linux-gnu/pkgconfig:/home/wasim/r4s/src/install/orocos_kdl/lib/pkgconfig /usr/bin/cmake /home/wasim/r4s/src/eddie-ros -DCMAKE_INSTALL_PREFIX=/home/wasim/r4s/src/install/eddie-ros
[27.334s] DEBUG:colcon.colcon_core.event_handler.log_command:Invoking command in '/home/wasim/r4s/src/build/python_orocos_kdl': CMAKE_MODULE_PATH=/home/wasim/r4s/src/install/orocos_kdl/share/orocos_kdl/cmake CMAKE_PREFIX_PATH=/home/wasim/r4s/src/install/orocos_kdl:${CMAKE_PREFIX_PATH} DEBUGINFOD_URLS=https://debuginfod.ubuntu.com LD_LIBRARY_PATH=/home/wasim/r4s/src/install/orocos_kdl/lib:${LD_LIBRARY_PATH} PKG_CONFIG_PATH=/home/wasim/r4s/src/install/orocos_kdl/lib/x86_64-linux-gnu/pkgconfig:/home/wasim/r4s/src/install/orocos_kdl/lib/pkgconfig /usr/bin/cmake /home/wasim/r4s/src/orocos_kinematics_dynamics/python_orocos_kdl -DCATKIN_INSTALL_INTO_PREFIX_ROOT=0 -DCMAKE_INSTALL_PREFIX=/home/wasim/r4s/src/install/python_orocos_kdl
[28.592s] DEBUG:colcon.colcon_core.event_handler.log_command:Invoked command in '/home/wasim/r4s/src/build/python_orocos_kdl' returned '0': CMAKE_MODULE_PATH=/home/wasim/r4s/src/install/orocos_kdl/share/orocos_kdl/cmake CMAKE_PREFIX_PATH=/home/wasim/r4s/src/install/orocos_kdl:${CMAKE_PREFIX_PATH} DEBUGINFOD_URLS=https://debuginfod.ubuntu.com LD_LIBRARY_PATH=/home/wasim/r4s/src/install/orocos_kdl/lib:${LD_LIBRARY_PATH} PKG_CONFIG_PATH=/home/wasim/r4s/src/install/orocos_kdl/lib/x86_64-linux-gnu/pkgconfig:/home/wasim/r4s/src/install/orocos_kdl/lib/pkgconfig /usr/bin/cmake /home/wasim/r4s/src/orocos_kinematics_dynamics/python_orocos_kdl -DCATKIN_INSTALL_INTO_PREFIX_ROOT=0 -DCMAKE_INSTALL_PREFIX=/home/wasim/r4s/src/install/python_orocos_kdl
[28.593s] DEBUG:colcon.colcon_core.event_handler.log_command:Invoking command in '/home/wasim/r4s/src/build/python_orocos_kdl': CMAKE_MODULE_PATH=/home/wasim/r4s/src/install/orocos_kdl/share/orocos_kdl/cmake CMAKE_PREFIX_PATH=/home/wasim/r4s/src/install/orocos_kdl:${CMAKE_PREFIX_PATH} DEBUGINFOD_URLS=https://debuginfod.ubuntu.com LD_LIBRARY_PATH=/home/wasim/r4s/src/install/orocos_kdl/lib:${LD_LIBRARY_PATH} PKG_CONFIG_PATH=/home/wasim/r4s/src/install/orocos_kdl/lib/x86_64-linux-gnu/pkgconfig:/home/wasim/r4s/src/install/orocos_kdl/lib/pkgconfig /usr/bin/cmake --build /home/wasim/r4s/src/build/python_orocos_kdl -- -j16 -l16
[29.459s] DEBUG:colcon.colcon_core.event_handler.log_command:Invoked command in '/home/wasim/r4s/src/build/eddie-ros' returned '1': CMAKE_MODULE_PATH=/home/wasim/r4s/src/install/orocos_kdl/share/orocos_kdl/cmake CMAKE_PREFIX_PATH=/home/wasim/r4s/src/install/robif2b:/home/wasim/r4s/src/install/orocos_kdl:/home/wasim/r4s/src/install/coord2b:/opt/ros/jazzy/opt/gz_sim_vendor:/opt/ros/jazzy/opt/gz_sensors_vendor:/opt/ros/jazzy/opt/gz_physics_vendor:/opt/ros/jazzy/opt/sdformat_vendor:/opt/ros/jazzy/opt/gz_gui_vendor:/opt/ros/jazzy/opt/gz_transport_vendor:/opt/ros/jazzy/opt/gz_rendering_vendor:/opt/ros/jazzy/opt/gz_plugin_vendor:/opt/ros/jazzy/opt/gz_fuel_tools_vendor:/opt/ros/jazzy/opt/gz_msgs_vendor:/opt/ros/jazzy/opt/gz_common_vendor:/opt/ros/jazzy/opt/gz_math_vendor:/opt/ros/jazzy/opt/gz_utils_vendor:/opt/ros/jazzy/opt/gz_tools_vendor:/opt/ros/jazzy/opt/gz_ogre_next_vendor:/opt/ros/jazzy/opt/gz_dartsim_vendor:/opt/ros/jazzy/opt/gz_cmake_vendor:/opt/ros/jazzy DEBUGINFOD_URLS=https://debuginfod.ubuntu.com LD_LIBRARY_PATH=/home/wasim/r4s/src/install/robif2b/lib:/home/wasim/r4s/src/install/orocos_kdl/lib:/home/wasim/r4s/src/install/coord2b/lib:${LD_LIBRARY_PATH} PKG_CONFIG_PATH=/home/wasim/r4s/src/install/orocos_kdl/lib/x86_64-linux-gnu/pkgconfig:/home/wasim/r4s/src/install/orocos_kdl/lib/pkgconfig /usr/bin/cmake /home/wasim/r4s/src/eddie-ros -DCMAKE_INSTALL_PREFIX=/home/wasim/r4s/src/install/eddie-ros
[29.494s] Level 1:colcon.colcon_core.environment:create_environment_scripts_only(eddie-ros)
[29.495s] Level 1:colcon.colcon_core.environment:checking '/home/wasim/r4s/src/install/eddie-ros' for CMake module files
[29.496s] Level 1:colcon.colcon_core.environment:checking '/home/wasim/r4s/src/install/eddie-ros' for CMake config files
[29.496s] Level 1:colcon.colcon_core.environment:checking '/home/wasim/r4s/src/install/eddie-ros/bin'
[29.497s] Level 1:colcon.colcon_core.environment:checking '/home/wasim/r4s/src/install/eddie-ros/lib/pkgconfig/eddie-ros.pc'
[29.497s] Level 1:colcon.colcon_core.environment:checking '/home/wasim/r4s/src/install/eddie-ros/lib/python3.12/site-packages'
[29.498s] Level 1:colcon.colcon_core.environment:checking '/home/wasim/r4s/src/install/eddie-ros/bin'
[29.498s] INFO:colcon.colcon_core.shell:Creating package script '/home/wasim/r4s/src/install/eddie-ros/share/eddie-ros/package.ps1'
[29.500s] INFO:colcon.colcon_core.shell:Creating package descriptor '/home/wasim/r4s/src/install/eddie-ros/share/eddie-ros/package.dsv'
[29.500s] INFO:colcon.colcon_core.shell:Creating package script '/home/wasim/r4s/src/install/eddie-ros/share/eddie-ros/package.sh'
[29.501s] INFO:colcon.colcon_core.shell:Creating package script '/home/wasim/r4s/src/install/eddie-ros/share/eddie-ros/package.bash'
[29.502s] INFO:colcon.colcon_core.shell:Creating package script '/home/wasim/r4s/src/install/eddie-ros/share/eddie-ros/package.zsh'
[29.503s] Level 1:colcon.colcon_core.environment:create_file_with_runtime_dependencies(/home/wasim/r4s/src/install/eddie-ros/share/colcon-core/packages/eddie-ros)
[49.100s] DEBUG:colcon.colcon_parallel_executor.executor.parallel:closing loop
[49.100s] DEBUG:colcon.colcon_parallel_executor.executor.parallel:loop closed
[49.100s] DEBUG:colcon.colcon_parallel_executor.executor.parallel:run_until_complete finished with '1'
[49.100s] DEBUG:colcon.colcon_core.event_reactor:joining thread
[49.107s] INFO:colcon.colcon_core.plugin_system:Skipping extension 'colcon_notification.desktop_notification.terminal_notifier': Not used on non-Darwin systems
[49.108s] INFO:colcon.colcon_core.plugin_system:Skipping extension 'colcon_notification.desktop_notification.win32': Not used on non-Windows systems
[49.108s] INFO:colcon.colcon_notification.desktop_notification:Sending desktop notification using 'notify2'
[49.120s] DEBUG:colcon.colcon_core.event_reactor:joined thread
[49.121s] INFO:colcon.colcon_core.shell:Creating prefix script '/home/wasim/r4s/src/install/local_setup.ps1'
[49.122s] INFO:colcon.colcon_core.shell:Creating prefix util module '/home/wasim/r4s/src/install/_local_setup_util_ps1.py'
[49.123s] INFO:colcon.colcon_core.shell:Creating prefix chain script '/home/wasim/r4s/src/install/setup.ps1'
[49.124s] INFO:colcon.colcon_core.shell:Creating prefix script '/home/wasim/r4s/src/install/local_setup.sh'
[49.124s] INFO:colcon.colcon_core.shell:Creating prefix util module '/home/wasim/r4s/src/install/_local_setup_util_sh.py'
[49.125s] INFO:colcon.colcon_core.shell:Creating prefix chain script '/home/wasim/r4s/src/install/setup.sh'
[49.125s] INFO:colcon.colcon_core.shell:Creating prefix script '/home/wasim/r4s/src/install/local_setup.bash'
[49.126s] INFO:colcon.colcon_core.shell:Creating prefix chain script '/home/wasim/r4s/src/install/setup.bash'
[49.127s] INFO:colcon.colcon_core.shell:Creating prefix script '/home/wasim/r4s/src/install/local_setup.zsh'
[49.127s] INFO:colcon.colcon_core.shell:Creating prefix chain script '/home/wasim/r4s/src/install/setup.zsh'
