-- The C compiler identification is GNU 13.3.0
-- The CXX compiler identification is GNU 13.3.0
-- Detecting C compiler ABI info
-- Detecting C compiler ABI info - done
-- Check for working C compiler: /usr/bin/cc - skipped
-- Detecting C compile features
-- Detecting C compile features - done
-- Detecting CXX compiler ABI info
-- Detecting CXX compiler ABI info - done
-- Check for working CXX compiler: /usr/bin/c++ - skipped
-- Detecting CXX compile features
-- Detecting CXX compile features - done
-- Configuring done (0.9s)
-- Generating done (0.0s)
-- Build files have been written to: /home/wasim/r4s/build/coord2b
[ 40%] [32mBuilding C object src/nbx/CMakeFiles/coord2b.dir/event_loop.c.o[0m
[ 40%] [32mBuilding C object src/nbx/CMakeFiles/coord2b.dir/fsm.c.o[0m
[ 60%] [32m[1mLinking C shared library libcoord2b.so[0m
[ 60%] Built target coord2b
[ 80%] [32mBuilding C object src/example/CMakeFiles/traffic_lights.dir/traffic_lights.c.o[0m
[100%] [32m[1mLinking C executable traffic_lights[0m
[100%] Built target traffic_lights
-- Install configuration: ""
-- Installing: /home/wasim/r4s/install/coord2b/include
-- Installing: /home/wasim/r4s/install/coord2b/include/coord2b
-- Installing: /home/wasim/r4s/install/coord2b/include/coord2b/functions
-- Installing: /home/wasim/r4s/install/coord2b/include/coord2b/functions/fsm.h
-- Installing: /home/wasim/r4s/install/coord2b/include/coord2b/functions/event_loop.h
-- Installing: /home/wasim/r4s/install/coord2b/include/coord2b/types
-- Installing: /home/wasim/r4s/install/coord2b/include/coord2b/types/fsm.h
-- Installing: /home/wasim/r4s/install/coord2b/include/coord2b/types/event_loop.h
-- Installing: /home/wasim/r4s/install/coord2b/lib/cmake/coord2b/coord2b-config.cmake
-- Installing: /home/wasim/r4s/install/coord2b/lib/cmake/coord2b/coord2b-config-version.cmake
-- Installing: /home/wasim/r4s/install/coord2b/lib/cmake/coord2b/coord2b-targets.cmake
-- Installing: /home/wasim/r4s/install/coord2b/lib/cmake/coord2b/coord2b-targets-noconfig.cmake
-- Installing: /home/wasim/r4s/install/coord2b/lib/libcoord2b.so
