[0.055s] Invoking command in '/home/wasim/r4s/build/coord2b': DEBUGINFOD_URLS=https://debuginfod.ubuntu.com /usr/bin/cmake /home/wasim/r4s/src/coord2b -DCMAKE_INSTALL_PREFIX=/home/wasim/r4s/install/coord2b
[0.198s] -- The C compiler identification is GNU 13.3.0
[0.344s] -- The CXX compiler identification is GNU 13.3.0
[0.389s] -- Detecting C compiler ABI info
[0.636s] -- Detecting C compiler ABI info - done
[0.659s] -- Check for working C compiler: /usr/bin/cc - skipped
[0.659s] -- Detecting C compile features
[0.660s] -- Detecting C compile features - done
[0.685s] -- Detecting CXX compiler ABI info
[0.957s] -- Detecting CXX compiler ABI info - done
[0.982s] -- Check for working CXX compiler: /usr/bin/c++ - skipped
[0.983s] -- Detecting CXX compile features
[0.984s] -- Detecting CXX compile features - done
[0.992s] -- Configuring done (0.9s)
[1.006s] -- Generating done (0.0s)
[1.011s] -- Build files have been written to: /home/wasim/r4s/build/coord2b
[1.021s] Invoked command in '/home/wasim/r4s/build/coord2b' returned '0': DEBUGINFOD_URLS=https://debuginfod.ubuntu.com /usr/bin/cmake /home/wasim/r4s/src/coord2b -DCMAKE_INSTALL_PREFIX=/home/wasim/r4s/install/coord2b
[1.023s] Invoking command in '/home/wasim/r4s/build/coord2b': DEBUGINFOD_URLS=https://debuginfod.ubuntu.com /usr/bin/cmake --build /home/wasim/r4s/build/coord2b -- -j16 -l16
[1.159s] [ 40%] [32mBuilding C object src/nbx/CMakeFiles/coord2b.dir/event_loop.c.o[0m
[1.159s] [ 40%] [32mBuilding C object src/nbx/CMakeFiles/coord2b.dir/fsm.c.o[0m
[1.236s] [ 60%] [32m[1mLinking C shared library libcoord2b.so[0m
[1.341s] [ 60%] Built target coord2b
[1.400s] [ 80%] [32mBuilding C object src/example/CMakeFiles/traffic_lights.dir/traffic_lights.c.o[0m
[1.493s] [100%] [32m[1mLinking C executable traffic_lights[0m
[1.588s] [100%] Built target traffic_lights
[1.624s] Invoked command in '/home/wasim/r4s/build/coord2b' returned '0': DEBUGINFOD_URLS=https://debuginfod.ubuntu.com /usr/bin/cmake --build /home/wasim/r4s/build/coord2b -- -j16 -l16
[1.626s] Invoking command in '/home/wasim/r4s/build/coord2b': DEBUGINFOD_URLS=https://debuginfod.ubuntu.com /usr/bin/cmake --install /home/wasim/r4s/build/coord2b
[1.648s] -- Install configuration: ""
[1.648s] -- Installing: /home/wasim/r4s/install/coord2b/include
[1.649s] -- Installing: /home/wasim/r4s/install/coord2b/include/coord2b
[1.649s] -- Installing: /home/wasim/r4s/install/coord2b/include/coord2b/functions
[1.649s] -- Installing: /home/wasim/r4s/install/coord2b/include/coord2b/functions/fsm.h
[1.650s] -- Installing: /home/wasim/r4s/install/coord2b/include/coord2b/functions/event_loop.h
[1.650s] -- Installing: /home/wasim/r4s/install/coord2b/include/coord2b/types
[1.651s] -- Installing: /home/wasim/r4s/install/coord2b/include/coord2b/types/fsm.h
[1.651s] -- Installing: /home/wasim/r4s/install/coord2b/include/coord2b/types/event_loop.h
[1.652s] -- Installing: /home/wasim/r4s/install/coord2b/lib/cmake/coord2b/coord2b-config.cmake
[1.652s] -- Installing: /home/wasim/r4s/install/coord2b/lib/cmake/coord2b/coord2b-config-version.cmake
[1.652s] -- Installing: /home/wasim/r4s/install/coord2b/lib/cmake/coord2b/coord2b-targets.cmake
[1.653s] -- Installing: /home/wasim/r4s/install/coord2b/lib/cmake/coord2b/coord2b-targets-noconfig.cmake
[1.653s] -- Installing: /home/wasim/r4s/install/coord2b/lib/libcoord2b.so
[1.659s] Invoked command in '/home/wasim/r4s/build/coord2b' returned '0': DEBUGINFOD_URLS=https://debuginfod.ubuntu.com /usr/bin/cmake --install /home/wasim/r4s/build/coord2b
