[31mCMake Error at CMakeLists.txt:55 (target_link_libraries):
  Target "eddie_ros_interface" links to:

    robif2b::ethercat

  but the target was not found.  Possible reasons include:

    * There is a typo in the target name.
    * A find_package call is missing for an IMPORTED target.
    * An ALIAS target is missing.


[0m
[31mCMake Error at CMakeLists.txt:76 (target_link_libraries):
  Target "task_planner_node" links to:

    robif2b::ethercat

  but the target was not found.  Possible reasons include:

    * There is a typo in the target name.
    * A find_package call is missing for an IMPORTED target.
    * An ALIAS target is missing.


[0m
[31mCMake Error at CMakeLists.txt:97 (target_link_libraries):
  Target "eddie_ros_interface_test" links to:

    robif2b::ethercat

  but the target was not found.  Possible reasons include:

    * There is a typo in the target name.
    * A find_package call is missing for an IMPORTED target.
    * An ALIAS target is missing.


[0m
[0mCMake Generate step failed.  Build files cannot be regenerated correctly.[0m
