[0.018s] Invoking command in '/home/wasim/r4s/src/build/eddie_ros': CMAKE_MODULE_PATH=/home/wasim/r4s/src/install/orocos_kdl/share/orocos_kdl/cmake CMAKE_PREFIX_PATH=/home/wasim/r4s/src/install/robif2b:/home/wasim/r4s/src/install/orocos_kdl:/home/wasim/r4s/src/install/coord2b:/opt/ros/jazzy/opt/gz_sim_vendor:/opt/ros/jazzy/opt/gz_sensors_vendor:/opt/ros/jazzy/opt/gz_physics_vendor:/opt/ros/jazzy/opt/sdformat_vendor:/opt/ros/jazzy/opt/gz_gui_vendor:/opt/ros/jazzy/opt/gz_transport_vendor:/opt/ros/jazzy/opt/gz_rendering_vendor:/opt/ros/jazzy/opt/gz_plugin_vendor:/opt/ros/jazzy/opt/gz_fuel_tools_vendor:/opt/ros/jazzy/opt/gz_msgs_vendor:/opt/ros/jazzy/opt/gz_common_vendor:/opt/ros/jazzy/opt/gz_math_vendor:/opt/ros/jazzy/opt/gz_utils_vendor:/opt/ros/jazzy/opt/gz_tools_vendor:/opt/ros/jazzy/opt/gz_ogre_next_vendor:/opt/ros/jazzy/opt/gz_dartsim_vendor:/opt/ros/jazzy/opt/gz_cmake_vendor:/opt/ros/jazzy DEBUGINFOD_URLS=https://debuginfod.ubuntu.com LD_LIBRARY_PATH=/home/wasim/r4s/src/install/robif2b/lib:/home/wasim/r4s/src/install/orocos_kdl/lib:/home/wasim/r4s/src/install/coord2b/lib:${LD_LIBRARY_PATH} PKG_CONFIG_PATH=/home/wasim/r4s/src/install/orocos_kdl/lib/x86_64-linux-gnu/pkgconfig:/home/wasim/r4s/src/install/orocos_kdl/lib/pkgconfig /usr/bin/cmake /home/wasim/r4s/src/eddie-ros -DCMAKE_INSTALL_PREFIX=/home/wasim/r4s/src/install/eddie_ros
[0.040s] -- Found ament_cmake: 2.5.4 (/opt/ros/jazzy/share/ament_cmake/cmake)
[0.075s] -- Found Python3: /usr/bin/python3 (found version "3.12.3") found components: Interpreter 
[0.169s] -- Found rclcpp: 28.1.9 (/opt/ros/jazzy/share/rclcpp/cmake)
[0.208s] -- Found rosidl_generator_c: 4.6.5 (/opt/ros/jazzy/share/rosidl_generator_c/cmake)
[0.218s] -- Found rosidl_generator_cpp: 4.6.5 (/opt/ros/jazzy/share/rosidl_generator_cpp/cmake)
[0.230s] -- Using all available rosidl_typesupport_c: rosidl_typesupport_fastrtps_c;rosidl_typesupport_introspection_c
[0.244s] -- Using all available rosidl_typesupport_cpp: rosidl_typesupport_fastrtps_cpp;rosidl_typesupport_introspection_cpp
[0.309s] -- Found rmw_implementation_cmake: 7.3.2 (/opt/ros/jazzy/share/rmw_implementation_cmake/cmake)
[0.310s] -- Found rmw_fastrtps_cpp: 8.4.2 (/opt/ros/jazzy/share/rmw_fastrtps_cpp/cmake)
[0.383s] -- Using RMW implementation 'rmw_fastrtps_cpp' as default
[0.450s] -- Found rclcpp_action: 28.1.9 (/opt/ros/jazzy/share/rclcpp_action/cmake)
[0.491s] -- Found rclcpp_components: 28.1.9 (/opt/ros/jazzy/share/rclcpp_components/cmake)
[0.519s] -- Found geometry_msgs: 5.3.6 (/opt/ros/jazzy/share/geometry_msgs/cmake)
[0.552s] -- Found kdl_parser: 2.11.0 (/opt/ros/jazzy/share/kdl_parser/cmake)
[0.553s] -- Found eigen3_cmake_module: 0.3.0 (/opt/ros/jazzy/share/eigen3_cmake_module/cmake)
[0.555s] -- Ensuring Eigen3 include directory is part of orocos-kdl CMake target
[0.557s] -- Found rosidl_default_generators: 1.6.0 (/opt/ros/jazzy/share/rosidl_default_generators/cmake)
[0.565s] -- Found rosidl_adapter: 4.6.5 (/opt/ros/jazzy/share/rosidl_adapter/cmake)
[0.875s] -- Found ament_cmake_ros: 0.12.0 (/opt/ros/jazzy/share/ament_cmake_ros/cmake)
[1.184s] -- Using all available rosidl_typesupport_c: rosidl_typesupport_fastrtps_c;rosidl_typesupport_introspection_c
[1.306s] -- Using all available rosidl_typesupport_cpp: rosidl_typesupport_fastrtps_cpp;rosidl_typesupport_introspection_cpp
[1.308s] -- Found python_cmake_module: 0.11.1 (/opt/ros/jazzy/share/python_cmake_module/cmake)
[1.604s] -- Found Python3: /usr/bin/python3 (found version "3.12.3") found components: Interpreter Development NumPy Development.Module Development.Embed 
[1.656s] -- Configuring done (1.6s)
[1.742s] [31mCMake Error at CMakeLists.txt:55 (target_link_libraries):
[1.742s]   Target "eddie_ros_interface" links to:
[1.742s] 
[1.742s]     robif2b::ethercat
[1.742s] 
[1.742s]   but the target was not found.  Possible reasons include:
[1.742s] 
[1.742s]     * There is a typo in the target name.
[1.742s]     * A find_package call is missing for an IMPORTED target.
[1.742s]     * An ALIAS target is missing.
[1.742s] 
[1.743s] 
[1.743s] [0m
[1.743s] [31mCMake Error at CMakeLists.txt:76 (target_link_libraries):
[1.743s]   Target "task_planner_node" links to:
[1.743s] 
[1.743s]     robif2b::ethercat
[1.743s] 
[1.743s]   but the target was not found.  Possible reasons include:
[1.743s] 
[1.743s]     * There is a typo in the target name.
[1.743s]     * A find_package call is missing for an IMPORTED target.
[1.743s]     * An ALIAS target is missing.
[1.743s] 
[1.743s] 
[1.743s] [0m
[1.743s] [31mCMake Error at CMakeLists.txt:97 (target_link_libraries):
[1.743s]   Target "eddie_ros_interface_test" links to:
[1.744s] 
[1.744s]     robif2b::ethercat
[1.744s] 
[1.744s]   but the target was not found.  Possible reasons include:
[1.744s] 
[1.744s]     * There is a typo in the target name.
[1.744s]     * A find_package call is missing for an IMPORTED target.
[1.744s]     * An ALIAS target is missing.
[1.744s] 
[1.744s] 
[1.744s] [0m
[1.744s] -- Generating done (0.1s)
[1.746s] [0mCMake Generate step failed.  Build files cannot be regenerated correctly.[0m
[1.761s] Invoked command in '/home/wasim/r4s/src/build/eddie_ros' returned '1': CMAKE_MODULE_PATH=/home/wasim/r4s/src/install/orocos_kdl/share/orocos_kdl/cmake CMAKE_PREFIX_PATH=/home/wasim/r4s/src/install/robif2b:/home/wasim/r4s/src/install/orocos_kdl:/home/wasim/r4s/src/install/coord2b:/opt/ros/jazzy/opt/gz_sim_vendor:/opt/ros/jazzy/opt/gz_sensors_vendor:/opt/ros/jazzy/opt/gz_physics_vendor:/opt/ros/jazzy/opt/sdformat_vendor:/opt/ros/jazzy/opt/gz_gui_vendor:/opt/ros/jazzy/opt/gz_transport_vendor:/opt/ros/jazzy/opt/gz_rendering_vendor:/opt/ros/jazzy/opt/gz_plugin_vendor:/opt/ros/jazzy/opt/gz_fuel_tools_vendor:/opt/ros/jazzy/opt/gz_msgs_vendor:/opt/ros/jazzy/opt/gz_common_vendor:/opt/ros/jazzy/opt/gz_math_vendor:/opt/ros/jazzy/opt/gz_utils_vendor:/opt/ros/jazzy/opt/gz_tools_vendor:/opt/ros/jazzy/opt/gz_ogre_next_vendor:/opt/ros/jazzy/opt/gz_dartsim_vendor:/opt/ros/jazzy/opt/gz_cmake_vendor:/opt/ros/jazzy DEBUGINFOD_URLS=https://debuginfod.ubuntu.com LD_LIBRARY_PATH=/home/wasim/r4s/src/install/robif2b/lib:/home/wasim/r4s/src/install/orocos_kdl/lib:/home/wasim/r4s/src/install/coord2b/lib:${LD_LIBRARY_PATH} PKG_CONFIG_PATH=/home/wasim/r4s/src/install/orocos_kdl/lib/x86_64-linux-gnu/pkgconfig:/home/wasim/r4s/src/install/orocos_kdl/lib/pkgconfig /usr/bin/cmake /home/wasim/r4s/src/eddie-ros -DCMAKE_INSTALL_PREFIX=/home/wasim/r4s/src/install/eddie_ros
