[  1%] Built target eddie_ros__rosidl_generator_type_description
[  1%] Built target ament_cmake_python_copy_eddie_ros
[  3%] Built target eddie_ros__cpp
[ 17%] Built target eddie_ros__rosidl_generator_c
[ 24%] Built target eddie_ros__rosidl_typesupport_introspection_c
[ 31%] Built target eddie_ros__rosidl_typesupport_fastrtps_c
[ 45%] Built target eddie_ros__rosidl_typesupport_introspection_cpp
[ 45%] Built target eddie_ros__rosidl_typesupport_fastrtps_cpp
[ 52%] Built target eddie_ros__rosidl_typesupport_cpp
[ 59%] Built target eddie_ros__rosidl_typesupport_c
[ 63%] Built target mock_servers_only
[ 75%] Built target eddie_ros_interface_test
[ 77%] Built target eddie_ros_interface
[ 78%] Built target task_planner_node
[ 80%] [32mBuilding CXX object CMakeFiles/pick_place_fsm_mock.dir/src/pick_place_fsm_mock.cpp.o[0m
[ 80%] Built target eddie_ros
[ 82%] Built target eddie_ros__py
[ 87%] Built target eddie_ros__rosidl_generator_py
[ 98%] Built target eddie_ros_s__rosidl_typesupport_fastrtps_c
[ 98%] Built target eddie_ros_s__rosidl_typesupport_introspection_c
[ 98%] Built target eddie_ros_s__rosidl_typesupport_c
running egg_info
writing eddie_ros.egg-info/PKG-INFO
writing dependency_links to eddie_ros.egg-info/dependency_links.txt
writing top-level names to eddie_ros.egg-info/top_level.txt
reading manifest file 'eddie_ros.egg-info/SOURCES.txt'
writing manifest file 'eddie_ros.egg-info/SOURCES.txt'
[ 98%] Built target ament_cmake_python_build_eddie_ros_egg
[100%] [32m[1mLinking CXX executable pick_place_fsm_mock[0m
[100%] Built target pick_place_fsm_mock
-- Install configuration: ""
-- Up-to-date: /home/wasim/r4s/install/eddie_ros/share/ament_index/resource_index/rosidl_interfaces/eddie_ros
-- Up-to-date: /home/wasim/r4s/install/eddie_ros/share/eddie_ros/action/ArmControl.json
-- Up-to-date: /home/wasim/r4s/install/eddie_ros/share/eddie_ros/action/GripperControl.json
-- Up-to-date: /home/wasim/r4s/install/eddie_ros/include/eddie_ros/eddie_ros
-- Up-to-date: /home/wasim/r4s/install/eddie_ros/include/eddie_ros/eddie_ros/msg
-- Up-to-date: /home/wasim/r4s/install/eddie_ros/include/eddie_ros/eddie_ros/msg/rosidl_generator_c__visibility_control.h
-- Up-to-date: /home/wasim/r4s/install/eddie_ros/include/eddie_ros/eddie_ros/action
-- Up-to-date: /home/wasim/r4s/install/eddie_ros/include/eddie_ros/eddie_ros/action/arm_control.h
-- Up-to-date: /home/wasim/r4s/install/eddie_ros/include/eddie_ros/eddie_ros/action/gripper_control.h
-- Up-to-date: /home/wasim/r4s/install/eddie_ros/include/eddie_ros/eddie_ros/action/detail
-- Up-to-date: /home/wasim/r4s/install/eddie_ros/include/eddie_ros/eddie_ros/action/detail/gripper_control__type_support.h
-- Up-to-date: /home/wasim/r4s/install/eddie_ros/include/eddie_ros/eddie_ros/action/detail/arm_control__struct.h
-- Up-to-date: /home/wasim/r4s/install/eddie_ros/include/eddie_ros/eddie_ros/action/detail/gripper_control__type_support.c
-- Up-to-date: /home/wasim/r4s/install/eddie_ros/include/eddie_ros/eddie_ros/action/detail/arm_control__functions.h
-- Up-to-date: /home/wasim/r4s/install/eddie_ros/include/eddie_ros/eddie_ros/action/detail/gripper_control__struct.h
-- Up-to-date: /home/wasim/r4s/install/eddie_ros/include/eddie_ros/eddie_ros/action/detail/arm_control__type_support.h
-- Up-to-date: /home/wasim/r4s/install/eddie_ros/include/eddie_ros/eddie_ros/action/detail/gripper_control__description.c
-- Up-to-date: /home/wasim/r4s/install/eddie_ros/include/eddie_ros/eddie_ros/action/detail/gripper_control__functions.h
-- Up-to-date: /home/wasim/r4s/install/eddie_ros/include/eddie_ros/eddie_ros/action/detail/gripper_control__functions.c
-- Up-to-date: /home/wasim/r4s/install/eddie_ros/include/eddie_ros/eddie_ros/action/detail/arm_control__functions.c
-- Up-to-date: /home/wasim/r4s/install/eddie_ros/include/eddie_ros/eddie_ros/action/detail/arm_control__description.c
-- Up-to-date: /home/wasim/r4s/install/eddie_ros/include/eddie_ros/eddie_ros/action/detail/arm_control__type_support.c
-- Up-to-date: /home/wasim/r4s/install/eddie_ros/share/eddie_ros/environment/library_path.sh
-- Up-to-date: /home/wasim/r4s/install/eddie_ros/share/eddie_ros/environment/library_path.dsv
-- Up-to-date: /home/wasim/r4s/install/eddie_ros/lib/libeddie_ros__rosidl_generator_c.so
-- Up-to-date: /home/wasim/r4s/install/eddie_ros/include/eddie_ros/eddie_ros
-- Up-to-date: /home/wasim/r4s/install/eddie_ros/include/eddie_ros/eddie_ros/msg
-- Up-to-date: /home/wasim/r4s/install/eddie_ros/include/eddie_ros/eddie_ros/msg/rosidl_typesupport_fastrtps_c__visibility_control.h
-- Up-to-date: /home/wasim/r4s/install/eddie_ros/include/eddie_ros/eddie_ros/action
-- Up-to-date: /home/wasim/r4s/install/eddie_ros/include/eddie_ros/eddie_ros/action/detail
-- Up-to-date: /home/wasim/r4s/install/eddie_ros/include/eddie_ros/eddie_ros/action/detail/gripper_control__rosidl_typesupport_fastrtps_c.h
-- Up-to-date: /home/wasim/r4s/install/eddie_ros/include/eddie_ros/eddie_ros/action/detail/arm_control__rosidl_typesupport_fastrtps_c.h
-- Up-to-date: /home/wasim/r4s/install/eddie_ros/lib/libeddie_ros__rosidl_typesupport_fastrtps_c.so
-- Up-to-date: /home/wasim/r4s/install/eddie_ros/include/eddie_ros/eddie_ros
-- Up-to-date: /home/wasim/r4s/install/eddie_ros/include/eddie_ros/eddie_ros/msg
-- Up-to-date: /home/wasim/r4s/install/eddie_ros/include/eddie_ros/eddie_ros/msg/rosidl_generator_cpp__visibility_control.hpp
-- Up-to-date: /home/wasim/r4s/install/eddie_ros/include/eddie_ros/eddie_ros/action
-- Up-to-date: /home/wasim/r4s/install/eddie_ros/include/eddie_ros/eddie_ros/action/arm_control.hpp
-- Up-to-date: /home/wasim/r4s/install/eddie_ros/include/eddie_ros/eddie_ros/action/detail
-- Up-to-date: /home/wasim/r4s/install/eddie_ros/include/eddie_ros/eddie_ros/action/detail/gripper_control__struct.hpp
-- Up-to-date: /home/wasim/r4s/install/eddie_ros/include/eddie_ros/eddie_ros/action/detail/gripper_control__builder.hpp
-- Up-to-date: /home/wasim/r4s/install/eddie_ros/include/eddie_ros/eddie_ros/action/detail/arm_control__builder.hpp
-- Up-to-date: /home/wasim/r4s/install/eddie_ros/include/eddie_ros/eddie_ros/action/detail/gripper_control__type_support.hpp
-- Up-to-date: /home/wasim/r4s/install/eddie_ros/include/eddie_ros/eddie_ros/action/detail/arm_control__struct.hpp
-- Up-to-date: /home/wasim/r4s/install/eddie_ros/include/eddie_ros/eddie_ros/action/detail/arm_control__traits.hpp
-- Up-to-date: /home/wasim/r4s/install/eddie_ros/include/eddie_ros/eddie_ros/action/detail/gripper_control__traits.hpp
-- Up-to-date: /home/wasim/r4s/install/eddie_ros/include/eddie_ros/eddie_ros/action/detail/arm_control__type_support.hpp
-- Up-to-date: /home/wasim/r4s/install/eddie_ros/include/eddie_ros/eddie_ros/action/gripper_control.hpp
-- Up-to-date: /home/wasim/r4s/install/eddie_ros/include/eddie_ros/eddie_ros
-- Up-to-date: /home/wasim/r4s/install/eddie_ros/include/eddie_ros/eddie_ros/msg
-- Up-to-date: /home/wasim/r4s/install/eddie_ros/include/eddie_ros/eddie_ros/msg/rosidl_typesupport_fastrtps_cpp__visibility_control.h
-- Up-to-date: /home/wasim/r4s/install/eddie_ros/include/eddie_ros/eddie_ros/action
-- Up-to-date: /home/wasim/r4s/install/eddie_ros/include/eddie_ros/eddie_ros/action/detail
-- Up-to-date: /home/wasim/r4s/install/eddie_ros/include/eddie_ros/eddie_ros/action/detail/arm_control__rosidl_typesupport_fastrtps_cpp.hpp
-- Up-to-date: /home/wasim/r4s/install/eddie_ros/include/eddie_ros/eddie_ros/action/detail/gripper_control__rosidl_typesupport_fastrtps_cpp.hpp
-- Up-to-date: /home/wasim/r4s/install/eddie_ros/include/eddie_ros/eddie_ros/action/detail/dds_fastrtps
-- Up-to-date: /home/wasim/r4s/install/eddie_ros/lib/libeddie_ros__rosidl_typesupport_fastrtps_cpp.so
-- Up-to-date: /home/wasim/r4s/install/eddie_ros/include/eddie_ros/eddie_ros
-- Up-to-date: /home/wasim/r4s/install/eddie_ros/include/eddie_ros/eddie_ros/msg
-- Up-to-date: /home/wasim/r4s/install/eddie_ros/include/eddie_ros/eddie_ros/msg/rosidl_typesupport_introspection_c__visibility_control.h
-- Up-to-date: /home/wasim/r4s/install/eddie_ros/include/eddie_ros/eddie_ros/action
-- Up-to-date: /home/wasim/r4s/install/eddie_ros/include/eddie_ros/eddie_ros/action/detail
-- Up-to-date: /home/wasim/r4s/install/eddie_ros/include/eddie_ros/eddie_ros/action/detail/gripper_control__type_support.c
-- Up-to-date: /home/wasim/r4s/install/eddie_ros/include/eddie_ros/eddie_ros/action/detail/arm_control__rosidl_typesupport_introspection_c.h
-- Up-to-date: /home/wasim/r4s/install/eddie_ros/include/eddie_ros/eddie_ros/action/detail/gripper_control__rosidl_typesupport_introspection_c.h
-- Up-to-date: /home/wasim/r4s/install/eddie_ros/include/eddie_ros/eddie_ros/action/detail/arm_control__type_support.c
-- Up-to-date: /home/wasim/r4s/install/eddie_ros/lib/libeddie_ros__rosidl_typesupport_introspection_c.so
-- Up-to-date: /home/wasim/r4s/install/eddie_ros/lib/libeddie_ros__rosidl_typesupport_c.so
-- Up-to-date: /home/wasim/r4s/install/eddie_ros/include/eddie_ros/eddie_ros
-- Up-to-date: /home/wasim/r4s/install/eddie_ros/include/eddie_ros/eddie_ros/action
-- Up-to-date: /home/wasim/r4s/install/eddie_ros/include/eddie_ros/eddie_ros/action/detail
-- Up-to-date: /home/wasim/r4s/install/eddie_ros/include/eddie_ros/eddie_ros/action/detail/gripper_control__rosidl_typesupport_introspection_cpp.hpp
-- Up-to-date: /home/wasim/r4s/install/eddie_ros/include/eddie_ros/eddie_ros/action/detail/arm_control__rosidl_typesupport_introspection_cpp.hpp
-- Up-to-date: /home/wasim/r4s/install/eddie_ros/include/eddie_ros/eddie_ros/action/detail/gripper_control__type_support.cpp
-- Up-to-date: /home/wasim/r4s/install/eddie_ros/include/eddie_ros/eddie_ros/action/detail/arm_control__type_support.cpp
-- Up-to-date: /home/wasim/r4s/install/eddie_ros/lib/libeddie_ros__rosidl_typesupport_introspection_cpp.so
-- Up-to-date: /home/wasim/r4s/install/eddie_ros/lib/libeddie_ros__rosidl_typesupport_cpp.so
-- Up-to-date: /home/wasim/r4s/install/eddie_ros/share/eddie_ros/environment/pythonpath.sh
-- Up-to-date: /home/wasim/r4s/install/eddie_ros/share/eddie_ros/environment/pythonpath.dsv
-- Up-to-date: /home/wasim/r4s/install/eddie_ros/lib/python3.12/site-packages/eddie_ros-0.0.1-py3.12.egg-info
-- Installing: /home/wasim/r4s/install/eddie_ros/lib/python3.12/site-packages/eddie_ros-0.0.1-py3.12.egg-info/top_level.txt
-- Installing: /home/wasim/r4s/install/eddie_ros/lib/python3.12/site-packages/eddie_ros-0.0.1-py3.12.egg-info/SOURCES.txt
-- Installing: /home/wasim/r4s/install/eddie_ros/lib/python3.12/site-packages/eddie_ros-0.0.1-py3.12.egg-info/dependency_links.txt
-- Installing: /home/wasim/r4s/install/eddie_ros/lib/python3.12/site-packages/eddie_ros-0.0.1-py3.12.egg-info/PKG-INFO
-- Up-to-date: /home/wasim/r4s/install/eddie_ros/lib/python3.12/site-packages/eddie_ros
-- Up-to-date: /home/wasim/r4s/install/eddie_ros/lib/python3.12/site-packages/eddie_ros/eddie_ros_s__rosidl_typesupport_introspection_c.so
-- Up-to-date: /home/wasim/r4s/install/eddie_ros/lib/python3.12/site-packages/eddie_ros/eddie_ros_s__rosidl_typesupport_fastrtps_c.so
-- Up-to-date: /home/wasim/r4s/install/eddie_ros/lib/python3.12/site-packages/eddie_ros/_eddie_ros_s.ep.rosidl_typesupport_introspection_c.c
-- Up-to-date: /home/wasim/r4s/install/eddie_ros/lib/python3.12/site-packages/eddie_ros/_eddie_ros_s.ep.rosidl_typesupport_c.c
-- Up-to-date: /home/wasim/r4s/install/eddie_ros/lib/python3.12/site-packages/eddie_ros/eddie_ros_s__rosidl_typesupport_c.so
-- Up-to-date: /home/wasim/r4s/install/eddie_ros/lib/python3.12/site-packages/eddie_ros/__init__.py
-- Up-to-date: /home/wasim/r4s/install/eddie_ros/lib/python3.12/site-packages/eddie_ros/action
-- Up-to-date: /home/wasim/r4s/install/eddie_ros/lib/python3.12/site-packages/eddie_ros/action/_gripper_control.py
-- Up-to-date: /home/wasim/r4s/install/eddie_ros/lib/python3.12/site-packages/eddie_ros/action/__init__.py
-- Up-to-date: /home/wasim/r4s/install/eddie_ros/lib/python3.12/site-packages/eddie_ros/action/_arm_control.py
-- Up-to-date: /home/wasim/r4s/install/eddie_ros/lib/python3.12/site-packages/eddie_ros/action/_arm_control_s.c
-- Up-to-date: /home/wasim/r4s/install/eddie_ros/lib/python3.12/site-packages/eddie_ros/action/_gripper_control_s.c
-- Up-to-date: /home/wasim/r4s/install/eddie_ros/lib/python3.12/site-packages/eddie_ros/_eddie_ros_s.ep.rosidl_typesupport_fastrtps_c.c
Listing '/home/wasim/r4s/install/eddie_ros/lib/python3.12/site-packages/eddie_ros'...
Listing '/home/wasim/r4s/install/eddie_ros/lib/python3.12/site-packages/eddie_ros/action'...
-- Up-to-date: /home/wasim/r4s/install/eddie_ros/lib/python3.12/site-packages/eddie_ros/eddie_ros_s__rosidl_typesupport_fastrtps_c.so
-- Up-to-date: /home/wasim/r4s/install/eddie_ros/lib/python3.12/site-packages/eddie_ros/eddie_ros_s__rosidl_typesupport_introspection_c.so
-- Up-to-date: /home/wasim/r4s/install/eddie_ros/lib/python3.12/site-packages/eddie_ros/eddie_ros_s__rosidl_typesupport_c.so
-- Up-to-date: /home/wasim/r4s/install/eddie_ros/lib/libeddie_ros__rosidl_generator_py.so
-- Up-to-date: /home/wasim/r4s/install/eddie_ros/share/eddie_ros/action/ArmControl.idl
-- Up-to-date: /home/wasim/r4s/install/eddie_ros/share/eddie_ros/action/GripperControl.idl
-- Up-to-date: /home/wasim/r4s/install/eddie_ros/share/eddie_ros/action/ArmControl.action
-- Up-to-date: /home/wasim/r4s/install/eddie_ros/share/eddie_ros/action/GripperControl.action
-- Up-to-date: /home/wasim/r4s/install/eddie_ros/include
-- Up-to-date: /home/wasim/r4s/install/eddie_ros/include/eddie_ros
-- Up-to-date: /home/wasim/r4s/install/eddie_ros/include/eddie_ros/eddie_ros.fsm.hpp
-- Up-to-date: /home/wasim/r4s/install/eddie_ros/include/eddie_ros/interface.hpp
-- Up-to-date: /home/wasim/r4s/install/eddie_ros/include/eddie_ros/eddie_ros.fsm
-- Up-to-date: /home/wasim/r4s/install/eddie_ros/share/eddie_ros/urdf
-- Up-to-date: /home/wasim/r4s/install/eddie_ros/share/eddie_ros/urdf/eddie.urdf
-- Up-to-date: /home/wasim/r4s/install/eddie_ros/lib/eddie_ros/eddie_ros_interface
-- Up-to-date: /home/wasim/r4s/install/eddie_ros/lib/eddie_ros/eddie_ros_interface_test
-- Up-to-date: /home/wasim/r4s/install/eddie_ros/lib/eddie_ros/set_interface_permissions.sh
-- Up-to-date: /home/wasim/r4s/install/eddie_ros/lib/eddie_ros/task_planner_node
-- Installing: /home/wasim/r4s/install/eddie_ros/lib/eddie_ros/pick_place_fsm_mock
-- Set non-toolchain portion of runtime path of "/home/wasim/r4s/install/eddie_ros/lib/eddie_ros/pick_place_fsm_mock" to ""
-- Up-to-date: /home/wasim/r4s/install/eddie_ros/lib/eddie_ros/mock_servers_only
-- Up-to-date: /home/wasim/r4s/install/eddie_ros/share/ament_index/resource_index/package_run_dependencies/eddie_ros
-- Up-to-date: /home/wasim/r4s/install/eddie_ros/share/ament_index/resource_index/parent_prefix_path/eddie_ros
-- Up-to-date: /home/wasim/r4s/install/eddie_ros/share/eddie_ros/environment/ament_prefix_path.sh
-- Up-to-date: /home/wasim/r4s/install/eddie_ros/share/eddie_ros/environment/ament_prefix_path.dsv
-- Up-to-date: /home/wasim/r4s/install/eddie_ros/share/eddie_ros/environment/path.sh
-- Up-to-date: /home/wasim/r4s/install/eddie_ros/share/eddie_ros/environment/path.dsv
-- Up-to-date: /home/wasim/r4s/install/eddie_ros/share/eddie_ros/local_setup.bash
-- Up-to-date: /home/wasim/r4s/install/eddie_ros/share/eddie_ros/local_setup.sh
-- Up-to-date: /home/wasim/r4s/install/eddie_ros/share/eddie_ros/local_setup.zsh
-- Up-to-date: /home/wasim/r4s/install/eddie_ros/share/eddie_ros/local_setup.dsv
-- Installing: /home/wasim/r4s/install/eddie_ros/share/eddie_ros/package.dsv
-- Up-to-date: /home/wasim/r4s/install/eddie_ros/share/ament_index/resource_index/packages/eddie_ros
-- Up-to-date: /home/wasim/r4s/install/eddie_ros/share/eddie_ros/cmake/export_eddie_ros__rosidl_generator_cExport.cmake
-- Up-to-date: /home/wasim/r4s/install/eddie_ros/share/eddie_ros/cmake/export_eddie_ros__rosidl_generator_cExport-noconfig.cmake
-- Up-to-date: /home/wasim/r4s/install/eddie_ros/share/eddie_ros/cmake/export_eddie_ros__rosidl_typesupport_fastrtps_cExport.cmake
-- Up-to-date: /home/wasim/r4s/install/eddie_ros/share/eddie_ros/cmake/export_eddie_ros__rosidl_typesupport_fastrtps_cExport-noconfig.cmake
-- Up-to-date: /home/wasim/r4s/install/eddie_ros/share/eddie_ros/cmake/export_eddie_ros__rosidl_generator_cppExport.cmake
-- Up-to-date: /home/wasim/r4s/install/eddie_ros/share/eddie_ros/cmake/export_eddie_ros__rosidl_typesupport_fastrtps_cppExport.cmake
-- Up-to-date: /home/wasim/r4s/install/eddie_ros/share/eddie_ros/cmake/export_eddie_ros__rosidl_typesupport_fastrtps_cppExport-noconfig.cmake
-- Up-to-date: /home/wasim/r4s/install/eddie_ros/share/eddie_ros/cmake/eddie_ros__rosidl_typesupport_introspection_cExport.cmake
-- Up-to-date: /home/wasim/r4s/install/eddie_ros/share/eddie_ros/cmake/eddie_ros__rosidl_typesupport_introspection_cExport-noconfig.cmake
-- Up-to-date: /home/wasim/r4s/install/eddie_ros/share/eddie_ros/cmake/eddie_ros__rosidl_typesupport_cExport.cmake
-- Up-to-date: /home/wasim/r4s/install/eddie_ros/share/eddie_ros/cmake/eddie_ros__rosidl_typesupport_cExport-noconfig.cmake
-- Up-to-date: /home/wasim/r4s/install/eddie_ros/share/eddie_ros/cmake/eddie_ros__rosidl_typesupport_introspection_cppExport.cmake
-- Up-to-date: /home/wasim/r4s/install/eddie_ros/share/eddie_ros/cmake/eddie_ros__rosidl_typesupport_introspection_cppExport-noconfig.cmake
-- Up-to-date: /home/wasim/r4s/install/eddie_ros/share/eddie_ros/cmake/eddie_ros__rosidl_typesupport_cppExport.cmake
-- Up-to-date: /home/wasim/r4s/install/eddie_ros/share/eddie_ros/cmake/eddie_ros__rosidl_typesupport_cppExport-noconfig.cmake
-- Up-to-date: /home/wasim/r4s/install/eddie_ros/share/eddie_ros/cmake/export_eddie_ros__rosidl_generator_pyExport.cmake
-- Up-to-date: /home/wasim/r4s/install/eddie_ros/share/eddie_ros/cmake/export_eddie_ros__rosidl_generator_pyExport-noconfig.cmake
-- Up-to-date: /home/wasim/r4s/install/eddie_ros/share/eddie_ros/cmake/rosidl_cmake-extras.cmake
-- Up-to-date: /home/wasim/r4s/install/eddie_ros/share/eddie_ros/cmake/ament_cmake_export_dependencies-extras.cmake
-- Up-to-date: /home/wasim/r4s/install/eddie_ros/share/eddie_ros/cmake/ament_cmake_export_include_directories-extras.cmake
-- Up-to-date: /home/wasim/r4s/install/eddie_ros/share/eddie_ros/cmake/ament_cmake_export_libraries-extras.cmake
-- Up-to-date: /home/wasim/r4s/install/eddie_ros/share/eddie_ros/cmake/ament_cmake_export_targets-extras.cmake
-- Up-to-date: /home/wasim/r4s/install/eddie_ros/share/eddie_ros/cmake/rosidl_cmake_export_typesupport_targets-extras.cmake
-- Up-to-date: /home/wasim/r4s/install/eddie_ros/share/eddie_ros/cmake/rosidl_cmake_export_typesupport_libraries-extras.cmake
-- Up-to-date: /home/wasim/r4s/install/eddie_ros/share/eddie_ros/cmake/eddie_rosConfig.cmake
-- Up-to-date: /home/wasim/r4s/install/eddie_ros/share/eddie_ros/cmake/eddie_rosConfig-version.cmake
-- Up-to-date: /home/wasim/r4s/install/eddie_ros/share/eddie_ros/package.xml
