[0.060s] Invoking command in '/home/wasim/r4s/src/build/coord2b': DEBUGINFOD_URLS=https://debuginfod.ubuntu.com /usr/bin/cmake /home/wasim/r4s/src/coord2b -DCMAKE_INSTALL_PREFIX=/home/wasim/r4s/src/install/coord2b
[0.274s] -- The C compiler identification is GNU 13.3.0
[0.440s] -- The CXX compiler identification is GNU 13.3.0
[0.490s] -- Detecting C compiler ABI info
[0.748s] -- Detecting C compiler ABI info - done
[0.771s] -- Check for working C compiler: /usr/bin/cc - skipped
[0.779s] -- Detecting C compile features
[0.781s] -- Detecting C compile features - done
[0.807s] -- Detecting CXX compiler ABI info
[1.088s] -- Detecting CXX compiler ABI info - done
[1.113s] -- Check for working CXX compiler: /usr/bin/c++ - skipped
[1.114s] -- Detecting CXX compile features
[1.115s] -- Detecting CXX compile features - done
[1.133s] -- Configuring done (1.1s)
[1.150s] -- Generating done (0.0s)
[1.156s] -- Build files have been written to: /home/wasim/r4s/src/build/coord2b
[1.168s] Invoked command in '/home/wasim/r4s/src/build/coord2b' returned '0': DEBUGINFOD_URLS=https://debuginfod.ubuntu.com /usr/bin/cmake /home/wasim/r4s/src/coord2b -DCMAKE_INSTALL_PREFIX=/home/wasim/r4s/src/install/coord2b
[1.170s] Invoking command in '/home/wasim/r4s/src/build/coord2b': DEBUGINFOD_URLS=https://debuginfod.ubuntu.com /usr/bin/cmake --build /home/wasim/r4s/src/build/coord2b -- -j16 -l16
[1.315s] [ 20%] [32mBuilding C object src/nbx/CMakeFiles/coord2b.dir/event_loop.c.o[0m
[1.316s] [ 40%] [32mBuilding C object src/nbx/CMakeFiles/coord2b.dir/fsm.c.o[0m
[1.399s] [ 60%] [32m[1mLinking C shared library libcoord2b.so[0m
[1.511s] [ 60%] Built target coord2b
[1.576s] [ 80%] [32mBuilding C object src/example/CMakeFiles/traffic_lights.dir/traffic_lights.c.o[0m
[1.678s] [100%] [32m[1mLinking C executable traffic_lights[0m
[1.790s] [100%] Built target traffic_lights
[1.828s] Invoked command in '/home/wasim/r4s/src/build/coord2b' returned '0': DEBUGINFOD_URLS=https://debuginfod.ubuntu.com /usr/bin/cmake --build /home/wasim/r4s/src/build/coord2b -- -j16 -l16
[1.830s] Invoking command in '/home/wasim/r4s/src/build/coord2b': DEBUGINFOD_URLS=https://debuginfod.ubuntu.com /usr/bin/cmake --install /home/wasim/r4s/src/build/coord2b
[1.856s] -- Install configuration: ""
[1.856s] -- Installing: /home/wasim/r4s/src/install/coord2b/include
[1.858s] -- Installing: /home/wasim/r4s/src/install/coord2b/include/coord2b
[1.858s] -- Installing: /home/wasim/r4s/src/install/coord2b/include/coord2b/functions
[1.858s] -- Installing: /home/wasim/r4s/src/install/coord2b/include/coord2b/functions/fsm.h
[1.859s] -- Installing: /home/wasim/r4s/src/install/coord2b/include/coord2b/functions/event_loop.h
[1.859s] -- Installing: /home/wasim/r4s/src/install/coord2b/include/coord2b/types
[1.860s] -- Installing: /home/wasim/r4s/src/install/coord2b/include/coord2b/types/fsm.h
[1.860s] -- Installing: /home/wasim/r4s/src/install/coord2b/include/coord2b/types/event_loop.h
[1.860s] -- Installing: /home/wasim/r4s/src/install/coord2b/lib/cmake/coord2b/coord2b-config.cmake
[1.861s] -- Installing: /home/wasim/r4s/src/install/coord2b/lib/cmake/coord2b/coord2b-config-version.cmake
[1.861s] -- Installing: /home/wasim/r4s/src/install/coord2b/lib/cmake/coord2b/coord2b-targets.cmake
[1.861s] -- Installing: /home/wasim/r4s/src/install/coord2b/lib/cmake/coord2b/coord2b-targets-noconfig.cmake
[1.862s] -- Installing: /home/wasim/r4s/src/install/coord2b/lib/libcoord2b.so
[1.883s] Invoked command in '/home/wasim/r4s/src/build/coord2b' returned '0': DEBUGINFOD_URLS=https://debuginfod.ubuntu.com /usr/bin/cmake --install /home/wasim/r4s/src/build/coord2b
