-- The C compiler identification is GNU 13.3.0
-- The CXX compiler identification is GNU 13.3.0
-- Detecting C compiler ABI info
-- Detecting C compiler ABI info - done
-- Check for working C compiler: /usr/bin/cc - skipped
-- Detecting C compile features
-- Detecting C compile features - done
-- Detecting CXX compiler ABI info
-- Detecting CXX compiler ABI info - done
-- Check for working CXX compiler: /usr/bin/c++ - skipped
-- Detecting CXX compile features
-- Detecting CXX compile features - done
-- Configuring done (1.1s)
-- Generating done (0.0s)
-- Build files have been written to: /home/wasim/r4s/src/build/eddie_pmu_control
[ 50%] [32mBuilding C object CMakeFiles/eddie_pmu_control.dir/eddie_pmu_control.c.o[0m
[100%] [32m[1mLinking C executable eddie_pmu_control[0m
[100%] Built target eddie_pmu_control
-- Install configuration: ""
-- Installing: /home/wasim/r4s/src/install/eddie_pmu_control/bin/eddie_pmu_control
