[0.051s] Invoking command in '/home/wasim/r4s/src/build/eddie_pmu_control': DEBUGINFOD_URLS=https://debuginfod.ubuntu.com /usr/bin/cmake /home/wasim/r4s/src/eddie_pmu_control -DCMAKE_INSTALL_PREFIX=/home/wasim/r4s/src/install/eddie_pmu_control
[0.253s] -- The C compiler identification is GNU 13.3.0
[0.418s] -- The CXX compiler identification is GNU 13.3.0
[0.469s] -- Detecting C compiler ABI info
[0.731s] -- Detecting C compiler ABI info - done
[0.754s] -- Check for working C compiler: /usr/bin/cc - skipped
[0.759s] -- Detecting C compile features
[0.760s] -- Detecting C compile features - done
[0.785s] -- Detecting CXX compiler ABI info
[1.069s] -- Detecting CXX compiler ABI info - done
[1.096s] -- Check for working CXX compiler: /usr/bin/c++ - skipped
[1.097s] -- Detecting CXX compile features
[1.099s] -- Detecting CXX compile features - done
[1.122s] -- Configuring done (1.1s)
[1.128s] -- Generating done (0.0s)
[1.132s] -- Build files have been written to: /home/wasim/r4s/src/build/eddie_pmu_control
[1.141s] Invoked command in '/home/wasim/r4s/src/build/eddie_pmu_control' returned '0': DEBUGINFOD_URLS=https://debuginfod.ubuntu.com /usr/bin/cmake /home/wasim/r4s/src/eddie_pmu_control -DCMAKE_INSTALL_PREFIX=/home/wasim/r4s/src/install/eddie_pmu_control
[1.144s] Invoking command in '/home/wasim/r4s/src/build/eddie_pmu_control': DEBUGINFOD_URLS=https://debuginfod.ubuntu.com /usr/bin/cmake --build /home/wasim/r4s/src/build/eddie_pmu_control -- -j16 -l16
[1.295s] [ 50%] [32mBuilding C object CMakeFiles/eddie_pmu_control.dir/eddie_pmu_control.c.o[0m
[1.429s] [100%] [32m[1mLinking C executable eddie_pmu_control[0m
[1.543s] [100%] Built target eddie_pmu_control
[1.579s] Invoked command in '/home/wasim/r4s/src/build/eddie_pmu_control' returned '0': DEBUGINFOD_URLS=https://debuginfod.ubuntu.com /usr/bin/cmake --build /home/wasim/r4s/src/build/eddie_pmu_control -- -j16 -l16
[1.609s] Invoking command in '/home/wasim/r4s/src/build/eddie_pmu_control': DEBUGINFOD_URLS=https://debuginfod.ubuntu.com /usr/bin/cmake --install /home/wasim/r4s/src/build/eddie_pmu_control
[1.633s] -- Install configuration: ""
[1.634s] -- Installing: /home/wasim/r4s/src/install/eddie_pmu_control/bin/eddie_pmu_control
[1.640s] Invoked command in '/home/wasim/r4s/src/build/eddie_pmu_control' returned '0': DEBUGINFOD_URLS=https://debuginfod.ubuntu.com /usr/bin/cmake --install /home/wasim/r4s/src/build/eddie_pmu_control
