[  1%] Built target eddie_ros__rosidl_generator_type_description
[  1%] Built target ament_cmake_python_copy_eddie_ros
[  3%] Built target eddie_ros__cpp
[ 16%] Built target eddie_ros__rosidl_generator_c
[ 23%] Built target eddie_ros__rosidl_typesupport_introspection_c
[ 36%] Built target eddie_ros__rosidl_typesupport_c
[ 41%] Built target eddie_ros__rosidl_typesupport_cpp
[ 43%] Built target eddie_ros__rosidl_typesupport_fastrtps_cpp
[ 50%] Built target eddie_ros__rosidl_typesupport_introspection_cpp
[ 56%] Built target eddie_ros__rosidl_typesupport_fastrtps_c
[ 58%] [32mBuilding CXX object CMakeFiles/eddie_ros_interface_dummy.dir/src/interface-parameters.cpp.o[0m
[ 58%] Built target eddie_ros
[ 60%] [32mBuilding CXX object CMakeFiles/eddie_ros_interface_dummy.dir/src/interface_dummy.cpp.o[0m
[ 63%] Built target mock_servers_only
[ 66%] Built target pick_place_fsm_mock
[ 71%] Built target eddie_ros_interface_test
[ 76%] Built target task_planner_node
[ 81%] Built target eddie_ros_interface
[ 83%] Built target eddie_ros__py
[ 88%] Built target eddie_ros__rosidl_generator_py
[ 98%] Built target eddie_ros_s__rosidl_typesupport_fastrtps_c
[ 98%] Built target eddie_ros_s__rosidl_typesupport_introspection_c
[ 98%] Built target eddie_ros_s__rosidl_typesupport_c
running egg_info
writing eddie_ros.egg-info/PKG-INFO
writing dependency_links to eddie_ros.egg-info/dependency_links.txt
writing top-level names to eddie_ros.egg-info/top_level.txt
reading manifest file 'eddie_ros.egg-info/SOURCES.txt'
writing manifest file 'eddie_ros.egg-info/SOURCES.txt'
[ 98%] Built target ament_cmake_python_build_eddie_ros_egg
In file included from [01m[K/home/wasim/r4s/src/eddie-ros/src/interface-parameters.cpp:7[m[K:
[01m[K/home/wasim/r4s/src/eddie-ros/include/eddie_ros/interface.hpp:40:10:[m[K [01;31m[Kfatal error: [m[Krobif2b/functions/ethercat.h: No such file or directory
   40 | #include [01;31m[K"robif2b/functions/ethercat.h"[m[K
      |          [01;31m[K^~~~~~~~~~~~~~~~~~~~~~~~~~~~~~[m[K
compilation terminated.
In file included from [01m[K/home/wasim/r4s/src/eddie-ros/src/interface_dummy.cpp:7[m[K:
[01m[K/home/wasim/r4s/src/eddie-ros/include/eddie_ros/interface.hpp:40:10:[m[K [01;31m[Kfatal error: [m[Krobif2b/functions/ethercat.h: No such file or directory
   40 | #include [01;31m[K"robif2b/functions/ethercat.h"[m[K
      |          [01;31m[K^~~~~~~~~~~~~~~~~~~~~~~~~~~~~~[m[K
compilation terminated.
gmake[2]: *** [CMakeFiles/eddie_ros_interface_dummy.dir/build.make:76: CMakeFiles/eddie_ros_interface_dummy.dir/src/interface_dummy.cpp.o] Error 1
gmake[2]: *** Waiting for unfinished jobs....
gmake[2]: *** [CMakeFiles/eddie_ros_interface_dummy.dir/build.make:90: CMakeFiles/eddie_ros_interface_dummy.dir/src/interface-parameters.cpp.o] Error 1
gmake[1]: *** [CMakeFiles/Makefile2:775: CMakeFiles/eddie_ros_interface_dummy.dir/all] Error 2
gmake: *** [Makefile:146: all] Error 2
