[0.034s] Invoking command in '/home/wasim/r4s/build/eddie-ros': CMAKE_MODULE_PATH=/home/wasim/r4s/install/orocos_kdl/share/orocos_kdl/cmake CMAKE_PREFIX_PATH=/home/wasim/r4s/install/robif2b:/home/wasim/r4s/install/orocos_kdl:/home/wasim/r4s/install/coord2b:/opt/ros/jazzy/opt/gz_sim_vendor:/opt/ros/jazzy/opt/gz_sensors_vendor:/opt/ros/jazzy/opt/gz_physics_vendor:/opt/ros/jazzy/opt/sdformat_vendor:/opt/ros/jazzy/opt/gz_gui_vendor:/opt/ros/jazzy/opt/gz_transport_vendor:/opt/ros/jazzy/opt/gz_rendering_vendor:/opt/ros/jazzy/opt/gz_plugin_vendor:/opt/ros/jazzy/opt/gz_fuel_tools_vendor:/opt/ros/jazzy/opt/gz_msgs_vendor:/opt/ros/jazzy/opt/gz_common_vendor:/opt/ros/jazzy/opt/gz_math_vendor:/opt/ros/jazzy/opt/gz_utils_vendor:/opt/ros/jazzy/opt/gz_tools_vendor:/opt/ros/jazzy/opt/gz_ogre_next_vendor:/opt/ros/jazzy/opt/gz_dartsim_vendor:/opt/ros/jazzy/opt/gz_cmake_vendor:/opt/ros/jazzy DEBUGINFOD_URLS=https://debuginfod.ubuntu.com LD_LIBRARY_PATH=/home/wasim/r4s/install/robif2b/lib:/home/wasim/r4s/install/orocos_kdl/lib:/home/wasim/r4s/install/coord2b/lib:${LD_LIBRARY_PATH} PKG_CONFIG_PATH=/home/wasim/r4s/install/orocos_kdl/lib/x86_64-linux-gnu/pkgconfig:/home/wasim/r4s/install/orocos_kdl/lib/pkgconfig /usr/bin/cmake /home/wasim/r4s/src/eddie-ros -DCMAKE_INSTALL_PREFIX=/home/wasim/r4s/install/eddie-ros
[0.182s] -- The C compiler identification is GNU 13.3.0
[0.331s] -- The CXX compiler identification is GNU 13.3.0
[0.376s] -- Detecting C compiler ABI info
[0.634s] -- Detecting C compiler ABI info - done
[0.657s] -- Check for working C compiler: /usr/bin/cc - skipped
[0.657s] -- Detecting C compile features
[0.658s] -- Detecting C compile features - done
[0.684s] -- Detecting CXX compiler ABI info
[0.969s] -- Detecting CXX compiler ABI info - done
[0.996s] -- Check for working CXX compiler: /usr/bin/c++ - skipped
[0.997s] -- Detecting CXX compile features
[0.998s] -- Detecting CXX compile features - done
[1.029s] -- Found ament_cmake: 2.5.4 (/opt/ros/jazzy/share/ament_cmake/cmake)
[1.449s] -- Found Python3: /usr/bin/python3 (found version "3.12.3") found components: Interpreter 
[1.797s] -- Found rclcpp: 28.1.9 (/opt/ros/jazzy/share/rclcpp/cmake)
[1.966s] -- Found rosidl_generator_c: 4.6.5 (/opt/ros/jazzy/share/rosidl_generator_c/cmake)
[2.023s] -- Found rosidl_generator_cpp: 4.6.5 (/opt/ros/jazzy/share/rosidl_generator_cpp/cmake)
[2.084s] -- Using all available rosidl_typesupport_c: rosidl_typesupport_fastrtps_c;rosidl_typesupport_introspection_c
[2.152s] -- Using all available rosidl_typesupport_cpp: rosidl_typesupport_fastrtps_cpp;rosidl_typesupport_introspection_cpp
[2.419s] -- Found rmw_implementation_cmake: 7.3.2 (/opt/ros/jazzy/share/rmw_implementation_cmake/cmake)
[2.433s] -- Found rmw_fastrtps_cpp: 8.4.2 (/opt/ros/jazzy/share/rmw_fastrtps_cpp/cmake)
[2.708s] -- Found OpenSSL: /usr/lib/x86_64-linux-gnu/libcrypto.so (found version "3.0.13")  
[2.765s] -- Found FastRTPS: /opt/ros/jazzy/include (Required is at least version "2.13") 
[2.828s] -- Using RMW implementation 'rmw_fastrtps_cpp' as default
[3.104s] -- Found kdl_parser: 2.11.0 (/opt/ros/jazzy/share/kdl_parser/cmake)
[3.129s] -- Found eigen3_cmake_module: 0.3.0 (/opt/ros/jazzy/share/eigen3_cmake_module/cmake)
[3.133s] -- Found Eigen3: TRUE (found version "3.4.0") 
[3.133s] -- Ensuring Eigen3 include directory is part of orocos-kdl CMake target
[3.370s] -- Configuring done (3.3s)
[3.403s] -- Generating done (0.0s)
[3.413s] -- Build files have been written to: /home/wasim/r4s/build/eddie-ros
