[100%] Built target eddie_ros_interface_test
[100%] Built target eddie_ros_interface
-- Install configuration: ""
-- Installing: /home/wasim/r4s/install/eddie-ros/include
-- Installing: /home/wasim/r4s/install/eddie-ros/include/eddie-ros
-- Installing: /home/wasim/r4s/install/eddie-ros/include/eddie-ros/eddie_ros.fsm.hpp
-- Installing: /home/wasim/r4s/install/eddie-ros/include/eddie-ros/interface.hpp
-- Installing: /home/wasim/r4s/install/eddie-ros/include/eddie-ros/eddie_ros.fsm
-- Installing: /home/wasim/r4s/install/eddie-ros/share/eddie-ros/urdf
-- Installing: /home/wasim/r4s/install/eddie-ros/share/eddie-ros/urdf/eddie.urdf
-- Installing: /home/wasim/r4s/install/eddie-ros/lib/eddie-ros/eddie_ros_interface
-- Installing: /home/wasim/r4s/install/eddie-ros/lib/eddie-ros/eddie_ros_interface_test
-- Installing: /home/wasim/r4s/install/eddie-ros/lib/eddie-ros/set_interface_permissions.sh
POST INSTALL - Ensuring capabilities and ldconfig setup
Setting capabilities on /home/wasim/r4s/install/eddie-ros/lib/eddie-ros/eddie_ros_interface
/etc/ld.so.conf.d/ld_eddie_ros.conf already exists, skipping
-- Installing: /home/wasim/r4s/install/eddie-ros/share/ament_index/resource_index/package_run_dependencies/eddie-ros
-- Installing: /home/wasim/r4s/install/eddie-ros/share/ament_index/resource_index/parent_prefix_path/eddie-ros
-- Installing: /home/wasim/r4s/install/eddie-ros/share/eddie-ros/environment/ament_prefix_path.sh
-- Installing: /home/wasim/r4s/install/eddie-ros/share/eddie-ros/environment/ament_prefix_path.dsv
-- Installing: /home/wasim/r4s/install/eddie-ros/share/eddie-ros/environment/path.sh
-- Installing: /home/wasim/r4s/install/eddie-ros/share/eddie-ros/environment/path.dsv
-- Installing: /home/wasim/r4s/install/eddie-ros/share/eddie-ros/local_setup.bash
-- Installing: /home/wasim/r4s/install/eddie-ros/share/eddie-ros/local_setup.sh
-- Installing: /home/wasim/r4s/install/eddie-ros/share/eddie-ros/local_setup.zsh
-- Installing: /home/wasim/r4s/install/eddie-ros/share/eddie-ros/local_setup.dsv
-- Installing: /home/wasim/r4s/install/eddie-ros/share/eddie-ros/package.dsv
-- Installing: /home/wasim/r4s/install/eddie-ros/share/ament_index/resource_index/packages/eddie-ros
-- Installing: /home/wasim/r4s/install/eddie-ros/share/eddie-ros/cmake/eddie-rosConfig.cmake
-- Installing: /home/wasim/r4s/install/eddie-ros/share/eddie-ros/cmake/eddie-rosConfig-version.cmake
-- Installing: /home/wasim/r4s/install/eddie-ros/share/eddie-ros/package.xml
