[0.035s] Invoking command in '/home/wasim/r4s/build/eddie-ros': CMAKE_MODULE_PATH=/home/wasim/r4s/install/orocos_kdl/share/orocos_kdl/cmake CMAKE_PREFIX_PATH=/home/wasim/r4s/install/robif2b:/home/wasim/r4s/install/orocos_kdl:/home/wasim/r4s/install/coord2b:/opt/ros/jazzy/opt/gz_sim_vendor:/opt/ros/jazzy/opt/gz_sensors_vendor:/opt/ros/jazzy/opt/gz_physics_vendor:/opt/ros/jazzy/opt/sdformat_vendor:/opt/ros/jazzy/opt/gz_gui_vendor:/opt/ros/jazzy/opt/gz_transport_vendor:/opt/ros/jazzy/opt/gz_rendering_vendor:/opt/ros/jazzy/opt/gz_plugin_vendor:/opt/ros/jazzy/opt/gz_fuel_tools_vendor:/opt/ros/jazzy/opt/gz_msgs_vendor:/opt/ros/jazzy/opt/gz_common_vendor:/opt/ros/jazzy/opt/gz_math_vendor:/opt/ros/jazzy/opt/gz_utils_vendor:/opt/ros/jazzy/opt/gz_tools_vendor:/opt/ros/jazzy/opt/gz_ogre_next_vendor:/opt/ros/jazzy/opt/gz_dartsim_vendor:/opt/ros/jazzy/opt/gz_cmake_vendor:/opt/ros/jazzy DEBUGINFOD_URLS=https://debuginfod.ubuntu.com LD_LIBRARY_PATH=/home/wasim/r4s/install/robif2b/lib:/home/wasim/r4s/install/orocos_kdl/lib:/home/wasim/r4s/install/coord2b/lib:${LD_LIBRARY_PATH} PKG_CONFIG_PATH=/home/wasim/r4s/install/orocos_kdl/lib/x86_64-linux-gnu/pkgconfig:/home/wasim/r4s/install/orocos_kdl/lib/pkgconfig /usr/bin/cmake --build /home/wasim/r4s/build/eddie-ros -- -j16 -l16
[0.225s] [100%] Built target eddie_ros_interface_test
[0.225s] [100%] Built target eddie_ros_interface
[0.260s] Invoked command in '/home/wasim/r4s/build/eddie-ros' returned '0': CMAKE_MODULE_PATH=/home/wasim/r4s/install/orocos_kdl/share/orocos_kdl/cmake CMAKE_PREFIX_PATH=/home/wasim/r4s/install/robif2b:/home/wasim/r4s/install/orocos_kdl:/home/wasim/r4s/install/coord2b:/opt/ros/jazzy/opt/gz_sim_vendor:/opt/ros/jazzy/opt/gz_sensors_vendor:/opt/ros/jazzy/opt/gz_physics_vendor:/opt/ros/jazzy/opt/sdformat_vendor:/opt/ros/jazzy/opt/gz_gui_vendor:/opt/ros/jazzy/opt/gz_transport_vendor:/opt/ros/jazzy/opt/gz_rendering_vendor:/opt/ros/jazzy/opt/gz_plugin_vendor:/opt/ros/jazzy/opt/gz_fuel_tools_vendor:/opt/ros/jazzy/opt/gz_msgs_vendor:/opt/ros/jazzy/opt/gz_common_vendor:/opt/ros/jazzy/opt/gz_math_vendor:/opt/ros/jazzy/opt/gz_utils_vendor:/opt/ros/jazzy/opt/gz_tools_vendor:/opt/ros/jazzy/opt/gz_ogre_next_vendor:/opt/ros/jazzy/opt/gz_dartsim_vendor:/opt/ros/jazzy/opt/gz_cmake_vendor:/opt/ros/jazzy DEBUGINFOD_URLS=https://debuginfod.ubuntu.com LD_LIBRARY_PATH=/home/wasim/r4s/install/robif2b/lib:/home/wasim/r4s/install/orocos_kdl/lib:/home/wasim/r4s/install/coord2b/lib:${LD_LIBRARY_PATH} PKG_CONFIG_PATH=/home/wasim/r4s/install/orocos_kdl/lib/x86_64-linux-gnu/pkgconfig:/home/wasim/r4s/install/orocos_kdl/lib/pkgconfig /usr/bin/cmake --build /home/wasim/r4s/build/eddie-ros -- -j16 -l16
[0.263s] Invoking command in '/home/wasim/r4s/build/eddie-ros': CMAKE_MODULE_PATH=/home/wasim/r4s/install/orocos_kdl/share/orocos_kdl/cmake CMAKE_PREFIX_PATH=/home/wasim/r4s/install/robif2b:/home/wasim/r4s/install/orocos_kdl:/home/wasim/r4s/install/coord2b:/opt/ros/jazzy/opt/gz_sim_vendor:/opt/ros/jazzy/opt/gz_sensors_vendor:/opt/ros/jazzy/opt/gz_physics_vendor:/opt/ros/jazzy/opt/sdformat_vendor:/opt/ros/jazzy/opt/gz_gui_vendor:/opt/ros/jazzy/opt/gz_transport_vendor:/opt/ros/jazzy/opt/gz_rendering_vendor:/opt/ros/jazzy/opt/gz_plugin_vendor:/opt/ros/jazzy/opt/gz_fuel_tools_vendor:/opt/ros/jazzy/opt/gz_msgs_vendor:/opt/ros/jazzy/opt/gz_common_vendor:/opt/ros/jazzy/opt/gz_math_vendor:/opt/ros/jazzy/opt/gz_utils_vendor:/opt/ros/jazzy/opt/gz_tools_vendor:/opt/ros/jazzy/opt/gz_ogre_next_vendor:/opt/ros/jazzy/opt/gz_dartsim_vendor:/opt/ros/jazzy/opt/gz_cmake_vendor:/opt/ros/jazzy DEBUGINFOD_URLS=https://debuginfod.ubuntu.com LD_LIBRARY_PATH=/home/wasim/r4s/install/robif2b/lib:/home/wasim/r4s/install/orocos_kdl/lib:/home/wasim/r4s/install/coord2b/lib:${LD_LIBRARY_PATH} PKG_CONFIG_PATH=/home/wasim/r4s/install/orocos_kdl/lib/x86_64-linux-gnu/pkgconfig:/home/wasim/r4s/install/orocos_kdl/lib/pkgconfig /usr/bin/cmake --install /home/wasim/r4s/build/eddie-ros
[0.288s] -- Install configuration: ""
[0.289s] -- Installing: /home/wasim/r4s/install/eddie-ros/include
[0.289s] -- Installing: /home/wasim/r4s/install/eddie-ros/include/eddie-ros
[0.289s] -- Installing: /home/wasim/r4s/install/eddie-ros/include/eddie-ros/eddie_ros.fsm.hpp
[0.289s] -- Installing: /home/wasim/r4s/install/eddie-ros/include/eddie-ros/interface.hpp
[0.289s] -- Installing: /home/wasim/r4s/install/eddie-ros/include/eddie-ros/eddie_ros.fsm
[0.290s] -- Installing: /home/wasim/r4s/install/eddie-ros/share/eddie-ros/urdf
[0.290s] -- Installing: /home/wasim/r4s/install/eddie-ros/share/eddie-ros/urdf/eddie.urdf
[0.291s] -- Installing: /home/wasim/r4s/install/eddie-ros/lib/eddie-ros/eddie_ros_interface
[0.292s] -- Installing: /home/wasim/r4s/install/eddie-ros/lib/eddie-ros/eddie_ros_interface_test
[0.294s] -- Installing: /home/wasim/r4s/install/eddie-ros/lib/eddie-ros/set_interface_permissions.sh
[0.300s] POST INSTALL - Ensuring capabilities and ldconfig setup
[0.325s] Setting capabilities on /home/wasim/r4s/install/eddie-ros/lib/eddie-ros/eddie_ros_interface
[0.349s] /etc/ld.so.conf.d/ld_eddie_ros.conf already exists, skipping
[0.351s] -- Installing: /home/wasim/r4s/install/eddie-ros/share/ament_index/resource_index/package_run_dependencies/eddie-ros
[0.351s] -- Installing: /home/wasim/r4s/install/eddie-ros/share/ament_index/resource_index/parent_prefix_path/eddie-ros
[0.352s] -- Installing: /home/wasim/r4s/install/eddie-ros/share/eddie-ros/environment/ament_prefix_path.sh
[0.352s] -- Installing: /home/wasim/r4s/install/eddie-ros/share/eddie-ros/environment/ament_prefix_path.dsv
[0.353s] -- Installing: /home/wasim/r4s/install/eddie-ros/share/eddie-ros/environment/path.sh
[0.353s] -- Installing: /home/wasim/r4s/install/eddie-ros/share/eddie-ros/environment/path.dsv
[0.354s] -- Installing: /home/wasim/r4s/install/eddie-ros/share/eddie-ros/local_setup.bash
[0.354s] -- Installing: /home/wasim/r4s/install/eddie-ros/share/eddie-ros/local_setup.sh
[0.355s] -- Installing: /home/wasim/r4s/install/eddie-ros/share/eddie-ros/local_setup.zsh
[0.355s] -- Installing: /home/wasim/r4s/install/eddie-ros/share/eddie-ros/local_setup.dsv
[0.356s] -- Installing: /home/wasim/r4s/install/eddie-ros/share/eddie-ros/package.dsv
[0.357s] -- Installing: /home/wasim/r4s/install/eddie-ros/share/ament_index/resource_index/packages/eddie-ros
[0.357s] -- Installing: /home/wasim/r4s/install/eddie-ros/share/eddie-ros/cmake/eddie-rosConfig.cmake
[0.358s] -- Installing: /home/wasim/r4s/install/eddie-ros/share/eddie-ros/cmake/eddie-rosConfig-version.cmake
[0.358s] -- Installing: /home/wasim/r4s/install/eddie-ros/share/eddie-ros/package.xml
[0.365s] Invoked command in '/home/wasim/r4s/build/eddie-ros' returned '0': CMAKE_MODULE_PATH=/home/wasim/r4s/install/orocos_kdl/share/orocos_kdl/cmake CMAKE_PREFIX_PATH=/home/wasim/r4s/install/robif2b:/home/wasim/r4s/install/orocos_kdl:/home/wasim/r4s/install/coord2b:/opt/ros/jazzy/opt/gz_sim_vendor:/opt/ros/jazzy/opt/gz_sensors_vendor:/opt/ros/jazzy/opt/gz_physics_vendor:/opt/ros/jazzy/opt/sdformat_vendor:/opt/ros/jazzy/opt/gz_gui_vendor:/opt/ros/jazzy/opt/gz_transport_vendor:/opt/ros/jazzy/opt/gz_rendering_vendor:/opt/ros/jazzy/opt/gz_plugin_vendor:/opt/ros/jazzy/opt/gz_fuel_tools_vendor:/opt/ros/jazzy/opt/gz_msgs_vendor:/opt/ros/jazzy/opt/gz_common_vendor:/opt/ros/jazzy/opt/gz_math_vendor:/opt/ros/jazzy/opt/gz_utils_vendor:/opt/ros/jazzy/opt/gz_tools_vendor:/opt/ros/jazzy/opt/gz_ogre_next_vendor:/opt/ros/jazzy/opt/gz_dartsim_vendor:/opt/ros/jazzy/opt/gz_cmake_vendor:/opt/ros/jazzy DEBUGINFOD_URLS=https://debuginfod.ubuntu.com LD_LIBRARY_PATH=/home/wasim/r4s/install/robif2b/lib:/home/wasim/r4s/install/orocos_kdl/lib:/home/wasim/r4s/install/coord2b/lib:${LD_LIBRARY_PATH} PKG_CONFIG_PATH=/home/wasim/r4s/install/orocos_kdl/lib/x86_64-linux-gnu/pkgconfig:/home/wasim/r4s/install/orocos_kdl/lib/pkgconfig /usr/bin/cmake --install /home/wasim/r4s/build/eddie-ros
