[0.277s] DEBUG:colcon:Command line arguments: ['/usr/bin/colcon', 'build']
[0.277s] DEBUG:colcon:Parsed command line arguments: Namespace(log_base=None, log_level=None, verb_name='build', build_base='build', install_base='install', merge_install=False, symlink_install=False, test_result_base=None, continue_on_error=False, executor='parallel', parallel_workers=16, event_handlers=None, ignore_user_meta=False, metas=['./colcon.meta'], base_paths=['.'], packages_ignore=None, packages_ignore_regex=None, paths=None, packages_up_to=None, packages_up_to_regex=None, packages_above=None, packages_above_and_dependencies=None, packages_above_depth=None, packages_select_by_dep=None, packages_skip_by_dep=None, packages_skip_up_to=None, packages_select_build_failed=False, packages_skip_build_finished=False, packages_select_test_failures=False, packages_skip_test_passed=False, packages_select=None, packages_skip=None, packages_select_regex=None, packages_skip_regex=None, packages_start=None, packages_end=None, allow_overriding=[], cmake_args=None, cmake_target=None, cmake_target_skip_unavailable=False, cmake_clean_cache=False, cmake_clean_first=False, cmake_force_configure=False, ament_cmake_args=None, catkin_cmake_args=None, catkin_skip_building_tests=False, mixin_files=None, mixin=None, verb_parser=<colcon_mixin.mixin.mixin_argument.MixinArgumentDecorator object at 0x73425c7ae450>, verb_extension=<colcon_core.verb.build.BuildVerb object at 0x73425c7ae120>, main=<bound method BuildVerb.main of <colcon_core.verb.build.BuildVerb object at 0x73425c7ae120>>, mixin_verb=('build',))
[0.370s] Level 1:colcon.colcon_core.package_discovery:discover_packages(colcon_meta) check parameters
[0.372s] INFO:colcon.colcon_metadata.package_discovery.colcon_meta:Using configuration from '/home/wasim/r4s/colcon.meta'
[0.372s] Level 1:colcon.colcon_core.package_discovery:discover_packages(recursive) check parameters
[0.372s] Level 1:colcon.colcon_core.package_discovery:discover_packages(ignore) check parameters
[0.372s] Level 1:colcon.colcon_core.package_discovery:discover_packages(path) check parameters
[0.372s] Level 1:colcon.colcon_core.package_discovery:discover_packages(colcon_meta) discover
[0.373s] Level 1:colcon.colcon_core.package_discovery:discover_packages(recursive) discover
[0.373s] INFO:colcon.colcon_core.package_discovery:Crawling recursively for packages in '/home/wasim/r4s'
[0.373s] Level 1:colcon.colcon_core.package_identification:_identify(.) by extensions ['ignore', 'ignore_ament_install']
[0.373s] Level 1:colcon.colcon_core.package_identification:_identify(.) by extension 'ignore'
[0.373s] Level 1:colcon.colcon_core.package_identification:_identify(.) by extension 'ignore_ament_install'
[0.373s] Level 1:colcon.colcon_core.package_identification:_identify(.) by extensions ['colcon_pkg']
[0.373s] Level 1:colcon.colcon_core.package_identification:_identify(.) by extension 'colcon_pkg'
[0.374s] Level 1:colcon.colcon_core.package_identification:_identify(.) by extensions ['colcon_meta']
[0.374s] Level 1:colcon.colcon_core.package_identification:_identify(.) by extension 'colcon_meta'
[0.374s] Level 1:colcon.colcon_core.package_identification:_identify(.) by extensions ['ros']
[0.374s] Level 1:colcon.colcon_core.package_identification:_identify(.) by extension 'ros'
[0.431s] Level 1:colcon.colcon_core.package_identification:_identify(.) by extensions ['cmake', 'python']
[0.431s] Level 1:colcon.colcon_core.package_identification:_identify(.) by extension 'cmake'
[0.431s] Level 1:colcon.colcon_core.package_identification:_identify(.) by extension 'python'
[0.431s] Level 1:colcon.colcon_core.package_identification:_identify(.) by extensions ['python_setup_py']
[0.431s] Level 1:colcon.colcon_core.package_identification:_identify(.) by extension 'python_setup_py'
[0.431s] Level 1:colcon.colcon_core.package_identification:_identify(build) by extensions ['ignore', 'ignore_ament_install']
[0.432s] Level 1:colcon.colcon_core.package_identification:_identify(build) by extension 'ignore'
[0.432s] Level 1:colcon.colcon_core.package_identification:_identify(build) ignored
[0.432s] Level 1:colcon.colcon_core.package_identification:_identify(install) by extensions ['ignore', 'ignore_ament_install']
[0.432s] Level 1:colcon.colcon_core.package_identification:_identify(install) by extension 'ignore'
[0.432s] Level 1:colcon.colcon_core.package_identification:_identify(install) ignored
[0.433s] Level 1:colcon.colcon_core.package_identification:_identify(log) by extensions ['ignore', 'ignore_ament_install']
[0.433s] Level 1:colcon.colcon_core.package_identification:_identify(log) by extension 'ignore'
[0.433s] Level 1:colcon.colcon_core.package_identification:_identify(log) ignored
[0.433s] Level 1:colcon.colcon_core.package_identification:_identify(src) by extensions ['ignore', 'ignore_ament_install']
[0.433s] Level 1:colcon.colcon_core.package_identification:_identify(src) by extension 'ignore'
[0.433s] Level 1:colcon.colcon_core.package_identification:_identify(src) by extension 'ignore_ament_install'
[0.434s] Level 1:colcon.colcon_core.package_identification:_identify(src) by extensions ['colcon_pkg']
[0.434s] Level 1:colcon.colcon_core.package_identification:_identify(src) by extension 'colcon_pkg'
[0.434s] Level 1:colcon.colcon_core.package_identification:_identify(src) by extensions ['colcon_meta']
[0.434s] Level 1:colcon.colcon_core.package_identification:_identify(src) by extension 'colcon_meta'
[0.434s] Level 1:colcon.colcon_core.package_identification:_identify(src) by extensions ['ros']
[0.434s] Level 1:colcon.colcon_core.package_identification:_identify(src) by extension 'ros'
[0.434s] Level 1:colcon.colcon_core.package_identification:_identify(src) by extensions ['cmake', 'python']
[0.434s] Level 1:colcon.colcon_core.package_identification:_identify(src) by extension 'cmake'
[0.434s] Level 1:colcon.colcon_core.package_identification:_identify(src) by extension 'python'
[0.434s] Level 1:colcon.colcon_core.package_identification:_identify(src) by extensions ['python_setup_py']
[0.434s] Level 1:colcon.colcon_core.package_identification:_identify(src) by extension 'python_setup_py'
[0.435s] Level 1:colcon.colcon_core.package_identification:_identify(src/coord-dsl) by extensions ['ignore', 'ignore_ament_install']
[0.435s] Level 1:colcon.colcon_core.package_identification:_identify(src/coord-dsl) by extension 'ignore'
[0.435s] Level 1:colcon.colcon_core.package_identification:_identify(src/coord-dsl) by extension 'ignore_ament_install'
[0.435s] Level 1:colcon.colcon_core.package_identification:_identify(src/coord-dsl) by extensions ['colcon_pkg']
[0.435s] Level 1:colcon.colcon_core.package_identification:_identify(src/coord-dsl) by extension 'colcon_pkg'
[0.435s] Level 1:colcon.colcon_core.package_identification:_identify(src/coord-dsl) by extensions ['colcon_meta']
[0.436s] Level 1:colcon.colcon_core.package_identification:_identify(src/coord-dsl) by extension 'colcon_meta'
[0.436s] Level 1:colcon.colcon_core.package_identification:_identify(src/coord-dsl) by extensions ['ros']
[0.436s] Level 1:colcon.colcon_core.package_identification:_identify(src/coord-dsl) by extension 'ros'
[0.436s] Level 1:colcon.colcon_core.package_identification:_identify(src/coord-dsl) by extensions ['cmake', 'python']
[0.436s] Level 1:colcon.colcon_core.package_identification:_identify(src/coord-dsl) by extension 'cmake'
[0.436s] Level 1:colcon.colcon_core.package_identification:_identify(src/coord-dsl) by extension 'python'
[0.436s] Level 1:colcon.colcon_core.package_identification:_identify(src/coord-dsl) by extensions ['python_setup_py']
[0.436s] Level 1:colcon.colcon_core.package_identification:_identify(src/coord-dsl) by extension 'python_setup_py'
[0.436s] Level 1:colcon.colcon_core.package_identification:_identify(src/coord-dsl/models) by extensions ['ignore', 'ignore_ament_install']
[0.437s] Level 1:colcon.colcon_core.package_identification:_identify(src/coord-dsl/models) by extension 'ignore'
[0.437s] Level 1:colcon.colcon_core.package_identification:_identify(src/coord-dsl/models) by extension 'ignore_ament_install'
[0.437s] Level 1:colcon.colcon_core.package_identification:_identify(src/coord-dsl/models) by extensions ['colcon_pkg']
[0.437s] Level 1:colcon.colcon_core.package_identification:_identify(src/coord-dsl/models) by extension 'colcon_pkg'
[0.437s] Level 1:colcon.colcon_core.package_identification:_identify(src/coord-dsl/models) by extensions ['colcon_meta']
[0.437s] Level 1:colcon.colcon_core.package_identification:_identify(src/coord-dsl/models) by extension 'colcon_meta'
[0.437s] Level 1:colcon.colcon_core.package_identification:_identify(src/coord-dsl/models) by extensions ['ros']
[0.437s] Level 1:colcon.colcon_core.package_identification:_identify(src/coord-dsl/models) by extension 'ros'
[0.437s] Level 1:colcon.colcon_core.package_identification:_identify(src/coord-dsl/models) by extensions ['cmake', 'python']
[0.438s] Level 1:colcon.colcon_core.package_identification:_identify(src/coord-dsl/models) by extension 'cmake'
[0.438s] Level 1:colcon.colcon_core.package_identification:_identify(src/coord-dsl/models) by extension 'python'
[0.438s] Level 1:colcon.colcon_core.package_identification:_identify(src/coord-dsl/models) by extensions ['python_setup_py']
[0.438s] Level 1:colcon.colcon_core.package_identification:_identify(src/coord-dsl/models) by extension 'python_setup_py'
[0.438s] Level 1:colcon.colcon_core.package_identification:_identify(src/coord-dsl/models/fsm) by extensions ['ignore', 'ignore_ament_install']
[0.438s] Level 1:colcon.colcon_core.package_identification:_identify(src/coord-dsl/models/fsm) by extension 'ignore'
[0.438s] Level 1:colcon.colcon_core.package_identification:_identify(src/coord-dsl/models/fsm) by extension 'ignore_ament_install'
[0.438s] Level 1:colcon.colcon_core.package_identification:_identify(src/coord-dsl/models/fsm) by extensions ['colcon_pkg']
[0.439s] Level 1:colcon.colcon_core.package_identification:_identify(src/coord-dsl/models/fsm) by extension 'colcon_pkg'
[0.439s] Level 1:colcon.colcon_core.package_identification:_identify(src/coord-dsl/models/fsm) by extensions ['colcon_meta']
[0.439s] Level 1:colcon.colcon_core.package_identification:_identify(src/coord-dsl/models/fsm) by extension 'colcon_meta'
[0.439s] Level 1:colcon.colcon_core.package_identification:_identify(src/coord-dsl/models/fsm) by extensions ['ros']
[0.439s] Level 1:colcon.colcon_core.package_identification:_identify(src/coord-dsl/models/fsm) by extension 'ros'
[0.439s] Level 1:colcon.colcon_core.package_identification:_identify(src/coord-dsl/models/fsm) by extensions ['cmake', 'python']
[0.439s] Level 1:colcon.colcon_core.package_identification:_identify(src/coord-dsl/models/fsm) by extension 'cmake'
[0.439s] Level 1:colcon.colcon_core.package_identification:_identify(src/coord-dsl/models/fsm) by extension 'python'
[0.439s] Level 1:colcon.colcon_core.package_identification:_identify(src/coord-dsl/models/fsm) by extensions ['python_setup_py']
[0.439s] Level 1:colcon.colcon_core.package_identification:_identify(src/coord-dsl/models/fsm) by extension 'python_setup_py'
[0.440s] Level 1:colcon.colcon_core.package_identification:_identify(src/coord-dsl/src) by extensions ['ignore', 'ignore_ament_install']
[0.440s] Level 1:colcon.colcon_core.package_identification:_identify(src/coord-dsl/src) by extension 'ignore'
[0.440s] Level 1:colcon.colcon_core.package_identification:_identify(src/coord-dsl/src) by extension 'ignore_ament_install'
[0.440s] Level 1:colcon.colcon_core.package_identification:_identify(src/coord-dsl/src) by extensions ['colcon_pkg']
[0.440s] Level 1:colcon.colcon_core.package_identification:_identify(src/coord-dsl/src) by extension 'colcon_pkg'
[0.440s] Level 1:colcon.colcon_core.package_identification:_identify(src/coord-dsl/src) by extensions ['colcon_meta']
[0.440s] Level 1:colcon.colcon_core.package_identification:_identify(src/coord-dsl/src) by extension 'colcon_meta'
[0.440s] Level 1:colcon.colcon_core.package_identification:_identify(src/coord-dsl/src) by extensions ['ros']
[0.440s] Level 1:colcon.colcon_core.package_identification:_identify(src/coord-dsl/src) by extension 'ros'
[0.441s] Level 1:colcon.colcon_core.package_identification:_identify(src/coord-dsl/src) by extensions ['cmake', 'python']
[0.441s] Level 1:colcon.colcon_core.package_identification:_identify(src/coord-dsl/src) by extension 'cmake'
[0.441s] Level 1:colcon.colcon_core.package_identification:_identify(src/coord-dsl/src) by extension 'python'
[0.441s] Level 1:colcon.colcon_core.package_identification:_identify(src/coord-dsl/src) by extensions ['python_setup_py']
[0.441s] Level 1:colcon.colcon_core.package_identification:_identify(src/coord-dsl/src) by extension 'python_setup_py'
[0.441s] Level 1:colcon.colcon_core.package_identification:_identify(src/coord-dsl/src/coord_dsl) by extensions ['ignore', 'ignore_ament_install']
[0.441s] Level 1:colcon.colcon_core.package_identification:_identify(src/coord-dsl/src/coord_dsl) by extension 'ignore'
[0.441s] Level 1:colcon.colcon_core.package_identification:_identify(src/coord-dsl/src/coord_dsl) by extension 'ignore_ament_install'
[0.442s] Level 1:colcon.colcon_core.package_identification:_identify(src/coord-dsl/src/coord_dsl) by extensions ['colcon_pkg']
[0.442s] Level 1:colcon.colcon_core.package_identification:_identify(src/coord-dsl/src/coord_dsl) by extension 'colcon_pkg'
[0.442s] Level 1:colcon.colcon_core.package_identification:_identify(src/coord-dsl/src/coord_dsl) by extensions ['colcon_meta']
[0.442s] Level 1:colcon.colcon_core.package_identification:_identify(src/coord-dsl/src/coord_dsl) by extension 'colcon_meta'
[0.442s] Level 1:colcon.colcon_core.package_identification:_identify(src/coord-dsl/src/coord_dsl) by extensions ['ros']
[0.442s] Level 1:colcon.colcon_core.package_identification:_identify(src/coord-dsl/src/coord_dsl) by extension 'ros'
[0.442s] Level 1:colcon.colcon_core.package_identification:_identify(src/coord-dsl/src/coord_dsl) by extensions ['cmake', 'python']
[0.442s] Level 1:colcon.colcon_core.package_identification:_identify(src/coord-dsl/src/coord_dsl) by extension 'cmake'
[0.442s] Level 1:colcon.colcon_core.package_identification:_identify(src/coord-dsl/src/coord_dsl) by extension 'python'
[0.442s] Level 1:colcon.colcon_core.package_identification:_identify(src/coord-dsl/src/coord_dsl) by extensions ['python_setup_py']
[0.442s] Level 1:colcon.colcon_core.package_identification:_identify(src/coord-dsl/src/coord_dsl) by extension 'python_setup_py'
[0.443s] Level 1:colcon.colcon_core.package_identification:_identify(src/coord-dsl/src/coord_dsl/generators) by extensions ['ignore', 'ignore_ament_install']
[0.443s] Level 1:colcon.colcon_core.package_identification:_identify(src/coord-dsl/src/coord_dsl/generators) by extension 'ignore'
[0.443s] Level 1:colcon.colcon_core.package_identification:_identify(src/coord-dsl/src/coord_dsl/generators) by extension 'ignore_ament_install'
[0.443s] Level 1:colcon.colcon_core.package_identification:_identify(src/coord-dsl/src/coord_dsl/generators) by extensions ['colcon_pkg']
[0.443s] Level 1:colcon.colcon_core.package_identification:_identify(src/coord-dsl/src/coord_dsl/generators) by extension 'colcon_pkg'
[0.443s] Level 1:colcon.colcon_core.package_identification:_identify(src/coord-dsl/src/coord_dsl/generators) by extensions ['colcon_meta']
[0.443s] Level 1:colcon.colcon_core.package_identification:_identify(src/coord-dsl/src/coord_dsl/generators) by extension 'colcon_meta'
[0.443s] Level 1:colcon.colcon_core.package_identification:_identify(src/coord-dsl/src/coord_dsl/generators) by extensions ['ros']
[0.444s] Level 1:colcon.colcon_core.package_identification:_identify(src/coord-dsl/src/coord_dsl/generators) by extension 'ros'
[0.444s] Level 1:colcon.colcon_core.package_identification:_identify(src/coord-dsl/src/coord_dsl/generators) by extensions ['cmake', 'python']
[0.444s] Level 1:colcon.colcon_core.package_identification:_identify(src/coord-dsl/src/coord_dsl/generators) by extension 'cmake'
[0.444s] Level 1:colcon.colcon_core.package_identification:_identify(src/coord-dsl/src/coord_dsl/generators) by extension 'python'
[0.444s] Level 1:colcon.colcon_core.package_identification:_identify(src/coord-dsl/src/coord_dsl/generators) by extensions ['python_setup_py']
[0.444s] Level 1:colcon.colcon_core.package_identification:_identify(src/coord-dsl/src/coord_dsl/generators) by extension 'python_setup_py'
[0.444s] Level 1:colcon.colcon_core.package_identification:_identify(src/coord-dsl/src/coord_dsl/metamodels) by extensions ['ignore', 'ignore_ament_install']
[0.444s] Level 1:colcon.colcon_core.package_identification:_identify(src/coord-dsl/src/coord_dsl/metamodels) by extension 'ignore'
[0.445s] Level 1:colcon.colcon_core.package_identification:_identify(src/coord-dsl/src/coord_dsl/metamodels) by extension 'ignore_ament_install'
[0.445s] Level 1:colcon.colcon_core.package_identification:_identify(src/coord-dsl/src/coord_dsl/metamodels) by extensions ['colcon_pkg']
[0.445s] Level 1:colcon.colcon_core.package_identification:_identify(src/coord-dsl/src/coord_dsl/metamodels) by extension 'colcon_pkg'
[0.445s] Level 1:colcon.colcon_core.package_identification:_identify(src/coord-dsl/src/coord_dsl/metamodels) by extensions ['colcon_meta']
[0.445s] Level 1:colcon.colcon_core.package_identification:_identify(src/coord-dsl/src/coord_dsl/metamodels) by extension 'colcon_meta'
[0.445s] Level 1:colcon.colcon_core.package_identification:_identify(src/coord-dsl/src/coord_dsl/metamodels) by extensions ['ros']
[0.445s] Level 1:colcon.colcon_core.package_identification:_identify(src/coord-dsl/src/coord_dsl/metamodels) by extension 'ros'
[0.445s] Level 1:colcon.colcon_core.package_identification:_identify(src/coord-dsl/src/coord_dsl/metamodels) by extensions ['cmake', 'python']
[0.446s] Level 1:colcon.colcon_core.package_identification:_identify(src/coord-dsl/src/coord_dsl/metamodels) by extension 'cmake'
[0.446s] Level 1:colcon.colcon_core.package_identification:_identify(src/coord-dsl/src/coord_dsl/metamodels) by extension 'python'
[0.446s] Level 1:colcon.colcon_core.package_identification:_identify(src/coord-dsl/src/coord_dsl/metamodels) by extensions ['python_setup_py']
[0.446s] Level 1:colcon.colcon_core.package_identification:_identify(src/coord-dsl/src/coord_dsl/metamodels) by extension 'python_setup_py'
[0.446s] Level 1:colcon.colcon_core.package_identification:_identify(src/coord-dsl/src/coord_dsl/templates) by extensions ['ignore', 'ignore_ament_install']
[0.446s] Level 1:colcon.colcon_core.package_identification:_identify(src/coord-dsl/src/coord_dsl/templates) by extension 'ignore'
[0.447s] Level 1:colcon.colcon_core.package_identification:_identify(src/coord-dsl/src/coord_dsl/templates) by extension 'ignore_ament_install'
[0.447s] Level 1:colcon.colcon_core.package_identification:_identify(src/coord-dsl/src/coord_dsl/templates) by extensions ['colcon_pkg']
[0.447s] Level 1:colcon.colcon_core.package_identification:_identify(src/coord-dsl/src/coord_dsl/templates) by extension 'colcon_pkg'
[0.447s] Level 1:colcon.colcon_core.package_identification:_identify(src/coord-dsl/src/coord_dsl/templates) by extensions ['colcon_meta']
[0.447s] Level 1:colcon.colcon_core.package_identification:_identify(src/coord-dsl/src/coord_dsl/templates) by extension 'colcon_meta'
[0.447s] Level 1:colcon.colcon_core.package_identification:_identify(src/coord-dsl/src/coord_dsl/templates) by extensions ['ros']
[0.447s] Level 1:colcon.colcon_core.package_identification:_identify(src/coord-dsl/src/coord_dsl/templates) by extension 'ros'
[0.447s] Level 1:colcon.colcon_core.package_identification:_identify(src/coord-dsl/src/coord_dsl/templates) by extensions ['cmake', 'python']
[0.447s] Level 1:colcon.colcon_core.package_identification:_identify(src/coord-dsl/src/coord_dsl/templates) by extension 'cmake'
[0.448s] Level 1:colcon.colcon_core.package_identification:_identify(src/coord-dsl/src/coord_dsl/templates) by extension 'python'
[0.448s] Level 1:colcon.colcon_core.package_identification:_identify(src/coord-dsl/src/coord_dsl/templates) by extensions ['python_setup_py']
[0.448s] Level 1:colcon.colcon_core.package_identification:_identify(src/coord-dsl/src/coord_dsl/templates) by extension 'python_setup_py'
[0.448s] Level 1:colcon.colcon_core.package_identification:_identify(src/coord2b) by extensions ['ignore', 'ignore_ament_install']
[0.448s] Level 1:colcon.colcon_core.package_identification:_identify(src/coord2b) by extension 'ignore'
[0.448s] Level 1:colcon.colcon_core.package_identification:_identify(src/coord2b) by extension 'ignore_ament_install'
[0.449s] Level 1:colcon.colcon_core.package_identification:_identify(src/coord2b) by extensions ['colcon_pkg']
[0.449s] Level 1:colcon.colcon_core.package_identification:_identify(src/coord2b) by extension 'colcon_pkg'
[0.449s] Level 1:colcon.colcon_core.package_identification:_identify(src/coord2b) by extensions ['colcon_meta']
[0.449s] Level 1:colcon.colcon_core.package_identification:_identify(src/coord2b) by extension 'colcon_meta'
[0.449s] Level 1:colcon.colcon_core.package_identification:_identify(src/coord2b) by extensions ['ros']
[0.449s] Level 1:colcon.colcon_core.package_identification:_identify(src/coord2b) by extension 'ros'
[0.449s] Level 1:colcon.colcon_core.package_identification:_identify(src/coord2b) by extensions ['cmake', 'python']
[0.449s] Level 1:colcon.colcon_core.package_identification:_identify(src/coord2b) by extension 'cmake'
[0.453s] Level 1:colcon.colcon_core.package_identification:_identify(src/coord2b) by extension 'python'
[0.453s] DEBUG:colcon.colcon_core.package_identification:Package 'src/coord2b' with type 'cmake' and name 'coord2b'
[0.454s] Level 1:colcon.colcon_core.package_identification:_identify(src/eddie-ros) by extensions ['ignore', 'ignore_ament_install']
[0.454s] Level 1:colcon.colcon_core.package_identification:_identify(src/eddie-ros) by extension 'ignore'
[0.454s] Level 1:colcon.colcon_core.package_identification:_identify(src/eddie-ros) by extension 'ignore_ament_install'
[0.454s] Level 1:colcon.colcon_core.package_identification:_identify(src/eddie-ros) by extensions ['colcon_pkg']
[0.454s] Level 1:colcon.colcon_core.package_identification:_identify(src/eddie-ros) by extension 'colcon_pkg'
[0.454s] Level 1:colcon.colcon_core.package_identification:_identify(src/eddie-ros) by extensions ['colcon_meta']
[0.454s] Level 1:colcon.colcon_core.package_identification:_identify(src/eddie-ros) by extension 'colcon_meta'
[0.454s] Level 1:colcon.colcon_core.package_identification:_identify(src/eddie-ros) by extensions ['ros']
[0.455s] Level 1:colcon.colcon_core.package_identification:_identify(src/eddie-ros) by extension 'ros'
[0.460s] DEBUG:colcon.colcon_core.package_identification:Package 'src/eddie-ros' with type 'ros.ament_cmake' and name 'eddie-ros'
[0.460s] Level 1:colcon.colcon_core.package_identification:_identify(src/eddie_pmu_control) by extensions ['ignore', 'ignore_ament_install']
[0.460s] Level 1:colcon.colcon_core.package_identification:_identify(src/eddie_pmu_control) by extension 'ignore'
[0.460s] Level 1:colcon.colcon_core.package_identification:_identify(src/eddie_pmu_control) by extension 'ignore_ament_install'
[0.461s] Level 1:colcon.colcon_core.package_identification:_identify(src/eddie_pmu_control) by extensions ['colcon_pkg']
[0.461s] Level 1:colcon.colcon_core.package_identification:_identify(src/eddie_pmu_control) by extension 'colcon_pkg'
[0.461s] Level 1:colcon.colcon_core.package_identification:_identify(src/eddie_pmu_control) by extensions ['colcon_meta']
[0.461s] Level 1:colcon.colcon_core.package_identification:_identify(src/eddie_pmu_control) by extension 'colcon_meta'
[0.461s] Level 1:colcon.colcon_core.package_identification:_identify(src/eddie_pmu_control) by extensions ['ros']
[0.461s] Level 1:colcon.colcon_core.package_identification:_identify(src/eddie_pmu_control) by extension 'ros'
[0.461s] Level 1:colcon.colcon_core.package_identification:_identify(src/eddie_pmu_control) by extensions ['cmake', 'python']
[0.461s] Level 1:colcon.colcon_core.package_identification:_identify(src/eddie_pmu_control) by extension 'cmake'
[0.462s] Level 1:colcon.colcon_core.package_identification:_identify(src/eddie_pmu_control) by extension 'python'
[0.462s] DEBUG:colcon.colcon_core.package_identification:Package 'src/eddie_pmu_control' with type 'cmake' and name 'eddie_pmu_control'
[0.462s] Level 1:colcon.colcon_core.package_identification:_identify(src/orocos_kinematics_dynamics) by extensions ['ignore', 'ignore_ament_install']
[0.462s] Level 1:colcon.colcon_core.package_identification:_identify(src/orocos_kinematics_dynamics) by extension 'ignore'
[0.462s] Level 1:colcon.colcon_core.package_identification:_identify(src/orocos_kinematics_dynamics) by extension 'ignore_ament_install'
[0.463s] Level 1:colcon.colcon_core.package_identification:_identify(src/orocos_kinematics_dynamics) by extensions ['colcon_pkg']
[0.463s] Level 1:colcon.colcon_core.package_identification:_identify(src/orocos_kinematics_dynamics) by extension 'colcon_pkg'
[0.463s] Level 1:colcon.colcon_core.package_identification:_identify(src/orocos_kinematics_dynamics) by extensions ['colcon_meta']
[0.463s] Level 1:colcon.colcon_core.package_identification:_identify(src/orocos_kinematics_dynamics) by extension 'colcon_meta'
[0.463s] Level 1:colcon.colcon_core.package_identification:_identify(src/orocos_kinematics_dynamics) by extensions ['ros']
[0.463s] Level 1:colcon.colcon_core.package_identification:_identify(src/orocos_kinematics_dynamics) by extension 'ros'
[0.463s] Level 1:colcon.colcon_core.package_identification:_identify(src/orocos_kinematics_dynamics) by extensions ['cmake', 'python']
[0.463s] Level 1:colcon.colcon_core.package_identification:_identify(src/orocos_kinematics_dynamics) by extension 'cmake'
[0.463s] Level 1:colcon.colcon_core.package_identification:_identify(src/orocos_kinematics_dynamics) by extension 'python'
[0.463s] Level 1:colcon.colcon_core.package_identification:_identify(src/orocos_kinematics_dynamics) by extensions ['python_setup_py']
[0.463s] Level 1:colcon.colcon_core.package_identification:_identify(src/orocos_kinematics_dynamics) by extension 'python_setup_py'
[0.464s] Level 1:colcon.colcon_core.package_identification:_identify(src/orocos_kinematics_dynamics/orocos_kdl) by extensions ['ignore', 'ignore_ament_install']
[0.464s] Level 1:colcon.colcon_core.package_identification:_identify(src/orocos_kinematics_dynamics/orocos_kdl) by extension 'ignore'
[0.464s] Level 1:colcon.colcon_core.package_identification:_identify(src/orocos_kinematics_dynamics/orocos_kdl) by extension 'ignore_ament_install'
[0.464s] Level 1:colcon.colcon_core.package_identification:_identify(src/orocos_kinematics_dynamics/orocos_kdl) by extensions ['colcon_pkg']
[0.464s] Level 1:colcon.colcon_core.package_identification:_identify(src/orocos_kinematics_dynamics/orocos_kdl) by extension 'colcon_pkg'
[0.464s] Level 1:colcon.colcon_core.package_identification:_identify(src/orocos_kinematics_dynamics/orocos_kdl) by extensions ['colcon_meta']
[0.464s] Level 1:colcon.colcon_core.package_identification:_identify(src/orocos_kinematics_dynamics/orocos_kdl) by extension 'colcon_meta'
[0.464s] Level 1:colcon.colcon_core.package_identification:_identify(src/orocos_kinematics_dynamics/orocos_kdl) by extensions ['ros']
[0.464s] Level 1:colcon.colcon_core.package_identification:_identify(src/orocos_kinematics_dynamics/orocos_kdl) by extension 'ros'
[0.466s] DEBUG:colcon.colcon_core.package_identification:Package 'src/orocos_kinematics_dynamics/orocos_kdl' with type 'ros.cmake' and name 'orocos_kdl'
[0.466s] Level 1:colcon.colcon_core.package_identification:_identify(src/orocos_kinematics_dynamics/python_orocos_kdl) by extensions ['ignore', 'ignore_ament_install']
[0.466s] Level 1:colcon.colcon_core.package_identification:_identify(src/orocos_kinematics_dynamics/python_orocos_kdl) by extension 'ignore'
[0.466s] Level 1:colcon.colcon_core.package_identification:_identify(src/orocos_kinematics_dynamics/python_orocos_kdl) by extension 'ignore_ament_install'
[0.466s] Level 1:colcon.colcon_core.package_identification:_identify(src/orocos_kinematics_dynamics/python_orocos_kdl) by extensions ['colcon_pkg']
[0.466s] Level 1:colcon.colcon_core.package_identification:_identify(src/orocos_kinematics_dynamics/python_orocos_kdl) by extension 'colcon_pkg'
[0.466s] Level 1:colcon.colcon_core.package_identification:_identify(src/orocos_kinematics_dynamics/python_orocos_kdl) by extensions ['colcon_meta']
[0.466s] Level 1:colcon.colcon_core.package_identification:_identify(src/orocos_kinematics_dynamics/python_orocos_kdl) by extension 'colcon_meta'
[0.467s] Level 1:colcon.colcon_core.package_identification:_identify(src/orocos_kinematics_dynamics/python_orocos_kdl) by extensions ['ros']
[0.467s] Level 1:colcon.colcon_core.package_identification:_identify(src/orocos_kinematics_dynamics/python_orocos_kdl) by extension 'ros'
[0.468s] DEBUG:colcon.colcon_core.package_identification:Package 'src/orocos_kinematics_dynamics/python_orocos_kdl' with type 'ros.catkin' and name 'python_orocos_kdl'
[0.468s] Level 1:colcon.colcon_core.package_identification:_identify(src/robif2b) by extensions ['ignore', 'ignore_ament_install']
[0.468s] Level 1:colcon.colcon_core.package_identification:_identify(src/robif2b) by extension 'ignore'
[0.469s] Level 1:colcon.colcon_core.package_identification:_identify(src/robif2b) by extension 'ignore_ament_install'
[0.469s] Level 1:colcon.colcon_core.package_identification:_identify(src/robif2b) by extensions ['colcon_pkg']
[0.469s] Level 1:colcon.colcon_core.package_identification:_identify(src/robif2b) by extension 'colcon_pkg'
[0.469s] Level 1:colcon.colcon_core.package_identification:_identify(src/robif2b) by extensions ['colcon_meta']
[0.469s] Level 1:colcon.colcon_core.package_identification:_identify(src/robif2b) by extension 'colcon_meta'
[0.469s] Level 1:colcon.colcon_core.package_identification:_identify(src/robif2b) by extensions ['ros']
[0.469s] Level 1:colcon.colcon_core.package_identification:_identify(src/robif2b) by extension 'ros'
[0.469s] Level 1:colcon.colcon_core.package_identification:_identify(src/robif2b) by extensions ['cmake', 'python']
[0.469s] Level 1:colcon.colcon_core.package_identification:_identify(src/robif2b) by extension 'cmake'
[0.473s] Level 1:colcon.colcon_core.package_identification:_identify(src/robif2b) by extension 'python'
[0.474s] DEBUG:colcon.colcon_core.package_identification:Package 'src/robif2b' with type 'cmake' and name 'robif2b'
[0.474s] Level 1:colcon.colcon_core.package_identification:_identify(src/ros2_kortex_vision) by extensions ['ignore', 'ignore_ament_install']
[0.474s] Level 1:colcon.colcon_core.package_identification:_identify(src/ros2_kortex_vision) by extension 'ignore'
[0.474s] Level 1:colcon.colcon_core.package_identification:_identify(src/ros2_kortex_vision) by extension 'ignore_ament_install'
[0.474s] Level 1:colcon.colcon_core.package_identification:_identify(src/ros2_kortex_vision) by extensions ['colcon_pkg']
[0.474s] Level 1:colcon.colcon_core.package_identification:_identify(src/ros2_kortex_vision) by extension 'colcon_pkg'
[0.475s] Level 1:colcon.colcon_core.package_identification:_identify(src/ros2_kortex_vision) by extensions ['colcon_meta']
[0.475s] Level 1:colcon.colcon_core.package_identification:_identify(src/ros2_kortex_vision) by extension 'colcon_meta'
[0.475s] Level 1:colcon.colcon_core.package_identification:_identify(src/ros2_kortex_vision) by extensions ['ros']
[0.475s] Level 1:colcon.colcon_core.package_identification:_identify(src/ros2_kortex_vision) by extension 'ros'
[0.477s] DEBUG:colcon.colcon_core.package_identification:Package 'src/ros2_kortex_vision' with type 'ros.ament_cmake' and name 'kinova_vision'
[0.477s] Level 1:colcon.colcon_core.package_discovery:discover_packages(recursive) using defaults
[0.477s] Level 1:colcon.colcon_core.package_discovery:discover_packages(ignore) discover
[0.477s] Level 1:colcon.colcon_core.package_discovery:discover_packages(ignore) using defaults
[0.477s] Level 1:colcon.colcon_core.package_discovery:discover_packages(path) discover
[0.477s] Level 1:colcon.colcon_core.package_discovery:discover_packages(path) using defaults
[0.519s] Level 1:colcon.colcon_core.package_discovery:discover_packages(prefix_path) check parameters
[0.519s] Level 1:colcon.colcon_core.package_discovery:discover_packages(prefix_path) discover
[0.529s] DEBUG:colcon.colcon_installed_package_information.package_discovery:Found 443 installed packages in /opt/ros/jazzy
[0.532s] Level 1:colcon.colcon_core.package_discovery:discover_packages(prefix_path) using defaults
[0.666s] Level 5:colcon.colcon_core.verb:set package 'coord2b' build argument 'cmake_args' from command line to 'None'
[0.666s] Level 5:colcon.colcon_core.verb:set package 'coord2b' build argument 'cmake_target' from command line to 'None'
[0.666s] Level 5:colcon.colcon_core.verb:set package 'coord2b' build argument 'cmake_target_skip_unavailable' from command line to 'False'
[0.666s] Level 5:colcon.colcon_core.verb:set package 'coord2b' build argument 'cmake_clean_cache' from command line to 'False'
[0.666s] Level 5:colcon.colcon_core.verb:set package 'coord2b' build argument 'cmake_clean_first' from command line to 'False'
[0.666s] Level 5:colcon.colcon_core.verb:set package 'coord2b' build argument 'cmake_force_configure' from command line to 'False'
[0.666s] Level 5:colcon.colcon_core.verb:set package 'coord2b' build argument 'ament_cmake_args' from command line to 'None'
[0.666s] Level 5:colcon.colcon_core.verb:set package 'coord2b' build argument 'catkin_cmake_args' from command line to 'None'
[0.666s] Level 5:colcon.colcon_core.verb:set package 'coord2b' build argument 'catkin_skip_building_tests' from command line to 'False'
[0.666s] DEBUG:colcon.colcon_core.verb:Building package 'coord2b' with the following arguments: {'ament_cmake_args': None, 'build_base': '/home/wasim/r4s/build/coord2b', 'catkin_cmake_args': None, 'catkin_skip_building_tests': False, 'cmake_args': None, 'cmake_clean_cache': False, 'cmake_clean_first': False, 'cmake_force_configure': False, 'cmake_target': None, 'cmake_target_skip_unavailable': False, 'install_base': '/home/wasim/r4s/install/coord2b', 'merge_install': False, 'path': '/home/wasim/r4s/src/coord2b', 'symlink_install': False, 'test_result_base': None}
[0.667s] Level 5:colcon.colcon_core.verb:set package 'eddie_pmu_control' build argument 'cmake_args' from command line to 'None'
[0.667s] Level 5:colcon.colcon_core.verb:set package 'eddie_pmu_control' build argument 'cmake_target' from command line to 'None'
[0.667s] Level 5:colcon.colcon_core.verb:set package 'eddie_pmu_control' build argument 'cmake_target_skip_unavailable' from command line to 'False'
[0.667s] Level 5:colcon.colcon_core.verb:set package 'eddie_pmu_control' build argument 'cmake_clean_cache' from command line to 'False'
[0.667s] Level 5:colcon.colcon_core.verb:set package 'eddie_pmu_control' build argument 'cmake_clean_first' from command line to 'False'
[0.667s] Level 5:colcon.colcon_core.verb:set package 'eddie_pmu_control' build argument 'cmake_force_configure' from command line to 'False'
[0.667s] Level 5:colcon.colcon_core.verb:set package 'eddie_pmu_control' build argument 'ament_cmake_args' from command line to 'None'
[0.667s] Level 5:colcon.colcon_core.verb:set package 'eddie_pmu_control' build argument 'catkin_cmake_args' from command line to 'None'
[0.667s] Level 5:colcon.colcon_core.verb:set package 'eddie_pmu_control' build argument 'catkin_skip_building_tests' from command line to 'False'
[0.667s] DEBUG:colcon.colcon_core.verb:Building package 'eddie_pmu_control' with the following arguments: {'ament_cmake_args': None, 'build_base': '/home/wasim/r4s/build/eddie_pmu_control', 'catkin_cmake_args': None, 'catkin_skip_building_tests': False, 'cmake_args': None, 'cmake_clean_cache': False, 'cmake_clean_first': False, 'cmake_force_configure': False, 'cmake_target': None, 'cmake_target_skip_unavailable': False, 'install_base': '/home/wasim/r4s/install/eddie_pmu_control', 'merge_install': False, 'path': '/home/wasim/r4s/src/eddie_pmu_control', 'symlink_install': False, 'test_result_base': None}
[0.668s] Level 5:colcon.colcon_core.verb:set package 'kinova_vision' build argument 'cmake_args' from command line to 'None'
[0.668s] Level 5:colcon.colcon_core.verb:set package 'kinova_vision' build argument 'cmake_target' from command line to 'None'
[0.668s] Level 5:colcon.colcon_core.verb:set package 'kinova_vision' build argument 'cmake_target_skip_unavailable' from command line to 'False'
[0.668s] Level 5:colcon.colcon_core.verb:set package 'kinova_vision' build argument 'cmake_clean_cache' from command line to 'False'
[0.668s] Level 5:colcon.colcon_core.verb:set package 'kinova_vision' build argument 'cmake_clean_first' from command line to 'False'
[0.668s] Level 5:colcon.colcon_core.verb:set package 'kinova_vision' build argument 'cmake_force_configure' from command line to 'False'
[0.668s] Level 5:colcon.colcon_core.verb:set package 'kinova_vision' build argument 'ament_cmake_args' from command line to 'None'
[0.668s] Level 5:colcon.colcon_core.verb:set package 'kinova_vision' build argument 'catkin_cmake_args' from command line to 'None'
[0.668s] Level 5:colcon.colcon_core.verb:set package 'kinova_vision' build argument 'catkin_skip_building_tests' from command line to 'False'
[0.668s] DEBUG:colcon.colcon_core.verb:Building package 'kinova_vision' with the following arguments: {'ament_cmake_args': None, 'build_base': '/home/wasim/r4s/build/kinova_vision', 'catkin_cmake_args': None, 'catkin_skip_building_tests': False, 'cmake_args': None, 'cmake_clean_cache': False, 'cmake_clean_first': False, 'cmake_force_configure': False, 'cmake_target': None, 'cmake_target_skip_unavailable': False, 'install_base': '/home/wasim/r4s/install/kinova_vision', 'merge_install': False, 'path': '/home/wasim/r4s/src/ros2_kortex_vision', 'symlink_install': False, 'test_result_base': None}
[0.669s] Level 5:colcon.colcon_core.verb:set package 'orocos_kdl' build argument 'cmake_args' from command line to 'None'
[0.669s] Level 5:colcon.colcon_core.verb:set package 'orocos_kdl' build argument 'cmake_target' from command line to 'None'
[0.669s] Level 5:colcon.colcon_core.verb:set package 'orocos_kdl' build argument 'cmake_target_skip_unavailable' from command line to 'False'
[0.669s] Level 5:colcon.colcon_core.verb:set package 'orocos_kdl' build argument 'cmake_clean_cache' from command line to 'False'
[0.669s] Level 5:colcon.colcon_core.verb:set package 'orocos_kdl' build argument 'cmake_clean_first' from command line to 'False'
[0.669s] Level 5:colcon.colcon_core.verb:set package 'orocos_kdl' build argument 'cmake_force_configure' from command line to 'False'
[0.669s] Level 5:colcon.colcon_core.verb:set package 'orocos_kdl' build argument 'ament_cmake_args' from command line to 'None'
[0.669s] Level 5:colcon.colcon_core.verb:set package 'orocos_kdl' build argument 'catkin_cmake_args' from command line to 'None'
[0.669s] Level 5:colcon.colcon_core.verb:set package 'orocos_kdl' build argument 'catkin_skip_building_tests' from command line to 'False'
[0.669s] DEBUG:colcon.colcon_core.verb:Building package 'orocos_kdl' with the following arguments: {'ament_cmake_args': None, 'build_base': '/home/wasim/r4s/build/orocos_kdl', 'catkin_cmake_args': None, 'catkin_skip_building_tests': False, 'cmake_args': None, 'cmake_clean_cache': False, 'cmake_clean_first': False, 'cmake_force_configure': False, 'cmake_target': None, 'cmake_target_skip_unavailable': False, 'install_base': '/home/wasim/r4s/install/orocos_kdl', 'merge_install': False, 'path': '/home/wasim/r4s/src/orocos_kinematics_dynamics/orocos_kdl', 'symlink_install': False, 'test_result_base': None}
[0.670s] Level 5:colcon.colcon_core.verb:set package 'robif2b' build argument 'cmake_args' from command line to 'None'
[0.670s] Level 5:colcon.colcon_core.verb:overwrite package 'robif2b' build argument 'cmake_args' from package metadata with '['-DENABLE_ETHERCAT=ON', '-DENABLE_KELO=ON', '-DENABLE_KORTEX=ON', '-DCMAKE_BUILD_TYPE=Debug', '-DENABLE_KORTEX_API_AUTO_DOWNLOAD=ON']' (before: 'None')
[0.670s] Level 5:colcon.colcon_core.verb:set package 'robif2b' build argument 'cmake_target' from command line to 'None'
[0.670s] Level 5:colcon.colcon_core.verb:set package 'robif2b' build argument 'cmake_target_skip_unavailable' from command line to 'False'
[0.670s] Level 5:colcon.colcon_core.verb:set package 'robif2b' build argument 'cmake_clean_cache' from command line to 'False'
[0.670s] Level 5:colcon.colcon_core.verb:set package 'robif2b' build argument 'cmake_clean_first' from command line to 'False'
[0.670s] Level 5:colcon.colcon_core.verb:set package 'robif2b' build argument 'cmake_force_configure' from command line to 'False'
[0.670s] Level 5:colcon.colcon_core.verb:set package 'robif2b' build argument 'ament_cmake_args' from command line to 'None'
[0.670s] Level 5:colcon.colcon_core.verb:set package 'robif2b' build argument 'catkin_cmake_args' from command line to 'None'
[0.670s] Level 5:colcon.colcon_core.verb:set package 'robif2b' build argument 'catkin_skip_building_tests' from command line to 'False'
[0.670s] DEBUG:colcon.colcon_core.verb:Building package 'robif2b' with the following arguments: {'ament_cmake_args': None, 'build_base': '/home/wasim/r4s/build/robif2b', 'catkin_cmake_args': None, 'catkin_skip_building_tests': False, 'cmake_args': ['-DENABLE_ETHERCAT=ON', '-DENABLE_KELO=ON', '-DENABLE_KORTEX=ON', '-DCMAKE_BUILD_TYPE=Debug', '-DENABLE_KORTEX_API_AUTO_DOWNLOAD=ON'], 'cmake_clean_cache': False, 'cmake_clean_first': False, 'cmake_force_configure': False, 'cmake_target': None, 'cmake_target_skip_unavailable': False, 'install_base': '/home/wasim/r4s/install/robif2b', 'merge_install': False, 'path': '/home/wasim/r4s/src/robif2b', 'symlink_install': False, 'test_result_base': None}
[0.671s] Level 5:colcon.colcon_core.verb:set package 'eddie-ros' build argument 'cmake_args' from command line to 'None'
[0.671s] Level 5:colcon.colcon_core.verb:set package 'eddie-ros' build argument 'cmake_target' from command line to 'None'
[0.671s] Level 5:colcon.colcon_core.verb:set package 'eddie-ros' build argument 'cmake_target_skip_unavailable' from command line to 'False'
[0.671s] Level 5:colcon.colcon_core.verb:set package 'eddie-ros' build argument 'cmake_clean_cache' from command line to 'False'
[0.671s] Level 5:colcon.colcon_core.verb:set package 'eddie-ros' build argument 'cmake_clean_first' from command line to 'False'
[0.671s] Level 5:colcon.colcon_core.verb:set package 'eddie-ros' build argument 'cmake_force_configure' from command line to 'False'
[0.671s] Level 5:colcon.colcon_core.verb:set package 'eddie-ros' build argument 'ament_cmake_args' from command line to 'None'
[0.671s] Level 5:colcon.colcon_core.verb:set package 'eddie-ros' build argument 'catkin_cmake_args' from command line to 'None'
[0.671s] Level 5:colcon.colcon_core.verb:set package 'eddie-ros' build argument 'catkin_skip_building_tests' from command line to 'False'
[0.671s] DEBUG:colcon.colcon_core.verb:Building package 'eddie-ros' with the following arguments: {'ament_cmake_args': None, 'build_base': '/home/wasim/r4s/build/eddie-ros', 'catkin_cmake_args': None, 'catkin_skip_building_tests': False, 'cmake_args': None, 'cmake_clean_cache': False, 'cmake_clean_first': False, 'cmake_force_configure': False, 'cmake_target': None, 'cmake_target_skip_unavailable': False, 'install_base': '/home/wasim/r4s/install/eddie-ros', 'merge_install': False, 'path': '/home/wasim/r4s/src/eddie-ros', 'symlink_install': False, 'test_result_base': None}
[0.672s] Level 5:colcon.colcon_core.verb:set package 'python_orocos_kdl' build argument 'cmake_args' from command line to 'None'
[0.672s] Level 5:colcon.colcon_core.verb:set package 'python_orocos_kdl' build argument 'cmake_target' from command line to 'None'
[0.672s] Level 5:colcon.colcon_core.verb:set package 'python_orocos_kdl' build argument 'cmake_target_skip_unavailable' from command line to 'False'
[0.672s] Level 5:colcon.colcon_core.verb:set package 'python_orocos_kdl' build argument 'cmake_clean_cache' from command line to 'False'
[0.672s] Level 5:colcon.colcon_core.verb:set package 'python_orocos_kdl' build argument 'cmake_clean_first' from command line to 'False'
[0.672s] Level 5:colcon.colcon_core.verb:set package 'python_orocos_kdl' build argument 'cmake_force_configure' from command line to 'False'
[0.672s] Level 5:colcon.colcon_core.verb:set package 'python_orocos_kdl' build argument 'ament_cmake_args' from command line to 'None'
[0.672s] Level 5:colcon.colcon_core.verb:set package 'python_orocos_kdl' build argument 'catkin_cmake_args' from command line to 'None'
[0.672s] Level 5:colcon.colcon_core.verb:set package 'python_orocos_kdl' build argument 'catkin_skip_building_tests' from command line to 'False'
[0.672s] DEBUG:colcon.colcon_core.verb:Building package 'python_orocos_kdl' with the following arguments: {'ament_cmake_args': None, 'build_base': '/home/wasim/r4s/build/python_orocos_kdl', 'catkin_cmake_args': None, 'catkin_skip_building_tests': False, 'cmake_args': None, 'cmake_clean_cache': False, 'cmake_clean_first': False, 'cmake_force_configure': False, 'cmake_target': None, 'cmake_target_skip_unavailable': False, 'install_base': '/home/wasim/r4s/install/python_orocos_kdl', 'merge_install': False, 'path': '/home/wasim/r4s/src/orocos_kinematics_dynamics/python_orocos_kdl', 'symlink_install': False, 'test_result_base': None}
[0.672s] INFO:colcon.colcon_core.executor:Executing jobs using 'parallel' executor
[0.674s] DEBUG:colcon.colcon_parallel_executor.executor.parallel:run_until_complete
[0.675s] INFO:colcon.colcon_ros.task.cmake.build:Building ROS package in '/home/wasim/r4s/src/orocos_kinematics_dynamics/orocos_kdl' with build type 'cmake'
[0.675s] INFO:colcon.colcon_cmake.task.cmake.build:Building CMake package in '/home/wasim/r4s/src/orocos_kinematics_dynamics/orocos_kdl'
[0.680s] INFO:colcon.colcon_core.plugin_system:Skipping extension 'colcon_core.shell.bat': Not used on non-Windows systems
[0.680s] INFO:colcon.colcon_core.shell:Skip shell extension 'powershell' for command environment: Not usable outside of PowerShell
[0.680s] DEBUG:colcon.colcon_core.shell:Skip shell extension 'dsv' for command environment
[0.690s] INFO:colcon.colcon_cmake.task.cmake.build:Building CMake package in '/home/wasim/r4s/src/coord2b'
[0.690s] INFO:colcon.colcon_core.shell:Skip shell extension 'powershell' for command environment: Not usable outside of PowerShell
[0.690s] DEBUG:colcon.colcon_core.shell:Skip shell extension 'dsv' for command environment
[0.698s] INFO:colcon.colcon_cmake.task.cmake.build:Building CMake package in '/home/wasim/r4s/src/robif2b'
[0.699s] INFO:colcon.colcon_core.shell:Skip shell extension 'powershell' for command environment: Not usable outside of PowerShell
[0.699s] DEBUG:colcon.colcon_core.shell:Skip shell extension 'dsv' for command environment
[0.707s] INFO:colcon.colcon_cmake.task.cmake.build:Building CMake package in '/home/wasim/r4s/src/eddie_pmu_control'
[0.708s] INFO:colcon.colcon_core.shell:Skip shell extension 'powershell' for command environment: Not usable outside of PowerShell
[0.708s] DEBUG:colcon.colcon_core.shell:Skip shell extension 'dsv' for command environment
[0.717s] INFO:colcon.colcon_ros.task.ament_cmake.build:Building ROS package in '/home/wasim/r4s/src/ros2_kortex_vision' with build type 'ament_cmake'
[0.717s] INFO:colcon.colcon_cmake.task.cmake.build:Building CMake package in '/home/wasim/r4s/src/ros2_kortex_vision'
[0.718s] INFO:colcon.colcon_core.shell:Skip shell extension 'powershell' for command environment: Not usable outside of PowerShell
[0.718s] DEBUG:colcon.colcon_core.shell:Skip shell extension 'dsv' for command environment
[0.739s] DEBUG:colcon.colcon_core.event_handler.log_command:Invoking command in '/home/wasim/r4s/build/orocos_kdl': CMAKE_PREFIX_PATH=${CMAKE_PREFIX_PATH}:/opt/ros/jazzy DEBUGINFOD_URLS=https://debuginfod.ubuntu.com /usr/bin/cmake --build /home/wasim/r4s/build/orocos_kdl -- -j16 -l16
[0.746s] DEBUG:colcon.colcon_core.event_handler.log_command:Invoking command in '/home/wasim/r4s/build/coord2b': DEBUGINFOD_URLS=https://debuginfod.ubuntu.com /usr/bin/cmake --build /home/wasim/r4s/build/coord2b -- -j16 -l16
[0.751s] DEBUG:colcon.colcon_core.event_handler.log_command:Invoking command in '/home/wasim/r4s/build/robif2b': DEBUGINFOD_URLS=https://debuginfod.ubuntu.com /usr/bin/cmake --build /home/wasim/r4s/build/robif2b -- -j16 -l16
[0.760s] DEBUG:colcon.colcon_core.event_handler.log_command:Invoking command in '/home/wasim/r4s/build/eddie_pmu_control': DEBUGINFOD_URLS=https://debuginfod.ubuntu.com /usr/bin/cmake --build /home/wasim/r4s/build/eddie_pmu_control -- -j16 -l16
[0.769s] DEBUG:colcon.colcon_core.event_handler.log_command:Invoking command in '/home/wasim/r4s/build/kinova_vision': CMAKE_PREFIX_PATH=${CMAKE_PREFIX_PATH}:/opt/ros/jazzy DEBUGINFOD_URLS=https://debuginfod.ubuntu.com /usr/bin/cmake /home/wasim/r4s/src/ros2_kortex_vision -DCMAKE_INSTALL_PREFIX=/home/wasim/r4s/install/kinova_vision
[0.925s] DEBUG:colcon.colcon_core.event_handler.log_command:Invoked command in '/home/wasim/r4s/build/eddie_pmu_control' returned '0': DEBUGINFOD_URLS=https://debuginfod.ubuntu.com /usr/bin/cmake --build /home/wasim/r4s/build/eddie_pmu_control -- -j16 -l16
[0.954s] DEBUG:colcon.colcon_core.event_handler.log_command:Invoking command in '/home/wasim/r4s/build/eddie_pmu_control': DEBUGINFOD_URLS=https://debuginfod.ubuntu.com /usr/bin/cmake --install /home/wasim/r4s/build/eddie_pmu_control
[0.980s] Level 1:colcon.colcon_core.environment:create_environment_scripts_only(eddie_pmu_control)
[0.982s] DEBUG:colcon.colcon_core.event_handler.log_command:Invoked command in '/home/wasim/r4s/build/eddie_pmu_control' returned '0': DEBUGINFOD_URLS=https://debuginfod.ubuntu.com /usr/bin/cmake --install /home/wasim/r4s/build/eddie_pmu_control
[0.987s] Level 1:colcon.colcon_core.environment:checking '/home/wasim/r4s/install/eddie_pmu_control' for CMake module files
[0.988s] Level 1:colcon.colcon_core.environment:checking '/home/wasim/r4s/install/eddie_pmu_control' for CMake config files
[0.989s] Level 1:colcon.colcon_core.environment:checking '/home/wasim/r4s/install/eddie_pmu_control/bin'
[0.989s] Level 1:colcon.colcon_core.shell:create_environment_hook('eddie_pmu_control', 'path')
[0.990s] INFO:colcon.colcon_core.shell:Creating environment hook '/home/wasim/r4s/install/eddie_pmu_control/share/eddie_pmu_control/hook/path.ps1'
[0.991s] INFO:colcon.colcon_core.shell:Creating environment descriptor '/home/wasim/r4s/install/eddie_pmu_control/share/eddie_pmu_control/hook/path.dsv'
[0.992s] INFO:colcon.colcon_core.shell:Creating environment hook '/home/wasim/r4s/install/eddie_pmu_control/share/eddie_pmu_control/hook/path.sh'
[0.994s] Level 1:colcon.colcon_core.environment:checking '/home/wasim/r4s/install/eddie_pmu_control/lib/pkgconfig/eddie_pmu_control.pc'
[0.995s] Level 1:colcon.colcon_core.environment:checking '/home/wasim/r4s/install/eddie_pmu_control/lib/python3.12/site-packages'
[0.995s] Level 1:colcon.colcon_core.environment:checking '/home/wasim/r4s/install/eddie_pmu_control/bin'
[0.996s] Level 1:colcon.colcon_core.shell:create_environment_hook('eddie_pmu_control', 'pythonscriptspath')
[0.996s] INFO:colcon.colcon_core.shell:Creating environment hook '/home/wasim/r4s/install/eddie_pmu_control/share/eddie_pmu_control/hook/pythonscriptspath.ps1'
[1.022s] INFO:colcon.colcon_core.shell:Creating environment descriptor '/home/wasim/r4s/install/eddie_pmu_control/share/eddie_pmu_control/hook/pythonscriptspath.dsv'
[1.023s] INFO:colcon.colcon_core.shell:Creating environment hook '/home/wasim/r4s/install/eddie_pmu_control/share/eddie_pmu_control/hook/pythonscriptspath.sh'
[1.024s] INFO:colcon.colcon_core.shell:Creating package script '/home/wasim/r4s/install/eddie_pmu_control/share/eddie_pmu_control/package.ps1'
[1.026s] INFO:colcon.colcon_core.shell:Creating package descriptor '/home/wasim/r4s/install/eddie_pmu_control/share/eddie_pmu_control/package.dsv'
[1.027s] INFO:colcon.colcon_core.shell:Creating package script '/home/wasim/r4s/install/eddie_pmu_control/share/eddie_pmu_control/package.sh'
[1.029s] INFO:colcon.colcon_core.shell:Creating package script '/home/wasim/r4s/install/eddie_pmu_control/share/eddie_pmu_control/package.bash'
[1.030s] INFO:colcon.colcon_core.shell:Creating package script '/home/wasim/r4s/install/eddie_pmu_control/share/eddie_pmu_control/package.zsh'
[1.031s] Level 1:colcon.colcon_core.environment:create_file_with_runtime_dependencies(/home/wasim/r4s/install/eddie_pmu_control/share/colcon-core/packages/eddie_pmu_control)
[1.035s] DEBUG:colcon.colcon_core.event_handler.log_command:Invoked command in '/home/wasim/r4s/build/robif2b' returned '0': DEBUGINFOD_URLS=https://debuginfod.ubuntu.com /usr/bin/cmake --build /home/wasim/r4s/build/robif2b -- -j16 -l16
[1.039s] DEBUG:colcon.colcon_core.event_handler.log_command:Invoking command in '/home/wasim/r4s/build/robif2b': DEBUGINFOD_URLS=https://debuginfod.ubuntu.com /usr/bin/cmake --install /home/wasim/r4s/build/robif2b
[1.041s] DEBUG:colcon.colcon_core.event_handler.log_command:Invoked command in '/home/wasim/r4s/build/coord2b' returned '0': DEBUGINFOD_URLS=https://debuginfod.ubuntu.com /usr/bin/cmake --build /home/wasim/r4s/build/coord2b -- -j16 -l16
[1.044s] DEBUG:colcon.colcon_core.event_handler.log_command:Invoking command in '/home/wasim/r4s/build/coord2b': DEBUGINFOD_URLS=https://debuginfod.ubuntu.com /usr/bin/cmake --install /home/wasim/r4s/build/coord2b
[1.045s] DEBUG:colcon.colcon_core.event_handler.log_command:Invoked command in '/home/wasim/r4s/build/orocos_kdl' returned '0': CMAKE_PREFIX_PATH=${CMAKE_PREFIX_PATH}:/opt/ros/jazzy DEBUGINFOD_URLS=https://debuginfod.ubuntu.com /usr/bin/cmake --build /home/wasim/r4s/build/orocos_kdl -- -j16 -l16
[1.047s] DEBUG:colcon.colcon_core.event_handler.log_command:Invoking command in '/home/wasim/r4s/build/orocos_kdl': CMAKE_PREFIX_PATH=${CMAKE_PREFIX_PATH}:/opt/ros/jazzy DEBUGINFOD_URLS=https://debuginfod.ubuntu.com /usr/bin/cmake --install /home/wasim/r4s/build/orocos_kdl
[1.074s] Level 1:colcon.colcon_core.environment:create_environment_scripts_only(coord2b)
[1.075s] Level 1:colcon.colcon_core.environment:checking '/home/wasim/r4s/install/coord2b' for CMake module files
[1.083s] Level 1:colcon.colcon_core.environment:checking '/home/wasim/r4s/install/coord2b' for CMake config files
[1.086s] DEBUG:colcon.colcon_core.event_handler.log_command:Invoked command in '/home/wasim/r4s/build/coord2b' returned '0': DEBUGINFOD_URLS=https://debuginfod.ubuntu.com /usr/bin/cmake --install /home/wasim/r4s/build/coord2b
[1.102s] Level 1:colcon.colcon_core.shell:create_environment_hook('coord2b', 'cmake_prefix_path')
[1.102s] INFO:colcon.colcon_core.shell:Creating environment hook '/home/wasim/r4s/install/coord2b/share/coord2b/hook/cmake_prefix_path.ps1'
[1.103s] INFO:colcon.colcon_core.shell:Creating environment descriptor '/home/wasim/r4s/install/coord2b/share/coord2b/hook/cmake_prefix_path.dsv'
[1.104s] INFO:colcon.colcon_core.shell:Creating environment hook '/home/wasim/r4s/install/coord2b/share/coord2b/hook/cmake_prefix_path.sh'
[1.106s] Level 1:colcon.colcon_core.environment:checking '/home/wasim/r4s/install/coord2b/lib'
[1.106s] Level 1:colcon.colcon_core.shell:create_environment_hook('coord2b', 'ld_library_path_lib')
[1.107s] INFO:colcon.colcon_core.shell:Creating environment hook '/home/wasim/r4s/install/coord2b/share/coord2b/hook/ld_library_path_lib.ps1'
[1.108s] INFO:colcon.colcon_core.shell:Creating environment descriptor '/home/wasim/r4s/install/coord2b/share/coord2b/hook/ld_library_path_lib.dsv'
[1.109s] INFO:colcon.colcon_core.shell:Creating environment hook '/home/wasim/r4s/install/coord2b/share/coord2b/hook/ld_library_path_lib.sh'
[1.110s] Level 1:colcon.colcon_core.environment:checking '/home/wasim/r4s/install/coord2b/bin'
[1.110s] Level 1:colcon.colcon_core.environment:checking '/home/wasim/r4s/install/coord2b/lib/pkgconfig/coord2b.pc'
[1.110s] Level 1:colcon.colcon_core.environment:checking '/home/wasim/r4s/install/coord2b/lib/python3.12/site-packages'
[1.111s] Level 1:colcon.colcon_core.environment:checking '/home/wasim/r4s/install/coord2b/bin'
[1.111s] INFO:colcon.colcon_core.shell:Creating package script '/home/wasim/r4s/install/coord2b/share/coord2b/package.ps1'
[1.112s] INFO:colcon.colcon_core.shell:Creating package descriptor '/home/wasim/r4s/install/coord2b/share/coord2b/package.dsv'
[1.113s] INFO:colcon.colcon_core.shell:Creating package script '/home/wasim/r4s/install/coord2b/share/coord2b/package.sh'
[1.114s] INFO:colcon.colcon_core.shell:Creating package script '/home/wasim/r4s/install/coord2b/share/coord2b/package.bash'
[1.115s] INFO:colcon.colcon_core.shell:Creating package script '/home/wasim/r4s/install/coord2b/share/coord2b/package.zsh'
[1.116s] Level 1:colcon.colcon_core.environment:create_file_with_runtime_dependencies(/home/wasim/r4s/install/coord2b/share/colcon-core/packages/coord2b)
[1.119s] Level 1:colcon.colcon_core.environment:create_environment_scripts_only(robif2b)
[1.120s] Level 1:colcon.colcon_core.environment:checking '/home/wasim/r4s/install/robif2b' for CMake module files
[1.121s] DEBUG:colcon.colcon_core.event_handler.log_command:Invoked command in '/home/wasim/r4s/build/robif2b' returned '0': DEBUGINFOD_URLS=https://debuginfod.ubuntu.com /usr/bin/cmake --install /home/wasim/r4s/build/robif2b
[1.122s] Level 1:colcon.colcon_core.environment:checking '/home/wasim/r4s/install/robif2b' for CMake config files
[1.125s] Level 1:colcon.colcon_core.shell:create_environment_hook('robif2b', 'cmake_prefix_path')
[1.125s] INFO:colcon.colcon_core.shell:Creating environment hook '/home/wasim/r4s/install/robif2b/share/robif2b/hook/cmake_prefix_path.ps1'
[1.126s] INFO:colcon.colcon_core.shell:Creating environment descriptor '/home/wasim/r4s/install/robif2b/share/robif2b/hook/cmake_prefix_path.dsv'
[1.127s] INFO:colcon.colcon_core.shell:Creating environment hook '/home/wasim/r4s/install/robif2b/share/robif2b/hook/cmake_prefix_path.sh'
[1.129s] Level 1:colcon.colcon_core.environment:checking '/home/wasim/r4s/install/robif2b/lib'
[1.129s] Level 1:colcon.colcon_core.shell:create_environment_hook('robif2b', 'ld_library_path_lib')
[1.129s] INFO:colcon.colcon_core.shell:Creating environment hook '/home/wasim/r4s/install/robif2b/share/robif2b/hook/ld_library_path_lib.ps1'
[1.130s] INFO:colcon.colcon_core.shell:Creating environment descriptor '/home/wasim/r4s/install/robif2b/share/robif2b/hook/ld_library_path_lib.dsv'
[1.131s] INFO:colcon.colcon_core.shell:Creating environment hook '/home/wasim/r4s/install/robif2b/share/robif2b/hook/ld_library_path_lib.sh'
[1.132s] Level 1:colcon.colcon_core.environment:checking '/home/wasim/r4s/install/robif2b/bin'
[1.132s] Level 1:colcon.colcon_core.environment:checking '/home/wasim/r4s/install/robif2b/lib/pkgconfig/robif2b.pc'
[1.133s] Level 1:colcon.colcon_core.environment:checking '/home/wasim/r4s/install/robif2b/lib/python3.12/site-packages'
[1.133s] Level 1:colcon.colcon_core.environment:checking '/home/wasim/r4s/install/robif2b/bin'
[1.134s] INFO:colcon.colcon_core.shell:Creating package script '/home/wasim/r4s/install/robif2b/share/robif2b/package.ps1'
[1.135s] INFO:colcon.colcon_core.shell:Creating package descriptor '/home/wasim/r4s/install/robif2b/share/robif2b/package.dsv'
[1.136s] INFO:colcon.colcon_core.shell:Creating package script '/home/wasim/r4s/install/robif2b/share/robif2b/package.sh'
[1.136s] INFO:colcon.colcon_core.shell:Creating package script '/home/wasim/r4s/install/robif2b/share/robif2b/package.bash'
[1.137s] INFO:colcon.colcon_core.shell:Creating package script '/home/wasim/r4s/install/robif2b/share/robif2b/package.zsh'
[1.138s] Level 1:colcon.colcon_core.environment:create_file_with_runtime_dependencies(/home/wasim/r4s/install/robif2b/share/colcon-core/packages/robif2b)
[1.140s] Level 1:colcon.colcon_core.shell:create_environment_hook('orocos_kdl', 'pkg_config_path')
[1.141s] INFO:colcon.colcon_core.shell:Creating environment hook '/home/wasim/r4s/install/orocos_kdl/share/orocos_kdl/hook/pkg_config_path.ps1'
[1.142s] DEBUG:colcon.colcon_core.event_handler.log_command:Invoked command in '/home/wasim/r4s/build/orocos_kdl' returned '0': CMAKE_PREFIX_PATH=${CMAKE_PREFIX_PATH}:/opt/ros/jazzy DEBUGINFOD_URLS=https://debuginfod.ubuntu.com /usr/bin/cmake --install /home/wasim/r4s/build/orocos_kdl
[1.143s] INFO:colcon.colcon_core.shell:Creating environment descriptor '/home/wasim/r4s/install/orocos_kdl/share/orocos_kdl/hook/pkg_config_path.dsv'
[1.143s] INFO:colcon.colcon_core.shell:Creating environment hook '/home/wasim/r4s/install/orocos_kdl/share/orocos_kdl/hook/pkg_config_path.sh'
[1.148s] Level 1:colcon.colcon_core.shell:create_environment_hook('orocos_kdl', 'pkg_config_path_multiarch')
[1.149s] INFO:colcon.colcon_core.shell:Creating environment hook '/home/wasim/r4s/install/orocos_kdl/share/orocos_kdl/hook/pkg_config_path_multiarch.ps1'
[1.150s] INFO:colcon.colcon_core.shell:Creating environment descriptor '/home/wasim/r4s/install/orocos_kdl/share/orocos_kdl/hook/pkg_config_path_multiarch.dsv'
[1.151s] INFO:colcon.colcon_core.shell:Creating environment hook '/home/wasim/r4s/install/orocos_kdl/share/orocos_kdl/hook/pkg_config_path_multiarch.sh'
[1.152s] Level 1:colcon.colcon_core.environment:create_environment_scripts_only(orocos_kdl)
[1.153s] Level 1:colcon.colcon_core.environment:checking '/home/wasim/r4s/install/orocos_kdl' for CMake module files
[1.154s] Level 1:colcon.colcon_core.shell:create_environment_hook('orocos_kdl', 'cmake_module_path')
[1.154s] INFO:colcon.colcon_core.shell:Creating environment hook '/home/wasim/r4s/install/orocos_kdl/share/orocos_kdl/hook/cmake_module_path.ps1'
[1.156s] INFO:colcon.colcon_core.shell:Creating environment descriptor '/home/wasim/r4s/install/orocos_kdl/share/orocos_kdl/hook/cmake_module_path.dsv'
[1.156s] INFO:colcon.colcon_core.shell:Creating environment hook '/home/wasim/r4s/install/orocos_kdl/share/orocos_kdl/hook/cmake_module_path.sh'
[1.158s] Level 1:colcon.colcon_core.environment:checking '/home/wasim/r4s/install/orocos_kdl' for CMake config files
[1.158s] Level 1:colcon.colcon_core.shell:create_environment_hook('orocos_kdl', 'cmake_prefix_path')
[1.159s] INFO:colcon.colcon_core.shell:Creating environment hook '/home/wasim/r4s/install/orocos_kdl/share/orocos_kdl/hook/cmake_prefix_path.ps1'
[1.160s] INFO:colcon.colcon_core.shell:Creating environment descriptor '/home/wasim/r4s/install/orocos_kdl/share/orocos_kdl/hook/cmake_prefix_path.dsv'
[1.160s] INFO:colcon.colcon_core.shell:Creating environment hook '/home/wasim/r4s/install/orocos_kdl/share/orocos_kdl/hook/cmake_prefix_path.sh'
[1.162s] Level 1:colcon.colcon_core.environment:checking '/home/wasim/r4s/install/orocos_kdl/lib'
[1.162s] Level 1:colcon.colcon_core.shell:create_environment_hook('orocos_kdl', 'ld_library_path_lib')
[1.162s] INFO:colcon.colcon_core.shell:Creating environment hook '/home/wasim/r4s/install/orocos_kdl/share/orocos_kdl/hook/ld_library_path_lib.ps1'
[1.163s] INFO:colcon.colcon_core.shell:Creating environment descriptor '/home/wasim/r4s/install/orocos_kdl/share/orocos_kdl/hook/ld_library_path_lib.dsv'
[1.164s] INFO:colcon.colcon_core.shell:Creating environment hook '/home/wasim/r4s/install/orocos_kdl/share/orocos_kdl/hook/ld_library_path_lib.sh'
[1.165s] Level 1:colcon.colcon_core.environment:checking '/home/wasim/r4s/install/orocos_kdl/bin'
[1.165s] Level 1:colcon.colcon_core.environment:checking '/home/wasim/r4s/install/orocos_kdl/lib/pkgconfig/orocos_kdl.pc'
[1.165s] Level 1:colcon.colcon_core.shell:create_environment_hook('orocos_kdl', 'pkg_config')
[1.166s] INFO:colcon.colcon_core.shell:Creating environment hook '/home/wasim/r4s/install/orocos_kdl/share/orocos_kdl/hook/pkg_config.ps1'
[1.166s] INFO:colcon.colcon_core.shell:Creating environment descriptor '/home/wasim/r4s/install/orocos_kdl/share/orocos_kdl/hook/pkg_config.dsv'
[1.167s] INFO:colcon.colcon_core.shell:Creating environment hook '/home/wasim/r4s/install/orocos_kdl/share/orocos_kdl/hook/pkg_config.sh'
[1.169s] Level 1:colcon.colcon_core.environment:checking '/home/wasim/r4s/install/orocos_kdl/lib/python3.12/site-packages'
[1.169s] Level 1:colcon.colcon_core.environment:checking '/home/wasim/r4s/install/orocos_kdl/bin'
[1.170s] INFO:colcon.colcon_core.shell:Creating package script '/home/wasim/r4s/install/orocos_kdl/share/orocos_kdl/package.ps1'
[1.171s] INFO:colcon.colcon_core.shell:Creating package descriptor '/home/wasim/r4s/install/orocos_kdl/share/orocos_kdl/package.dsv'
[1.172s] INFO:colcon.colcon_core.shell:Creating package script '/home/wasim/r4s/install/orocos_kdl/share/orocos_kdl/package.sh'
[1.174s] INFO:colcon.colcon_core.shell:Creating package script '/home/wasim/r4s/install/orocos_kdl/share/orocos_kdl/package.bash'
[1.174s] INFO:colcon.colcon_core.shell:Creating package script '/home/wasim/r4s/install/orocos_kdl/share/orocos_kdl/package.zsh'
[1.175s] Level 1:colcon.colcon_core.environment:create_file_with_runtime_dependencies(/home/wasim/r4s/install/orocos_kdl/share/colcon-core/packages/orocos_kdl)
[1.176s] INFO:colcon.colcon_ros.task.ament_cmake.build:Building ROS package in '/home/wasim/r4s/src/eddie-ros' with build type 'ament_cmake'
[1.177s] INFO:colcon.colcon_cmake.task.cmake.build:Building CMake package in '/home/wasim/r4s/src/eddie-ros'
[1.178s] INFO:colcon.colcon_core.shell:Skip shell extension 'powershell' for command environment: Not usable outside of PowerShell
[1.178s] DEBUG:colcon.colcon_core.shell:Skip shell extension 'dsv' for command environment
[1.189s] INFO:colcon.colcon_ros.task.catkin.build:Building ROS package in '/home/wasim/r4s/src/orocos_kinematics_dynamics/python_orocos_kdl' with build type 'catkin'
[1.189s] INFO:colcon.colcon_cmake.task.cmake.build:Building CMake package in '/home/wasim/r4s/src/orocos_kinematics_dynamics/python_orocos_kdl'
[1.190s] INFO:colcon.colcon_core.shell:Skip shell extension 'powershell' for command environment: Not usable outside of PowerShell
[1.190s] DEBUG:colcon.colcon_core.shell:Skip shell extension 'dsv' for command environment
[1.214s] DEBUG:colcon.colcon_core.event_handler.log_command:Invoking command in '/home/wasim/r4s/build/eddie-ros': CMAKE_MODULE_PATH=/home/wasim/r4s/install/orocos_kdl/share/orocos_kdl/cmake CMAKE_PREFIX_PATH=/home/wasim/r4s/install/robif2b:/home/wasim/r4s/install/orocos_kdl:/home/wasim/r4s/install/coord2b:/opt/ros/jazzy/opt/gz_sim_vendor:/opt/ros/jazzy/opt/gz_sensors_vendor:/opt/ros/jazzy/opt/gz_physics_vendor:/opt/ros/jazzy/opt/sdformat_vendor:/opt/ros/jazzy/opt/gz_gui_vendor:/opt/ros/jazzy/opt/gz_transport_vendor:/opt/ros/jazzy/opt/gz_rendering_vendor:/opt/ros/jazzy/opt/gz_plugin_vendor:/opt/ros/jazzy/opt/gz_fuel_tools_vendor:/opt/ros/jazzy/opt/gz_msgs_vendor:/opt/ros/jazzy/opt/gz_common_vendor:/opt/ros/jazzy/opt/gz_math_vendor:/opt/ros/jazzy/opt/gz_utils_vendor:/opt/ros/jazzy/opt/gz_tools_vendor:/opt/ros/jazzy/opt/gz_ogre_next_vendor:/opt/ros/jazzy/opt/gz_dartsim_vendor:/opt/ros/jazzy/opt/gz_cmake_vendor:/opt/ros/jazzy DEBUGINFOD_URLS=https://debuginfod.ubuntu.com LD_LIBRARY_PATH=/home/wasim/r4s/install/robif2b/lib:/home/wasim/r4s/install/orocos_kdl/lib:/home/wasim/r4s/install/coord2b/lib:${LD_LIBRARY_PATH} PKG_CONFIG_PATH=/home/wasim/r4s/install/orocos_kdl/lib/x86_64-linux-gnu/pkgconfig:/home/wasim/r4s/install/orocos_kdl/lib/pkgconfig /usr/bin/cmake --build /home/wasim/r4s/build/eddie-ros -- -j16 -l16
[1.218s] DEBUG:colcon.colcon_core.event_handler.log_command:Invoking command in '/home/wasim/r4s/build/python_orocos_kdl': CMAKE_MODULE_PATH=/home/wasim/r4s/install/orocos_kdl/share/orocos_kdl/cmake CMAKE_PREFIX_PATH=/home/wasim/r4s/install/orocos_kdl:${CMAKE_PREFIX_PATH} DEBUGINFOD_URLS=https://debuginfod.ubuntu.com LD_LIBRARY_PATH=/home/wasim/r4s/install/orocos_kdl/lib:${LD_LIBRARY_PATH} PKG_CONFIG_PATH=/home/wasim/r4s/install/orocos_kdl/lib/x86_64-linux-gnu/pkgconfig:/home/wasim/r4s/install/orocos_kdl/lib/pkgconfig /usr/bin/cmake --build /home/wasim/r4s/build/python_orocos_kdl -- -j16 -l16
[1.414s] DEBUG:colcon.colcon_core.event_handler.log_command:Invoked command in '/home/wasim/r4s/build/python_orocos_kdl' returned '0': CMAKE_MODULE_PATH=/home/wasim/r4s/install/orocos_kdl/share/orocos_kdl/cmake CMAKE_PREFIX_PATH=/home/wasim/r4s/install/orocos_kdl:${CMAKE_PREFIX_PATH} DEBUGINFOD_URLS=https://debuginfod.ubuntu.com LD_LIBRARY_PATH=/home/wasim/r4s/install/orocos_kdl/lib:${LD_LIBRARY_PATH} PKG_CONFIG_PATH=/home/wasim/r4s/install/orocos_kdl/lib/x86_64-linux-gnu/pkgconfig:/home/wasim/r4s/install/orocos_kdl/lib/pkgconfig /usr/bin/cmake --build /home/wasim/r4s/build/python_orocos_kdl -- -j16 -l16
[1.417s] DEBUG:colcon.colcon_core.event_handler.log_command:Invoking command in '/home/wasim/r4s/build/python_orocos_kdl': CMAKE_MODULE_PATH=/home/wasim/r4s/install/orocos_kdl/share/orocos_kdl/cmake CMAKE_PREFIX_PATH=/home/wasim/r4s/install/orocos_kdl:${CMAKE_PREFIX_PATH} DEBUGINFOD_URLS=https://debuginfod.ubuntu.com LD_LIBRARY_PATH=/home/wasim/r4s/install/orocos_kdl/lib:${LD_LIBRARY_PATH} PKG_CONFIG_PATH=/home/wasim/r4s/install/orocos_kdl/lib/x86_64-linux-gnu/pkgconfig:/home/wasim/r4s/install/orocos_kdl/lib/pkgconfig /usr/bin/cmake --install /home/wasim/r4s/build/python_orocos_kdl
[1.439s] DEBUG:colcon.colcon_core.event_handler.log_command:Invoked command in '/home/wasim/r4s/build/eddie-ros' returned '0': CMAKE_MODULE_PATH=/home/wasim/r4s/install/orocos_kdl/share/orocos_kdl/cmake CMAKE_PREFIX_PATH=/home/wasim/r4s/install/robif2b:/home/wasim/r4s/install/orocos_kdl:/home/wasim/r4s/install/coord2b:/opt/ros/jazzy/opt/gz_sim_vendor:/opt/ros/jazzy/opt/gz_sensors_vendor:/opt/ros/jazzy/opt/gz_physics_vendor:/opt/ros/jazzy/opt/sdformat_vendor:/opt/ros/jazzy/opt/gz_gui_vendor:/opt/ros/jazzy/opt/gz_transport_vendor:/opt/ros/jazzy/opt/gz_rendering_vendor:/opt/ros/jazzy/opt/gz_plugin_vendor:/opt/ros/jazzy/opt/gz_fuel_tools_vendor:/opt/ros/jazzy/opt/gz_msgs_vendor:/opt/ros/jazzy/opt/gz_common_vendor:/opt/ros/jazzy/opt/gz_math_vendor:/opt/ros/jazzy/opt/gz_utils_vendor:/opt/ros/jazzy/opt/gz_tools_vendor:/opt/ros/jazzy/opt/gz_ogre_next_vendor:/opt/ros/jazzy/opt/gz_dartsim_vendor:/opt/ros/jazzy/opt/gz_cmake_vendor:/opt/ros/jazzy DEBUGINFOD_URLS=https://debuginfod.ubuntu.com LD_LIBRARY_PATH=/home/wasim/r4s/install/robif2b/lib:/home/wasim/r4s/install/orocos_kdl/lib:/home/wasim/r4s/install/coord2b/lib:${LD_LIBRARY_PATH} PKG_CONFIG_PATH=/home/wasim/r4s/install/orocos_kdl/lib/x86_64-linux-gnu/pkgconfig:/home/wasim/r4s/install/orocos_kdl/lib/pkgconfig /usr/bin/cmake --build /home/wasim/r4s/build/eddie-ros -- -j16 -l16
[1.442s] DEBUG:colcon.colcon_core.event_handler.log_command:Invoking command in '/home/wasim/r4s/build/eddie-ros': CMAKE_MODULE_PATH=/home/wasim/r4s/install/orocos_kdl/share/orocos_kdl/cmake CMAKE_PREFIX_PATH=/home/wasim/r4s/install/robif2b:/home/wasim/r4s/install/orocos_kdl:/home/wasim/r4s/install/coord2b:/opt/ros/jazzy/opt/gz_sim_vendor:/opt/ros/jazzy/opt/gz_sensors_vendor:/opt/ros/jazzy/opt/gz_physics_vendor:/opt/ros/jazzy/opt/sdformat_vendor:/opt/ros/jazzy/opt/gz_gui_vendor:/opt/ros/jazzy/opt/gz_transport_vendor:/opt/ros/jazzy/opt/gz_rendering_vendor:/opt/ros/jazzy/opt/gz_plugin_vendor:/opt/ros/jazzy/opt/gz_fuel_tools_vendor:/opt/ros/jazzy/opt/gz_msgs_vendor:/opt/ros/jazzy/opt/gz_common_vendor:/opt/ros/jazzy/opt/gz_math_vendor:/opt/ros/jazzy/opt/gz_utils_vendor:/opt/ros/jazzy/opt/gz_tools_vendor:/opt/ros/jazzy/opt/gz_ogre_next_vendor:/opt/ros/jazzy/opt/gz_dartsim_vendor:/opt/ros/jazzy/opt/gz_cmake_vendor:/opt/ros/jazzy DEBUGINFOD_URLS=https://debuginfod.ubuntu.com LD_LIBRARY_PATH=/home/wasim/r4s/install/robif2b/lib:/home/wasim/r4s/install/orocos_kdl/lib:/home/wasim/r4s/install/coord2b/lib:${LD_LIBRARY_PATH} PKG_CONFIG_PATH=/home/wasim/r4s/install/orocos_kdl/lib/x86_64-linux-gnu/pkgconfig:/home/wasim/r4s/install/orocos_kdl/lib/pkgconfig /usr/bin/cmake --install /home/wasim/r4s/build/eddie-ros
[1.445s] DEBUG:colcon.colcon_core.event_handler.log_command:Invoked command in '/home/wasim/r4s/build/python_orocos_kdl' returned '0': CMAKE_MODULE_PATH=/home/wasim/r4s/install/orocos_kdl/share/orocos_kdl/cmake CMAKE_PREFIX_PATH=/home/wasim/r4s/install/orocos_kdl:${CMAKE_PREFIX_PATH} DEBUGINFOD_URLS=https://debuginfod.ubuntu.com LD_LIBRARY_PATH=/home/wasim/r4s/install/orocos_kdl/lib:${LD_LIBRARY_PATH} PKG_CONFIG_PATH=/home/wasim/r4s/install/orocos_kdl/lib/x86_64-linux-gnu/pkgconfig:/home/wasim/r4s/install/orocos_kdl/lib/pkgconfig /usr/bin/cmake --install /home/wasim/r4s/build/python_orocos_kdl
[1.445s] Level 1:colcon.colcon_core.shell:create_environment_hook('python_orocos_kdl', 'ros_package_path')
[1.446s] INFO:colcon.colcon_core.shell:Creating environment hook '/home/wasim/r4s/install/python_orocos_kdl/share/python_orocos_kdl/hook/ros_package_path.ps1'
[1.447s] INFO:colcon.colcon_core.shell:Creating environment descriptor '/home/wasim/r4s/install/python_orocos_kdl/share/python_orocos_kdl/hook/ros_package_path.dsv'
[1.448s] INFO:colcon.colcon_core.shell:Creating environment hook '/home/wasim/r4s/install/python_orocos_kdl/share/python_orocos_kdl/hook/ros_package_path.sh'
[1.449s] Level 1:colcon.colcon_core.shell:create_environment_hook('python_orocos_kdl', 'pkg_config_path')
[1.449s] INFO:colcon.colcon_core.shell:Creating environment hook '/home/wasim/r4s/install/python_orocos_kdl/share/python_orocos_kdl/hook/pkg_config_path.ps1'
[1.450s] INFO:colcon.colcon_core.shell:Creating environment descriptor '/home/wasim/r4s/install/python_orocos_kdl/share/python_orocos_kdl/hook/pkg_config_path.dsv'
[1.451s] INFO:colcon.colcon_core.shell:Creating environment hook '/home/wasim/r4s/install/python_orocos_kdl/share/python_orocos_kdl/hook/pkg_config_path.sh'
[1.452s] Level 1:colcon.colcon_core.shell:create_environment_hook('python_orocos_kdl', 'pkg_config_path_multiarch')
[1.452s] INFO:colcon.colcon_core.shell:Creating environment hook '/home/wasim/r4s/install/python_orocos_kdl/share/python_orocos_kdl/hook/pkg_config_path_multiarch.ps1'
[1.453s] INFO:colcon.colcon_core.shell:Creating environment descriptor '/home/wasim/r4s/install/python_orocos_kdl/share/python_orocos_kdl/hook/pkg_config_path_multiarch.dsv'
[1.453s] INFO:colcon.colcon_core.shell:Creating environment hook '/home/wasim/r4s/install/python_orocos_kdl/share/python_orocos_kdl/hook/pkg_config_path_multiarch.sh'
[1.456s] Level 1:colcon.colcon_core.environment:create_environment_scripts_only(python_orocos_kdl)
[1.456s] Level 1:colcon.colcon_core.environment:checking '/home/wasim/r4s/install/python_orocos_kdl' for CMake module files
[1.457s] Level 1:colcon.colcon_core.environment:checking '/home/wasim/r4s/install/python_orocos_kdl' for CMake config files
[1.458s] Level 1:colcon.colcon_core.environment:checking '/home/wasim/r4s/install/python_orocos_kdl/lib'
[1.458s] Level 1:colcon.colcon_core.environment:checking '/home/wasim/r4s/install/python_orocos_kdl/bin'
[1.458s] Level 1:colcon.colcon_core.environment:checking '/home/wasim/r4s/install/python_orocos_kdl/lib/pkgconfig/python_orocos_kdl.pc'
[1.459s] Level 1:colcon.colcon_core.environment:checking '/home/wasim/r4s/install/python_orocos_kdl/lib/python3.12/site-packages'
[1.459s] Level 1:colcon.colcon_core.environment:checking '/home/wasim/r4s/install/python_orocos_kdl/bin'
[1.460s] INFO:colcon.colcon_core.shell:Creating package script '/home/wasim/r4s/install/python_orocos_kdl/share/python_orocos_kdl/package.ps1'
[1.461s] INFO:colcon.colcon_core.shell:Creating package descriptor '/home/wasim/r4s/install/python_orocos_kdl/share/python_orocos_kdl/package.dsv'
[1.462s] INFO:colcon.colcon_core.shell:Creating package script '/home/wasim/r4s/install/python_orocos_kdl/share/python_orocos_kdl/package.sh'
[1.463s] INFO:colcon.colcon_core.shell:Creating package script '/home/wasim/r4s/install/python_orocos_kdl/share/python_orocos_kdl/package.bash'
[1.464s] INFO:colcon.colcon_core.shell:Creating package script '/home/wasim/r4s/install/python_orocos_kdl/share/python_orocos_kdl/package.zsh'
[1.465s] Level 1:colcon.colcon_core.environment:create_file_with_runtime_dependencies(/home/wasim/r4s/install/python_orocos_kdl/share/colcon-core/packages/python_orocos_kdl)
[1.542s] Level 1:colcon.colcon_core.environment:create_environment_scripts_only(eddie-ros)
[1.542s] Level 1:colcon.colcon_core.environment:checking '/home/wasim/r4s/install/eddie-ros' for CMake module files
[1.544s] DEBUG:colcon.colcon_core.event_handler.log_command:Invoked command in '/home/wasim/r4s/build/eddie-ros' returned '0': CMAKE_MODULE_PATH=/home/wasim/r4s/install/orocos_kdl/share/orocos_kdl/cmake CMAKE_PREFIX_PATH=/home/wasim/r4s/install/robif2b:/home/wasim/r4s/install/orocos_kdl:/home/wasim/r4s/install/coord2b:/opt/ros/jazzy/opt/gz_sim_vendor:/opt/ros/jazzy/opt/gz_sensors_vendor:/opt/ros/jazzy/opt/gz_physics_vendor:/opt/ros/jazzy/opt/sdformat_vendor:/opt/ros/jazzy/opt/gz_gui_vendor:/opt/ros/jazzy/opt/gz_transport_vendor:/opt/ros/jazzy/opt/gz_rendering_vendor:/opt/ros/jazzy/opt/gz_plugin_vendor:/opt/ros/jazzy/opt/gz_fuel_tools_vendor:/opt/ros/jazzy/opt/gz_msgs_vendor:/opt/ros/jazzy/opt/gz_common_vendor:/opt/ros/jazzy/opt/gz_math_vendor:/opt/ros/jazzy/opt/gz_utils_vendor:/opt/ros/jazzy/opt/gz_tools_vendor:/opt/ros/jazzy/opt/gz_ogre_next_vendor:/opt/ros/jazzy/opt/gz_dartsim_vendor:/opt/ros/jazzy/opt/gz_cmake_vendor:/opt/ros/jazzy DEBUGINFOD_URLS=https://debuginfod.ubuntu.com LD_LIBRARY_PATH=/home/wasim/r4s/install/robif2b/lib:/home/wasim/r4s/install/orocos_kdl/lib:/home/wasim/r4s/install/coord2b/lib:${LD_LIBRARY_PATH} PKG_CONFIG_PATH=/home/wasim/r4s/install/orocos_kdl/lib/x86_64-linux-gnu/pkgconfig:/home/wasim/r4s/install/orocos_kdl/lib/pkgconfig /usr/bin/cmake --install /home/wasim/r4s/build/eddie-ros
[1.545s] Level 1:colcon.colcon_core.environment:checking '/home/wasim/r4s/install/eddie-ros' for CMake config files
[1.545s] Level 1:colcon.colcon_core.shell:create_environment_hook('eddie-ros', 'cmake_prefix_path')
[1.546s] INFO:colcon.colcon_core.shell:Creating environment hook '/home/wasim/r4s/install/eddie-ros/share/eddie-ros/hook/cmake_prefix_path.ps1'
[1.547s] INFO:colcon.colcon_core.shell:Creating environment descriptor '/home/wasim/r4s/install/eddie-ros/share/eddie-ros/hook/cmake_prefix_path.dsv'
[1.547s] INFO:colcon.colcon_core.shell:Creating environment hook '/home/wasim/r4s/install/eddie-ros/share/eddie-ros/hook/cmake_prefix_path.sh'
[1.549s] Level 1:colcon.colcon_core.environment:checking '/home/wasim/r4s/install/eddie-ros/lib'
[1.549s] Level 1:colcon.colcon_core.environment:checking '/home/wasim/r4s/install/eddie-ros/bin'
[1.549s] Level 1:colcon.colcon_core.environment:checking '/home/wasim/r4s/install/eddie-ros/lib/pkgconfig/eddie-ros.pc'
[1.550s] Level 1:colcon.colcon_core.environment:checking '/home/wasim/r4s/install/eddie-ros/lib/python3.12/site-packages'
[1.550s] Level 1:colcon.colcon_core.environment:checking '/home/wasim/r4s/install/eddie-ros/bin'
[1.550s] INFO:colcon.colcon_core.shell:Creating package script '/home/wasim/r4s/install/eddie-ros/share/eddie-ros/package.ps1'
[1.551s] INFO:colcon.colcon_core.shell:Creating package descriptor '/home/wasim/r4s/install/eddie-ros/share/eddie-ros/package.dsv'
[1.552s] INFO:colcon.colcon_core.shell:Creating package script '/home/wasim/r4s/install/eddie-ros/share/eddie-ros/package.sh'
[1.553s] INFO:colcon.colcon_core.shell:Creating package script '/home/wasim/r4s/install/eddie-ros/share/eddie-ros/package.bash'
[1.554s] INFO:colcon.colcon_core.shell:Creating package script '/home/wasim/r4s/install/eddie-ros/share/eddie-ros/package.zsh'
[1.554s] Level 1:colcon.colcon_core.environment:create_file_with_runtime_dependencies(/home/wasim/r4s/install/eddie-ros/share/colcon-core/packages/eddie-ros)
[1.556s] Level 1:colcon.colcon_core.environment:create_environment_scripts_only(eddie-ros)
[1.556s] Level 1:colcon.colcon_core.environment:checking '/home/wasim/r4s/install/eddie-ros' for CMake module files
[1.558s] Level 1:colcon.colcon_core.environment:checking '/home/wasim/r4s/install/eddie-ros' for CMake config files
[1.558s] Level 1:colcon.colcon_core.shell:create_environment_hook('eddie-ros', 'cmake_prefix_path')
[1.559s] INFO:colcon.colcon_core.shell:Creating environment hook '/home/wasim/r4s/install/eddie-ros/share/eddie-ros/hook/cmake_prefix_path.ps1'
[1.560s] INFO:colcon.colcon_core.shell:Creating environment descriptor '/home/wasim/r4s/install/eddie-ros/share/eddie-ros/hook/cmake_prefix_path.dsv'
[1.560s] INFO:colcon.colcon_core.shell:Creating environment hook '/home/wasim/r4s/install/eddie-ros/share/eddie-ros/hook/cmake_prefix_path.sh'
[1.562s] Level 1:colcon.colcon_core.environment:checking '/home/wasim/r4s/install/eddie-ros/lib'
[1.562s] Level 1:colcon.colcon_core.environment:checking '/home/wasim/r4s/install/eddie-ros/bin'
[1.562s] Level 1:colcon.colcon_core.environment:checking '/home/wasim/r4s/install/eddie-ros/lib/pkgconfig/eddie-ros.pc'
[1.563s] Level 1:colcon.colcon_core.environment:checking '/home/wasim/r4s/install/eddie-ros/lib/python3.12/site-packages'
[1.563s] Level 1:colcon.colcon_core.environment:checking '/home/wasim/r4s/install/eddie-ros/bin'
[1.563s] INFO:colcon.colcon_core.shell:Creating package script '/home/wasim/r4s/install/eddie-ros/share/eddie-ros/package.ps1'
[1.564s] INFO:colcon.colcon_core.shell:Creating package descriptor '/home/wasim/r4s/install/eddie-ros/share/eddie-ros/package.dsv'
[1.566s] INFO:colcon.colcon_core.shell:Creating package script '/home/wasim/r4s/install/eddie-ros/share/eddie-ros/package.sh'
[1.567s] INFO:colcon.colcon_core.shell:Creating package script '/home/wasim/r4s/install/eddie-ros/share/eddie-ros/package.bash'
[1.567s] INFO:colcon.colcon_core.shell:Creating package script '/home/wasim/r4s/install/eddie-ros/share/eddie-ros/package.zsh'
[1.568s] Level 1:colcon.colcon_core.environment:create_file_with_runtime_dependencies(/home/wasim/r4s/install/eddie-ros/share/colcon-core/packages/eddie-ros)
[3.493s] DEBUG:colcon.colcon_core.event_handler.log_command:Invoked command in '/home/wasim/r4s/build/kinova_vision' returned '0': CMAKE_PREFIX_PATH=${CMAKE_PREFIX_PATH}:/opt/ros/jazzy DEBUGINFOD_URLS=https://debuginfod.ubuntu.com /usr/bin/cmake /home/wasim/r4s/src/ros2_kortex_vision -DCMAKE_INSTALL_PREFIX=/home/wasim/r4s/install/kinova_vision
[3.496s] DEBUG:colcon.colcon_core.event_handler.log_command:Invoking command in '/home/wasim/r4s/build/kinova_vision': CMAKE_PREFIX_PATH=${CMAKE_PREFIX_PATH}:/opt/ros/jazzy DEBUGINFOD_URLS=https://debuginfod.ubuntu.com /usr/bin/cmake --build /home/wasim/r4s/build/kinova_vision -- -j16 -l16
[15.839s] DEBUG:colcon.colcon_core.event_handler.log_command:Invoked command in '/home/wasim/r4s/build/kinova_vision' returned '0': CMAKE_PREFIX_PATH=${CMAKE_PREFIX_PATH}:/opt/ros/jazzy DEBUGINFOD_URLS=https://debuginfod.ubuntu.com /usr/bin/cmake --build /home/wasim/r4s/build/kinova_vision -- -j16 -l16
[15.840s] DEBUG:colcon.colcon_core.event_handler.log_command:Invoking command in '/home/wasim/r4s/build/kinova_vision': CMAKE_PREFIX_PATH=${CMAKE_PREFIX_PATH}:/opt/ros/jazzy DEBUGINFOD_URLS=https://debuginfod.ubuntu.com /usr/bin/cmake --install /home/wasim/r4s/build/kinova_vision
[15.859s] Level 1:colcon.colcon_core.environment:create_environment_scripts_only(kinova_vision)
[15.859s] Level 1:colcon.colcon_core.environment:checking '/home/wasim/r4s/install/kinova_vision' for CMake module files
[15.860s] DEBUG:colcon.colcon_core.event_handler.log_command:Invoked command in '/home/wasim/r4s/build/kinova_vision' returned '0': CMAKE_PREFIX_PATH=${CMAKE_PREFIX_PATH}:/opt/ros/jazzy DEBUGINFOD_URLS=https://debuginfod.ubuntu.com /usr/bin/cmake --install /home/wasim/r4s/build/kinova_vision
[15.860s] Level 1:colcon.colcon_core.environment:checking '/home/wasim/r4s/install/kinova_vision' for CMake config files
[15.860s] Level 1:colcon.colcon_core.shell:create_environment_hook('kinova_vision', 'cmake_prefix_path')
[15.860s] INFO:colcon.colcon_core.shell:Creating environment hook '/home/wasim/r4s/install/kinova_vision/share/kinova_vision/hook/cmake_prefix_path.ps1'
[15.861s] INFO:colcon.colcon_core.shell:Creating environment descriptor '/home/wasim/r4s/install/kinova_vision/share/kinova_vision/hook/cmake_prefix_path.dsv'
[15.861s] INFO:colcon.colcon_core.shell:Creating environment hook '/home/wasim/r4s/install/kinova_vision/share/kinova_vision/hook/cmake_prefix_path.sh'
[15.861s] Level 1:colcon.colcon_core.environment:checking '/home/wasim/r4s/install/kinova_vision/lib'
[15.862s] Level 1:colcon.colcon_core.shell:create_environment_hook('kinova_vision', 'ld_library_path_lib')
[15.862s] INFO:colcon.colcon_core.shell:Creating environment hook '/home/wasim/r4s/install/kinova_vision/share/kinova_vision/hook/ld_library_path_lib.ps1'
[15.862s] INFO:colcon.colcon_core.shell:Creating environment descriptor '/home/wasim/r4s/install/kinova_vision/share/kinova_vision/hook/ld_library_path_lib.dsv'
[15.862s] INFO:colcon.colcon_core.shell:Creating environment hook '/home/wasim/r4s/install/kinova_vision/share/kinova_vision/hook/ld_library_path_lib.sh'
[15.862s] Level 1:colcon.colcon_core.environment:checking '/home/wasim/r4s/install/kinova_vision/bin'
[15.863s] Level 1:colcon.colcon_core.environment:checking '/home/wasim/r4s/install/kinova_vision/lib/pkgconfig/kinova_vision.pc'
[15.863s] Level 1:colcon.colcon_core.environment:checking '/home/wasim/r4s/install/kinova_vision/lib/python3.12/site-packages'
[15.863s] Level 1:colcon.colcon_core.environment:checking '/home/wasim/r4s/install/kinova_vision/bin'
[15.863s] INFO:colcon.colcon_core.shell:Creating package script '/home/wasim/r4s/install/kinova_vision/share/kinova_vision/package.ps1'
[15.863s] INFO:colcon.colcon_core.shell:Creating package descriptor '/home/wasim/r4s/install/kinova_vision/share/kinova_vision/package.dsv'
[15.864s] INFO:colcon.colcon_core.shell:Creating package script '/home/wasim/r4s/install/kinova_vision/share/kinova_vision/package.sh'
[15.864s] INFO:colcon.colcon_core.shell:Creating package script '/home/wasim/r4s/install/kinova_vision/share/kinova_vision/package.bash'
[15.864s] INFO:colcon.colcon_core.shell:Creating package script '/home/wasim/r4s/install/kinova_vision/share/kinova_vision/package.zsh'
[15.865s] Level 1:colcon.colcon_core.environment:create_file_with_runtime_dependencies(/home/wasim/r4s/install/kinova_vision/share/colcon-core/packages/kinova_vision)
[15.865s] Level 1:colcon.colcon_core.environment:create_environment_scripts_only(kinova_vision)
[15.865s] Level 1:colcon.colcon_core.environment:checking '/home/wasim/r4s/install/kinova_vision' for CMake module files
[15.866s] Level 1:colcon.colcon_core.environment:checking '/home/wasim/r4s/install/kinova_vision' for CMake config files
[15.866s] Level 1:colcon.colcon_core.shell:create_environment_hook('kinova_vision', 'cmake_prefix_path')
[15.866s] INFO:colcon.colcon_core.shell:Creating environment hook '/home/wasim/r4s/install/kinova_vision/share/kinova_vision/hook/cmake_prefix_path.ps1'
[15.866s] INFO:colcon.colcon_core.shell:Creating environment descriptor '/home/wasim/r4s/install/kinova_vision/share/kinova_vision/hook/cmake_prefix_path.dsv'
[15.866s] INFO:colcon.colcon_core.shell:Creating environment hook '/home/wasim/r4s/install/kinova_vision/share/kinova_vision/hook/cmake_prefix_path.sh'
[15.867s] Level 1:colcon.colcon_core.environment:checking '/home/wasim/r4s/install/kinova_vision/lib'
[15.867s] Level 1:colcon.colcon_core.shell:create_environment_hook('kinova_vision', 'ld_library_path_lib')
[15.867s] INFO:colcon.colcon_core.shell:Creating environment hook '/home/wasim/r4s/install/kinova_vision/share/kinova_vision/hook/ld_library_path_lib.ps1'
[15.867s] INFO:colcon.colcon_core.shell:Creating environment descriptor '/home/wasim/r4s/install/kinova_vision/share/kinova_vision/hook/ld_library_path_lib.dsv'
[15.868s] INFO:colcon.colcon_core.shell:Creating environment hook '/home/wasim/r4s/install/kinova_vision/share/kinova_vision/hook/ld_library_path_lib.sh'
[15.868s] Level 1:colcon.colcon_core.environment:checking '/home/wasim/r4s/install/kinova_vision/bin'
[15.868s] Level 1:colcon.colcon_core.environment:checking '/home/wasim/r4s/install/kinova_vision/lib/pkgconfig/kinova_vision.pc'
[15.868s] Level 1:colcon.colcon_core.environment:checking '/home/wasim/r4s/install/kinova_vision/lib/python3.12/site-packages'
[15.868s] Level 1:colcon.colcon_core.environment:checking '/home/wasim/r4s/install/kinova_vision/bin'
[15.869s] INFO:colcon.colcon_core.shell:Creating package script '/home/wasim/r4s/install/kinova_vision/share/kinova_vision/package.ps1'
[15.869s] INFO:colcon.colcon_core.shell:Creating package descriptor '/home/wasim/r4s/install/kinova_vision/share/kinova_vision/package.dsv'
[15.869s] INFO:colcon.colcon_core.shell:Creating package script '/home/wasim/r4s/install/kinova_vision/share/kinova_vision/package.sh'
[15.870s] INFO:colcon.colcon_core.shell:Creating package script '/home/wasim/r4s/install/kinova_vision/share/kinova_vision/package.bash'
[15.870s] INFO:colcon.colcon_core.shell:Creating package script '/home/wasim/r4s/install/kinova_vision/share/kinova_vision/package.zsh'
[15.870s] Level 1:colcon.colcon_core.environment:create_file_with_runtime_dependencies(/home/wasim/r4s/install/kinova_vision/share/colcon-core/packages/kinova_vision)
[15.871s] DEBUG:colcon.colcon_parallel_executor.executor.parallel:closing loop
[15.871s] DEBUG:colcon.colcon_parallel_executor.executor.parallel:loop closed
[15.871s] DEBUG:colcon.colcon_parallel_executor.executor.parallel:run_until_complete finished with '0'
[15.871s] DEBUG:colcon.colcon_core.event_reactor:joining thread
[15.877s] INFO:colcon.colcon_core.plugin_system:Skipping extension 'colcon_notification.desktop_notification.terminal_notifier': Not used on non-Darwin systems
[15.877s] INFO:colcon.colcon_core.plugin_system:Skipping extension 'colcon_notification.desktop_notification.win32': Not used on non-Windows systems
[15.878s] INFO:colcon.colcon_notification.desktop_notification:Sending desktop notification using 'notify2'
[15.894s] DEBUG:colcon.colcon_core.event_reactor:joined thread
[15.895s] INFO:colcon.colcon_core.shell:Creating prefix script '/home/wasim/r4s/install/local_setup.ps1'
[15.896s] INFO:colcon.colcon_core.shell:Creating prefix util module '/home/wasim/r4s/install/_local_setup_util_ps1.py'
[15.897s] INFO:colcon.colcon_core.shell:Creating prefix chain script '/home/wasim/r4s/install/setup.ps1'
[15.898s] INFO:colcon.colcon_core.shell:Creating prefix script '/home/wasim/r4s/install/local_setup.sh'
[15.898s] INFO:colcon.colcon_core.shell:Creating prefix util module '/home/wasim/r4s/install/_local_setup_util_sh.py'
[15.899s] INFO:colcon.colcon_core.shell:Creating prefix chain script '/home/wasim/r4s/install/setup.sh'
[15.899s] INFO:colcon.colcon_core.shell:Creating prefix script '/home/wasim/r4s/install/local_setup.bash'
[15.900s] INFO:colcon.colcon_core.shell:Creating prefix chain script '/home/wasim/r4s/install/setup.bash'
[15.901s] INFO:colcon.colcon_core.shell:Creating prefix script '/home/wasim/r4s/install/local_setup.zsh'
[15.901s] INFO:colcon.colcon_core.shell:Creating prefix chain script '/home/wasim/r4s/install/setup.zsh'
