[0.323s] DEBUG:colcon:Command line arguments: ['/usr/bin/colcon', 'build']
[0.323s] DEBUG:colcon:Parsed command line arguments: Namespace(log_base=None, log_level=None, verb_name='build', build_base='build', install_base='install', merge_install=False, symlink_install=False, test_result_base=None, continue_on_error=False, executor='parallel', parallel_workers=16, event_handlers=None, ignore_user_meta=False, metas=['./colcon.meta'], base_paths=['.'], packages_ignore=None, packages_ignore_regex=None, paths=None, packages_up_to=None, packages_up_to_regex=None, packages_above=None, packages_above_and_dependencies=None, packages_above_depth=None, packages_select_by_dep=None, packages_skip_by_dep=None, packages_skip_up_to=None, packages_select_build_failed=False, packages_skip_build_finished=False, packages_select_test_failures=False, packages_skip_test_passed=False, packages_select=None, packages_skip=None, packages_select_regex=None, packages_skip_regex=None, packages_start=None, packages_end=None, allow_overriding=[], cmake_args=None, cmake_target=None, cmake_target_skip_unavailable=False, cmake_clean_cache=False, cmake_clean_first=False, cmake_force_configure=False, ament_cmake_args=None, catkin_cmake_args=None, catkin_skip_building_tests=False, mixin_files=None, mixin=None, verb_parser=<colcon_mixin.mixin.mixin_argument.MixinArgumentDecorator object at 0x7ad451ab6240>, verb_extension=<colcon_core.verb.build.BuildVerb object at 0x7ad451ab5fd0>, main=<bound method BuildVerb.main of <colcon_core.verb.build.BuildVerb object at 0x7ad451ab5fd0>>, mixin_verb=('build',))
[0.430s] Level 1:colcon.colcon_core.package_discovery:discover_packages(colcon_meta) check parameters
[0.432s] INFO:colcon.colcon_metadata.package_discovery.colcon_meta:Using configuration from '/home/wasim/r4s/colcon.meta'
[0.432s] Level 1:colcon.colcon_core.package_discovery:discover_packages(recursive) check parameters
[0.433s] Level 1:colcon.colcon_core.package_discovery:discover_packages(ignore) check parameters
[0.433s] Level 1:colcon.colcon_core.package_discovery:discover_packages(path) check parameters
[0.433s] Level 1:colcon.colcon_core.package_discovery:discover_packages(colcon_meta) discover
[0.433s] Level 1:colcon.colcon_core.package_discovery:discover_packages(recursive) discover
[0.433s] INFO:colcon.colcon_core.package_discovery:Crawling recursively for packages in '/home/wasim/r4s'
[0.433s] Level 1:colcon.colcon_core.package_identification:_identify(.) by extensions ['ignore', 'ignore_ament_install']
[0.433s] Level 1:colcon.colcon_core.package_identification:_identify(.) by extension 'ignore'
[0.434s] Level 1:colcon.colcon_core.package_identification:_identify(.) by extension 'ignore_ament_install'
[0.434s] Level 1:colcon.colcon_core.package_identification:_identify(.) by extensions ['colcon_pkg']
[0.434s] Level 1:colcon.colcon_core.package_identification:_identify(.) by extension 'colcon_pkg'
[0.434s] Level 1:colcon.colcon_core.package_identification:_identify(.) by extensions ['colcon_meta']
[0.434s] Level 1:colcon.colcon_core.package_identification:_identify(.) by extension 'colcon_meta'
[0.434s] Level 1:colcon.colcon_core.package_identification:_identify(.) by extensions ['ros']
[0.434s] Level 1:colcon.colcon_core.package_identification:_identify(.) by extension 'ros'
[0.501s] Level 1:colcon.colcon_core.package_identification:_identify(.) by extensions ['cmake', 'python']
[0.502s] Level 1:colcon.colcon_core.package_identification:_identify(.) by extension 'cmake'
[0.502s] Level 1:colcon.colcon_core.package_identification:_identify(.) by extension 'python'
[0.502s] Level 1:colcon.colcon_core.package_identification:_identify(.) by extensions ['python_setup_py']
[0.502s] Level 1:colcon.colcon_core.package_identification:_identify(.) by extension 'python_setup_py'
[0.502s] Level 1:colcon.colcon_core.package_identification:_identify(build) by extensions ['ignore', 'ignore_ament_install']
[0.503s] Level 1:colcon.colcon_core.package_identification:_identify(build) by extension 'ignore'
[0.503s] Level 1:colcon.colcon_core.package_identification:_identify(build) ignored
[0.503s] Level 1:colcon.colcon_core.package_identification:_identify(install) by extensions ['ignore', 'ignore_ament_install']
[0.503s] Level 1:colcon.colcon_core.package_identification:_identify(install) by extension 'ignore'
[0.503s] Level 1:colcon.colcon_core.package_identification:_identify(install) ignored
[0.504s] Level 1:colcon.colcon_core.package_identification:_identify(log) by extensions ['ignore', 'ignore_ament_install']
[0.504s] Level 1:colcon.colcon_core.package_identification:_identify(log) by extension 'ignore'
[0.504s] Level 1:colcon.colcon_core.package_identification:_identify(log) ignored
[0.505s] Level 1:colcon.colcon_core.package_identification:_identify(src) by extensions ['ignore', 'ignore_ament_install']
[0.505s] Level 1:colcon.colcon_core.package_identification:_identify(src) by extension 'ignore'
[0.505s] Level 1:colcon.colcon_core.package_identification:_identify(src) by extension 'ignore_ament_install'
[0.505s] Level 1:colcon.colcon_core.package_identification:_identify(src) by extensions ['colcon_pkg']
[0.505s] Level 1:colcon.colcon_core.package_identification:_identify(src) by extension 'colcon_pkg'
[0.506s] Level 1:colcon.colcon_core.package_identification:_identify(src) by extensions ['colcon_meta']
[0.506s] Level 1:colcon.colcon_core.package_identification:_identify(src) by extension 'colcon_meta'
[0.506s] Level 1:colcon.colcon_core.package_identification:_identify(src) by extensions ['ros']
[0.506s] Level 1:colcon.colcon_core.package_identification:_identify(src) by extension 'ros'
[0.506s] Level 1:colcon.colcon_core.package_identification:_identify(src) by extensions ['cmake', 'python']
[0.506s] Level 1:colcon.colcon_core.package_identification:_identify(src) by extension 'cmake'
[0.506s] Level 1:colcon.colcon_core.package_identification:_identify(src) by extension 'python'
[0.507s] Level 1:colcon.colcon_core.package_identification:_identify(src) by extensions ['python_setup_py']
[0.507s] Level 1:colcon.colcon_core.package_identification:_identify(src) by extension 'python_setup_py'
[0.507s] Level 1:colcon.colcon_core.package_identification:_identify(src/build) by extensions ['ignore', 'ignore_ament_install']
[0.507s] Level 1:colcon.colcon_core.package_identification:_identify(src/build) by extension 'ignore'
[0.507s] Level 1:colcon.colcon_core.package_identification:_identify(src/build) ignored
[0.508s] Level 1:colcon.colcon_core.package_identification:_identify(src/coord-dsl) by extensions ['ignore', 'ignore_ament_install']
[0.508s] Level 1:colcon.colcon_core.package_identification:_identify(src/coord-dsl) by extension 'ignore'
[0.508s] Level 1:colcon.colcon_core.package_identification:_identify(src/coord-dsl) by extension 'ignore_ament_install'
[0.508s] Level 1:colcon.colcon_core.package_identification:_identify(src/coord-dsl) by extensions ['colcon_pkg']
[0.508s] Level 1:colcon.colcon_core.package_identification:_identify(src/coord-dsl) by extension 'colcon_pkg'
[0.508s] Level 1:colcon.colcon_core.package_identification:_identify(src/coord-dsl) by extensions ['colcon_meta']
[0.508s] Level 1:colcon.colcon_core.package_identification:_identify(src/coord-dsl) by extension 'colcon_meta'
[0.508s] Level 1:colcon.colcon_core.package_identification:_identify(src/coord-dsl) by extensions ['ros']
[0.509s] Level 1:colcon.colcon_core.package_identification:_identify(src/coord-dsl) by extension 'ros'
[0.509s] Level 1:colcon.colcon_core.package_identification:_identify(src/coord-dsl) by extensions ['cmake', 'python']
[0.509s] Level 1:colcon.colcon_core.package_identification:_identify(src/coord-dsl) by extension 'cmake'
[0.509s] Level 1:colcon.colcon_core.package_identification:_identify(src/coord-dsl) by extension 'python'
[0.509s] Level 1:colcon.colcon_core.package_identification:_identify(src/coord-dsl) by extensions ['python_setup_py']
[0.509s] Level 1:colcon.colcon_core.package_identification:_identify(src/coord-dsl) by extension 'python_setup_py'
[0.509s] Level 1:colcon.colcon_core.package_identification:_identify(src/coord-dsl/models) by extensions ['ignore', 'ignore_ament_install']
[0.510s] Level 1:colcon.colcon_core.package_identification:_identify(src/coord-dsl/models) by extension 'ignore'
[0.510s] Level 1:colcon.colcon_core.package_identification:_identify(src/coord-dsl/models) by extension 'ignore_ament_install'
[0.510s] Level 1:colcon.colcon_core.package_identification:_identify(src/coord-dsl/models) by extensions ['colcon_pkg']
[0.510s] Level 1:colcon.colcon_core.package_identification:_identify(src/coord-dsl/models) by extension 'colcon_pkg'
[0.510s] Level 1:colcon.colcon_core.package_identification:_identify(src/coord-dsl/models) by extensions ['colcon_meta']
[0.510s] Level 1:colcon.colcon_core.package_identification:_identify(src/coord-dsl/models) by extension 'colcon_meta'
[0.510s] Level 1:colcon.colcon_core.package_identification:_identify(src/coord-dsl/models) by extensions ['ros']
[0.510s] Level 1:colcon.colcon_core.package_identification:_identify(src/coord-dsl/models) by extension 'ros'
[0.511s] Level 1:colcon.colcon_core.package_identification:_identify(src/coord-dsl/models) by extensions ['cmake', 'python']
[0.511s] Level 1:colcon.colcon_core.package_identification:_identify(src/coord-dsl/models) by extension 'cmake'
[0.511s] Level 1:colcon.colcon_core.package_identification:_identify(src/coord-dsl/models) by extension 'python'
[0.511s] Level 1:colcon.colcon_core.package_identification:_identify(src/coord-dsl/models) by extensions ['python_setup_py']
[0.511s] Level 1:colcon.colcon_core.package_identification:_identify(src/coord-dsl/models) by extension 'python_setup_py'
[0.512s] Level 1:colcon.colcon_core.package_identification:_identify(src/coord-dsl/models/fsm) by extensions ['ignore', 'ignore_ament_install']
[0.512s] Level 1:colcon.colcon_core.package_identification:_identify(src/coord-dsl/models/fsm) by extension 'ignore'
[0.512s] Level 1:colcon.colcon_core.package_identification:_identify(src/coord-dsl/models/fsm) by extension 'ignore_ament_install'
[0.512s] Level 1:colcon.colcon_core.package_identification:_identify(src/coord-dsl/models/fsm) by extensions ['colcon_pkg']
[0.512s] Level 1:colcon.colcon_core.package_identification:_identify(src/coord-dsl/models/fsm) by extension 'colcon_pkg'
[0.512s] Level 1:colcon.colcon_core.package_identification:_identify(src/coord-dsl/models/fsm) by extensions ['colcon_meta']
[0.513s] Level 1:colcon.colcon_core.package_identification:_identify(src/coord-dsl/models/fsm) by extension 'colcon_meta'
[0.513s] Level 1:colcon.colcon_core.package_identification:_identify(src/coord-dsl/models/fsm) by extensions ['ros']
[0.513s] Level 1:colcon.colcon_core.package_identification:_identify(src/coord-dsl/models/fsm) by extension 'ros'
[0.513s] Level 1:colcon.colcon_core.package_identification:_identify(src/coord-dsl/models/fsm) by extensions ['cmake', 'python']
[0.513s] Level 1:colcon.colcon_core.package_identification:_identify(src/coord-dsl/models/fsm) by extension 'cmake'
[0.513s] Level 1:colcon.colcon_core.package_identification:_identify(src/coord-dsl/models/fsm) by extension 'python'
[0.513s] Level 1:colcon.colcon_core.package_identification:_identify(src/coord-dsl/models/fsm) by extensions ['python_setup_py']
[0.514s] Level 1:colcon.colcon_core.package_identification:_identify(src/coord-dsl/models/fsm) by extension 'python_setup_py'
[0.514s] Level 1:colcon.colcon_core.package_identification:_identify(src/coord-dsl/src) by extensions ['ignore', 'ignore_ament_install']
[0.514s] Level 1:colcon.colcon_core.package_identification:_identify(src/coord-dsl/src) by extension 'ignore'
[0.514s] Level 1:colcon.colcon_core.package_identification:_identify(src/coord-dsl/src) by extension 'ignore_ament_install'
[0.514s] Level 1:colcon.colcon_core.package_identification:_identify(src/coord-dsl/src) by extensions ['colcon_pkg']
[0.515s] Level 1:colcon.colcon_core.package_identification:_identify(src/coord-dsl/src) by extension 'colcon_pkg'
[0.515s] Level 1:colcon.colcon_core.package_identification:_identify(src/coord-dsl/src) by extensions ['colcon_meta']
[0.515s] Level 1:colcon.colcon_core.package_identification:_identify(src/coord-dsl/src) by extension 'colcon_meta'
[0.515s] Level 1:colcon.colcon_core.package_identification:_identify(src/coord-dsl/src) by extensions ['ros']
[0.515s] Level 1:colcon.colcon_core.package_identification:_identify(src/coord-dsl/src) by extension 'ros'
[0.515s] Level 1:colcon.colcon_core.package_identification:_identify(src/coord-dsl/src) by extensions ['cmake', 'python']
[0.515s] Level 1:colcon.colcon_core.package_identification:_identify(src/coord-dsl/src) by extension 'cmake'
[0.515s] Level 1:colcon.colcon_core.package_identification:_identify(src/coord-dsl/src) by extension 'python'
[0.516s] Level 1:colcon.colcon_core.package_identification:_identify(src/coord-dsl/src) by extensions ['python_setup_py']
[0.516s] Level 1:colcon.colcon_core.package_identification:_identify(src/coord-dsl/src) by extension 'python_setup_py'
[0.516s] Level 1:colcon.colcon_core.package_identification:_identify(src/coord-dsl/src/coord_dsl) by extensions ['ignore', 'ignore_ament_install']
[0.516s] Level 1:colcon.colcon_core.package_identification:_identify(src/coord-dsl/src/coord_dsl) by extension 'ignore'
[0.516s] Level 1:colcon.colcon_core.package_identification:_identify(src/coord-dsl/src/coord_dsl) by extension 'ignore_ament_install'
[0.516s] Level 1:colcon.colcon_core.package_identification:_identify(src/coord-dsl/src/coord_dsl) by extensions ['colcon_pkg']
[0.516s] Level 1:colcon.colcon_core.package_identification:_identify(src/coord-dsl/src/coord_dsl) by extension 'colcon_pkg'
[0.517s] Level 1:colcon.colcon_core.package_identification:_identify(src/coord-dsl/src/coord_dsl) by extensions ['colcon_meta']
[0.517s] Level 1:colcon.colcon_core.package_identification:_identify(src/coord-dsl/src/coord_dsl) by extension 'colcon_meta'
[0.517s] Level 1:colcon.colcon_core.package_identification:_identify(src/coord-dsl/src/coord_dsl) by extensions ['ros']
[0.517s] Level 1:colcon.colcon_core.package_identification:_identify(src/coord-dsl/src/coord_dsl) by extension 'ros'
[0.517s] Level 1:colcon.colcon_core.package_identification:_identify(src/coord-dsl/src/coord_dsl) by extensions ['cmake', 'python']
[0.517s] Level 1:colcon.colcon_core.package_identification:_identify(src/coord-dsl/src/coord_dsl) by extension 'cmake'
[0.517s] Level 1:colcon.colcon_core.package_identification:_identify(src/coord-dsl/src/coord_dsl) by extension 'python'
[0.517s] Level 1:colcon.colcon_core.package_identification:_identify(src/coord-dsl/src/coord_dsl) by extensions ['python_setup_py']
[0.517s] Level 1:colcon.colcon_core.package_identification:_identify(src/coord-dsl/src/coord_dsl) by extension 'python_setup_py'
[0.518s] Level 1:colcon.colcon_core.package_identification:_identify(src/coord-dsl/src/coord_dsl/generators) by extensions ['ignore', 'ignore_ament_install']
[0.518s] Level 1:colcon.colcon_core.package_identification:_identify(src/coord-dsl/src/coord_dsl/generators) by extension 'ignore'
[0.518s] Level 1:colcon.colcon_core.package_identification:_identify(src/coord-dsl/src/coord_dsl/generators) by extension 'ignore_ament_install'
[0.518s] Level 1:colcon.colcon_core.package_identification:_identify(src/coord-dsl/src/coord_dsl/generators) by extensions ['colcon_pkg']
[0.518s] Level 1:colcon.colcon_core.package_identification:_identify(src/coord-dsl/src/coord_dsl/generators) by extension 'colcon_pkg'
[0.518s] Level 1:colcon.colcon_core.package_identification:_identify(src/coord-dsl/src/coord_dsl/generators) by extensions ['colcon_meta']
[0.519s] Level 1:colcon.colcon_core.package_identification:_identify(src/coord-dsl/src/coord_dsl/generators) by extension 'colcon_meta'
[0.519s] Level 1:colcon.colcon_core.package_identification:_identify(src/coord-dsl/src/coord_dsl/generators) by extensions ['ros']
[0.519s] Level 1:colcon.colcon_core.package_identification:_identify(src/coord-dsl/src/coord_dsl/generators) by extension 'ros'
[0.519s] Level 1:colcon.colcon_core.package_identification:_identify(src/coord-dsl/src/coord_dsl/generators) by extensions ['cmake', 'python']
[0.519s] Level 1:colcon.colcon_core.package_identification:_identify(src/coord-dsl/src/coord_dsl/generators) by extension 'cmake'
[0.519s] Level 1:colcon.colcon_core.package_identification:_identify(src/coord-dsl/src/coord_dsl/generators) by extension 'python'
[0.519s] Level 1:colcon.colcon_core.package_identification:_identify(src/coord-dsl/src/coord_dsl/generators) by extensions ['python_setup_py']
[0.519s] Level 1:colcon.colcon_core.package_identification:_identify(src/coord-dsl/src/coord_dsl/generators) by extension 'python_setup_py'
[0.520s] Level 1:colcon.colcon_core.package_identification:_identify(src/coord-dsl/src/coord_dsl/metamodels) by extensions ['ignore', 'ignore_ament_install']
[0.520s] Level 1:colcon.colcon_core.package_identification:_identify(src/coord-dsl/src/coord_dsl/metamodels) by extension 'ignore'
[0.520s] Level 1:colcon.colcon_core.package_identification:_identify(src/coord-dsl/src/coord_dsl/metamodels) by extension 'ignore_ament_install'
[0.520s] Level 1:colcon.colcon_core.package_identification:_identify(src/coord-dsl/src/coord_dsl/metamodels) by extensions ['colcon_pkg']
[0.521s] Level 1:colcon.colcon_core.package_identification:_identify(src/coord-dsl/src/coord_dsl/metamodels) by extension 'colcon_pkg'
[0.521s] Level 1:colcon.colcon_core.package_identification:_identify(src/coord-dsl/src/coord_dsl/metamodels) by extensions ['colcon_meta']
[0.521s] Level 1:colcon.colcon_core.package_identification:_identify(src/coord-dsl/src/coord_dsl/metamodels) by extension 'colcon_meta'
[0.521s] Level 1:colcon.colcon_core.package_identification:_identify(src/coord-dsl/src/coord_dsl/metamodels) by extensions ['ros']
[0.521s] Level 1:colcon.colcon_core.package_identification:_identify(src/coord-dsl/src/coord_dsl/metamodels) by extension 'ros'
[0.521s] Level 1:colcon.colcon_core.package_identification:_identify(src/coord-dsl/src/coord_dsl/metamodels) by extensions ['cmake', 'python']
[0.521s] Level 1:colcon.colcon_core.package_identification:_identify(src/coord-dsl/src/coord_dsl/metamodels) by extension 'cmake'
[0.521s] Level 1:colcon.colcon_core.package_identification:_identify(src/coord-dsl/src/coord_dsl/metamodels) by extension 'python'
[0.521s] Level 1:colcon.colcon_core.package_identification:_identify(src/coord-dsl/src/coord_dsl/metamodels) by extensions ['python_setup_py']
[0.522s] Level 1:colcon.colcon_core.package_identification:_identify(src/coord-dsl/src/coord_dsl/metamodels) by extension 'python_setup_py'
[0.522s] Level 1:colcon.colcon_core.package_identification:_identify(src/coord-dsl/src/coord_dsl/templates) by extensions ['ignore', 'ignore_ament_install']
[0.522s] Level 1:colcon.colcon_core.package_identification:_identify(src/coord-dsl/src/coord_dsl/templates) by extension 'ignore'
[0.522s] Level 1:colcon.colcon_core.package_identification:_identify(src/coord-dsl/src/coord_dsl/templates) by extension 'ignore_ament_install'
[0.523s] Level 1:colcon.colcon_core.package_identification:_identify(src/coord-dsl/src/coord_dsl/templates) by extensions ['colcon_pkg']
[0.523s] Level 1:colcon.colcon_core.package_identification:_identify(src/coord-dsl/src/coord_dsl/templates) by extension 'colcon_pkg'
[0.523s] Level 1:colcon.colcon_core.package_identification:_identify(src/coord-dsl/src/coord_dsl/templates) by extensions ['colcon_meta']
[0.523s] Level 1:colcon.colcon_core.package_identification:_identify(src/coord-dsl/src/coord_dsl/templates) by extension 'colcon_meta'
[0.523s] Level 1:colcon.colcon_core.package_identification:_identify(src/coord-dsl/src/coord_dsl/templates) by extensions ['ros']
[0.523s] Level 1:colcon.colcon_core.package_identification:_identify(src/coord-dsl/src/coord_dsl/templates) by extension 'ros'
[0.523s] Level 1:colcon.colcon_core.package_identification:_identify(src/coord-dsl/src/coord_dsl/templates) by extensions ['cmake', 'python']
[0.524s] Level 1:colcon.colcon_core.package_identification:_identify(src/coord-dsl/src/coord_dsl/templates) by extension 'cmake'
[0.524s] Level 1:colcon.colcon_core.package_identification:_identify(src/coord-dsl/src/coord_dsl/templates) by extension 'python'
[0.524s] Level 1:colcon.colcon_core.package_identification:_identify(src/coord-dsl/src/coord_dsl/templates) by extensions ['python_setup_py']
[0.524s] Level 1:colcon.colcon_core.package_identification:_identify(src/coord-dsl/src/coord_dsl/templates) by extension 'python_setup_py'
[0.524s] Level 1:colcon.colcon_core.package_identification:_identify(src/coord2b) by extensions ['ignore', 'ignore_ament_install']
[0.524s] Level 1:colcon.colcon_core.package_identification:_identify(src/coord2b) by extension 'ignore'
[0.524s] Level 1:colcon.colcon_core.package_identification:_identify(src/coord2b) by extension 'ignore_ament_install'
[0.525s] Level 1:colcon.colcon_core.package_identification:_identify(src/coord2b) by extensions ['colcon_pkg']
[0.525s] Level 1:colcon.colcon_core.package_identification:_identify(src/coord2b) by extension 'colcon_pkg'
[0.525s] Level 1:colcon.colcon_core.package_identification:_identify(src/coord2b) by extensions ['colcon_meta']
[0.525s] Level 1:colcon.colcon_core.package_identification:_identify(src/coord2b) by extension 'colcon_meta'
[0.525s] Level 1:colcon.colcon_core.package_identification:_identify(src/coord2b) by extensions ['ros']
[0.525s] Level 1:colcon.colcon_core.package_identification:_identify(src/coord2b) by extension 'ros'
[0.525s] Level 1:colcon.colcon_core.package_identification:_identify(src/coord2b) by extensions ['cmake', 'python']
[0.525s] Level 1:colcon.colcon_core.package_identification:_identify(src/coord2b) by extension 'cmake'
[0.530s] Level 1:colcon.colcon_core.package_identification:_identify(src/coord2b) by extension 'python'
[0.530s] DEBUG:colcon.colcon_core.package_identification:Package 'src/coord2b' with type 'cmake' and name 'coord2b'
[0.530s] Level 1:colcon.colcon_core.package_identification:_identify(src/eddie-ros) by extensions ['ignore', 'ignore_ament_install']
[0.530s] Level 1:colcon.colcon_core.package_identification:_identify(src/eddie-ros) by extension 'ignore'
[0.531s] Level 1:colcon.colcon_core.package_identification:_identify(src/eddie-ros) by extension 'ignore_ament_install'
[0.531s] Level 1:colcon.colcon_core.package_identification:_identify(src/eddie-ros) by extensions ['colcon_pkg']
[0.531s] Level 1:colcon.colcon_core.package_identification:_identify(src/eddie-ros) by extension 'colcon_pkg'
[0.531s] Level 1:colcon.colcon_core.package_identification:_identify(src/eddie-ros) by extensions ['colcon_meta']
[0.531s] Level 1:colcon.colcon_core.package_identification:_identify(src/eddie-ros) by extension 'colcon_meta'
[0.531s] Level 1:colcon.colcon_core.package_identification:_identify(src/eddie-ros) by extensions ['ros']
[0.531s] Level 1:colcon.colcon_core.package_identification:_identify(src/eddie-ros) by extension 'ros'
[0.537s] DEBUG:colcon.colcon_core.package_identification:Package 'src/eddie-ros' with type 'ros.ament_cmake' and name 'eddie-ros'
[0.538s] Level 1:colcon.colcon_core.package_identification:_identify(src/eddie_pmu_control) by extensions ['ignore', 'ignore_ament_install']
[0.538s] Level 1:colcon.colcon_core.package_identification:_identify(src/eddie_pmu_control) by extension 'ignore'
[0.538s] Level 1:colcon.colcon_core.package_identification:_identify(src/eddie_pmu_control) by extension 'ignore_ament_install'
[0.538s] Level 1:colcon.colcon_core.package_identification:_identify(src/eddie_pmu_control) by extensions ['colcon_pkg']
[0.538s] Level 1:colcon.colcon_core.package_identification:_identify(src/eddie_pmu_control) by extension 'colcon_pkg'
[0.539s] Level 1:colcon.colcon_core.package_identification:_identify(src/eddie_pmu_control) by extensions ['colcon_meta']
[0.539s] Level 1:colcon.colcon_core.package_identification:_identify(src/eddie_pmu_control) by extension 'colcon_meta'
[0.539s] Level 1:colcon.colcon_core.package_identification:_identify(src/eddie_pmu_control) by extensions ['ros']
[0.539s] Level 1:colcon.colcon_core.package_identification:_identify(src/eddie_pmu_control) by extension 'ros'
[0.539s] Level 1:colcon.colcon_core.package_identification:_identify(src/eddie_pmu_control) by extensions ['cmake', 'python']
[0.539s] Level 1:colcon.colcon_core.package_identification:_identify(src/eddie_pmu_control) by extension 'cmake'
[0.540s] Level 1:colcon.colcon_core.package_identification:_identify(src/eddie_pmu_control) by extension 'python'
[0.540s] DEBUG:colcon.colcon_core.package_identification:Package 'src/eddie_pmu_control' with type 'cmake' and name 'eddie_pmu_control'
[0.540s] Level 1:colcon.colcon_core.package_identification:_identify(src/install) by extensions ['ignore', 'ignore_ament_install']
[0.541s] Level 1:colcon.colcon_core.package_identification:_identify(src/install) by extension 'ignore'
[0.541s] Level 1:colcon.colcon_core.package_identification:_identify(src/install) ignored
[0.541s] Level 1:colcon.colcon_core.package_identification:_identify(src/log) by extensions ['ignore', 'ignore_ament_install']
[0.541s] Level 1:colcon.colcon_core.package_identification:_identify(src/log) by extension 'ignore'
[0.542s] Level 1:colcon.colcon_core.package_identification:_identify(src/log) ignored
[0.542s] Level 1:colcon.colcon_core.package_identification:_identify(src/orocos_kinematics_dynamics) by extensions ['ignore', 'ignore_ament_install']
[0.542s] Level 1:colcon.colcon_core.package_identification:_identify(src/orocos_kinematics_dynamics) by extension 'ignore'
[0.542s] Level 1:colcon.colcon_core.package_identification:_identify(src/orocos_kinematics_dynamics) by extension 'ignore_ament_install'
[0.542s] Level 1:colcon.colcon_core.package_identification:_identify(src/orocos_kinematics_dynamics) by extensions ['colcon_pkg']
[0.543s] Level 1:colcon.colcon_core.package_identification:_identify(src/orocos_kinematics_dynamics) by extension 'colcon_pkg'
[0.543s] Level 1:colcon.colcon_core.package_identification:_identify(src/orocos_kinematics_dynamics) by extensions ['colcon_meta']
[0.543s] Level 1:colcon.colcon_core.package_identification:_identify(src/orocos_kinematics_dynamics) by extension 'colcon_meta'
[0.543s] Level 1:colcon.colcon_core.package_identification:_identify(src/orocos_kinematics_dynamics) by extensions ['ros']
[0.543s] Level 1:colcon.colcon_core.package_identification:_identify(src/orocos_kinematics_dynamics) by extension 'ros'
[0.543s] Level 1:colcon.colcon_core.package_identification:_identify(src/orocos_kinematics_dynamics) by extensions ['cmake', 'python']
[0.543s] Level 1:colcon.colcon_core.package_identification:_identify(src/orocos_kinematics_dynamics) by extension 'cmake'
[0.543s] Level 1:colcon.colcon_core.package_identification:_identify(src/orocos_kinematics_dynamics) by extension 'python'
[0.543s] Level 1:colcon.colcon_core.package_identification:_identify(src/orocos_kinematics_dynamics) by extensions ['python_setup_py']
[0.543s] Level 1:colcon.colcon_core.package_identification:_identify(src/orocos_kinematics_dynamics) by extension 'python_setup_py'
[0.544s] Level 1:colcon.colcon_core.package_identification:_identify(src/orocos_kinematics_dynamics/orocos_kdl) by extensions ['ignore', 'ignore_ament_install']
[0.544s] Level 1:colcon.colcon_core.package_identification:_identify(src/orocos_kinematics_dynamics/orocos_kdl) by extension 'ignore'
[0.544s] Level 1:colcon.colcon_core.package_identification:_identify(src/orocos_kinematics_dynamics/orocos_kdl) by extension 'ignore_ament_install'
[0.544s] Level 1:colcon.colcon_core.package_identification:_identify(src/orocos_kinematics_dynamics/orocos_kdl) by extensions ['colcon_pkg']
[0.544s] Level 1:colcon.colcon_core.package_identification:_identify(src/orocos_kinematics_dynamics/orocos_kdl) by extension 'colcon_pkg'
[0.544s] Level 1:colcon.colcon_core.package_identification:_identify(src/orocos_kinematics_dynamics/orocos_kdl) by extensions ['colcon_meta']
[0.545s] Level 1:colcon.colcon_core.package_identification:_identify(src/orocos_kinematics_dynamics/orocos_kdl) by extension 'colcon_meta'
[0.545s] Level 1:colcon.colcon_core.package_identification:_identify(src/orocos_kinematics_dynamics/orocos_kdl) by extensions ['ros']
[0.545s] Level 1:colcon.colcon_core.package_identification:_identify(src/orocos_kinematics_dynamics/orocos_kdl) by extension 'ros'
[0.546s] DEBUG:colcon.colcon_core.package_identification:Package 'src/orocos_kinematics_dynamics/orocos_kdl' with type 'ros.cmake' and name 'orocos_kdl'
[0.547s] Level 1:colcon.colcon_core.package_identification:_identify(src/orocos_kinematics_dynamics/python_orocos_kdl) by extensions ['ignore', 'ignore_ament_install']
[0.547s] Level 1:colcon.colcon_core.package_identification:_identify(src/orocos_kinematics_dynamics/python_orocos_kdl) by extension 'ignore'
[0.547s] Level 1:colcon.colcon_core.package_identification:_identify(src/orocos_kinematics_dynamics/python_orocos_kdl) by extension 'ignore_ament_install'
[0.547s] Level 1:colcon.colcon_core.package_identification:_identify(src/orocos_kinematics_dynamics/python_orocos_kdl) by extensions ['colcon_pkg']
[0.547s] Level 1:colcon.colcon_core.package_identification:_identify(src/orocos_kinematics_dynamics/python_orocos_kdl) by extension 'colcon_pkg'
[0.548s] Level 1:colcon.colcon_core.package_identification:_identify(src/orocos_kinematics_dynamics/python_orocos_kdl) by extensions ['colcon_meta']
[0.548s] Level 1:colcon.colcon_core.package_identification:_identify(src/orocos_kinematics_dynamics/python_orocos_kdl) by extension 'colcon_meta'
[0.548s] Level 1:colcon.colcon_core.package_identification:_identify(src/orocos_kinematics_dynamics/python_orocos_kdl) by extensions ['ros']
[0.548s] Level 1:colcon.colcon_core.package_identification:_identify(src/orocos_kinematics_dynamics/python_orocos_kdl) by extension 'ros'
[0.550s] DEBUG:colcon.colcon_core.package_identification:Package 'src/orocos_kinematics_dynamics/python_orocos_kdl' with type 'ros.catkin' and name 'python_orocos_kdl'
[0.550s] Level 1:colcon.colcon_core.package_identification:_identify(src/robif2b) by extensions ['ignore', 'ignore_ament_install']
[0.550s] Level 1:colcon.colcon_core.package_identification:_identify(src/robif2b) by extension 'ignore'
[0.550s] Level 1:colcon.colcon_core.package_identification:_identify(src/robif2b) by extension 'ignore_ament_install'
[0.550s] Level 1:colcon.colcon_core.package_identification:_identify(src/robif2b) by extensions ['colcon_pkg']
[0.550s] Level 1:colcon.colcon_core.package_identification:_identify(src/robif2b) by extension 'colcon_pkg'
[0.550s] Level 1:colcon.colcon_core.package_identification:_identify(src/robif2b) by extensions ['colcon_meta']
[0.551s] Level 1:colcon.colcon_core.package_identification:_identify(src/robif2b) by extension 'colcon_meta'
[0.551s] Level 1:colcon.colcon_core.package_identification:_identify(src/robif2b) by extensions ['ros']
[0.551s] Level 1:colcon.colcon_core.package_identification:_identify(src/robif2b) by extension 'ros'
[0.551s] Level 1:colcon.colcon_core.package_identification:_identify(src/robif2b) by extensions ['cmake', 'python']
[0.551s] Level 1:colcon.colcon_core.package_identification:_identify(src/robif2b) by extension 'cmake'
[0.556s] Level 1:colcon.colcon_core.package_identification:_identify(src/robif2b) by extension 'python'
[0.556s] DEBUG:colcon.colcon_core.package_identification:Package 'src/robif2b' with type 'cmake' and name 'robif2b'
[0.556s] Level 1:colcon.colcon_core.package_identification:_identify(src/ros2_kortex_vision) by extensions ['ignore', 'ignore_ament_install']
[0.557s] Level 1:colcon.colcon_core.package_identification:_identify(src/ros2_kortex_vision) by extension 'ignore'
[0.557s] Level 1:colcon.colcon_core.package_identification:_identify(src/ros2_kortex_vision) by extension 'ignore_ament_install'
[0.557s] Level 1:colcon.colcon_core.package_identification:_identify(src/ros2_kortex_vision) by extensions ['colcon_pkg']
[0.557s] Level 1:colcon.colcon_core.package_identification:_identify(src/ros2_kortex_vision) by extension 'colcon_pkg'
[0.557s] Level 1:colcon.colcon_core.package_identification:_identify(src/ros2_kortex_vision) by extensions ['colcon_meta']
[0.557s] Level 1:colcon.colcon_core.package_identification:_identify(src/ros2_kortex_vision) by extension 'colcon_meta'
[0.557s] Level 1:colcon.colcon_core.package_identification:_identify(src/ros2_kortex_vision) by extensions ['ros']
[0.557s] Level 1:colcon.colcon_core.package_identification:_identify(src/ros2_kortex_vision) by extension 'ros'
[0.560s] DEBUG:colcon.colcon_core.package_identification:Package 'src/ros2_kortex_vision' with type 'ros.ament_cmake' and name 'kinova_vision'
[0.560s] Level 1:colcon.colcon_core.package_discovery:discover_packages(recursive) using defaults
[0.560s] Level 1:colcon.colcon_core.package_discovery:discover_packages(ignore) discover
[0.560s] Level 1:colcon.colcon_core.package_discovery:discover_packages(ignore) using defaults
[0.560s] Level 1:colcon.colcon_core.package_discovery:discover_packages(path) discover
[0.560s] Level 1:colcon.colcon_core.package_discovery:discover_packages(path) using defaults
[0.609s] Level 1:colcon.colcon_core.package_discovery:discover_packages(prefix_path) check parameters
[0.609s] Level 1:colcon.colcon_core.package_discovery:discover_packages(prefix_path) discover
[0.618s] DEBUG:colcon.colcon_installed_package_information.package_discovery:Found 443 installed packages in /opt/ros/jazzy
[0.621s] Level 1:colcon.colcon_core.package_discovery:discover_packages(prefix_path) using defaults
[0.774s] Level 5:colcon.colcon_core.verb:set package 'coord2b' build argument 'cmake_args' from command line to 'None'
[0.774s] Level 5:colcon.colcon_core.verb:set package 'coord2b' build argument 'cmake_target' from command line to 'None'
[0.774s] Level 5:colcon.colcon_core.verb:set package 'coord2b' build argument 'cmake_target_skip_unavailable' from command line to 'False'
[0.774s] Level 5:colcon.colcon_core.verb:set package 'coord2b' build argument 'cmake_clean_cache' from command line to 'False'
[0.774s] Level 5:colcon.colcon_core.verb:set package 'coord2b' build argument 'cmake_clean_first' from command line to 'False'
[0.774s] Level 5:colcon.colcon_core.verb:set package 'coord2b' build argument 'cmake_force_configure' from command line to 'False'
[0.774s] Level 5:colcon.colcon_core.verb:set package 'coord2b' build argument 'ament_cmake_args' from command line to 'None'
[0.774s] Level 5:colcon.colcon_core.verb:set package 'coord2b' build argument 'catkin_cmake_args' from command line to 'None'
[0.774s] Level 5:colcon.colcon_core.verb:set package 'coord2b' build argument 'catkin_skip_building_tests' from command line to 'False'
[0.775s] DEBUG:colcon.colcon_core.verb:Building package 'coord2b' with the following arguments: {'ament_cmake_args': None, 'build_base': '/home/wasim/r4s/build/coord2b', 'catkin_cmake_args': None, 'catkin_skip_building_tests': False, 'cmake_args': None, 'cmake_clean_cache': False, 'cmake_clean_first': False, 'cmake_force_configure': False, 'cmake_target': None, 'cmake_target_skip_unavailable': False, 'install_base': '/home/wasim/r4s/install/coord2b', 'merge_install': False, 'path': '/home/wasim/r4s/src/coord2b', 'symlink_install': False, 'test_result_base': None}
[0.775s] Level 5:colcon.colcon_core.verb:set package 'eddie_pmu_control' build argument 'cmake_args' from command line to 'None'
[0.775s] Level 5:colcon.colcon_core.verb:set package 'eddie_pmu_control' build argument 'cmake_target' from command line to 'None'
[0.775s] Level 5:colcon.colcon_core.verb:set package 'eddie_pmu_control' build argument 'cmake_target_skip_unavailable' from command line to 'False'
[0.775s] Level 5:colcon.colcon_core.verb:set package 'eddie_pmu_control' build argument 'cmake_clean_cache' from command line to 'False'
[0.775s] Level 5:colcon.colcon_core.verb:set package 'eddie_pmu_control' build argument 'cmake_clean_first' from command line to 'False'
[0.775s] Level 5:colcon.colcon_core.verb:set package 'eddie_pmu_control' build argument 'cmake_force_configure' from command line to 'False'
[0.776s] Level 5:colcon.colcon_core.verb:set package 'eddie_pmu_control' build argument 'ament_cmake_args' from command line to 'None'
[0.776s] Level 5:colcon.colcon_core.verb:set package 'eddie_pmu_control' build argument 'catkin_cmake_args' from command line to 'None'
[0.776s] Level 5:colcon.colcon_core.verb:set package 'eddie_pmu_control' build argument 'catkin_skip_building_tests' from command line to 'False'
[0.776s] DEBUG:colcon.colcon_core.verb:Building package 'eddie_pmu_control' with the following arguments: {'ament_cmake_args': None, 'build_base': '/home/wasim/r4s/build/eddie_pmu_control', 'catkin_cmake_args': None, 'catkin_skip_building_tests': False, 'cmake_args': None, 'cmake_clean_cache': False, 'cmake_clean_first': False, 'cmake_force_configure': False, 'cmake_target': None, 'cmake_target_skip_unavailable': False, 'install_base': '/home/wasim/r4s/install/eddie_pmu_control', 'merge_install': False, 'path': '/home/wasim/r4s/src/eddie_pmu_control', 'symlink_install': False, 'test_result_base': None}
[0.776s] Level 5:colcon.colcon_core.verb:set package 'kinova_vision' build argument 'cmake_args' from command line to 'None'
[0.776s] Level 5:colcon.colcon_core.verb:set package 'kinova_vision' build argument 'cmake_target' from command line to 'None'
[0.776s] Level 5:colcon.colcon_core.verb:set package 'kinova_vision' build argument 'cmake_target_skip_unavailable' from command line to 'False'
[0.776s] Level 5:colcon.colcon_core.verb:set package 'kinova_vision' build argument 'cmake_clean_cache' from command line to 'False'
[0.777s] Level 5:colcon.colcon_core.verb:set package 'kinova_vision' build argument 'cmake_clean_first' from command line to 'False'
[0.777s] Level 5:colcon.colcon_core.verb:set package 'kinova_vision' build argument 'cmake_force_configure' from command line to 'False'
[0.777s] Level 5:colcon.colcon_core.verb:set package 'kinova_vision' build argument 'ament_cmake_args' from command line to 'None'
[0.777s] Level 5:colcon.colcon_core.verb:set package 'kinova_vision' build argument 'catkin_cmake_args' from command line to 'None'
[0.777s] Level 5:colcon.colcon_core.verb:set package 'kinova_vision' build argument 'catkin_skip_building_tests' from command line to 'False'
[0.777s] DEBUG:colcon.colcon_core.verb:Building package 'kinova_vision' with the following arguments: {'ament_cmake_args': None, 'build_base': '/home/wasim/r4s/build/kinova_vision', 'catkin_cmake_args': None, 'catkin_skip_building_tests': False, 'cmake_args': None, 'cmake_clean_cache': False, 'cmake_clean_first': False, 'cmake_force_configure': False, 'cmake_target': None, 'cmake_target_skip_unavailable': False, 'install_base': '/home/wasim/r4s/install/kinova_vision', 'merge_install': False, 'path': '/home/wasim/r4s/src/ros2_kortex_vision', 'symlink_install': False, 'test_result_base': None}
[0.777s] Level 5:colcon.colcon_core.verb:set package 'orocos_kdl' build argument 'cmake_args' from command line to 'None'
[0.778s] Level 5:colcon.colcon_core.verb:set package 'orocos_kdl' build argument 'cmake_target' from command line to 'None'
[0.778s] Level 5:colcon.colcon_core.verb:set package 'orocos_kdl' build argument 'cmake_target_skip_unavailable' from command line to 'False'
[0.778s] Level 5:colcon.colcon_core.verb:set package 'orocos_kdl' build argument 'cmake_clean_cache' from command line to 'False'
[0.778s] Level 5:colcon.colcon_core.verb:set package 'orocos_kdl' build argument 'cmake_clean_first' from command line to 'False'
[0.778s] Level 5:colcon.colcon_core.verb:set package 'orocos_kdl' build argument 'cmake_force_configure' from command line to 'False'
[0.778s] Level 5:colcon.colcon_core.verb:set package 'orocos_kdl' build argument 'ament_cmake_args' from command line to 'None'
[0.778s] Level 5:colcon.colcon_core.verb:set package 'orocos_kdl' build argument 'catkin_cmake_args' from command line to 'None'
[0.778s] Level 5:colcon.colcon_core.verb:set package 'orocos_kdl' build argument 'catkin_skip_building_tests' from command line to 'False'
[0.778s] DEBUG:colcon.colcon_core.verb:Building package 'orocos_kdl' with the following arguments: {'ament_cmake_args': None, 'build_base': '/home/wasim/r4s/build/orocos_kdl', 'catkin_cmake_args': None, 'catkin_skip_building_tests': False, 'cmake_args': None, 'cmake_clean_cache': False, 'cmake_clean_first': False, 'cmake_force_configure': False, 'cmake_target': None, 'cmake_target_skip_unavailable': False, 'install_base': '/home/wasim/r4s/install/orocos_kdl', 'merge_install': False, 'path': '/home/wasim/r4s/src/orocos_kinematics_dynamics/orocos_kdl', 'symlink_install': False, 'test_result_base': None}
[0.779s] Level 5:colcon.colcon_core.verb:set package 'robif2b' build argument 'cmake_args' from command line to 'None'
[0.779s] Level 5:colcon.colcon_core.verb:overwrite package 'robif2b' build argument 'cmake_args' from package metadata with '['-DENABLE_ETHERCAT=ON', '-DENABLE_KELO=ON', '-DENABLE_KORTEX=ON', '-DCMAKE_BUILD_TYPE=Debug', '-DENABLE_KORTEX_API_AUTO_DOWNLOAD=ON']' (before: 'None')
[0.779s] Level 5:colcon.colcon_core.verb:set package 'robif2b' build argument 'cmake_target' from command line to 'None'
[0.779s] Level 5:colcon.colcon_core.verb:set package 'robif2b' build argument 'cmake_target_skip_unavailable' from command line to 'False'
[0.779s] Level 5:colcon.colcon_core.verb:set package 'robif2b' build argument 'cmake_clean_cache' from command line to 'False'
[0.779s] Level 5:colcon.colcon_core.verb:set package 'robif2b' build argument 'cmake_clean_first' from command line to 'False'
[0.779s] Level 5:colcon.colcon_core.verb:set package 'robif2b' build argument 'cmake_force_configure' from command line to 'False'
[0.779s] Level 5:colcon.colcon_core.verb:set package 'robif2b' build argument 'ament_cmake_args' from command line to 'None'
[0.779s] Level 5:colcon.colcon_core.verb:set package 'robif2b' build argument 'catkin_cmake_args' from command line to 'None'
[0.779s] Level 5:colcon.colcon_core.verb:set package 'robif2b' build argument 'catkin_skip_building_tests' from command line to 'False'
[0.779s] DEBUG:colcon.colcon_core.verb:Building package 'robif2b' with the following arguments: {'ament_cmake_args': None, 'build_base': '/home/wasim/r4s/build/robif2b', 'catkin_cmake_args': None, 'catkin_skip_building_tests': False, 'cmake_args': ['-DENABLE_ETHERCAT=ON', '-DENABLE_KELO=ON', '-DENABLE_KORTEX=ON', '-DCMAKE_BUILD_TYPE=Debug', '-DENABLE_KORTEX_API_AUTO_DOWNLOAD=ON'], 'cmake_clean_cache': False, 'cmake_clean_first': False, 'cmake_force_configure': False, 'cmake_target': None, 'cmake_target_skip_unavailable': False, 'install_base': '/home/wasim/r4s/install/robif2b', 'merge_install': False, 'path': '/home/wasim/r4s/src/robif2b', 'symlink_install': False, 'test_result_base': None}
[0.780s] Level 5:colcon.colcon_core.verb:set package 'eddie-ros' build argument 'cmake_args' from command line to 'None'
[0.780s] Level 5:colcon.colcon_core.verb:set package 'eddie-ros' build argument 'cmake_target' from command line to 'None'
[0.780s] Level 5:colcon.colcon_core.verb:set package 'eddie-ros' build argument 'cmake_target_skip_unavailable' from command line to 'False'
[0.780s] Level 5:colcon.colcon_core.verb:set package 'eddie-ros' build argument 'cmake_clean_cache' from command line to 'False'
[0.780s] Level 5:colcon.colcon_core.verb:set package 'eddie-ros' build argument 'cmake_clean_first' from command line to 'False'
[0.780s] Level 5:colcon.colcon_core.verb:set package 'eddie-ros' build argument 'cmake_force_configure' from command line to 'False'
[0.781s] Level 5:colcon.colcon_core.verb:set package 'eddie-ros' build argument 'ament_cmake_args' from command line to 'None'
[0.781s] Level 5:colcon.colcon_core.verb:set package 'eddie-ros' build argument 'catkin_cmake_args' from command line to 'None'
[0.781s] Level 5:colcon.colcon_core.verb:set package 'eddie-ros' build argument 'catkin_skip_building_tests' from command line to 'False'
[0.781s] DEBUG:colcon.colcon_core.verb:Building package 'eddie-ros' with the following arguments: {'ament_cmake_args': None, 'build_base': '/home/wasim/r4s/build/eddie-ros', 'catkin_cmake_args': None, 'catkin_skip_building_tests': False, 'cmake_args': None, 'cmake_clean_cache': False, 'cmake_clean_first': False, 'cmake_force_configure': False, 'cmake_target': None, 'cmake_target_skip_unavailable': False, 'install_base': '/home/wasim/r4s/install/eddie-ros', 'merge_install': False, 'path': '/home/wasim/r4s/src/eddie-ros', 'symlink_install': False, 'test_result_base': None}
[0.781s] Level 5:colcon.colcon_core.verb:set package 'python_orocos_kdl' build argument 'cmake_args' from command line to 'None'
[0.782s] Level 5:colcon.colcon_core.verb:set package 'python_orocos_kdl' build argument 'cmake_target' from command line to 'None'
[0.782s] Level 5:colcon.colcon_core.verb:set package 'python_orocos_kdl' build argument 'cmake_target_skip_unavailable' from command line to 'False'
[0.782s] Level 5:colcon.colcon_core.verb:set package 'python_orocos_kdl' build argument 'cmake_clean_cache' from command line to 'False'
[0.782s] Level 5:colcon.colcon_core.verb:set package 'python_orocos_kdl' build argument 'cmake_clean_first' from command line to 'False'
[0.782s] Level 5:colcon.colcon_core.verb:set package 'python_orocos_kdl' build argument 'cmake_force_configure' from command line to 'False'
[0.782s] Level 5:colcon.colcon_core.verb:set package 'python_orocos_kdl' build argument 'ament_cmake_args' from command line to 'None'
[0.782s] Level 5:colcon.colcon_core.verb:set package 'python_orocos_kdl' build argument 'catkin_cmake_args' from command line to 'None'
[0.782s] Level 5:colcon.colcon_core.verb:set package 'python_orocos_kdl' build argument 'catkin_skip_building_tests' from command line to 'False'
[0.782s] DEBUG:colcon.colcon_core.verb:Building package 'python_orocos_kdl' with the following arguments: {'ament_cmake_args': None, 'build_base': '/home/wasim/r4s/build/python_orocos_kdl', 'catkin_cmake_args': None, 'catkin_skip_building_tests': False, 'cmake_args': None, 'cmake_clean_cache': False, 'cmake_clean_first': False, 'cmake_force_configure': False, 'cmake_target': None, 'cmake_target_skip_unavailable': False, 'install_base': '/home/wasim/r4s/install/python_orocos_kdl', 'merge_install': False, 'path': '/home/wasim/r4s/src/orocos_kinematics_dynamics/python_orocos_kdl', 'symlink_install': False, 'test_result_base': None}
[0.782s] INFO:colcon.colcon_core.executor:Executing jobs using 'parallel' executor
[0.784s] DEBUG:colcon.colcon_parallel_executor.executor.parallel:run_until_complete
[0.785s] INFO:colcon.colcon_ros.task.cmake.build:Building ROS package in '/home/wasim/r4s/src/orocos_kinematics_dynamics/orocos_kdl' with build type 'cmake'
[0.785s] INFO:colcon.colcon_cmake.task.cmake.build:Building CMake package in '/home/wasim/r4s/src/orocos_kinematics_dynamics/orocos_kdl'
[0.791s] INFO:colcon.colcon_core.plugin_system:Skipping extension 'colcon_core.shell.bat': Not used on non-Windows systems
[0.791s] INFO:colcon.colcon_core.shell:Skip shell extension 'powershell' for command environment: Not usable outside of PowerShell
[0.792s] DEBUG:colcon.colcon_core.shell:Skip shell extension 'dsv' for command environment
[0.801s] INFO:colcon.colcon_cmake.task.cmake.build:Building CMake package in '/home/wasim/r4s/src/coord2b'
[0.802s] INFO:colcon.colcon_core.shell:Skip shell extension 'powershell' for command environment: Not usable outside of PowerShell
[0.802s] DEBUG:colcon.colcon_core.shell:Skip shell extension 'dsv' for command environment
[0.811s] INFO:colcon.colcon_cmake.task.cmake.build:Building CMake package in '/home/wasim/r4s/src/robif2b'
[0.812s] INFO:colcon.colcon_core.shell:Skip shell extension 'powershell' for command environment: Not usable outside of PowerShell
[0.812s] DEBUG:colcon.colcon_core.shell:Skip shell extension 'dsv' for command environment
[0.822s] INFO:colcon.colcon_cmake.task.cmake.build:Building CMake package in '/home/wasim/r4s/src/eddie_pmu_control'
[0.822s] INFO:colcon.colcon_core.shell:Skip shell extension 'powershell' for command environment: Not usable outside of PowerShell
[0.822s] DEBUG:colcon.colcon_core.shell:Skip shell extension 'dsv' for command environment
[0.833s] INFO:colcon.colcon_ros.task.ament_cmake.build:Building ROS package in '/home/wasim/r4s/src/ros2_kortex_vision' with build type 'ament_cmake'
[0.833s] INFO:colcon.colcon_cmake.task.cmake.build:Building CMake package in '/home/wasim/r4s/src/ros2_kortex_vision'
[0.833s] INFO:colcon.colcon_core.shell:Skip shell extension 'powershell' for command environment: Not usable outside of PowerShell
[0.833s] DEBUG:colcon.colcon_core.shell:Skip shell extension 'dsv' for command environment
[0.859s] DEBUG:colcon.colcon_core.event_handler.log_command:Invoking command in '/home/wasim/r4s/build/orocos_kdl': CMAKE_PREFIX_PATH=${CMAKE_PREFIX_PATH}:/opt/ros/jazzy DEBUGINFOD_URLS=https://debuginfod.ubuntu.com /usr/bin/cmake --build /home/wasim/r4s/build/orocos_kdl -- -j16 -l16
[0.867s] DEBUG:colcon.colcon_core.event_handler.log_command:Invoking command in '/home/wasim/r4s/build/coord2b': DEBUGINFOD_URLS=https://debuginfod.ubuntu.com /usr/bin/cmake --build /home/wasim/r4s/build/coord2b -- -j16 -l16
[0.872s] DEBUG:colcon.colcon_core.event_handler.log_command:Invoking command in '/home/wasim/r4s/build/robif2b': DEBUGINFOD_URLS=https://debuginfod.ubuntu.com /usr/bin/cmake --build /home/wasim/r4s/build/robif2b -- -j16 -l16
[0.906s] DEBUG:colcon.colcon_core.event_handler.log_command:Invoking command in '/home/wasim/r4s/build/eddie_pmu_control': DEBUGINFOD_URLS=https://debuginfod.ubuntu.com /usr/bin/cmake --build /home/wasim/r4s/build/eddie_pmu_control -- -j16 -l16
[0.917s] DEBUG:colcon.colcon_core.event_handler.log_command:Invoking command in '/home/wasim/r4s/build/kinova_vision': CMAKE_PREFIX_PATH=${CMAKE_PREFIX_PATH}:/opt/ros/jazzy DEBUGINFOD_URLS=https://debuginfod.ubuntu.com /usr/bin/cmake --build /home/wasim/r4s/build/kinova_vision -- -j16 -l16
[1.053s] DEBUG:colcon.colcon_core.event_handler.log_command:Invoked command in '/home/wasim/r4s/build/eddie_pmu_control' returned '0': DEBUGINFOD_URLS=https://debuginfod.ubuntu.com /usr/bin/cmake --build /home/wasim/r4s/build/eddie_pmu_control -- -j16 -l16
[1.081s] DEBUG:colcon.colcon_core.event_handler.log_command:Invoking command in '/home/wasim/r4s/build/eddie_pmu_control': DEBUGINFOD_URLS=https://debuginfod.ubuntu.com /usr/bin/cmake --install /home/wasim/r4s/build/eddie_pmu_control
[1.108s] Level 1:colcon.colcon_core.environment:create_environment_scripts_only(eddie_pmu_control)
[1.109s] DEBUG:colcon.colcon_core.event_handler.log_command:Invoked command in '/home/wasim/r4s/build/eddie_pmu_control' returned '0': DEBUGINFOD_URLS=https://debuginfod.ubuntu.com /usr/bin/cmake --install /home/wasim/r4s/build/eddie_pmu_control
[1.115s] Level 1:colcon.colcon_core.environment:checking '/home/wasim/r4s/install/eddie_pmu_control' for CMake module files
[1.116s] Level 1:colcon.colcon_core.environment:checking '/home/wasim/r4s/install/eddie_pmu_control' for CMake config files
[1.117s] Level 1:colcon.colcon_core.environment:checking '/home/wasim/r4s/install/eddie_pmu_control/bin'
[1.117s] Level 1:colcon.colcon_core.shell:create_environment_hook('eddie_pmu_control', 'path')
[1.118s] INFO:colcon.colcon_core.shell:Creating environment hook '/home/wasim/r4s/install/eddie_pmu_control/share/eddie_pmu_control/hook/path.ps1'
[1.119s] INFO:colcon.colcon_core.shell:Creating environment descriptor '/home/wasim/r4s/install/eddie_pmu_control/share/eddie_pmu_control/hook/path.dsv'
[1.120s] INFO:colcon.colcon_core.shell:Creating environment hook '/home/wasim/r4s/install/eddie_pmu_control/share/eddie_pmu_control/hook/path.sh'
[1.122s] Level 1:colcon.colcon_core.environment:checking '/home/wasim/r4s/install/eddie_pmu_control/lib/pkgconfig/eddie_pmu_control.pc'
[1.122s] Level 1:colcon.colcon_core.environment:checking '/home/wasim/r4s/install/eddie_pmu_control/lib/python3.12/site-packages'
[1.122s] Level 1:colcon.colcon_core.environment:checking '/home/wasim/r4s/install/eddie_pmu_control/bin'
[1.123s] Level 1:colcon.colcon_core.shell:create_environment_hook('eddie_pmu_control', 'pythonscriptspath')
[1.123s] INFO:colcon.colcon_core.shell:Creating environment hook '/home/wasim/r4s/install/eddie_pmu_control/share/eddie_pmu_control/hook/pythonscriptspath.ps1'
[1.124s] INFO:colcon.colcon_core.shell:Creating environment descriptor '/home/wasim/r4s/install/eddie_pmu_control/share/eddie_pmu_control/hook/pythonscriptspath.dsv'
[1.126s] INFO:colcon.colcon_core.shell:Creating environment hook '/home/wasim/r4s/install/eddie_pmu_control/share/eddie_pmu_control/hook/pythonscriptspath.sh'
[1.127s] INFO:colcon.colcon_core.shell:Creating package script '/home/wasim/r4s/install/eddie_pmu_control/share/eddie_pmu_control/package.ps1'
[1.129s] INFO:colcon.colcon_core.shell:Creating package descriptor '/home/wasim/r4s/install/eddie_pmu_control/share/eddie_pmu_control/package.dsv'
[1.130s] INFO:colcon.colcon_core.shell:Creating package script '/home/wasim/r4s/install/eddie_pmu_control/share/eddie_pmu_control/package.sh'
[1.132s] INFO:colcon.colcon_core.shell:Creating package script '/home/wasim/r4s/install/eddie_pmu_control/share/eddie_pmu_control/package.bash'
[1.134s] INFO:colcon.colcon_core.shell:Creating package script '/home/wasim/r4s/install/eddie_pmu_control/share/eddie_pmu_control/package.zsh'
[1.135s] Level 1:colcon.colcon_core.environment:create_file_with_runtime_dependencies(/home/wasim/r4s/install/eddie_pmu_control/share/colcon-core/packages/eddie_pmu_control)
[1.139s] DEBUG:colcon.colcon_core.event_handler.log_command:Invoked command in '/home/wasim/r4s/build/coord2b' returned '0': DEBUGINFOD_URLS=https://debuginfod.ubuntu.com /usr/bin/cmake --build /home/wasim/r4s/build/coord2b -- -j16 -l16
[1.142s] DEBUG:colcon.colcon_core.event_handler.log_command:Invoking command in '/home/wasim/r4s/build/coord2b': DEBUGINFOD_URLS=https://debuginfod.ubuntu.com /usr/bin/cmake --install /home/wasim/r4s/build/coord2b
[1.144s] DEBUG:colcon.colcon_core.event_handler.log_command:Invoked command in '/home/wasim/r4s/build/robif2b' returned '0': DEBUGINFOD_URLS=https://debuginfod.ubuntu.com /usr/bin/cmake --build /home/wasim/r4s/build/robif2b -- -j16 -l16
[1.148s] DEBUG:colcon.colcon_core.event_handler.log_command:Invoking command in '/home/wasim/r4s/build/robif2b': DEBUGINFOD_URLS=https://debuginfod.ubuntu.com /usr/bin/cmake --install /home/wasim/r4s/build/robif2b
[1.167s] DEBUG:colcon.colcon_core.event_handler.log_command:Invoked command in '/home/wasim/r4s/build/orocos_kdl' returned '0': CMAKE_PREFIX_PATH=${CMAKE_PREFIX_PATH}:/opt/ros/jazzy DEBUGINFOD_URLS=https://debuginfod.ubuntu.com /usr/bin/cmake --build /home/wasim/r4s/build/orocos_kdl -- -j16 -l16
[1.170s] DEBUG:colcon.colcon_core.event_handler.log_command:Invoking command in '/home/wasim/r4s/build/orocos_kdl': CMAKE_PREFIX_PATH=${CMAKE_PREFIX_PATH}:/opt/ros/jazzy DEBUGINFOD_URLS=https://debuginfod.ubuntu.com /usr/bin/cmake --install /home/wasim/r4s/build/orocos_kdl
[1.178s] Level 1:colcon.colcon_core.environment:create_environment_scripts_only(coord2b)
[1.179s] Level 1:colcon.colcon_core.environment:checking '/home/wasim/r4s/install/coord2b' for CMake module files
[1.184s] Level 1:colcon.colcon_core.environment:checking '/home/wasim/r4s/install/coord2b' for CMake config files
[1.186s] DEBUG:colcon.colcon_core.event_handler.log_command:Invoked command in '/home/wasim/r4s/build/coord2b' returned '0': DEBUGINFOD_URLS=https://debuginfod.ubuntu.com /usr/bin/cmake --install /home/wasim/r4s/build/coord2b
[1.188s] Level 1:colcon.colcon_core.shell:create_environment_hook('coord2b', 'cmake_prefix_path')
[1.189s] INFO:colcon.colcon_core.shell:Creating environment hook '/home/wasim/r4s/install/coord2b/share/coord2b/hook/cmake_prefix_path.ps1'
[1.190s] INFO:colcon.colcon_core.shell:Creating environment descriptor '/home/wasim/r4s/install/coord2b/share/coord2b/hook/cmake_prefix_path.dsv'
[1.191s] INFO:colcon.colcon_core.shell:Creating environment hook '/home/wasim/r4s/install/coord2b/share/coord2b/hook/cmake_prefix_path.sh'
[1.193s] Level 1:colcon.colcon_core.environment:checking '/home/wasim/r4s/install/coord2b/lib'
[1.193s] Level 1:colcon.colcon_core.shell:create_environment_hook('coord2b', 'ld_library_path_lib')
[1.194s] INFO:colcon.colcon_core.shell:Creating environment hook '/home/wasim/r4s/install/coord2b/share/coord2b/hook/ld_library_path_lib.ps1'
[1.198s] INFO:colcon.colcon_core.shell:Creating environment descriptor '/home/wasim/r4s/install/coord2b/share/coord2b/hook/ld_library_path_lib.dsv'
[1.201s] INFO:colcon.colcon_core.shell:Creating environment hook '/home/wasim/r4s/install/coord2b/share/coord2b/hook/ld_library_path_lib.sh'
[1.205s] Level 1:colcon.colcon_core.environment:checking '/home/wasim/r4s/install/coord2b/bin'
[1.206s] Level 1:colcon.colcon_core.environment:checking '/home/wasim/r4s/install/coord2b/lib/pkgconfig/coord2b.pc'
[1.207s] Level 1:colcon.colcon_core.environment:checking '/home/wasim/r4s/install/coord2b/lib/python3.12/site-packages'
[1.207s] Level 1:colcon.colcon_core.environment:checking '/home/wasim/r4s/install/coord2b/bin'
[1.208s] INFO:colcon.colcon_core.shell:Creating package script '/home/wasim/r4s/install/coord2b/share/coord2b/package.ps1'
[1.210s] INFO:colcon.colcon_core.shell:Creating package descriptor '/home/wasim/r4s/install/coord2b/share/coord2b/package.dsv'
[1.214s] INFO:colcon.colcon_core.shell:Creating package script '/home/wasim/r4s/install/coord2b/share/coord2b/package.sh'
[1.216s] INFO:colcon.colcon_core.shell:Creating package script '/home/wasim/r4s/install/coord2b/share/coord2b/package.bash'
[1.220s] INFO:colcon.colcon_core.shell:Creating package script '/home/wasim/r4s/install/coord2b/share/coord2b/package.zsh'
[1.222s] Level 1:colcon.colcon_core.environment:create_file_with_runtime_dependencies(/home/wasim/r4s/install/coord2b/share/colcon-core/packages/coord2b)
[1.229s] Level 1:colcon.colcon_core.environment:create_environment_scripts_only(robif2b)
[1.230s] Level 1:colcon.colcon_core.environment:checking '/home/wasim/r4s/install/robif2b' for CMake module files
[1.234s] Level 1:colcon.colcon_core.environment:checking '/home/wasim/r4s/install/robif2b' for CMake config files
[1.245s] DEBUG:colcon.colcon_core.event_handler.log_command:Invoked command in '/home/wasim/r4s/build/robif2b' returned '0': DEBUGINFOD_URLS=https://debuginfod.ubuntu.com /usr/bin/cmake --install /home/wasim/r4s/build/robif2b
[1.247s] Level 1:colcon.colcon_core.shell:create_environment_hook('robif2b', 'cmake_prefix_path')
[1.248s] INFO:colcon.colcon_core.shell:Creating environment hook '/home/wasim/r4s/install/robif2b/share/robif2b/hook/cmake_prefix_path.ps1'
[1.249s] INFO:colcon.colcon_core.shell:Creating environment descriptor '/home/wasim/r4s/install/robif2b/share/robif2b/hook/cmake_prefix_path.dsv'
[1.250s] INFO:colcon.colcon_core.shell:Creating environment hook '/home/wasim/r4s/install/robif2b/share/robif2b/hook/cmake_prefix_path.sh'
[1.252s] Level 1:colcon.colcon_core.environment:checking '/home/wasim/r4s/install/robif2b/lib'
[1.252s] Level 1:colcon.colcon_core.shell:create_environment_hook('robif2b', 'ld_library_path_lib')
[1.252s] INFO:colcon.colcon_core.shell:Creating environment hook '/home/wasim/r4s/install/robif2b/share/robif2b/hook/ld_library_path_lib.ps1'
[1.253s] INFO:colcon.colcon_core.shell:Creating environment descriptor '/home/wasim/r4s/install/robif2b/share/robif2b/hook/ld_library_path_lib.dsv'
[1.254s] INFO:colcon.colcon_core.shell:Creating environment hook '/home/wasim/r4s/install/robif2b/share/robif2b/hook/ld_library_path_lib.sh'
[1.255s] Level 1:colcon.colcon_core.environment:checking '/home/wasim/r4s/install/robif2b/bin'
[1.256s] Level 1:colcon.colcon_core.environment:checking '/home/wasim/r4s/install/robif2b/lib/pkgconfig/robif2b.pc'
[1.256s] Level 1:colcon.colcon_core.environment:checking '/home/wasim/r4s/install/robif2b/lib/python3.12/site-packages'
[1.257s] Level 1:colcon.colcon_core.environment:checking '/home/wasim/r4s/install/robif2b/bin'
[1.257s] INFO:colcon.colcon_core.shell:Creating package script '/home/wasim/r4s/install/robif2b/share/robif2b/package.ps1'
[1.259s] INFO:colcon.colcon_core.shell:Creating package descriptor '/home/wasim/r4s/install/robif2b/share/robif2b/package.dsv'
[1.260s] INFO:colcon.colcon_core.shell:Creating package script '/home/wasim/r4s/install/robif2b/share/robif2b/package.sh'
[1.261s] INFO:colcon.colcon_core.shell:Creating package script '/home/wasim/r4s/install/robif2b/share/robif2b/package.bash'
[1.262s] INFO:colcon.colcon_core.shell:Creating package script '/home/wasim/r4s/install/robif2b/share/robif2b/package.zsh'
[1.263s] Level 1:colcon.colcon_core.environment:create_file_with_runtime_dependencies(/home/wasim/r4s/install/robif2b/share/colcon-core/packages/robif2b)
[1.265s] Level 1:colcon.colcon_core.shell:create_environment_hook('orocos_kdl', 'pkg_config_path')
[1.266s] INFO:colcon.colcon_core.shell:Creating environment hook '/home/wasim/r4s/install/orocos_kdl/share/orocos_kdl/hook/pkg_config_path.ps1'
[1.267s] DEBUG:colcon.colcon_core.event_handler.log_command:Invoked command in '/home/wasim/r4s/build/orocos_kdl' returned '0': CMAKE_PREFIX_PATH=${CMAKE_PREFIX_PATH}:/opt/ros/jazzy DEBUGINFOD_URLS=https://debuginfod.ubuntu.com /usr/bin/cmake --install /home/wasim/r4s/build/orocos_kdl
[1.267s] INFO:colcon.colcon_core.shell:Creating environment descriptor '/home/wasim/r4s/install/orocos_kdl/share/orocos_kdl/hook/pkg_config_path.dsv'
[1.268s] INFO:colcon.colcon_core.shell:Creating environment hook '/home/wasim/r4s/install/orocos_kdl/share/orocos_kdl/hook/pkg_config_path.sh'
[1.273s] Level 1:colcon.colcon_core.shell:create_environment_hook('orocos_kdl', 'pkg_config_path_multiarch')
[1.274s] INFO:colcon.colcon_core.shell:Creating environment hook '/home/wasim/r4s/install/orocos_kdl/share/orocos_kdl/hook/pkg_config_path_multiarch.ps1'
[1.275s] INFO:colcon.colcon_core.shell:Creating environment descriptor '/home/wasim/r4s/install/orocos_kdl/share/orocos_kdl/hook/pkg_config_path_multiarch.dsv'
[1.276s] INFO:colcon.colcon_core.shell:Creating environment hook '/home/wasim/r4s/install/orocos_kdl/share/orocos_kdl/hook/pkg_config_path_multiarch.sh'
[1.277s] Level 1:colcon.colcon_core.environment:create_environment_scripts_only(orocos_kdl)
[1.278s] Level 1:colcon.colcon_core.environment:checking '/home/wasim/r4s/install/orocos_kdl' for CMake module files
[1.279s] Level 1:colcon.colcon_core.shell:create_environment_hook('orocos_kdl', 'cmake_module_path')
[1.280s] INFO:colcon.colcon_core.shell:Creating environment hook '/home/wasim/r4s/install/orocos_kdl/share/orocos_kdl/hook/cmake_module_path.ps1'
[1.281s] INFO:colcon.colcon_core.shell:Creating environment descriptor '/home/wasim/r4s/install/orocos_kdl/share/orocos_kdl/hook/cmake_module_path.dsv'
[1.282s] INFO:colcon.colcon_core.shell:Creating environment hook '/home/wasim/r4s/install/orocos_kdl/share/orocos_kdl/hook/cmake_module_path.sh'
[1.283s] Level 1:colcon.colcon_core.environment:checking '/home/wasim/r4s/install/orocos_kdl' for CMake config files
[1.284s] Level 1:colcon.colcon_core.shell:create_environment_hook('orocos_kdl', 'cmake_prefix_path')
[1.285s] INFO:colcon.colcon_core.shell:Creating environment hook '/home/wasim/r4s/install/orocos_kdl/share/orocos_kdl/hook/cmake_prefix_path.ps1'
[1.286s] INFO:colcon.colcon_core.shell:Creating environment descriptor '/home/wasim/r4s/install/orocos_kdl/share/orocos_kdl/hook/cmake_prefix_path.dsv'
[1.287s] INFO:colcon.colcon_core.shell:Creating environment hook '/home/wasim/r4s/install/orocos_kdl/share/orocos_kdl/hook/cmake_prefix_path.sh'
[1.288s] Level 1:colcon.colcon_core.environment:checking '/home/wasim/r4s/install/orocos_kdl/lib'
[1.289s] Level 1:colcon.colcon_core.shell:create_environment_hook('orocos_kdl', 'ld_library_path_lib')
[1.289s] INFO:colcon.colcon_core.shell:Creating environment hook '/home/wasim/r4s/install/orocos_kdl/share/orocos_kdl/hook/ld_library_path_lib.ps1'
[1.290s] INFO:colcon.colcon_core.shell:Creating environment descriptor '/home/wasim/r4s/install/orocos_kdl/share/orocos_kdl/hook/ld_library_path_lib.dsv'
[1.291s] INFO:colcon.colcon_core.shell:Creating environment hook '/home/wasim/r4s/install/orocos_kdl/share/orocos_kdl/hook/ld_library_path_lib.sh'
[1.292s] Level 1:colcon.colcon_core.environment:checking '/home/wasim/r4s/install/orocos_kdl/bin'
[1.293s] Level 1:colcon.colcon_core.environment:checking '/home/wasim/r4s/install/orocos_kdl/lib/pkgconfig/orocos_kdl.pc'
[1.293s] Level 1:colcon.colcon_core.shell:create_environment_hook('orocos_kdl', 'pkg_config')
[1.293s] INFO:colcon.colcon_core.shell:Creating environment hook '/home/wasim/r4s/install/orocos_kdl/share/orocos_kdl/hook/pkg_config.ps1'
[1.295s] INFO:colcon.colcon_core.shell:Creating environment descriptor '/home/wasim/r4s/install/orocos_kdl/share/orocos_kdl/hook/pkg_config.dsv'
[1.296s] INFO:colcon.colcon_core.shell:Creating environment hook '/home/wasim/r4s/install/orocos_kdl/share/orocos_kdl/hook/pkg_config.sh'
[1.298s] Level 1:colcon.colcon_core.environment:checking '/home/wasim/r4s/install/orocos_kdl/lib/python3.12/site-packages'
[1.299s] Level 1:colcon.colcon_core.environment:checking '/home/wasim/r4s/install/orocos_kdl/bin'
[1.300s] INFO:colcon.colcon_core.shell:Creating package script '/home/wasim/r4s/install/orocos_kdl/share/orocos_kdl/package.ps1'
[1.302s] INFO:colcon.colcon_core.shell:Creating package descriptor '/home/wasim/r4s/install/orocos_kdl/share/orocos_kdl/package.dsv'
[1.304s] INFO:colcon.colcon_core.shell:Creating package script '/home/wasim/r4s/install/orocos_kdl/share/orocos_kdl/package.sh'
[1.305s] INFO:colcon.colcon_core.shell:Creating package script '/home/wasim/r4s/install/orocos_kdl/share/orocos_kdl/package.bash'
[1.306s] INFO:colcon.colcon_core.shell:Creating package script '/home/wasim/r4s/install/orocos_kdl/share/orocos_kdl/package.zsh'
[1.307s] Level 1:colcon.colcon_core.environment:create_file_with_runtime_dependencies(/home/wasim/r4s/install/orocos_kdl/share/colcon-core/packages/orocos_kdl)
[1.311s] DEBUG:colcon.colcon_core.event_handler.log_command:Invoked command in '/home/wasim/r4s/build/kinova_vision' returned '0': CMAKE_PREFIX_PATH=${CMAKE_PREFIX_PATH}:/opt/ros/jazzy DEBUGINFOD_URLS=https://debuginfod.ubuntu.com /usr/bin/cmake --build /home/wasim/r4s/build/kinova_vision -- -j16 -l16
[1.314s] DEBUG:colcon.colcon_core.event_handler.log_command:Invoking command in '/home/wasim/r4s/build/kinova_vision': CMAKE_PREFIX_PATH=${CMAKE_PREFIX_PATH}:/opt/ros/jazzy DEBUGINFOD_URLS=https://debuginfod.ubuntu.com /usr/bin/cmake --install /home/wasim/r4s/build/kinova_vision
[1.315s] INFO:colcon.colcon_ros.task.ament_cmake.build:Building ROS package in '/home/wasim/r4s/src/eddie-ros' with build type 'ament_cmake'
[1.315s] INFO:colcon.colcon_cmake.task.cmake.build:Building CMake package in '/home/wasim/r4s/src/eddie-ros'
[1.316s] INFO:colcon.colcon_core.shell:Skip shell extension 'powershell' for command environment: Not usable outside of PowerShell
[1.316s] DEBUG:colcon.colcon_core.shell:Skip shell extension 'dsv' for command environment
[1.326s] INFO:colcon.colcon_ros.task.catkin.build:Building ROS package in '/home/wasim/r4s/src/orocos_kinematics_dynamics/python_orocos_kdl' with build type 'catkin'
[1.327s] INFO:colcon.colcon_cmake.task.cmake.build:Building CMake package in '/home/wasim/r4s/src/orocos_kinematics_dynamics/python_orocos_kdl'
[1.327s] INFO:colcon.colcon_core.shell:Skip shell extension 'powershell' for command environment: Not usable outside of PowerShell
[1.328s] DEBUG:colcon.colcon_core.shell:Skip shell extension 'dsv' for command environment
[1.357s] DEBUG:colcon.colcon_core.event_handler.log_command:Invoking command in '/home/wasim/r4s/build/eddie-ros': CMAKE_MODULE_PATH=/home/wasim/r4s/install/orocos_kdl/share/orocos_kdl/cmake CMAKE_PREFIX_PATH=/home/wasim/r4s/install/robif2b:/home/wasim/r4s/install/orocos_kdl:/home/wasim/r4s/install/coord2b:/opt/ros/jazzy/opt/gz_sim_vendor:/opt/ros/jazzy/opt/gz_sensors_vendor:/opt/ros/jazzy/opt/gz_physics_vendor:/opt/ros/jazzy/opt/sdformat_vendor:/opt/ros/jazzy/opt/gz_gui_vendor:/opt/ros/jazzy/opt/gz_transport_vendor:/opt/ros/jazzy/opt/gz_rendering_vendor:/opt/ros/jazzy/opt/gz_plugin_vendor:/opt/ros/jazzy/opt/gz_fuel_tools_vendor:/opt/ros/jazzy/opt/gz_msgs_vendor:/opt/ros/jazzy/opt/gz_common_vendor:/opt/ros/jazzy/opt/gz_math_vendor:/opt/ros/jazzy/opt/gz_utils_vendor:/opt/ros/jazzy/opt/gz_tools_vendor:/opt/ros/jazzy/opt/gz_ogre_next_vendor:/opt/ros/jazzy/opt/gz_dartsim_vendor:/opt/ros/jazzy/opt/gz_cmake_vendor:/opt/ros/jazzy DEBUGINFOD_URLS=https://debuginfod.ubuntu.com LD_LIBRARY_PATH=/home/wasim/r4s/install/robif2b/lib:/home/wasim/r4s/install/orocos_kdl/lib:/home/wasim/r4s/install/coord2b/lib:${LD_LIBRARY_PATH} PKG_CONFIG_PATH=/home/wasim/r4s/install/orocos_kdl/lib/x86_64-linux-gnu/pkgconfig:/home/wasim/r4s/install/orocos_kdl/lib/pkgconfig /usr/bin/cmake --build /home/wasim/r4s/build/eddie-ros -- -j16 -l16
[1.364s] Level 1:colcon.colcon_core.environment:create_environment_scripts_only(kinova_vision)
[1.365s] Level 1:colcon.colcon_core.environment:checking '/home/wasim/r4s/install/kinova_vision' for CMake module files
[1.367s] Level 1:colcon.colcon_core.environment:checking '/home/wasim/r4s/install/kinova_vision' for CMake config files
[1.367s] DEBUG:colcon.colcon_core.event_handler.log_command:Invoking command in '/home/wasim/r4s/build/python_orocos_kdl': CMAKE_MODULE_PATH=/home/wasim/r4s/install/orocos_kdl/share/orocos_kdl/cmake CMAKE_PREFIX_PATH=/home/wasim/r4s/install/orocos_kdl:${CMAKE_PREFIX_PATH} DEBUGINFOD_URLS=https://debuginfod.ubuntu.com LD_LIBRARY_PATH=/home/wasim/r4s/install/orocos_kdl/lib:${LD_LIBRARY_PATH} PKG_CONFIG_PATH=/home/wasim/r4s/install/orocos_kdl/lib/x86_64-linux-gnu/pkgconfig:/home/wasim/r4s/install/orocos_kdl/lib/pkgconfig /usr/bin/cmake --build /home/wasim/r4s/build/python_orocos_kdl -- -j16 -l16
[1.368s] DEBUG:colcon.colcon_core.event_handler.log_command:Invoked command in '/home/wasim/r4s/build/kinova_vision' returned '0': CMAKE_PREFIX_PATH=${CMAKE_PREFIX_PATH}:/opt/ros/jazzy DEBUGINFOD_URLS=https://debuginfod.ubuntu.com /usr/bin/cmake --install /home/wasim/r4s/build/kinova_vision
[1.369s] Level 1:colcon.colcon_core.shell:create_environment_hook('kinova_vision', 'cmake_prefix_path')
[1.369s] INFO:colcon.colcon_core.shell:Creating environment hook '/home/wasim/r4s/install/kinova_vision/share/kinova_vision/hook/cmake_prefix_path.ps1'
[1.371s] INFO:colcon.colcon_core.shell:Creating environment descriptor '/home/wasim/r4s/install/kinova_vision/share/kinova_vision/hook/cmake_prefix_path.dsv'
[1.372s] INFO:colcon.colcon_core.shell:Creating environment hook '/home/wasim/r4s/install/kinova_vision/share/kinova_vision/hook/cmake_prefix_path.sh'
[1.374s] Level 1:colcon.colcon_core.environment:checking '/home/wasim/r4s/install/kinova_vision/lib'
[1.375s] Level 1:colcon.colcon_core.shell:create_environment_hook('kinova_vision', 'ld_library_path_lib')
[1.375s] INFO:colcon.colcon_core.shell:Creating environment hook '/home/wasim/r4s/install/kinova_vision/share/kinova_vision/hook/ld_library_path_lib.ps1'
[1.376s] INFO:colcon.colcon_core.shell:Creating environment descriptor '/home/wasim/r4s/install/kinova_vision/share/kinova_vision/hook/ld_library_path_lib.dsv'
[1.377s] INFO:colcon.colcon_core.shell:Creating environment hook '/home/wasim/r4s/install/kinova_vision/share/kinova_vision/hook/ld_library_path_lib.sh'
[1.379s] Level 1:colcon.colcon_core.environment:checking '/home/wasim/r4s/install/kinova_vision/bin'
[1.379s] Level 1:colcon.colcon_core.environment:checking '/home/wasim/r4s/install/kinova_vision/lib/pkgconfig/kinova_vision.pc'
[1.380s] Level 1:colcon.colcon_core.environment:checking '/home/wasim/r4s/install/kinova_vision/lib/python3.12/site-packages'
[1.380s] Level 1:colcon.colcon_core.environment:checking '/home/wasim/r4s/install/kinova_vision/bin'
[1.381s] INFO:colcon.colcon_core.shell:Creating package script '/home/wasim/r4s/install/kinova_vision/share/kinova_vision/package.ps1'
[1.382s] INFO:colcon.colcon_core.shell:Creating package descriptor '/home/wasim/r4s/install/kinova_vision/share/kinova_vision/package.dsv'
[1.383s] INFO:colcon.colcon_core.shell:Creating package script '/home/wasim/r4s/install/kinova_vision/share/kinova_vision/package.sh'
[1.384s] INFO:colcon.colcon_core.shell:Creating package script '/home/wasim/r4s/install/kinova_vision/share/kinova_vision/package.bash'
[1.385s] INFO:colcon.colcon_core.shell:Creating package script '/home/wasim/r4s/install/kinova_vision/share/kinova_vision/package.zsh'
[1.386s] Level 1:colcon.colcon_core.environment:create_file_with_runtime_dependencies(/home/wasim/r4s/install/kinova_vision/share/colcon-core/packages/kinova_vision)
[1.388s] Level 1:colcon.colcon_core.environment:create_environment_scripts_only(kinova_vision)
[1.388s] Level 1:colcon.colcon_core.environment:checking '/home/wasim/r4s/install/kinova_vision' for CMake module files
[1.389s] Level 1:colcon.colcon_core.environment:checking '/home/wasim/r4s/install/kinova_vision' for CMake config files
[1.390s] Level 1:colcon.colcon_core.shell:create_environment_hook('kinova_vision', 'cmake_prefix_path')
[1.390s] INFO:colcon.colcon_core.shell:Creating environment hook '/home/wasim/r4s/install/kinova_vision/share/kinova_vision/hook/cmake_prefix_path.ps1'
[1.391s] INFO:colcon.colcon_core.shell:Creating environment descriptor '/home/wasim/r4s/install/kinova_vision/share/kinova_vision/hook/cmake_prefix_path.dsv'
[1.392s] INFO:colcon.colcon_core.shell:Creating environment hook '/home/wasim/r4s/install/kinova_vision/share/kinova_vision/hook/cmake_prefix_path.sh'
[1.394s] Level 1:colcon.colcon_core.environment:checking '/home/wasim/r4s/install/kinova_vision/lib'
[1.394s] Level 1:colcon.colcon_core.shell:create_environment_hook('kinova_vision', 'ld_library_path_lib')
[1.394s] INFO:colcon.colcon_core.shell:Creating environment hook '/home/wasim/r4s/install/kinova_vision/share/kinova_vision/hook/ld_library_path_lib.ps1'
[1.395s] INFO:colcon.colcon_core.shell:Creating environment descriptor '/home/wasim/r4s/install/kinova_vision/share/kinova_vision/hook/ld_library_path_lib.dsv'
[1.396s] INFO:colcon.colcon_core.shell:Creating environment hook '/home/wasim/r4s/install/kinova_vision/share/kinova_vision/hook/ld_library_path_lib.sh'
[1.397s] Level 1:colcon.colcon_core.environment:checking '/home/wasim/r4s/install/kinova_vision/bin'
[1.398s] Level 1:colcon.colcon_core.environment:checking '/home/wasim/r4s/install/kinova_vision/lib/pkgconfig/kinova_vision.pc'
[1.398s] Level 1:colcon.colcon_core.environment:checking '/home/wasim/r4s/install/kinova_vision/lib/python3.12/site-packages'
[1.399s] Level 1:colcon.colcon_core.environment:checking '/home/wasim/r4s/install/kinova_vision/bin'
[1.399s] INFO:colcon.colcon_core.shell:Creating package script '/home/wasim/r4s/install/kinova_vision/share/kinova_vision/package.ps1'
[1.400s] INFO:colcon.colcon_core.shell:Creating package descriptor '/home/wasim/r4s/install/kinova_vision/share/kinova_vision/package.dsv'
[1.402s] INFO:colcon.colcon_core.shell:Creating package script '/home/wasim/r4s/install/kinova_vision/share/kinova_vision/package.sh'
[1.403s] INFO:colcon.colcon_core.shell:Creating package script '/home/wasim/r4s/install/kinova_vision/share/kinova_vision/package.bash'
[1.404s] INFO:colcon.colcon_core.shell:Creating package script '/home/wasim/r4s/install/kinova_vision/share/kinova_vision/package.zsh'
[1.406s] Level 1:colcon.colcon_core.environment:create_file_with_runtime_dependencies(/home/wasim/r4s/install/kinova_vision/share/colcon-core/packages/kinova_vision)
[1.582s] DEBUG:colcon.colcon_core.event_handler.log_command:Invoked command in '/home/wasim/r4s/build/python_orocos_kdl' returned '0': CMAKE_MODULE_PATH=/home/wasim/r4s/install/orocos_kdl/share/orocos_kdl/cmake CMAKE_PREFIX_PATH=/home/wasim/r4s/install/orocos_kdl:${CMAKE_PREFIX_PATH} DEBUGINFOD_URLS=https://debuginfod.ubuntu.com LD_LIBRARY_PATH=/home/wasim/r4s/install/orocos_kdl/lib:${LD_LIBRARY_PATH} PKG_CONFIG_PATH=/home/wasim/r4s/install/orocos_kdl/lib/x86_64-linux-gnu/pkgconfig:/home/wasim/r4s/install/orocos_kdl/lib/pkgconfig /usr/bin/cmake --build /home/wasim/r4s/build/python_orocos_kdl -- -j16 -l16
[1.585s] DEBUG:colcon.colcon_core.event_handler.log_command:Invoking command in '/home/wasim/r4s/build/python_orocos_kdl': CMAKE_MODULE_PATH=/home/wasim/r4s/install/orocos_kdl/share/orocos_kdl/cmake CMAKE_PREFIX_PATH=/home/wasim/r4s/install/orocos_kdl:${CMAKE_PREFIX_PATH} DEBUGINFOD_URLS=https://debuginfod.ubuntu.com LD_LIBRARY_PATH=/home/wasim/r4s/install/orocos_kdl/lib:${LD_LIBRARY_PATH} PKG_CONFIG_PATH=/home/wasim/r4s/install/orocos_kdl/lib/x86_64-linux-gnu/pkgconfig:/home/wasim/r4s/install/orocos_kdl/lib/pkgconfig /usr/bin/cmake --install /home/wasim/r4s/build/python_orocos_kdl
[1.613s] DEBUG:colcon.colcon_core.event_handler.log_command:Invoked command in '/home/wasim/r4s/build/python_orocos_kdl' returned '0': CMAKE_MODULE_PATH=/home/wasim/r4s/install/orocos_kdl/share/orocos_kdl/cmake CMAKE_PREFIX_PATH=/home/wasim/r4s/install/orocos_kdl:${CMAKE_PREFIX_PATH} DEBUGINFOD_URLS=https://debuginfod.ubuntu.com LD_LIBRARY_PATH=/home/wasim/r4s/install/orocos_kdl/lib:${LD_LIBRARY_PATH} PKG_CONFIG_PATH=/home/wasim/r4s/install/orocos_kdl/lib/x86_64-linux-gnu/pkgconfig:/home/wasim/r4s/install/orocos_kdl/lib/pkgconfig /usr/bin/cmake --install /home/wasim/r4s/build/python_orocos_kdl
[1.613s] Level 1:colcon.colcon_core.shell:create_environment_hook('python_orocos_kdl', 'ros_package_path')
[1.614s] INFO:colcon.colcon_core.shell:Creating environment hook '/home/wasim/r4s/install/python_orocos_kdl/share/python_orocos_kdl/hook/ros_package_path.ps1'
[1.615s] INFO:colcon.colcon_core.shell:Creating environment descriptor '/home/wasim/r4s/install/python_orocos_kdl/share/python_orocos_kdl/hook/ros_package_path.dsv'
[1.616s] INFO:colcon.colcon_core.shell:Creating environment hook '/home/wasim/r4s/install/python_orocos_kdl/share/python_orocos_kdl/hook/ros_package_path.sh'
[1.617s] Level 1:colcon.colcon_core.shell:create_environment_hook('python_orocos_kdl', 'pkg_config_path')
[1.617s] INFO:colcon.colcon_core.shell:Creating environment hook '/home/wasim/r4s/install/python_orocos_kdl/share/python_orocos_kdl/hook/pkg_config_path.ps1'
[1.618s] INFO:colcon.colcon_core.shell:Creating environment descriptor '/home/wasim/r4s/install/python_orocos_kdl/share/python_orocos_kdl/hook/pkg_config_path.dsv'
[1.619s] INFO:colcon.colcon_core.shell:Creating environment hook '/home/wasim/r4s/install/python_orocos_kdl/share/python_orocos_kdl/hook/pkg_config_path.sh'
[1.620s] Level 1:colcon.colcon_core.shell:create_environment_hook('python_orocos_kdl', 'pkg_config_path_multiarch')
[1.620s] INFO:colcon.colcon_core.shell:Creating environment hook '/home/wasim/r4s/install/python_orocos_kdl/share/python_orocos_kdl/hook/pkg_config_path_multiarch.ps1'
[1.621s] INFO:colcon.colcon_core.shell:Creating environment descriptor '/home/wasim/r4s/install/python_orocos_kdl/share/python_orocos_kdl/hook/pkg_config_path_multiarch.dsv'
[1.622s] INFO:colcon.colcon_core.shell:Creating environment hook '/home/wasim/r4s/install/python_orocos_kdl/share/python_orocos_kdl/hook/pkg_config_path_multiarch.sh'
[1.624s] Level 1:colcon.colcon_core.environment:create_environment_scripts_only(python_orocos_kdl)
[1.625s] Level 1:colcon.colcon_core.environment:checking '/home/wasim/r4s/install/python_orocos_kdl' for CMake module files
[1.626s] Level 1:colcon.colcon_core.environment:checking '/home/wasim/r4s/install/python_orocos_kdl' for CMake config files
[1.627s] Level 1:colcon.colcon_core.environment:checking '/home/wasim/r4s/install/python_orocos_kdl/lib'
[1.627s] Level 1:colcon.colcon_core.environment:checking '/home/wasim/r4s/install/python_orocos_kdl/bin'
[1.627s] Level 1:colcon.colcon_core.environment:checking '/home/wasim/r4s/install/python_orocos_kdl/lib/pkgconfig/python_orocos_kdl.pc'
[1.627s] Level 1:colcon.colcon_core.environment:checking '/home/wasim/r4s/install/python_orocos_kdl/lib/python3.12/site-packages'
[1.628s] Level 1:colcon.colcon_core.environment:checking '/home/wasim/r4s/install/python_orocos_kdl/bin'
[1.629s] INFO:colcon.colcon_core.shell:Creating package script '/home/wasim/r4s/install/python_orocos_kdl/share/python_orocos_kdl/package.ps1'
[1.630s] INFO:colcon.colcon_core.shell:Creating package descriptor '/home/wasim/r4s/install/python_orocos_kdl/share/python_orocos_kdl/package.dsv'
[1.631s] INFO:colcon.colcon_core.shell:Creating package script '/home/wasim/r4s/install/python_orocos_kdl/share/python_orocos_kdl/package.sh'
[1.632s] INFO:colcon.colcon_core.shell:Creating package script '/home/wasim/r4s/install/python_orocos_kdl/share/python_orocos_kdl/package.bash'
[1.633s] INFO:colcon.colcon_core.shell:Creating package script '/home/wasim/r4s/install/python_orocos_kdl/share/python_orocos_kdl/package.zsh'
[1.634s] Level 1:colcon.colcon_core.environment:create_file_with_runtime_dependencies(/home/wasim/r4s/install/python_orocos_kdl/share/colcon-core/packages/python_orocos_kdl)
[10.807s] DEBUG:colcon.colcon_core.event_handler.log_command:Invoked command in '/home/wasim/r4s/build/eddie-ros' returned '2': CMAKE_MODULE_PATH=/home/wasim/r4s/install/orocos_kdl/share/orocos_kdl/cmake CMAKE_PREFIX_PATH=/home/wasim/r4s/install/robif2b:/home/wasim/r4s/install/orocos_kdl:/home/wasim/r4s/install/coord2b:/opt/ros/jazzy/opt/gz_sim_vendor:/opt/ros/jazzy/opt/gz_sensors_vendor:/opt/ros/jazzy/opt/gz_physics_vendor:/opt/ros/jazzy/opt/sdformat_vendor:/opt/ros/jazzy/opt/gz_gui_vendor:/opt/ros/jazzy/opt/gz_transport_vendor:/opt/ros/jazzy/opt/gz_rendering_vendor:/opt/ros/jazzy/opt/gz_plugin_vendor:/opt/ros/jazzy/opt/gz_fuel_tools_vendor:/opt/ros/jazzy/opt/gz_msgs_vendor:/opt/ros/jazzy/opt/gz_common_vendor:/opt/ros/jazzy/opt/gz_math_vendor:/opt/ros/jazzy/opt/gz_utils_vendor:/opt/ros/jazzy/opt/gz_tools_vendor:/opt/ros/jazzy/opt/gz_ogre_next_vendor:/opt/ros/jazzy/opt/gz_dartsim_vendor:/opt/ros/jazzy/opt/gz_cmake_vendor:/opt/ros/jazzy DEBUGINFOD_URLS=https://debuginfod.ubuntu.com LD_LIBRARY_PATH=/home/wasim/r4s/install/robif2b/lib:/home/wasim/r4s/install/orocos_kdl/lib:/home/wasim/r4s/install/coord2b/lib:${LD_LIBRARY_PATH} PKG_CONFIG_PATH=/home/wasim/r4s/install/orocos_kdl/lib/x86_64-linux-gnu/pkgconfig:/home/wasim/r4s/install/orocos_kdl/lib/pkgconfig /usr/bin/cmake --build /home/wasim/r4s/build/eddie-ros -- -j16 -l16
[10.807s] Level 1:colcon.colcon_core.environment:create_environment_scripts_only(eddie-ros)
[10.808s] Level 1:colcon.colcon_core.environment:checking '/home/wasim/r4s/install/eddie-ros' for CMake module files
[10.808s] Level 1:colcon.colcon_core.environment:checking '/home/wasim/r4s/install/eddie-ros' for CMake config files
[10.809s] Level 1:colcon.colcon_core.shell:create_environment_hook('eddie-ros', 'cmake_prefix_path')
[10.809s] INFO:colcon.colcon_core.shell:Creating environment hook '/home/wasim/r4s/install/eddie-ros/share/eddie-ros/hook/cmake_prefix_path.ps1'
[10.809s] INFO:colcon.colcon_core.shell:Creating environment descriptor '/home/wasim/r4s/install/eddie-ros/share/eddie-ros/hook/cmake_prefix_path.dsv'
[10.809s] INFO:colcon.colcon_core.shell:Creating environment hook '/home/wasim/r4s/install/eddie-ros/share/eddie-ros/hook/cmake_prefix_path.sh'
[10.810s] Level 1:colcon.colcon_core.environment:checking '/home/wasim/r4s/install/eddie-ros/lib'
[10.810s] Level 1:colcon.colcon_core.environment:checking '/home/wasim/r4s/install/eddie-ros/bin'
[10.810s] Level 1:colcon.colcon_core.environment:checking '/home/wasim/r4s/install/eddie-ros/lib/pkgconfig/eddie-ros.pc'
[10.811s] Level 1:colcon.colcon_core.environment:checking '/home/wasim/r4s/install/eddie-ros/lib/python3.12/site-packages'
[10.811s] Level 1:colcon.colcon_core.environment:checking '/home/wasim/r4s/install/eddie-ros/bin'
[10.811s] INFO:colcon.colcon_core.shell:Creating package script '/home/wasim/r4s/install/eddie-ros/share/eddie-ros/package.ps1'
[10.812s] INFO:colcon.colcon_core.shell:Creating package descriptor '/home/wasim/r4s/install/eddie-ros/share/eddie-ros/package.dsv'
[10.812s] INFO:colcon.colcon_core.shell:Creating package script '/home/wasim/r4s/install/eddie-ros/share/eddie-ros/package.sh'
[10.813s] INFO:colcon.colcon_core.shell:Creating package script '/home/wasim/r4s/install/eddie-ros/share/eddie-ros/package.bash'
[10.813s] INFO:colcon.colcon_core.shell:Creating package script '/home/wasim/r4s/install/eddie-ros/share/eddie-ros/package.zsh'
[10.814s] Level 1:colcon.colcon_core.environment:create_file_with_runtime_dependencies(/home/wasim/r4s/install/eddie-ros/share/colcon-core/packages/eddie-ros)
[10.824s] DEBUG:colcon.colcon_parallel_executor.executor.parallel:closing loop
[10.824s] DEBUG:colcon.colcon_parallel_executor.executor.parallel:loop closed
[10.824s] DEBUG:colcon.colcon_parallel_executor.executor.parallel:run_until_complete finished with '2'
[10.824s] DEBUG:colcon.colcon_core.event_reactor:joining thread
[10.831s] INFO:colcon.colcon_core.plugin_system:Skipping extension 'colcon_notification.desktop_notification.terminal_notifier': Not used on non-Darwin systems
[10.831s] INFO:colcon.colcon_core.plugin_system:Skipping extension 'colcon_notification.desktop_notification.win32': Not used on non-Windows systems
[10.831s] INFO:colcon.colcon_notification.desktop_notification:Sending desktop notification using 'notify2'
[10.850s] DEBUG:colcon.colcon_core.event_reactor:joined thread
[10.850s] INFO:colcon.colcon_core.shell:Creating prefix script '/home/wasim/r4s/install/local_setup.ps1'
[10.852s] INFO:colcon.colcon_core.shell:Creating prefix util module '/home/wasim/r4s/install/_local_setup_util_ps1.py'
[10.854s] INFO:colcon.colcon_core.shell:Creating prefix chain script '/home/wasim/r4s/install/setup.ps1'
[10.855s] INFO:colcon.colcon_core.shell:Creating prefix script '/home/wasim/r4s/install/local_setup.sh'
[10.855s] INFO:colcon.colcon_core.shell:Creating prefix util module '/home/wasim/r4s/install/_local_setup_util_sh.py'
[10.856s] INFO:colcon.colcon_core.shell:Creating prefix chain script '/home/wasim/r4s/install/setup.sh'
[10.857s] INFO:colcon.colcon_core.shell:Creating prefix script '/home/wasim/r4s/install/local_setup.bash'
[10.858s] INFO:colcon.colcon_core.shell:Creating prefix chain script '/home/wasim/r4s/install/setup.bash'
[10.858s] INFO:colcon.colcon_core.shell:Creating prefix script '/home/wasim/r4s/install/local_setup.zsh'
[10.859s] INFO:colcon.colcon_core.shell:Creating prefix chain script '/home/wasim/r4s/install/setup.zsh'
