[0.018s] Invoking command in '/home/wasim/r4s/src/build/eddie-ros': CMAKE_MODULE_PATH=/home/wasim/r4s/src/install/orocos_kdl/share/orocos_kdl/cmake CMAKE_PREFIX_PATH=/home/wasim/r4s/src/install/robif2b:/home/wasim/r4s/src/install/orocos_kdl:/home/wasim/r4s/src/install/coord2b:/opt/ros/jazzy/opt/gz_sim_vendor:/opt/ros/jazzy/opt/gz_sensors_vendor:/opt/ros/jazzy/opt/gz_physics_vendor:/opt/ros/jazzy/opt/sdformat_vendor:/opt/ros/jazzy/opt/gz_gui_vendor:/opt/ros/jazzy/opt/gz_transport_vendor:/opt/ros/jazzy/opt/gz_rendering_vendor:/opt/ros/jazzy/opt/gz_plugin_vendor:/opt/ros/jazzy/opt/gz_fuel_tools_vendor:/opt/ros/jazzy/opt/gz_msgs_vendor:/opt/ros/jazzy/opt/gz_common_vendor:/opt/ros/jazzy/opt/gz_math_vendor:/opt/ros/jazzy/opt/gz_utils_vendor:/opt/ros/jazzy/opt/gz_tools_vendor:/opt/ros/jazzy/opt/gz_ogre_next_vendor:/opt/ros/jazzy/opt/gz_dartsim_vendor:/opt/ros/jazzy/opt/gz_cmake_vendor:/opt/ros/jazzy DEBUGINFOD_URLS=https://debuginfod.ubuntu.com LD_LIBRARY_PATH=/home/wasim/r4s/src/install/robif2b/lib:/home/wasim/r4s/src/install/orocos_kdl/lib:/home/wasim/r4s/src/install/coord2b/lib:${LD_LIBRARY_PATH} PKG_CONFIG_PATH=/home/wasim/r4s/src/install/orocos_kdl/lib/x86_64-linux-gnu/pkgconfig:/home/wasim/r4s/src/install/orocos_kdl/lib/pkgconfig /usr/bin/cmake /home/wasim/r4s/src/eddie-ros -DCMAKE_INSTALL_PREFIX=/home/wasim/r4s/src/install/eddie-ros
[0.103s] -- The C compiler identification is GNU 13.3.0
[0.185s] -- The CXX compiler identification is GNU 13.3.0
[0.210s] -- Detecting C compiler ABI info
[0.342s] -- Detecting C compiler ABI info - done
[0.356s] -- Check for working C compiler: /usr/bin/cc - skipped
[0.357s] -- Detecting C compile features
[0.357s] -- Detecting C compile features - done
[0.371s] -- Detecting CXX compiler ABI info
[0.524s] -- Detecting CXX compiler ABI info - done
[0.537s] -- Check for working CXX compiler: /usr/bin/c++ - skipped
[0.538s] -- Detecting CXX compile features
[0.538s] -- Detecting CXX compile features - done
[0.556s] -- Found ament_cmake: 2.5.4 (/opt/ros/jazzy/share/ament_cmake/cmake)
[0.785s] -- Found Python3: /usr/bin/python3 (found version "3.12.3") found components: Interpreter 
[0.976s] -- Found rclcpp: 28.1.9 (/opt/ros/jazzy/share/rclcpp/cmake)
[1.069s] -- Found rosidl_generator_c: 4.6.5 (/opt/ros/jazzy/share/rosidl_generator_c/cmake)
[1.099s] -- Found rosidl_generator_cpp: 4.6.5 (/opt/ros/jazzy/share/rosidl_generator_cpp/cmake)
[1.132s] -- Using all available rosidl_typesupport_c: rosidl_typesupport_fastrtps_c;rosidl_typesupport_introspection_c
[1.168s] -- Using all available rosidl_typesupport_cpp: rosidl_typesupport_fastrtps_cpp;rosidl_typesupport_introspection_cpp
[1.315s] -- Found rmw_implementation_cmake: 7.3.2 (/opt/ros/jazzy/share/rmw_implementation_cmake/cmake)
[1.323s] -- Found rmw_fastrtps_cpp: 8.4.2 (/opt/ros/jazzy/share/rmw_fastrtps_cpp/cmake)
[1.529s] -- Found OpenSSL: /usr/lib/x86_64-linux-gnu/libcrypto.so (found version "3.0.13")  
[1.592s] -- Found FastRTPS: /opt/ros/jazzy/include (Required is at least version "2.13") 
[1.648s] -- Using RMW implementation 'rmw_fastrtps_cpp' as default
[1.871s] -- Found kdl_parser: 2.11.0 (/opt/ros/jazzy/share/kdl_parser/cmake)
[1.893s] -- Found eigen3_cmake_module: 0.3.0 (/opt/ros/jazzy/share/eigen3_cmake_module/cmake)
[1.896s] -- Found Eigen3: TRUE (found version "3.4.0") 
[1.897s] -- Ensuring Eigen3 include directory is part of orocos-kdl CMake target
[2.083s] -- Configuring done (2.1s)
[2.120s] [31mCMake Error at CMakeLists.txt:42 (target_link_libraries):
[2.120s]   Target "eddie_ros_interface" links to:
[2.121s] 
[2.121s]     robif2b::ethercat
[2.121s] 
[2.121s]   but the target was not found.  Possible reasons include:
[2.121s] 
[2.121s]     * There is a typo in the target name.
[2.122s]     * A find_package call is missing for an IMPORTED target.
[2.122s]     * An ALIAS target is missing.
[2.122s] 
[2.122s] 
[2.122s] [0m
[2.122s] [31mCMake Error at CMakeLists.txt:62 (target_link_libraries):
[2.123s]   Target "eddie_ros_interface_test" links to:
[2.123s] 
[2.123s]     robif2b::ethercat
[2.123s] 
[2.123s]   but the target was not found.  Possible reasons include:
[2.123s] 
[2.124s]     * There is a typo in the target name.
[2.124s]     * A find_package call is missing for an IMPORTED target.
[2.124s]     * An ALIAS target is missing.
[2.124s] 
[2.124s] 
[2.125s] [0m
[2.125s] -- Generating done (0.0s)
[2.125s] [0mCMake Generate step failed.  Build files cannot be regenerated correctly.[0m
[2.147s] Invoked command in '/home/wasim/r4s/src/build/eddie-ros' returned '1': CMAKE_MODULE_PATH=/home/wasim/r4s/src/install/orocos_kdl/share/orocos_kdl/cmake CMAKE_PREFIX_PATH=/home/wasim/r4s/src/install/robif2b:/home/wasim/r4s/src/install/orocos_kdl:/home/wasim/r4s/src/install/coord2b:/opt/ros/jazzy/opt/gz_sim_vendor:/opt/ros/jazzy/opt/gz_sensors_vendor:/opt/ros/jazzy/opt/gz_physics_vendor:/opt/ros/jazzy/opt/sdformat_vendor:/opt/ros/jazzy/opt/gz_gui_vendor:/opt/ros/jazzy/opt/gz_transport_vendor:/opt/ros/jazzy/opt/gz_rendering_vendor:/opt/ros/jazzy/opt/gz_plugin_vendor:/opt/ros/jazzy/opt/gz_fuel_tools_vendor:/opt/ros/jazzy/opt/gz_msgs_vendor:/opt/ros/jazzy/opt/gz_common_vendor:/opt/ros/jazzy/opt/gz_math_vendor:/opt/ros/jazzy/opt/gz_utils_vendor:/opt/ros/jazzy/opt/gz_tools_vendor:/opt/ros/jazzy/opt/gz_ogre_next_vendor:/opt/ros/jazzy/opt/gz_dartsim_vendor:/opt/ros/jazzy/opt/gz_cmake_vendor:/opt/ros/jazzy DEBUGINFOD_URLS=https://debuginfod.ubuntu.com LD_LIBRARY_PATH=/home/wasim/r4s/src/install/robif2b/lib:/home/wasim/r4s/src/install/orocos_kdl/lib:/home/wasim/r4s/src/install/coord2b/lib:${LD_LIBRARY_PATH} PKG_CONFIG_PATH=/home/wasim/r4s/src/install/orocos_kdl/lib/x86_64-linux-gnu/pkgconfig:/home/wasim/r4s/src/install/orocos_kdl/lib/pkgconfig /usr/bin/cmake /home/wasim/r4s/src/eddie-ros -DCMAKE_INSTALL_PREFIX=/home/wasim/r4s/src/install/eddie-ros
