[0.039s] Invoking command in '/home/wasim/r4s/build/coord2b': DEBUGINFOD_URLS=https://debuginfod.ubuntu.com /usr/bin/cmake --build /home/wasim/r4s/build/coord2b -- -j16 -l16
[0.133s] [ 60%] Built target coord2b
[0.173s] [100%] Built target traffic_lights
[0.213s] Invoked command in '/home/wasim/r4s/build/coord2b' returned '0': DEBUGINFOD_URLS=https://debuginfod.ubuntu.com /usr/bin/cmake --build /home/wasim/r4s/build/coord2b -- -j16 -l16
[0.215s] Invoking command in '/home/wasim/r4s/build/coord2b': DEBUGINFOD_URLS=https://debuginfod.ubuntu.com /usr/bin/cmake --install /home/wasim/r4s/build/coord2b
[0.230s] -- Install configuration: ""
[0.230s] -- Up-to-date: /home/wasim/r4s/install/coord2b/include
[0.230s] -- Up-to-date: /home/wasim/r4s/install/coord2b/include/coord2b
[0.231s] -- Up-to-date: /home/wasim/r4s/install/coord2b/include/coord2b/functions
[0.231s] -- Up-to-date: /home/wasim/r4s/install/coord2b/include/coord2b/functions/fsm.h
[0.231s] -- Up-to-date: /home/wasim/r4s/install/coord2b/include/coord2b/functions/event_loop.h
[0.231s] -- Up-to-date: /home/wasim/r4s/install/coord2b/include/coord2b/types
[0.231s] -- Up-to-date: /home/wasim/r4s/install/coord2b/include/coord2b/types/fsm.h
[0.231s] -- Up-to-date: /home/wasim/r4s/install/coord2b/include/coord2b/types/event_loop.h
[0.232s] -- Up-to-date: /home/wasim/r4s/install/coord2b/lib/cmake/coord2b/coord2b-config.cmake
[0.232s] -- Up-to-date: /home/wasim/r4s/install/coord2b/lib/cmake/coord2b/coord2b-config-version.cmake
[0.232s] -- Up-to-date: /home/wasim/r4s/install/coord2b/lib/cmake/coord2b/coord2b-targets.cmake
[0.232s] -- Up-to-date: /home/wasim/r4s/install/coord2b/lib/cmake/coord2b/coord2b-targets-noconfig.cmake
[0.232s] -- Up-to-date: /home/wasim/r4s/install/coord2b/lib/libcoord2b.so
[0.242s] Invoked command in '/home/wasim/r4s/build/coord2b' returned '0': DEBUGINFOD_URLS=https://debuginfod.ubuntu.com /usr/bin/cmake --install /home/wasim/r4s/build/coord2b
