-- Found ament_cmake: 2.5.4 (/opt/ros/jazzy/share/ament_cmake/cmake)
-- Found Python3: /usr/bin/python3 (found version "3.12.3") found components: Interpreter 
-- Found rclcpp: 28.1.9 (/opt/ros/jazzy/share/rclcpp/cmake)
-- Found rosidl_generator_c: 4.6.5 (/opt/ros/jazzy/share/rosidl_generator_c/cmake)
-- Found rosidl_generator_cpp: 4.6.5 (/opt/ros/jazzy/share/rosidl_generator_cpp/cmake)
-- Using all available rosidl_typesupport_c: rosidl_typesupport_fastrtps_c;rosidl_typesupport_introspection_c
-- Using all available rosidl_typesupport_cpp: rosidl_typesupport_fastrtps_cpp;rosidl_typesupport_introspection_cpp
-- Found rmw_implementation_cmake: 7.3.2 (/opt/ros/jazzy/share/rmw_implementation_cmake/cmake)
-- Found rmw_fastrtps_cpp: 8.4.2 (/opt/ros/jazzy/share/rmw_fastrtps_cpp/cmake)
-- Using RMW implementation 'rmw_fastrtps_cpp' as default
-- Found rclcpp_action: 28.1.9 (/opt/ros/jazzy/share/rclcpp_action/cmake)
-- Found rclcpp_components: 28.1.9 (/opt/ros/jazzy/share/rclcpp_components/cmake)
-- Found geometry_msgs: 5.3.6 (/opt/ros/jazzy/share/geometry_msgs/cmake)
-- Found kdl_parser: 2.11.0 (/opt/ros/jazzy/share/kdl_parser/cmake)
-- Found eigen3_cmake_module: 0.3.0 (/opt/ros/jazzy/share/eigen3_cmake_module/cmake)
-- Ensuring Eigen3 include directory is part of orocos-kdl CMake target
-- Found rosidl_default_generators: 1.6.0 (/opt/ros/jazzy/share/rosidl_default_generators/cmake)
-- Found rosidl_adapter: 4.6.5 (/opt/ros/jazzy/share/rosidl_adapter/cmake)
-- Found ament_cmake_ros: 0.12.0 (/opt/ros/jazzy/share/ament_cmake_ros/cmake)
-- Using all available rosidl_typesupport_c: rosidl_typesupport_fastrtps_c;rosidl_typesupport_introspection_c
-- Using all available rosidl_typesupport_cpp: rosidl_typesupport_fastrtps_cpp;rosidl_typesupport_introspection_cpp
-- Found python_cmake_module: 0.11.1 (/opt/ros/jazzy/share/python_cmake_module/cmake)
-- Found Python3: /usr/bin/python3 (found version "3.12.3") found components: Interpreter Development NumPy Development.Module Development.Embed 
-- Configuring done (1.6s)
-- Generating done (0.1s)
-- Build files have been written to: /home/wasim/r4s/build/eddie_ros
[  1%] Built target eddie_ros__rosidl_generator_type_description
[  1%] Built target ament_cmake_python_copy_eddie_ros
[  3%] Built target eddie_ros__cpp
[ 16%] Built target eddie_ros__rosidl_generator_c
[ 30%] Built target eddie_ros__rosidl_typesupport_c
[ 30%] Built target eddie_ros__rosidl_typesupport_introspection_c
[ 43%] Built target eddie_ros__rosidl_typesupport_cpp
[ 43%] Built target eddie_ros__rosidl_typesupport_fastrtps_c
[ 50%] Built target eddie_ros__rosidl_typesupport_introspection_cpp
[ 56%] Built target eddie_ros__rosidl_typesupport_fastrtps_cpp
[ 60%] [32mBuilding CXX object CMakeFiles/eddie_ros_interface_dummy.dir/src/interface-parameters.cpp.o[0m
[ 60%] [32mBuilding CXX object CMakeFiles/eddie_ros_interface_dummy.dir/src/interface_dummy.cpp.o[0m
[ 63%] [32mBuilding CXX object CMakeFiles/mock_servers_only.dir/src/mock_servers_only.cpp.o[0m
[ 63%] [32mBuilding CXX object CMakeFiles/pick_place_fsm_mock.dir/src/pick_place_fsm_mock.cpp.o[0m
[ 68%] Built target task_planner_node
[ 73%] Built target eddie_ros_interface_test
[ 75%] [32mBuilding CXX object CMakeFiles/eddie_ros_interface.dir/src/interface.cpp.o[0m
[ 75%] Built target eddie_ros
[ 76%] Built target eddie_ros__py
[ 81%] Built target eddie_ros__rosidl_generator_py
[ 85%] Built target eddie_ros_s__rosidl_typesupport_fastrtps_c
[ 88%] Built target eddie_ros_s__rosidl_typesupport_introspection_c
[ 91%] Built target eddie_ros_s__rosidl_typesupport_c
running egg_info
writing eddie_ros.egg-info/PKG-INFO
writing dependency_links to eddie_ros.egg-info/dependency_links.txt
writing top-level names to eddie_ros.egg-info/top_level.txt
reading manifest file 'eddie_ros.egg-info/SOURCES.txt'
writing manifest file 'eddie_ros.egg-info/SOURCES.txt'
[ 91%] Built target ament_cmake_python_build_eddie_ros_egg
[ 93%] [32m[1mLinking CXX executable mock_servers_only[0m
[ 93%] Built target mock_servers_only
[ 95%] [32m[1mLinking CXX executable eddie_ros_interface[0m
[ 96%] Built target eddie_ros_interface
[ 98%] [32m[1mLinking CXX executable pick_place_fsm_mock[0m
[ 98%] Built target pick_place_fsm_mock
