[ 75%] [32mBuilding CXX object CMakeFiles/pick_place_fsm_mock.dir/src/pick_place_fsm_mock.cpp.o[0m
[ 75%] Built target mock_servers_only
[100%] [32m[1mLinking CXX executable pick_place_fsm_mock[0m
[100%] Built target pick_place_fsm_mock
-- Install configuration: ""
-- Installing: /home/ashlesh/r4s/src/Finite-State-Machine/install/pick_place_fsm/lib/pick_place_fsm/pick_place_fsm_mock
-- Set non-toolchain portion of runtime path of "/home/ashlesh/r4s/src/Finite-State-Machine/install/pick_place_fsm/lib/pick_place_fsm/pick_place_fsm_mock" to ""
-- Up-to-date: /home/ashlesh/r4s/src/Finite-State-Machine/install/pick_place_fsm/lib/pick_place_fsm/mock_servers_only
-- Up-to-date: /home/ashlesh/r4s/src/Finite-State-Machine/install/pick_place_fsm/include
-- Up-to-date: /home/ashlesh/r4s/src/Finite-State-Machine/install/pick_place_fsm/include/pick_place_fsm.hpp
-- Up-to-date: /home/ashlesh/r4s/src/Finite-State-Machine/install/pick_place_fsm/share/ament_index/resource_index/package_run_dependencies/pick_place_fsm
-- Up-to-date: /home/ashlesh/r4s/src/Finite-State-Machine/install/pick_place_fsm/share/ament_index/resource_index/parent_prefix_path/pick_place_fsm
-- Up-to-date: /home/ashlesh/r4s/src/Finite-State-Machine/install/pick_place_fsm/share/pick_place_fsm/environment/ament_prefix_path.sh
-- Up-to-date: /home/ashlesh/r4s/src/Finite-State-Machine/install/pick_place_fsm/share/pick_place_fsm/environment/ament_prefix_path.dsv
-- Up-to-date: /home/ashlesh/r4s/src/Finite-State-Machine/install/pick_place_fsm/share/pick_place_fsm/environment/path.sh
-- Up-to-date: /home/ashlesh/r4s/src/Finite-State-Machine/install/pick_place_fsm/share/pick_place_fsm/environment/path.dsv
-- Up-to-date: /home/ashlesh/r4s/src/Finite-State-Machine/install/pick_place_fsm/share/pick_place_fsm/local_setup.bash
-- Up-to-date: /home/ashlesh/r4s/src/Finite-State-Machine/install/pick_place_fsm/share/pick_place_fsm/local_setup.sh
-- Up-to-date: /home/ashlesh/r4s/src/Finite-State-Machine/install/pick_place_fsm/share/pick_place_fsm/local_setup.zsh
-- Up-to-date: /home/ashlesh/r4s/src/Finite-State-Machine/install/pick_place_fsm/share/pick_place_fsm/local_setup.dsv
-- Installing: /home/ashlesh/r4s/src/Finite-State-Machine/install/pick_place_fsm/share/pick_place_fsm/package.dsv
-- Up-to-date: /home/ashlesh/r4s/src/Finite-State-Machine/install/pick_place_fsm/share/ament_index/resource_index/packages/pick_place_fsm
-- Up-to-date: /home/ashlesh/r4s/src/Finite-State-Machine/install/pick_place_fsm/share/pick_place_fsm/cmake/pick_place_fsmConfig.cmake
-- Up-to-date: /home/ashlesh/r4s/src/Finite-State-Machine/install/pick_place_fsm/share/pick_place_fsm/cmake/pick_place_fsmConfig-version.cmake
-- Up-to-date: /home/ashlesh/r4s/src/Finite-State-Machine/install/pick_place_fsm/share/pick_place_fsm/package.xml
