[  1%] Built target eddie_ros__rosidl_generator_type_description
[  1%] Built target ament_cmake_python_copy_eddie_ros
[  3%] Built target eddie_ros__cpp
[ 17%] Built target eddie_ros__rosidl_generator_c
[ 52%] Built target eddie_ros__rosidl_typesupport_cpp
[ 52%] Built target eddie_ros__rosidl_typesupport_introspection_cpp
[ 52%] Built target eddie_ros__rosidl_typesupport_introspection_c
[ 52%] Built target eddie_ros__rosidl_typesupport_c
[ 52%] Built target eddie_ros__rosidl_typesupport_fastrtps_c
[ 59%] Built target eddie_ros__rosidl_typesupport_fastrtps_cpp
[ 63%] Built target mock_servers_only
[ 73%] Built target task_planner_node
[ 73%] Built target eddie_ros_interface
[ 78%] Built target eddie_ros_interface_test
[ 80%] [32mBuilding CXX object CMakeFiles/pick_place_fsm_mock.dir/src/pick_place_fsm_mock.cpp.o[0m
[ 80%] Built target eddie_ros
[ 82%] Built target eddie_ros__py
[ 87%] Built target eddie_ros__rosidl_generator_py
[ 98%] Built target eddie_ros_s__rosidl_typesupport_introspection_c
[ 98%] Built target eddie_ros_s__rosidl_typesupport_fastrtps_c
[ 98%] Built target eddie_ros_s__rosidl_typesupport_c
running egg_info
writing eddie_ros.egg-info/PKG-INFO
writing dependency_links to eddie_ros.egg-info/dependency_links.txt
writing top-level names to eddie_ros.egg-info/top_level.txt
reading manifest file 'eddie_ros.egg-info/SOURCES.txt'
writing manifest file 'eddie_ros.egg-info/SOURCES.txt'
[ 98%] Built target ament_cmake_python_build_eddie_ros_egg
