[0.050s] Invoking command in '/home/wasim/r4s/build/kinova_vision': CMAKE_PREFIX_PATH=${CMAKE_PREFIX_PATH}:/opt/ros/jazzy DEBUGINFOD_URLS=https://debuginfod.ubuntu.com /usr/bin/cmake /home/wasim/r4s/src/ros2_kortex_vision -DCMAKE_INSTALL_PREFIX=/home/wasim/r4s/install/kinova_vision
[0.087s] -- Found ament_cmake: 2.5.4 (/opt/ros/jazzy/share/ament_cmake/cmake)
[0.686s] -- Found camera_calibration_parsers: 5.1.7 (/opt/ros/jazzy/share/camera_calibration_parsers/cmake)
[0.879s] -- Found rosidl_generator_c: 4.6.5 (/opt/ros/jazzy/share/rosidl_generator_c/cmake)
[0.939s] -- Found rosidl_generator_cpp: 4.6.5 (/opt/ros/jazzy/share/rosidl_generator_cpp/cmake)
[1.007s] -- Using all available rosidl_typesupport_c: rosidl_typesupport_fastrtps_c;rosidl_typesupport_introspection_c
[1.080s] -- Using all available rosidl_typesupport_cpp: rosidl_typesupport_fastrtps_cpp;rosidl_typesupport_introspection_cpp
[1.379s] -- Found rmw_implementation_cmake: 7.3.2 (/opt/ros/jazzy/share/rmw_implementation_cmake/cmake)
[1.394s] -- Found rmw_fastrtps_cpp: 8.4.2 (/opt/ros/jazzy/share/rmw_fastrtps_cpp/cmake)
[1.683s] -- Found OpenSSL: /usr/lib/x86_64-linux-gnu/libcrypto.so (found version "3.0.13")  
[1.749s] -- Found FastRTPS: /opt/ros/jazzy/include (Required is at least version "2.13") 
[1.812s] -- Using RMW implementation 'rmw_fastrtps_cpp' as default
[2.279s] -- Setting yaml-cpp_DIR to: '/opt/ros/jazzy/share/yaml_cpp_vendor/cmake/../../../opt/yaml_cpp_vendor/share/cmake/yaml-cpp'
[2.321s] [31mCMake Error at CMakeLists.txt:16 (find_package):
[2.321s]   By not providing "Findcamera_info_manager.cmake" in CMAKE_MODULE_PATH this
[2.321s]   project has asked CMake to find a package configuration file provided by
[2.321s]   "camera_info_manager", but CMake did not find one.
[2.321s] 
[2.321s]   Could not find a package configuration file provided by
[2.322s]   "camera_info_manager" with any of the following names:
[2.322s] 
[2.322s]     camera_info_managerConfig.cmake
[2.322s]     camera_info_manager-config.cmake
[2.322s] 
[2.322s]   Add the installation prefix of "camera_info_manager" to CMAKE_PREFIX_PATH
[2.322s]   or set "camera_info_manager_DIR" to a directory containing one of the above
[2.323s]   files.  If "camera_info_manager" provides a separate development package or
[2.323s]   SDK, be sure it has been installed.
[2.323s] 
[2.323s] [0m
[2.323s] -- Configuring incomplete, errors occurred!
[2.337s] Invoked command in '/home/wasim/r4s/build/kinova_vision' returned '1': CMAKE_PREFIX_PATH=${CMAKE_PREFIX_PATH}:/opt/ros/jazzy DEBUGINFOD_URLS=https://debuginfod.ubuntu.com /usr/bin/cmake /home/wasim/r4s/src/ros2_kortex_vision -DCMAKE_INSTALL_PREFIX=/home/wasim/r4s/install/kinova_vision
