[0.190s] DEBUG:colcon:Command line arguments: ['/usr/bin/colcon', 'build']
[0.190s] DEBUG:colcon:Parsed command line arguments: Namespace(log_base=None, log_level=None, verb_name='build', build_base='build', install_base='install', merge_install=False, symlink_install=False, test_result_base=None, continue_on_error=False, executor='parallel', parallel_workers=12, event_handlers=None, ignore_user_meta=False, metas=['./colcon.meta'], base_paths=['.'], packages_ignore=None, packages_ignore_regex=None, paths=None, packages_up_to=None, packages_up_to_regex=None, packages_above=None, packages_above_and_dependencies=None, packages_above_depth=None, packages_select_by_dep=None, packages_skip_by_dep=None, packages_skip_up_to=None, packages_select_build_failed=False, packages_skip_build_finished=False, packages_select_test_failures=False, packages_skip_test_passed=False, packages_select=None, packages_skip=None, packages_select_regex=None, packages_skip_regex=None, packages_start=None, packages_end=None, allow_overriding=[], cmake_args=None, cmake_target=None, cmake_target_skip_unavailable=False, cmake_clean_cache=False, cmake_clean_first=False, cmake_force_configure=False, ament_cmake_args=None, catkin_cmake_args=None, catkin_skip_building_tests=False, mixin_files=None, mixin=None, verb_parser=<colcon_mixin.mixin.mixin_argument.MixinArgumentDecorator object at 0x7619f7bcfda0>, verb_extension=<colcon_core.verb.build.BuildVerb object at 0x7619f7bcf830>, main=<bound method BuildVerb.main of <colcon_core.verb.build.BuildVerb object at 0x7619f7bcf830>>, mixin_verb=('build',))
[0.228s] Level 1:colcon.colcon_core.package_discovery:discover_packages(colcon_meta) check parameters
[0.228s] Level 1:colcon.colcon_core.package_discovery:discover_packages(recursive) check parameters
[0.228s] Level 1:colcon.colcon_core.package_discovery:discover_packages(ignore) check parameters
[0.228s] Level 1:colcon.colcon_core.package_discovery:discover_packages(path) check parameters
[0.228s] Level 1:colcon.colcon_core.package_discovery:discover_packages(colcon_meta) discover
[0.228s] Level 1:colcon.colcon_core.package_discovery:discover_packages(recursive) discover
[0.228s] INFO:colcon.colcon_core.package_discovery:Crawling recursively for packages in '/home/ashlesh/r4s/src/Finite-State-Machine'
[0.228s] Level 1:colcon.colcon_core.package_identification:_identify(.) by extensions ['ignore', 'ignore_ament_install']
[0.229s] Level 1:colcon.colcon_core.package_identification:_identify(.) by extension 'ignore'
[0.229s] Level 1:colcon.colcon_core.package_identification:_identify(.) by extension 'ignore_ament_install'
[0.229s] Level 1:colcon.colcon_core.package_identification:_identify(.) by extensions ['colcon_pkg']
[0.229s] Level 1:colcon.colcon_core.package_identification:_identify(.) by extension 'colcon_pkg'
[0.229s] Level 1:colcon.colcon_core.package_identification:_identify(.) by extensions ['colcon_meta']
[0.229s] Level 1:colcon.colcon_core.package_identification:_identify(.) by extension 'colcon_meta'
[0.229s] Level 1:colcon.colcon_core.package_identification:_identify(.) by extensions ['ros']
[0.229s] Level 1:colcon.colcon_core.package_identification:_identify(.) by extension 'ros'
[0.252s] DEBUG:colcon.colcon_core.package_identification:Package '.' with type 'ros.ament_cmake' and name 'pick_place_fsm'
[0.252s] Level 1:colcon.colcon_core.package_discovery:discover_packages(recursive) using defaults
[0.252s] Level 1:colcon.colcon_core.package_discovery:discover_packages(ignore) discover
[0.252s] Level 1:colcon.colcon_core.package_discovery:discover_packages(ignore) using defaults
[0.252s] Level 1:colcon.colcon_core.package_discovery:discover_packages(path) discover
[0.252s] Level 1:colcon.colcon_core.package_discovery:discover_packages(path) using defaults
[0.270s] Level 1:colcon.colcon_core.package_discovery:discover_packages(prefix_path) check parameters
[0.270s] Level 1:colcon.colcon_core.package_discovery:discover_packages(prefix_path) discover
[0.273s] DEBUG:colcon.colcon_installed_package_information.package_discovery:Found 8 installed packages in /home/ashlesh/r4s/install
[0.274s] DEBUG:colcon.colcon_installed_package_information.package_discovery:Found 287 installed packages in /opt/ros/jazzy
[0.275s] Level 1:colcon.colcon_core.package_discovery:discover_packages(prefix_path) using defaults
[0.315s] Level 5:colcon.colcon_core.verb:set package 'pick_place_fsm' build argument 'cmake_args' from command line to 'None'
[0.315s] Level 5:colcon.colcon_core.verb:set package 'pick_place_fsm' build argument 'cmake_target' from command line to 'None'
[0.315s] Level 5:colcon.colcon_core.verb:set package 'pick_place_fsm' build argument 'cmake_target_skip_unavailable' from command line to 'False'
[0.315s] Level 5:colcon.colcon_core.verb:set package 'pick_place_fsm' build argument 'cmake_clean_cache' from command line to 'False'
[0.315s] Level 5:colcon.colcon_core.verb:set package 'pick_place_fsm' build argument 'cmake_clean_first' from command line to 'False'
[0.315s] Level 5:colcon.colcon_core.verb:set package 'pick_place_fsm' build argument 'cmake_force_configure' from command line to 'False'
[0.315s] Level 5:colcon.colcon_core.verb:set package 'pick_place_fsm' build argument 'ament_cmake_args' from command line to 'None'
[0.315s] Level 5:colcon.colcon_core.verb:set package 'pick_place_fsm' build argument 'catkin_cmake_args' from command line to 'None'
[0.315s] Level 5:colcon.colcon_core.verb:set package 'pick_place_fsm' build argument 'catkin_skip_building_tests' from command line to 'False'
[0.315s] DEBUG:colcon.colcon_core.verb:Building package 'pick_place_fsm' with the following arguments: {'ament_cmake_args': None, 'build_base': '/home/ashlesh/r4s/src/Finite-State-Machine/build/pick_place_fsm', 'catkin_cmake_args': None, 'catkin_skip_building_tests': False, 'cmake_args': None, 'cmake_clean_cache': False, 'cmake_clean_first': False, 'cmake_force_configure': False, 'cmake_target': None, 'cmake_target_skip_unavailable': False, 'install_base': '/home/ashlesh/r4s/src/Finite-State-Machine/install/pick_place_fsm', 'merge_install': False, 'path': '/home/ashlesh/r4s/src/Finite-State-Machine', 'symlink_install': False, 'test_result_base': None}
[0.315s] INFO:colcon.colcon_core.executor:Executing jobs using 'parallel' executor
[0.316s] DEBUG:colcon.colcon_parallel_executor.executor.parallel:run_until_complete
[0.316s] INFO:colcon.colcon_ros.task.ament_cmake.build:Building ROS package in '/home/ashlesh/r4s/src/Finite-State-Machine' with build type 'ament_cmake'
[0.316s] INFO:colcon.colcon_cmake.task.cmake.build:Building CMake package in '/home/ashlesh/r4s/src/Finite-State-Machine'
[0.321s] INFO:colcon.colcon_core.plugin_system:Skipping extension 'colcon_core.shell.bat': Not used on non-Windows systems
[0.321s] INFO:colcon.colcon_core.shell:Skip shell extension 'powershell' for command environment: Not usable outside of PowerShell
[0.321s] DEBUG:colcon.colcon_core.shell:Skip shell extension 'dsv' for command environment
[0.330s] DEBUG:colcon.colcon_core.event_handler.log_command:Invoking command in '/home/ashlesh/r4s/src/Finite-State-Machine/build/pick_place_fsm': CMAKE_PREFIX_PATH=${CMAKE_PREFIX_PATH}:/opt/ros/jazzy DEBUGINFOD_URLS=https://debuginfod.ubuntu.com /usr/bin/cmake /home/ashlesh/r4s/src/Finite-State-Machine -DCMAKE_INSTALL_PREFIX=/home/ashlesh/r4s/src/Finite-State-Machine/install/pick_place_fsm
[1.721s] DEBUG:colcon.colcon_core.event_handler.log_command:Invoked command in '/home/ashlesh/r4s/src/Finite-State-Machine/build/pick_place_fsm' returned '0': CMAKE_PREFIX_PATH=${CMAKE_PREFIX_PATH}:/opt/ros/jazzy DEBUGINFOD_URLS=https://debuginfod.ubuntu.com /usr/bin/cmake /home/ashlesh/r4s/src/Finite-State-Machine -DCMAKE_INSTALL_PREFIX=/home/ashlesh/r4s/src/Finite-State-Machine/install/pick_place_fsm
[1.722s] DEBUG:colcon.colcon_core.event_handler.log_command:Invoking command in '/home/ashlesh/r4s/src/Finite-State-Machine/build/pick_place_fsm': CMAKE_PREFIX_PATH=${CMAKE_PREFIX_PATH}:/opt/ros/jazzy DEBUGINFOD_URLS=https://debuginfod.ubuntu.com /usr/bin/cmake --build /home/ashlesh/r4s/src/Finite-State-Machine/build/pick_place_fsm -- -j12 -l12
[11.677s] DEBUG:colcon.colcon_core.event_handler.log_command:Invoked command in '/home/ashlesh/r4s/src/Finite-State-Machine/build/pick_place_fsm' returned '0': CMAKE_PREFIX_PATH=${CMAKE_PREFIX_PATH}:/opt/ros/jazzy DEBUGINFOD_URLS=https://debuginfod.ubuntu.com /usr/bin/cmake --build /home/ashlesh/r4s/src/Finite-State-Machine/build/pick_place_fsm -- -j12 -l12
[11.685s] DEBUG:colcon.colcon_core.event_handler.log_command:Invoking command in '/home/ashlesh/r4s/src/Finite-State-Machine/build/pick_place_fsm': CMAKE_PREFIX_PATH=${CMAKE_PREFIX_PATH}:/opt/ros/jazzy DEBUGINFOD_URLS=https://debuginfod.ubuntu.com /usr/bin/cmake --install /home/ashlesh/r4s/src/Finite-State-Machine/build/pick_place_fsm
[11.702s] Level 1:colcon.colcon_core.environment:create_environment_scripts_only(pick_place_fsm)
[11.703s] DEBUG:colcon.colcon_core.event_handler.log_command:Invoked command in '/home/ashlesh/r4s/src/Finite-State-Machine/build/pick_place_fsm' returned '0': CMAKE_PREFIX_PATH=${CMAKE_PREFIX_PATH}:/opt/ros/jazzy DEBUGINFOD_URLS=https://debuginfod.ubuntu.com /usr/bin/cmake --install /home/ashlesh/r4s/src/Finite-State-Machine/build/pick_place_fsm
[11.707s] Level 1:colcon.colcon_core.environment:checking '/home/ashlesh/r4s/src/Finite-State-Machine/install/pick_place_fsm' for CMake module files
[11.707s] Level 1:colcon.colcon_core.environment:checking '/home/ashlesh/r4s/src/Finite-State-Machine/install/pick_place_fsm' for CMake config files
[11.707s] Level 1:colcon.colcon_core.shell:create_environment_hook('pick_place_fsm', 'cmake_prefix_path')
[11.707s] INFO:colcon.colcon_core.shell:Creating environment hook '/home/ashlesh/r4s/src/Finite-State-Machine/install/pick_place_fsm/share/pick_place_fsm/hook/cmake_prefix_path.ps1'
[11.708s] INFO:colcon.colcon_core.shell:Creating environment descriptor '/home/ashlesh/r4s/src/Finite-State-Machine/install/pick_place_fsm/share/pick_place_fsm/hook/cmake_prefix_path.dsv'
[11.708s] INFO:colcon.colcon_core.shell:Creating environment hook '/home/ashlesh/r4s/src/Finite-State-Machine/install/pick_place_fsm/share/pick_place_fsm/hook/cmake_prefix_path.sh'
[11.709s] Level 1:colcon.colcon_core.environment:checking '/home/ashlesh/r4s/src/Finite-State-Machine/install/pick_place_fsm/lib'
[11.709s] Level 1:colcon.colcon_core.environment:checking '/home/ashlesh/r4s/src/Finite-State-Machine/install/pick_place_fsm/bin'
[11.709s] Level 1:colcon.colcon_core.environment:checking '/home/ashlesh/r4s/src/Finite-State-Machine/install/pick_place_fsm/lib/pkgconfig/pick_place_fsm.pc'
[11.709s] Level 1:colcon.colcon_core.environment:checking '/home/ashlesh/r4s/src/Finite-State-Machine/install/pick_place_fsm/lib/python3.12/site-packages'
[11.710s] Level 1:colcon.colcon_core.environment:checking '/home/ashlesh/r4s/src/Finite-State-Machine/install/pick_place_fsm/bin'
[11.710s] INFO:colcon.colcon_core.shell:Creating package script '/home/ashlesh/r4s/src/Finite-State-Machine/install/pick_place_fsm/share/pick_place_fsm/package.ps1'
[11.710s] INFO:colcon.colcon_core.shell:Creating package descriptor '/home/ashlesh/r4s/src/Finite-State-Machine/install/pick_place_fsm/share/pick_place_fsm/package.dsv'
[11.711s] INFO:colcon.colcon_core.shell:Creating package script '/home/ashlesh/r4s/src/Finite-State-Machine/install/pick_place_fsm/share/pick_place_fsm/package.sh'
[11.711s] INFO:colcon.colcon_core.shell:Creating package script '/home/ashlesh/r4s/src/Finite-State-Machine/install/pick_place_fsm/share/pick_place_fsm/package.bash'
[11.712s] INFO:colcon.colcon_core.shell:Creating package script '/home/ashlesh/r4s/src/Finite-State-Machine/install/pick_place_fsm/share/pick_place_fsm/package.zsh'
[11.712s] Level 1:colcon.colcon_core.environment:create_file_with_runtime_dependencies(/home/ashlesh/r4s/src/Finite-State-Machine/install/pick_place_fsm/share/colcon-core/packages/pick_place_fsm)
[11.713s] Level 1:colcon.colcon_core.environment:create_environment_scripts_only(pick_place_fsm)
[11.713s] Level 1:colcon.colcon_core.environment:checking '/home/ashlesh/r4s/src/Finite-State-Machine/install/pick_place_fsm' for CMake module files
[11.713s] Level 1:colcon.colcon_core.environment:checking '/home/ashlesh/r4s/src/Finite-State-Machine/install/pick_place_fsm' for CMake config files
[11.713s] Level 1:colcon.colcon_core.shell:create_environment_hook('pick_place_fsm', 'cmake_prefix_path')
[11.713s] INFO:colcon.colcon_core.shell:Creating environment hook '/home/ashlesh/r4s/src/Finite-State-Machine/install/pick_place_fsm/share/pick_place_fsm/hook/cmake_prefix_path.ps1'
[11.714s] INFO:colcon.colcon_core.shell:Creating environment descriptor '/home/ashlesh/r4s/src/Finite-State-Machine/install/pick_place_fsm/share/pick_place_fsm/hook/cmake_prefix_path.dsv'
[11.714s] INFO:colcon.colcon_core.shell:Creating environment hook '/home/ashlesh/r4s/src/Finite-State-Machine/install/pick_place_fsm/share/pick_place_fsm/hook/cmake_prefix_path.sh'
[11.715s] Level 1:colcon.colcon_core.environment:checking '/home/ashlesh/r4s/src/Finite-State-Machine/install/pick_place_fsm/lib'
[11.715s] Level 1:colcon.colcon_core.environment:checking '/home/ashlesh/r4s/src/Finite-State-Machine/install/pick_place_fsm/bin'
[11.715s] Level 1:colcon.colcon_core.environment:checking '/home/ashlesh/r4s/src/Finite-State-Machine/install/pick_place_fsm/lib/pkgconfig/pick_place_fsm.pc'
[11.715s] Level 1:colcon.colcon_core.environment:checking '/home/ashlesh/r4s/src/Finite-State-Machine/install/pick_place_fsm/lib/python3.12/site-packages'
[11.715s] Level 1:colcon.colcon_core.environment:checking '/home/ashlesh/r4s/src/Finite-State-Machine/install/pick_place_fsm/bin'
[11.715s] INFO:colcon.colcon_core.shell:Creating package script '/home/ashlesh/r4s/src/Finite-State-Machine/install/pick_place_fsm/share/pick_place_fsm/package.ps1'
[11.716s] INFO:colcon.colcon_core.shell:Creating package descriptor '/home/ashlesh/r4s/src/Finite-State-Machine/install/pick_place_fsm/share/pick_place_fsm/package.dsv'
[11.716s] INFO:colcon.colcon_core.shell:Creating package script '/home/ashlesh/r4s/src/Finite-State-Machine/install/pick_place_fsm/share/pick_place_fsm/package.sh'
[11.716s] INFO:colcon.colcon_core.shell:Creating package script '/home/ashlesh/r4s/src/Finite-State-Machine/install/pick_place_fsm/share/pick_place_fsm/package.bash'
[11.717s] INFO:colcon.colcon_core.shell:Creating package script '/home/ashlesh/r4s/src/Finite-State-Machine/install/pick_place_fsm/share/pick_place_fsm/package.zsh'
[11.717s] Level 1:colcon.colcon_core.environment:create_file_with_runtime_dependencies(/home/ashlesh/r4s/src/Finite-State-Machine/install/pick_place_fsm/share/colcon-core/packages/pick_place_fsm)
[11.717s] DEBUG:colcon.colcon_parallel_executor.executor.parallel:closing loop
[11.717s] DEBUG:colcon.colcon_parallel_executor.executor.parallel:loop closed
[11.717s] DEBUG:colcon.colcon_parallel_executor.executor.parallel:run_until_complete finished with '0'
[11.717s] DEBUG:colcon.colcon_core.event_reactor:joining thread
[11.724s] INFO:colcon.colcon_core.plugin_system:Skipping extension 'colcon_notification.desktop_notification.terminal_notifier': Not used on non-Darwin systems
[11.724s] INFO:colcon.colcon_core.plugin_system:Skipping extension 'colcon_notification.desktop_notification.win32': Not used on non-Windows systems
[11.724s] INFO:colcon.colcon_notification.desktop_notification:Sending desktop notification using 'notify2'
[11.740s] DEBUG:colcon.colcon_core.event_reactor:joined thread
[11.740s] INFO:colcon.colcon_core.shell:Creating prefix script '/home/ashlesh/r4s/src/Finite-State-Machine/install/local_setup.ps1'
[11.742s] INFO:colcon.colcon_core.shell:Creating prefix util module '/home/ashlesh/r4s/src/Finite-State-Machine/install/_local_setup_util_ps1.py'
[11.743s] INFO:colcon.colcon_core.shell:Creating prefix chain script '/home/ashlesh/r4s/src/Finite-State-Machine/install/setup.ps1'
[11.745s] INFO:colcon.colcon_core.shell:Creating prefix script '/home/ashlesh/r4s/src/Finite-State-Machine/install/local_setup.sh'
[11.746s] INFO:colcon.colcon_core.shell:Creating prefix util module '/home/ashlesh/r4s/src/Finite-State-Machine/install/_local_setup_util_sh.py'
[11.747s] INFO:colcon.colcon_core.shell:Creating prefix chain script '/home/ashlesh/r4s/src/Finite-State-Machine/install/setup.sh'
[11.749s] INFO:colcon.colcon_core.shell:Creating prefix script '/home/ashlesh/r4s/src/Finite-State-Machine/install/local_setup.bash'
[11.750s] INFO:colcon.colcon_core.shell:Creating prefix chain script '/home/ashlesh/r4s/src/Finite-State-Machine/install/setup.bash'
[11.752s] INFO:colcon.colcon_core.shell:Creating prefix script '/home/ashlesh/r4s/src/Finite-State-Machine/install/local_setup.zsh'
[11.752s] INFO:colcon.colcon_core.shell:Creating prefix chain script '/home/ashlesh/r4s/src/Finite-State-Machine/install/setup.zsh'
