[0.014s] Invoking command in '/home/wasim/r4s/build/eddie_ros': CMAKE_MODULE_PATH=/home/wasim/r4s/install/orocos_kdl/share/orocos_kdl/cmake CMAKE_PREFIX_PATH=/home/wasim/r4s/install/robif2b:/home/wasim/r4s/install/orocos_kdl:/home/wasim/r4s/install/coord2b:/opt/ros/jazzy/opt/gz_sim_vendor:/opt/ros/jazzy/opt/gz_sensors_vendor:/opt/ros/jazzy/opt/gz_physics_vendor:/opt/ros/jazzy/opt/sdformat_vendor:/opt/ros/jazzy/opt/gz_gui_vendor:/opt/ros/jazzy/opt/gz_transport_vendor:/opt/ros/jazzy/opt/gz_rendering_vendor:/opt/ros/jazzy/opt/gz_plugin_vendor:/opt/ros/jazzy/opt/gz_fuel_tools_vendor:/opt/ros/jazzy/opt/gz_msgs_vendor:/opt/ros/jazzy/opt/gz_common_vendor:/opt/ros/jazzy/opt/gz_math_vendor:/opt/ros/jazzy/opt/gz_utils_vendor:/opt/ros/jazzy/opt/gz_tools_vendor:/opt/ros/jazzy/opt/gz_ogre_next_vendor:/opt/ros/jazzy/opt/gz_dartsim_vendor:/opt/ros/jazzy/opt/gz_cmake_vendor:/opt/ros/jazzy DEBUGINFOD_URLS=https://debuginfod.ubuntu.com LD_LIBRARY_PATH=/home/wasim/r4s/install/robif2b/lib:/home/wasim/r4s/install/orocos_kdl/lib:/home/wasim/r4s/install/coord2b/lib:${LD_LIBRARY_PATH} PKG_CONFIG_PATH=/home/wasim/r4s/install/orocos_kdl/lib/x86_64-linux-gnu/pkgconfig:/home/wasim/r4s/install/orocos_kdl/lib/pkgconfig /usr/bin/cmake --build /home/wasim/r4s/build/eddie_ros -- -j16 -l16
[0.057s] -- Found ament_cmake: 2.5.4 (/opt/ros/jazzy/share/ament_cmake/cmake)
[0.090s] -- Found Python3: /usr/bin/python3 (found version "3.12.3") found components: Interpreter 
[0.181s] -- Found rclcpp: 28.1.9 (/opt/ros/jazzy/share/rclcpp/cmake)
[0.213s] -- Found rosidl_generator_c: 4.6.5 (/opt/ros/jazzy/share/rosidl_generator_c/cmake)
[0.222s] -- Found rosidl_generator_cpp: 4.6.5 (/opt/ros/jazzy/share/rosidl_generator_cpp/cmake)
[0.234s] -- Using all available rosidl_typesupport_c: rosidl_typesupport_fastrtps_c;rosidl_typesupport_introspection_c
[0.247s] -- Using all available rosidl_typesupport_cpp: rosidl_typesupport_fastrtps_cpp;rosidl_typesupport_introspection_cpp
[0.312s] -- Found rmw_implementation_cmake: 7.3.2 (/opt/ros/jazzy/share/rmw_implementation_cmake/cmake)
[0.313s] -- Found rmw_fastrtps_cpp: 8.4.2 (/opt/ros/jazzy/share/rmw_fastrtps_cpp/cmake)
[0.384s] -- Using RMW implementation 'rmw_fastrtps_cpp' as default
[0.451s] -- Found rclcpp_action: 28.1.9 (/opt/ros/jazzy/share/rclcpp_action/cmake)
[0.490s] -- Found rclcpp_components: 28.1.9 (/opt/ros/jazzy/share/rclcpp_components/cmake)
[0.518s] -- Found geometry_msgs: 5.3.6 (/opt/ros/jazzy/share/geometry_msgs/cmake)
[0.550s] -- Found kdl_parser: 2.11.0 (/opt/ros/jazzy/share/kdl_parser/cmake)
[0.551s] -- Found eigen3_cmake_module: 0.3.0 (/opt/ros/jazzy/share/eigen3_cmake_module/cmake)
[0.553s] -- Ensuring Eigen3 include directory is part of orocos-kdl CMake target
[0.555s] -- Found rosidl_default_generators: 1.6.0 (/opt/ros/jazzy/share/rosidl_default_generators/cmake)
[0.562s] -- Found rosidl_adapter: 4.6.5 (/opt/ros/jazzy/share/rosidl_adapter/cmake)
[0.867s] -- Found ament_cmake_ros: 0.12.0 (/opt/ros/jazzy/share/ament_cmake_ros/cmake)
[1.180s] -- Using all available rosidl_typesupport_c: rosidl_typesupport_fastrtps_c;rosidl_typesupport_introspection_c
[1.302s] -- Using all available rosidl_typesupport_cpp: rosidl_typesupport_fastrtps_cpp;rosidl_typesupport_introspection_cpp
[1.303s] -- Found python_cmake_module: 0.11.1 (/opt/ros/jazzy/share/python_cmake_module/cmake)
[1.574s] -- Found Python3: /usr/bin/python3 (found version "3.12.3") found components: Interpreter Development NumPy Development.Module Development.Embed 
[1.622s] -- Configuring done (1.6s)
[1.697s] -- Generating done (0.1s)
[1.720s] -- Build files have been written to: /home/wasim/r4s/build/eddie_ros
[1.772s] [  1%] Built target eddie_ros__rosidl_generator_type_description
[1.785s] [  1%] Built target ament_cmake_python_copy_eddie_ros
[1.799s] [  3%] Built target eddie_ros__cpp
[1.803s] [ 16%] Built target eddie_ros__rosidl_generator_c
[1.839s] [ 30%] Built target eddie_ros__rosidl_typesupport_introspection_c
[1.839s] [ 30%] Built target eddie_ros__rosidl_typesupport_c
[1.840s] [ 36%] Built target eddie_ros__rosidl_typesupport_cpp
[1.840s] [ 50%] Built target eddie_ros__rosidl_typesupport_introspection_cpp
[1.840s] [ 50%] Built target eddie_ros__rosidl_typesupport_fastrtps_c
[1.841s] [ 56%] Built target eddie_ros__rosidl_typesupport_fastrtps_cpp
[1.878s] [ 56%] Built target eddie_ros
[1.895s] [ 60%] Built target pick_place_fsm_mock
[1.898s] [ 63%] Built target mock_servers_only
[1.902s] [ 68%] Built target task_planner_node
[1.903s] [ 73%] Built target eddie_ros_interface_dummy
[1.903s] [ 78%] Built target eddie_ros_interface
[1.903s] [ 83%] Built target eddie_ros_interface_test
[1.916s] [ 85%] Built target eddie_ros__py
[1.956s] [ 90%] Built target eddie_ros__rosidl_generator_py
[1.993s] [100%] Built target eddie_ros_s__rosidl_typesupport_introspection_c
[1.993s] [100%] Built target eddie_ros_s__rosidl_typesupport_fastrtps_c
[1.993s] [100%] Built target eddie_ros_s__rosidl_typesupport_c
[2.121s] running egg_info
[2.151s] writing eddie_ros.egg-info/PKG-INFO
[2.151s] writing dependency_links to eddie_ros.egg-info/dependency_links.txt
[2.151s] writing top-level names to eddie_ros.egg-info/top_level.txt
[2.240s] reading manifest file 'eddie_ros.egg-info/SOURCES.txt'
[2.240s] writing manifest file 'eddie_ros.egg-info/SOURCES.txt'
[2.273s] [100%] Built target ament_cmake_python_build_eddie_ros_egg
[2.289s] Invoked command in '/home/wasim/r4s/build/eddie_ros' returned '0': CMAKE_MODULE_PATH=/home/wasim/r4s/install/orocos_kdl/share/orocos_kdl/cmake CMAKE_PREFIX_PATH=/home/wasim/r4s/install/robif2b:/home/wasim/r4s/install/orocos_kdl:/home/wasim/r4s/install/coord2b:/opt/ros/jazzy/opt/gz_sim_vendor:/opt/ros/jazzy/opt/gz_sensors_vendor:/opt/ros/jazzy/opt/gz_physics_vendor:/opt/ros/jazzy/opt/sdformat_vendor:/opt/ros/jazzy/opt/gz_gui_vendor:/opt/ros/jazzy/opt/gz_transport_vendor:/opt/ros/jazzy/opt/gz_rendering_vendor:/opt/ros/jazzy/opt/gz_plugin_vendor:/opt/ros/jazzy/opt/gz_fuel_tools_vendor:/opt/ros/jazzy/opt/gz_msgs_vendor:/opt/ros/jazzy/opt/gz_common_vendor:/opt/ros/jazzy/opt/gz_math_vendor:/opt/ros/jazzy/opt/gz_utils_vendor:/opt/ros/jazzy/opt/gz_tools_vendor:/opt/ros/jazzy/opt/gz_ogre_next_vendor:/opt/ros/jazzy/opt/gz_dartsim_vendor:/opt/ros/jazzy/opt/gz_cmake_vendor:/opt/ros/jazzy DEBUGINFOD_URLS=https://debuginfod.ubuntu.com LD_LIBRARY_PATH=/home/wasim/r4s/install/robif2b/lib:/home/wasim/r4s/install/orocos_kdl/lib:/home/wasim/r4s/install/coord2b/lib:${LD_LIBRARY_PATH} PKG_CONFIG_PATH=/home/wasim/r4s/install/orocos_kdl/lib/x86_64-linux-gnu/pkgconfig:/home/wasim/r4s/install/orocos_kdl/lib/pkgconfig /usr/bin/cmake --build /home/wasim/r4s/build/eddie_ros -- -j16 -l16
[2.290s] Invoking command in '/home/wasim/r4s/build/eddie_ros': CMAKE_MODULE_PATH=/home/wasim/r4s/install/orocos_kdl/share/orocos_kdl/cmake CMAKE_PREFIX_PATH=/home/wasim/r4s/install/robif2b:/home/wasim/r4s/install/orocos_kdl:/home/wasim/r4s/install/coord2b:/opt/ros/jazzy/opt/gz_sim_vendor:/opt/ros/jazzy/opt/gz_sensors_vendor:/opt/ros/jazzy/opt/gz_physics_vendor:/opt/ros/jazzy/opt/sdformat_vendor:/opt/ros/jazzy/opt/gz_gui_vendor:/opt/ros/jazzy/opt/gz_transport_vendor:/opt/ros/jazzy/opt/gz_rendering_vendor:/opt/ros/jazzy/opt/gz_plugin_vendor:/opt/ros/jazzy/opt/gz_fuel_tools_vendor:/opt/ros/jazzy/opt/gz_msgs_vendor:/opt/ros/jazzy/opt/gz_common_vendor:/opt/ros/jazzy/opt/gz_math_vendor:/opt/ros/jazzy/opt/gz_utils_vendor:/opt/ros/jazzy/opt/gz_tools_vendor:/opt/ros/jazzy/opt/gz_ogre_next_vendor:/opt/ros/jazzy/opt/gz_dartsim_vendor:/opt/ros/jazzy/opt/gz_cmake_vendor:/opt/ros/jazzy DEBUGINFOD_URLS=https://debuginfod.ubuntu.com LD_LIBRARY_PATH=/home/wasim/r4s/install/robif2b/lib:/home/wasim/r4s/install/orocos_kdl/lib:/home/wasim/r4s/install/coord2b/lib:${LD_LIBRARY_PATH} PKG_CONFIG_PATH=/home/wasim/r4s/install/orocos_kdl/lib/x86_64-linux-gnu/pkgconfig:/home/wasim/r4s/install/orocos_kdl/lib/pkgconfig /usr/bin/cmake --install /home/wasim/r4s/build/eddie_ros
[2.300s] -- Install configuration: ""
[2.301s] -- Up-to-date: /home/wasim/r4s/install/eddie_ros/share/ament_index/resource_index/rosidl_interfaces/eddie_ros
[2.301s] -- Up-to-date: /home/wasim/r4s/install/eddie_ros/share/eddie_ros/action/ArmControl.json
[2.301s] -- Up-to-date: /home/wasim/r4s/install/eddie_ros/share/eddie_ros/action/GripperControl.json
[2.301s] -- Up-to-date: /home/wasim/r4s/install/eddie_ros/include/eddie_ros/eddie_ros
[2.301s] -- Up-to-date: /home/wasim/r4s/install/eddie_ros/include/eddie_ros/eddie_ros/msg
[2.301s] -- Up-to-date: /home/wasim/r4s/install/eddie_ros/include/eddie_ros/eddie_ros/msg/rosidl_generator_c__visibility_control.h
[2.301s] -- Up-to-date: /home/wasim/r4s/install/eddie_ros/include/eddie_ros/eddie_ros/action
[2.301s] -- Up-to-date: /home/wasim/r4s/install/eddie_ros/include/eddie_ros/eddie_ros/action/arm_control.h
[2.302s] -- Up-to-date: /home/wasim/r4s/install/eddie_ros/include/eddie_ros/eddie_ros/action/gripper_control.h
[2.302s] -- Up-to-date: /home/wasim/r4s/install/eddie_ros/include/eddie_ros/eddie_ros/action/detail
[2.302s] -- Up-to-date: /home/wasim/r4s/install/eddie_ros/include/eddie_ros/eddie_ros/action/detail/gripper_control__type_support.h
[2.302s] -- Up-to-date: /home/wasim/r4s/install/eddie_ros/include/eddie_ros/eddie_ros/action/detail/arm_control__struct.h
[2.302s] -- Up-to-date: /home/wasim/r4s/install/eddie_ros/include/eddie_ros/eddie_ros/action/detail/gripper_control__type_support.c
[2.302s] -- Up-to-date: /home/wasim/r4s/install/eddie_ros/include/eddie_ros/eddie_ros/action/detail/arm_control__functions.h
[2.302s] -- Up-to-date: /home/wasim/r4s/install/eddie_ros/include/eddie_ros/eddie_ros/action/detail/gripper_control__struct.h
[2.302s] -- Up-to-date: /home/wasim/r4s/install/eddie_ros/include/eddie_ros/eddie_ros/action/detail/arm_control__type_support.h
[2.302s] -- Up-to-date: /home/wasim/r4s/install/eddie_ros/include/eddie_ros/eddie_ros/action/detail/gripper_control__description.c
[2.302s] -- Up-to-date: /home/wasim/r4s/install/eddie_ros/include/eddie_ros/eddie_ros/action/detail/gripper_control__functions.h
[2.302s] -- Up-to-date: /home/wasim/r4s/install/eddie_ros/include/eddie_ros/eddie_ros/action/detail/gripper_control__functions.c
[2.302s] -- Up-to-date: /home/wasim/r4s/install/eddie_ros/include/eddie_ros/eddie_ros/action/detail/arm_control__functions.c
[2.302s] -- Up-to-date: /home/wasim/r4s/install/eddie_ros/include/eddie_ros/eddie_ros/action/detail/arm_control__description.c
[2.302s] -- Up-to-date: /home/wasim/r4s/install/eddie_ros/include/eddie_ros/eddie_ros/action/detail/arm_control__type_support.c
[2.302s] -- Up-to-date: /home/wasim/r4s/install/eddie_ros/share/eddie_ros/environment/library_path.sh
[2.302s] -- Up-to-date: /home/wasim/r4s/install/eddie_ros/share/eddie_ros/environment/library_path.dsv
[2.302s] -- Up-to-date: /home/wasim/r4s/install/eddie_ros/lib/libeddie_ros__rosidl_generator_c.so
[2.303s] -- Up-to-date: /home/wasim/r4s/install/eddie_ros/include/eddie_ros/eddie_ros
[2.303s] -- Up-to-date: /home/wasim/r4s/install/eddie_ros/include/eddie_ros/eddie_ros/msg
[2.303s] -- Up-to-date: /home/wasim/r4s/install/eddie_ros/include/eddie_ros/eddie_ros/msg/rosidl_typesupport_fastrtps_c__visibility_control.h
[2.303s] -- Up-to-date: /home/wasim/r4s/install/eddie_ros/include/eddie_ros/eddie_ros/action
[2.303s] -- Up-to-date: /home/wasim/r4s/install/eddie_ros/include/eddie_ros/eddie_ros/action/detail
[2.303s] -- Up-to-date: /home/wasim/r4s/install/eddie_ros/include/eddie_ros/eddie_ros/action/detail/gripper_control__rosidl_typesupport_fastrtps_c.h
[2.303s] -- Up-to-date: /home/wasim/r4s/install/eddie_ros/include/eddie_ros/eddie_ros/action/detail/arm_control__rosidl_typesupport_fastrtps_c.h
[2.303s] -- Up-to-date: /home/wasim/r4s/install/eddie_ros/lib/libeddie_ros__rosidl_typesupport_fastrtps_c.so
[2.303s] -- Up-to-date: /home/wasim/r4s/install/eddie_ros/include/eddie_ros/eddie_ros
[2.303s] -- Up-to-date: /home/wasim/r4s/install/eddie_ros/include/eddie_ros/eddie_ros/msg
[2.303s] -- Up-to-date: /home/wasim/r4s/install/eddie_ros/include/eddie_ros/eddie_ros/msg/rosidl_generator_cpp__visibility_control.hpp
[2.303s] -- Up-to-date: /home/wasim/r4s/install/eddie_ros/include/eddie_ros/eddie_ros/action
[2.303s] -- Up-to-date: /home/wasim/r4s/install/eddie_ros/include/eddie_ros/eddie_ros/action/arm_control.hpp
[2.303s] -- Up-to-date: /home/wasim/r4s/install/eddie_ros/include/eddie_ros/eddie_ros/action/detail
[2.304s] -- Up-to-date: /home/wasim/r4s/install/eddie_ros/include/eddie_ros/eddie_ros/action/detail/gripper_control__struct.hpp
[2.304s] -- Up-to-date: /home/wasim/r4s/install/eddie_ros/include/eddie_ros/eddie_ros/action/detail/gripper_control__builder.hpp
[2.304s] -- Up-to-date: /home/wasim/r4s/install/eddie_ros/include/eddie_ros/eddie_ros/action/detail/arm_control__builder.hpp
[2.304s] -- Up-to-date: /home/wasim/r4s/install/eddie_ros/include/eddie_ros/eddie_ros/action/detail/gripper_control__type_support.hpp
[2.304s] -- Up-to-date: /home/wasim/r4s/install/eddie_ros/include/eddie_ros/eddie_ros/action/detail/arm_control__struct.hpp
[2.304s] -- Up-to-date: /home/wasim/r4s/install/eddie_ros/include/eddie_ros/eddie_ros/action/detail/arm_control__traits.hpp
[2.304s] -- Up-to-date: /home/wasim/r4s/install/eddie_ros/include/eddie_ros/eddie_ros/action/detail/gripper_control__traits.hpp
[2.304s] -- Up-to-date: /home/wasim/r4s/install/eddie_ros/include/eddie_ros/eddie_ros/action/detail/arm_control__type_support.hpp
[2.304s] -- Up-to-date: /home/wasim/r4s/install/eddie_ros/include/eddie_ros/eddie_ros/action/gripper_control.hpp
[2.304s] -- Up-to-date: /home/wasim/r4s/install/eddie_ros/include/eddie_ros/eddie_ros
[2.304s] -- Up-to-date: /home/wasim/r4s/install/eddie_ros/include/eddie_ros/eddie_ros/msg
[2.304s] -- Up-to-date: /home/wasim/r4s/install/eddie_ros/include/eddie_ros/eddie_ros/msg/rosidl_typesupport_fastrtps_cpp__visibility_control.h
[2.304s] -- Up-to-date: /home/wasim/r4s/install/eddie_ros/include/eddie_ros/eddie_ros/action
[2.304s] -- Up-to-date: /home/wasim/r4s/install/eddie_ros/include/eddie_ros/eddie_ros/action/detail
[2.304s] -- Up-to-date: /home/wasim/r4s/install/eddie_ros/include/eddie_ros/eddie_ros/action/detail/arm_control__rosidl_typesupport_fastrtps_cpp.hpp
[2.304s] -- Up-to-date: /home/wasim/r4s/install/eddie_ros/include/eddie_ros/eddie_ros/action/detail/gripper_control__rosidl_typesupport_fastrtps_cpp.hpp
[2.305s] -- Up-to-date: /home/wasim/r4s/install/eddie_ros/include/eddie_ros/eddie_ros/action/detail/dds_fastrtps
[2.305s] -- Up-to-date: /home/wasim/r4s/install/eddie_ros/lib/libeddie_ros__rosidl_typesupport_fastrtps_cpp.so
[2.305s] -- Up-to-date: /home/wasim/r4s/install/eddie_ros/include/eddie_ros/eddie_ros
[2.305s] -- Up-to-date: /home/wasim/r4s/install/eddie_ros/include/eddie_ros/eddie_ros/msg
[2.305s] -- Up-to-date: /home/wasim/r4s/install/eddie_ros/include/eddie_ros/eddie_ros/msg/rosidl_typesupport_introspection_c__visibility_control.h
[2.305s] -- Up-to-date: /home/wasim/r4s/install/eddie_ros/include/eddie_ros/eddie_ros/action
[2.305s] -- Up-to-date: /home/wasim/r4s/install/eddie_ros/include/eddie_ros/eddie_ros/action/detail
[2.305s] -- Up-to-date: /home/wasim/r4s/install/eddie_ros/include/eddie_ros/eddie_ros/action/detail/gripper_control__type_support.c
[2.305s] -- Up-to-date: /home/wasim/r4s/install/eddie_ros/include/eddie_ros/eddie_ros/action/detail/arm_control__rosidl_typesupport_introspection_c.h
[2.305s] -- Up-to-date: /home/wasim/r4s/install/eddie_ros/include/eddie_ros/eddie_ros/action/detail/gripper_control__rosidl_typesupport_introspection_c.h
[2.305s] -- Up-to-date: /home/wasim/r4s/install/eddie_ros/include/eddie_ros/eddie_ros/action/detail/arm_control__type_support.c
[2.305s] -- Up-to-date: /home/wasim/r4s/install/eddie_ros/lib/libeddie_ros__rosidl_typesupport_introspection_c.so
[2.305s] -- Up-to-date: /home/wasim/r4s/install/eddie_ros/lib/libeddie_ros__rosidl_typesupport_c.so
[2.305s] -- Up-to-date: /home/wasim/r4s/install/eddie_ros/include/eddie_ros/eddie_ros
[2.305s] -- Up-to-date: /home/wasim/r4s/install/eddie_ros/include/eddie_ros/eddie_ros/action
[2.305s] -- Up-to-date: /home/wasim/r4s/install/eddie_ros/include/eddie_ros/eddie_ros/action/detail
[2.305s] -- Up-to-date: /home/wasim/r4s/install/eddie_ros/include/eddie_ros/eddie_ros/action/detail/gripper_control__rosidl_typesupport_introspection_cpp.hpp
[2.306s] -- Up-to-date: /home/wasim/r4s/install/eddie_ros/include/eddie_ros/eddie_ros/action/detail/arm_control__rosidl_typesupport_introspection_cpp.hpp
[2.306s] -- Up-to-date: /home/wasim/r4s/install/eddie_ros/include/eddie_ros/eddie_ros/action/detail/gripper_control__type_support.cpp
[2.306s] -- Up-to-date: /home/wasim/r4s/install/eddie_ros/include/eddie_ros/eddie_ros/action/detail/arm_control__type_support.cpp
[2.306s] -- Up-to-date: /home/wasim/r4s/install/eddie_ros/lib/libeddie_ros__rosidl_typesupport_introspection_cpp.so
[2.306s] -- Up-to-date: /home/wasim/r4s/install/eddie_ros/lib/libeddie_ros__rosidl_typesupport_cpp.so
[2.306s] -- Up-to-date: /home/wasim/r4s/install/eddie_ros/share/eddie_ros/environment/pythonpath.sh
[2.306s] -- Up-to-date: /home/wasim/r4s/install/eddie_ros/share/eddie_ros/environment/pythonpath.dsv
[2.306s] -- Up-to-date: /home/wasim/r4s/install/eddie_ros/lib/python3.12/site-packages/eddie_ros-0.0.1-py3.12.egg-info
[2.306s] -- Installing: /home/wasim/r4s/install/eddie_ros/lib/python3.12/site-packages/eddie_ros-0.0.1-py3.12.egg-info/top_level.txt
[2.306s] -- Installing: /home/wasim/r4s/install/eddie_ros/lib/python3.12/site-packages/eddie_ros-0.0.1-py3.12.egg-info/SOURCES.txt
[2.306s] -- Installing: /home/wasim/r4s/install/eddie_ros/lib/python3.12/site-packages/eddie_ros-0.0.1-py3.12.egg-info/dependency_links.txt
[2.306s] -- Installing: /home/wasim/r4s/install/eddie_ros/lib/python3.12/site-packages/eddie_ros-0.0.1-py3.12.egg-info/PKG-INFO
[2.306s] -- Up-to-date: /home/wasim/r4s/install/eddie_ros/lib/python3.12/site-packages/eddie_ros
[2.306s] -- Up-to-date: /home/wasim/r4s/install/eddie_ros/lib/python3.12/site-packages/eddie_ros/eddie_ros_s__rosidl_typesupport_introspection_c.so
[2.306s] -- Up-to-date: /home/wasim/r4s/install/eddie_ros/lib/python3.12/site-packages/eddie_ros/eddie_ros_s__rosidl_typesupport_fastrtps_c.so
[2.306s] -- Up-to-date: /home/wasim/r4s/install/eddie_ros/lib/python3.12/site-packages/eddie_ros/_eddie_ros_s.ep.rosidl_typesupport_introspection_c.c
[2.307s] -- Up-to-date: /home/wasim/r4s/install/eddie_ros/lib/python3.12/site-packages/eddie_ros/_eddie_ros_s.ep.rosidl_typesupport_c.c
[2.307s] -- Up-to-date: /home/wasim/r4s/install/eddie_ros/lib/python3.12/site-packages/eddie_ros/eddie_ros_s__rosidl_typesupport_c.so
[2.307s] -- Installing: /home/wasim/r4s/install/eddie_ros/lib/python3.12/site-packages/eddie_ros/__init__.py
[2.307s] -- Up-to-date: /home/wasim/r4s/install/eddie_ros/lib/python3.12/site-packages/eddie_ros/action
[2.307s] -- Up-to-date: /home/wasim/r4s/install/eddie_ros/lib/python3.12/site-packages/eddie_ros/action/_gripper_control.py
[2.307s] -- Up-to-date: /home/wasim/r4s/install/eddie_ros/lib/python3.12/site-packages/eddie_ros/action/__init__.py
[2.307s] -- Up-to-date: /home/wasim/r4s/install/eddie_ros/lib/python3.12/site-packages/eddie_ros/action/_arm_control.py
[2.307s] -- Up-to-date: /home/wasim/r4s/install/eddie_ros/lib/python3.12/site-packages/eddie_ros/action/_arm_control_s.c
[2.307s] -- Up-to-date: /home/wasim/r4s/install/eddie_ros/lib/python3.12/site-packages/eddie_ros/action/_gripper_control_s.c
[2.307s] -- Up-to-date: /home/wasim/r4s/install/eddie_ros/lib/python3.12/site-packages/eddie_ros/_eddie_ros_s.ep.rosidl_typesupport_fastrtps_c.c
[2.342s] Listing '/home/wasim/r4s/install/eddie_ros/lib/python3.12/site-packages/eddie_ros'...
[2.342s] Compiling '/home/wasim/r4s/install/eddie_ros/lib/python3.12/site-packages/eddie_ros/__init__.py'...
[2.342s] Listing '/home/wasim/r4s/install/eddie_ros/lib/python3.12/site-packages/eddie_ros/action'...
[2.348s] -- Up-to-date: /home/wasim/r4s/install/eddie_ros/lib/python3.12/site-packages/eddie_ros/eddie_ros_s__rosidl_typesupport_fastrtps_c.so
[2.348s] -- Up-to-date: /home/wasim/r4s/install/eddie_ros/lib/python3.12/site-packages/eddie_ros/eddie_ros_s__rosidl_typesupport_introspection_c.so
[2.349s] -- Up-to-date: /home/wasim/r4s/install/eddie_ros/lib/python3.12/site-packages/eddie_ros/eddie_ros_s__rosidl_typesupport_c.so
[2.349s] -- Up-to-date: /home/wasim/r4s/install/eddie_ros/lib/libeddie_ros__rosidl_generator_py.so
[2.349s] -- Up-to-date: /home/wasim/r4s/install/eddie_ros/share/eddie_ros/action/ArmControl.idl
[2.349s] -- Up-to-date: /home/wasim/r4s/install/eddie_ros/share/eddie_ros/action/GripperControl.idl
[2.349s] -- Up-to-date: /home/wasim/r4s/install/eddie_ros/share/eddie_ros/action/ArmControl.action
[2.350s] -- Up-to-date: /home/wasim/r4s/install/eddie_ros/share/eddie_ros/action/GripperControl.action
[2.350s] -- Up-to-date: /home/wasim/r4s/install/eddie_ros/include
[2.350s] -- Up-to-date: /home/wasim/r4s/install/eddie_ros/include/eddie_ros
[2.350s] -- Up-to-date: /home/wasim/r4s/install/eddie_ros/include/eddie_ros/eddie_ros.fsm.hpp
[2.350s] -- Up-to-date: /home/wasim/r4s/install/eddie_ros/include/eddie_ros/interface.hpp
[2.350s] -- Up-to-date: /home/wasim/r4s/install/eddie_ros/include/eddie_ros/eddie_ros.fsm
[2.350s] -- Up-to-date: /home/wasim/r4s/install/eddie_ros/share/eddie_ros/urdf
[2.350s] -- Up-to-date: /home/wasim/r4s/install/eddie_ros/share/eddie_ros/urdf/eddie.urdf
[2.350s] -- Up-to-date: /home/wasim/r4s/install/eddie_ros/lib/eddie_ros/eddie_ros_interface
[2.350s] -- Up-to-date: /home/wasim/r4s/install/eddie_ros/lib/eddie_ros/eddie_ros_interface_test
[2.350s] -- Up-to-date: /home/wasim/r4s/install/eddie_ros/lib/eddie_ros/set_interface_permissions.sh
[2.351s] -- Up-to-date: /home/wasim/r4s/install/eddie_ros/lib/eddie_ros/task_planner_node
[2.351s] -- Up-to-date: /home/wasim/r4s/install/eddie_ros/lib/eddie_ros/pick_place_fsm_mock
[2.351s] -- Up-to-date: /home/wasim/r4s/install/eddie_ros/lib/eddie_ros/mock_servers_only
[2.351s] -- Up-to-date: /home/wasim/r4s/install/eddie_ros/lib/eddie_ros/eddie_ros_interface_dummy
[2.351s] -- Up-to-date: /home/wasim/r4s/install/eddie_ros/share/ament_index/resource_index/package_run_dependencies/eddie_ros
[2.351s] -- Up-to-date: /home/wasim/r4s/install/eddie_ros/share/ament_index/resource_index/parent_prefix_path/eddie_ros
[2.351s] -- Up-to-date: /home/wasim/r4s/install/eddie_ros/share/eddie_ros/environment/ament_prefix_path.sh
[2.352s] -- Up-to-date: /home/wasim/r4s/install/eddie_ros/share/eddie_ros/environment/ament_prefix_path.dsv
[2.352s] -- Up-to-date: /home/wasim/r4s/install/eddie_ros/share/eddie_ros/environment/path.sh
[2.352s] -- Up-to-date: /home/wasim/r4s/install/eddie_ros/share/eddie_ros/environment/path.dsv
[2.352s] -- Up-to-date: /home/wasim/r4s/install/eddie_ros/share/eddie_ros/local_setup.bash
[2.352s] -- Up-to-date: /home/wasim/r4s/install/eddie_ros/share/eddie_ros/local_setup.sh
[2.352s] -- Up-to-date: /home/wasim/r4s/install/eddie_ros/share/eddie_ros/local_setup.zsh
[2.352s] -- Up-to-date: /home/wasim/r4s/install/eddie_ros/share/eddie_ros/local_setup.dsv
[2.353s] -- Installing: /home/wasim/r4s/install/eddie_ros/share/eddie_ros/package.dsv
[2.353s] -- Up-to-date: /home/wasim/r4s/install/eddie_ros/share/ament_index/resource_index/packages/eddie_ros
[2.353s] -- Up-to-date: /home/wasim/r4s/install/eddie_ros/share/eddie_ros/cmake/export_eddie_ros__rosidl_generator_cExport.cmake
[2.353s] -- Up-to-date: /home/wasim/r4s/install/eddie_ros/share/eddie_ros/cmake/export_eddie_ros__rosidl_generator_cExport-noconfig.cmake
[2.353s] -- Up-to-date: /home/wasim/r4s/install/eddie_ros/share/eddie_ros/cmake/export_eddie_ros__rosidl_typesupport_fastrtps_cExport.cmake
[2.353s] -- Up-to-date: /home/wasim/r4s/install/eddie_ros/share/eddie_ros/cmake/export_eddie_ros__rosidl_typesupport_fastrtps_cExport-noconfig.cmake
[2.353s] -- Up-to-date: /home/wasim/r4s/install/eddie_ros/share/eddie_ros/cmake/export_eddie_ros__rosidl_generator_cppExport.cmake
[2.354s] -- Up-to-date: /home/wasim/r4s/install/eddie_ros/share/eddie_ros/cmake/export_eddie_ros__rosidl_typesupport_fastrtps_cppExport.cmake
[2.354s] -- Up-to-date: /home/wasim/r4s/install/eddie_ros/share/eddie_ros/cmake/export_eddie_ros__rosidl_typesupport_fastrtps_cppExport-noconfig.cmake
[2.354s] -- Up-to-date: /home/wasim/r4s/install/eddie_ros/share/eddie_ros/cmake/eddie_ros__rosidl_typesupport_introspection_cExport.cmake
[2.354s] -- Up-to-date: /home/wasim/r4s/install/eddie_ros/share/eddie_ros/cmake/eddie_ros__rosidl_typesupport_introspection_cExport-noconfig.cmake
[2.354s] -- Up-to-date: /home/wasim/r4s/install/eddie_ros/share/eddie_ros/cmake/eddie_ros__rosidl_typesupport_cExport.cmake
[2.354s] -- Up-to-date: /home/wasim/r4s/install/eddie_ros/share/eddie_ros/cmake/eddie_ros__rosidl_typesupport_cExport-noconfig.cmake
[2.354s] -- Up-to-date: /home/wasim/r4s/install/eddie_ros/share/eddie_ros/cmake/eddie_ros__rosidl_typesupport_introspection_cppExport.cmake
[2.354s] -- Up-to-date: /home/wasim/r4s/install/eddie_ros/share/eddie_ros/cmake/eddie_ros__rosidl_typesupport_introspection_cppExport-noconfig.cmake
[2.354s] -- Up-to-date: /home/wasim/r4s/install/eddie_ros/share/eddie_ros/cmake/eddie_ros__rosidl_typesupport_cppExport.cmake
[2.355s] -- Up-to-date: /home/wasim/r4s/install/eddie_ros/share/eddie_ros/cmake/eddie_ros__rosidl_typesupport_cppExport-noconfig.cmake
[2.355s] -- Up-to-date: /home/wasim/r4s/install/eddie_ros/share/eddie_ros/cmake/export_eddie_ros__rosidl_generator_pyExport.cmake
[2.355s] -- Up-to-date: /home/wasim/r4s/install/eddie_ros/share/eddie_ros/cmake/export_eddie_ros__rosidl_generator_pyExport-noconfig.cmake
[2.355s] -- Up-to-date: /home/wasim/r4s/install/eddie_ros/share/eddie_ros/cmake/rosidl_cmake-extras.cmake
[2.355s] -- Up-to-date: /home/wasim/r4s/install/eddie_ros/share/eddie_ros/cmake/ament_cmake_export_dependencies-extras.cmake
[2.355s] -- Up-to-date: /home/wasim/r4s/install/eddie_ros/share/eddie_ros/cmake/ament_cmake_export_include_directories-extras.cmake
[2.355s] -- Up-to-date: /home/wasim/r4s/install/eddie_ros/share/eddie_ros/cmake/ament_cmake_export_libraries-extras.cmake
[2.355s] -- Up-to-date: /home/wasim/r4s/install/eddie_ros/share/eddie_ros/cmake/ament_cmake_export_targets-extras.cmake
[2.356s] -- Up-to-date: /home/wasim/r4s/install/eddie_ros/share/eddie_ros/cmake/rosidl_cmake_export_typesupport_targets-extras.cmake
[2.356s] -- Up-to-date: /home/wasim/r4s/install/eddie_ros/share/eddie_ros/cmake/rosidl_cmake_export_typesupport_libraries-extras.cmake
[2.356s] -- Up-to-date: /home/wasim/r4s/install/eddie_ros/share/eddie_ros/cmake/eddie_rosConfig.cmake
[2.356s] -- Up-to-date: /home/wasim/r4s/install/eddie_ros/share/eddie_ros/cmake/eddie_rosConfig-version.cmake
[2.357s] -- Up-to-date: /home/wasim/r4s/install/eddie_ros/share/eddie_ros/package.xml
[2.357s] Invoked command in '/home/wasim/r4s/build/eddie_ros' returned '0': CMAKE_MODULE_PATH=/home/wasim/r4s/install/orocos_kdl/share/orocos_kdl/cmake CMAKE_PREFIX_PATH=/home/wasim/r4s/install/robif2b:/home/wasim/r4s/install/orocos_kdl:/home/wasim/r4s/install/coord2b:/opt/ros/jazzy/opt/gz_sim_vendor:/opt/ros/jazzy/opt/gz_sensors_vendor:/opt/ros/jazzy/opt/gz_physics_vendor:/opt/ros/jazzy/opt/sdformat_vendor:/opt/ros/jazzy/opt/gz_gui_vendor:/opt/ros/jazzy/opt/gz_transport_vendor:/opt/ros/jazzy/opt/gz_rendering_vendor:/opt/ros/jazzy/opt/gz_plugin_vendor:/opt/ros/jazzy/opt/gz_fuel_tools_vendor:/opt/ros/jazzy/opt/gz_msgs_vendor:/opt/ros/jazzy/opt/gz_common_vendor:/opt/ros/jazzy/opt/gz_math_vendor:/opt/ros/jazzy/opt/gz_utils_vendor:/opt/ros/jazzy/opt/gz_tools_vendor:/opt/ros/jazzy/opt/gz_ogre_next_vendor:/opt/ros/jazzy/opt/gz_dartsim_vendor:/opt/ros/jazzy/opt/gz_cmake_vendor:/opt/ros/jazzy DEBUGINFOD_URLS=https://debuginfod.ubuntu.com LD_LIBRARY_PATH=/home/wasim/r4s/install/robif2b/lib:/home/wasim/r4s/install/orocos_kdl/lib:/home/wasim/r4s/install/coord2b/lib:${LD_LIBRARY_PATH} PKG_CONFIG_PATH=/home/wasim/r4s/install/orocos_kdl/lib/x86_64-linux-gnu/pkgconfig:/home/wasim/r4s/install/orocos_kdl/lib/pkgconfig /usr/bin/cmake --install /home/wasim/r4s/build/eddie_ros
