-- The C compiler identification is GNU 13.3.0
-- The CXX compiler identification is GNU 13.3.0
-- Detecting C compiler ABI info
-- Detecting C compiler ABI info - done
-- Check for working C compiler: /usr/bin/cc - skipped
-- Detecting C compile features
-- Detecting C compile features - done
-- Detecting CXX compiler ABI info
-- Detecting CXX compiler ABI info - done
-- Check for working CXX compiler: /usr/bin/c++ - skipped
-- Detecting CXX compile features
-- Detecting CXX compile features - done
-- Configuring done (1.0s)
-- Generating done (0.0s)
-- Build files have been written to: /home/wasim/r4s/src/build/robif2b
[ 25%] [32mBuilding C object src/nbx/2dof/CMakeFiles/2dof.dir/2dof.c.o[0m
[ 50%] [32m[1mLinking C shared library lib2dof.so[0m
[ 50%] Built target 2dof
[ 75%] [32mBuilding C object src/example/CMakeFiles/2dof_example.dir/2dof_example.c.o[0m
[100%] [32m[1mLinking C executable 2dof_example[0m
[100%] Built target 2dof_example
-- Install configuration: ""
-- Installing: /home/wasim/r4s/src/install/robif2b/lib/cmake/robif2b/robif2b-config.cmake
-- Installing: /home/wasim/r4s/src/install/robif2b/lib/cmake/robif2b/robif2b-config-version.cmake
-- Installing: /home/wasim/r4s/src/install/robif2b/lib/cmake/robif2b/robif2b-targets.cmake
-- Installing: /home/wasim/r4s/src/install/robif2b/lib/cmake/robif2b/robif2b-targets-noconfig.cmake
-- Installing: /home/wasim/r4s/src/install/robif2b/include
-- Installing: /home/wasim/r4s/src/install/robif2b/include/robif2b
-- Installing: /home/wasim/r4s/src/install/robif2b/include/robif2b/functions
-- Installing: /home/wasim/r4s/src/install/robif2b/include/robif2b/functions/kelo_power_board.h
-- Installing: /home/wasim/r4s/src/install/robif2b/include/robif2b/functions/eddie_power_board.h
-- Installing: /home/wasim/r4s/src/install/robif2b/include/robif2b/functions/kelo_drive.h
-- Installing: /home/wasim/r4s/src/install/robif2b/include/robif2b/functions/kinova_gen3.h
-- Installing: /home/wasim/r4s/src/install/robif2b/include/robif2b/functions/ethercat.h
-- Installing: /home/wasim/r4s/src/install/robif2b/include/robif2b/functions/2dof.h
-- Installing: /home/wasim/r4s/src/install/robif2b/include/robif2b/types
-- Installing: /home/wasim/r4s/src/install/robif2b/include/robif2b/types/kelo_power_board_api.h
-- Installing: /home/wasim/r4s/src/install/robif2b/include/robif2b/types/kelo_drive_api.h
-- Installing: /home/wasim/r4s/src/install/robif2b/include/robif2b/types/kelo_power_board.h
-- Installing: /home/wasim/r4s/src/install/robif2b/include/robif2b/types/eddie_power_board.h
-- Installing: /home/wasim/r4s/src/install/robif2b/include/robif2b/types/eddie_power_board_api.h
-- Installing: /home/wasim/r4s/src/install/robif2b/include/robif2b/types/kelo_drive.h
-- Installing: /home/wasim/r4s/src/install/robif2b/include/robif2b/types/kinova_gen3.h
-- Installing: /home/wasim/r4s/src/install/robif2b/include/robif2b/types/ethercat.h
-- Installing: /home/wasim/r4s/src/install/robif2b/include/robif2b/types/control_mode.h
-- Installing: /home/wasim/r4s/src/install/robif2b/include/robif2b/types/2dof.h
-- Installing: /home/wasim/r4s/src/install/robif2b/lib/lib2dof.so
