-- The C compiler identification is GNU 13.3.0
-- The CXX compiler identification is GNU 13.3.0
-- Detecting C compiler ABI info
-- Detecting C compiler ABI info - done
-- Check for working C compiler: /usr/bin/cc - skipped
-- Detecting C compile features
-- Detecting C compile features - done
-- Detecting CXX compiler ABI info
-- Detecting CXX compiler ABI info - done
-- Check for working CXX compiler: /usr/bin/c++ - skipped
-- Detecting CXX compile features
-- Detecting CXX compile features - done
-- Found ament_cmake: 2.5.4 (/opt/ros/jazzy/share/ament_cmake/cmake)
-- Found Python3: /usr/bin/python3 (found version "3.12.3") found components: Interpreter 
-- Found rclcpp: 28.1.9 (/opt/ros/jazzy/share/rclcpp/cmake)
-- Found rosidl_generator_c: 4.6.5 (/opt/ros/jazzy/share/rosidl_generator_c/cmake)
-- Found rosidl_generator_cpp: 4.6.5 (/opt/ros/jazzy/share/rosidl_generator_cpp/cmake)
-- Using all available rosidl_typesupport_c: rosidl_typesupport_fastrtps_c;rosidl_typesupport_introspection_c
-- Using all available rosidl_typesupport_cpp: rosidl_typesupport_fastrtps_cpp;rosidl_typesupport_introspection_cpp
-- Found rmw_implementation_cmake: 7.3.2 (/opt/ros/jazzy/share/rmw_implementation_cmake/cmake)
-- Found rmw_fastrtps_cpp: 8.4.2 (/opt/ros/jazzy/share/rmw_fastrtps_cpp/cmake)
-- Found OpenSSL: /usr/lib/x86_64-linux-gnu/libcrypto.so (found version "3.0.13")  
-- Found FastRTPS: /opt/ros/jazzy/include (Required is at least version "2.13") 
-- Using RMW implementation 'rmw_fastrtps_cpp' as default
-- Found rclcpp_action: 28.1.9 (/opt/ros/jazzy/share/rclcpp_action/cmake)
-- Found rclcpp_components: 28.1.9 (/opt/ros/jazzy/share/rclcpp_components/cmake)
-- Found geometry_msgs: 5.3.6 (/opt/ros/jazzy/share/geometry_msgs/cmake)
-- Found kdl_parser: 2.11.0 (/opt/ros/jazzy/share/kdl_parser/cmake)
-- Found eigen3_cmake_module: 0.3.0 (/opt/ros/jazzy/share/eigen3_cmake_module/cmake)
-- Found Eigen3: TRUE (found version "3.4.0") 
-- Ensuring Eigen3 include directory is part of orocos-kdl CMake target
-- Found rosidl_default_generators: 1.6.0 (/opt/ros/jazzy/share/rosidl_default_generators/cmake)
-- Found rosidl_adapter: 4.6.5 (/opt/ros/jazzy/share/rosidl_adapter/cmake)
-- Found ament_cmake_ros: 0.12.0 (/opt/ros/jazzy/share/ament_cmake_ros/cmake)
-- Using all available rosidl_typesupport_c: rosidl_typesupport_fastrtps_c;rosidl_typesupport_introspection_c
-- Using all available rosidl_typesupport_cpp: rosidl_typesupport_fastrtps_cpp;rosidl_typesupport_introspection_cpp
-- Found python_cmake_module: 0.11.1 (/opt/ros/jazzy/share/python_cmake_module/cmake)
-- Found PythonExtra: /usr/bin/python3  
-- Found Python3: /usr/bin/python3 (found version "3.12.3") found components: Interpreter Development NumPy Development.Module Development.Embed 
-- Configuring done (7.6s)
-- Generating done (0.1s)
-- Build files have been written to: /home/wasim/r4s/build/eddie_ros
[  1%] [34m[1mGenerating type hashes for ROS interfaces[0m
[  1%] Built target ament_cmake_python_copy_eddie_ros
running egg_info
creating eddie_ros.egg-info
writing eddie_ros.egg-info/PKG-INFO
writing dependency_links to eddie_ros.egg-info/dependency_links.txt
writing top-level names to eddie_ros.egg-info/top_level.txt
writing manifest file 'eddie_ros.egg-info/SOURCES.txt'
[  1%] Built target eddie_ros__rosidl_generator_type_description
[  3%] [34m[1mGenerating C code for ROS interfaces[0m
[  5%] [34m[1mGenerating C++ code for ROS interfaces[0m
reading manifest file 'eddie_ros.egg-info/SOURCES.txt'
writing manifest file 'eddie_ros.egg-info/SOURCES.txt'
[  5%] Built target ament_cmake_python_build_eddie_ros_egg
[  5%] Built target eddie_ros__cpp
[ 15%] [32mBuilding C object CMakeFiles/eddie_ros__rosidl_generator_c.dir/rosidl_generator_c/eddie_ros/action/detail/arm_control__functions.c.o[0m
[ 15%] [32mBuilding C object CMakeFiles/eddie_ros__rosidl_generator_c.dir/rosidl_generator_c/eddie_ros/action/detail/gripper_control__functions.c.o[0m
[ 15%] [32mBuilding C object CMakeFiles/eddie_ros__rosidl_generator_c.dir/rosidl_generator_c/eddie_ros/action/detail/arm_control__type_support.c.o[0m
[ 15%] [32mBuilding C object CMakeFiles/eddie_ros__rosidl_generator_c.dir/rosidl_generator_c/eddie_ros/action/detail/arm_control__description.c.o[0m
[ 15%] [32mBuilding C object CMakeFiles/eddie_ros__rosidl_generator_c.dir/rosidl_generator_c/eddie_ros/action/detail/gripper_control__description.c.o[0m
[ 16%] [32mBuilding C object CMakeFiles/eddie_ros__rosidl_generator_c.dir/rosidl_generator_c/eddie_ros/action/detail/gripper_control__type_support.c.o[0m
[ 18%] [32m[1mLinking C shared library libeddie_ros__rosidl_generator_c.so[0m
[ 18%] Built target eddie_ros__rosidl_generator_c
[ 26%] [34m[1mGenerating C introspection for ROS interfaces[0m
[ 26%] [34m[1mGenerating C++ type support for eProsima Fast-RTPS[0m
[ 26%] [34m[1mGenerating C++ type support dispatch for ROS interfaces[0m
[ 26%] [34m[1mGenerating C type support for eProsima Fast-RTPS[0m
[ 28%] [34m[1mGenerating C type support dispatch for ROS interfaces[0m
[ 30%] [34m[1mGenerating C++ introspection for ROS interfaces[0m
[ 33%] [32mBuilding CXX object CMakeFiles/eddie_ros__rosidl_typesupport_c.dir/rosidl_typesupport_c/eddie_ros/action/gripper_control__type_support.cpp.o[0m
[ 33%] [32mBuilding CXX object CMakeFiles/eddie_ros__rosidl_typesupport_c.dir/rosidl_typesupport_c/eddie_ros/action/arm_control__type_support.cpp.o[0m
[ 35%] [32mBuilding CXX object CMakeFiles/eddie_ros__rosidl_typesupport_cpp.dir/rosidl_typesupport_cpp/eddie_ros/action/gripper_control__type_support.cpp.o[0m
[ 37%] [32mBuilding CXX object CMakeFiles/eddie_ros__rosidl_typesupport_cpp.dir/rosidl_typesupport_cpp/eddie_ros/action/arm_control__type_support.cpp.o[0m
[ 39%] [32m[1mLinking CXX shared library libeddie_ros__rosidl_typesupport_c.so[0m
[ 43%] [32mBuilding CXX object CMakeFiles/eddie_ros__rosidl_typesupport_introspection_cpp.dir/rosidl_typesupport_introspection_cpp/eddie_ros/action/detail/gripper_control__type_support.cpp.o[0m
[ 43%] [32mBuilding CXX object CMakeFiles/eddie_ros__rosidl_typesupport_introspection_cpp.dir/rosidl_typesupport_introspection_cpp/eddie_ros/action/detail/arm_control__type_support.cpp.o[0m
[ 43%] Built target eddie_ros__rosidl_typesupport_c
[ 47%] [32mBuilding C object CMakeFiles/eddie_ros__rosidl_typesupport_introspection_c.dir/rosidl_typesupport_introspection_c/eddie_ros/action/detail/gripper_control__type_support.c.o[0m
[ 47%] [32mBuilding C object CMakeFiles/eddie_ros__rosidl_typesupport_introspection_c.dir/rosidl_typesupport_introspection_c/eddie_ros/action/detail/arm_control__type_support.c.o[0m
[ 49%] [32m[1mLinking C shared library libeddie_ros__rosidl_typesupport_introspection_c.so[0m
[ 49%] Built target eddie_ros__rosidl_typesupport_introspection_c
[ 52%] [32mBuilding CXX object CMakeFiles/eddie_ros__rosidl_typesupport_fastrtps_cpp.dir/rosidl_typesupport_fastrtps_cpp/eddie_ros/action/detail/dds_fastrtps/gripper_control__type_support.cpp.o[0m
[ 52%] [32mBuilding CXX object CMakeFiles/eddie_ros__rosidl_typesupport_fastrtps_cpp.dir/rosidl_typesupport_fastrtps_cpp/eddie_ros/action/detail/dds_fastrtps/arm_control__type_support.cpp.o[0m
[ 56%] [32mBuilding CXX object CMakeFiles/eddie_ros__rosidl_typesupport_fastrtps_c.dir/rosidl_typesupport_fastrtps_c/eddie_ros/action/detail/arm_control__type_support_c.cpp.o[0m
[ 56%] [32mBuilding CXX object CMakeFiles/eddie_ros__rosidl_typesupport_fastrtps_c.dir/rosidl_typesupport_fastrtps_c/eddie_ros/action/detail/gripper_control__type_support_c.cpp.o[0m
[ 58%] [32m[1mLinking CXX shared library libeddie_ros__rosidl_typesupport_cpp.so[0m
[ 58%] Built target eddie_ros__rosidl_typesupport_cpp
[ 60%] [32mBuilding CXX object CMakeFiles/eddie_ros_interface.dir/src/interface.cpp.o[0m
[ 62%] [32mBuilding CXX object CMakeFiles/eddie_ros_interface.dir/src/interface-parameters.cpp.o[0m
[ 64%] [32mBuilding CXX object CMakeFiles/eddie_ros_interface_test.dir/src/interface-parameters.cpp.o[0m
[ 66%] [32mBuilding CXX object CMakeFiles/eddie_ros_interface_test.dir/src/interface-test.cpp.o[0m
[ 67%] [32mBuilding CXX object CMakeFiles/task_planner_node.dir/src/interface-parameters.cpp.o[0m
[ 69%] [32mBuilding CXX object CMakeFiles/task_planner_node.dir/src/task-planner.cpp.o[0m
[ 71%] [32m[1mLinking CXX shared library libeddie_ros__rosidl_typesupport_introspection_cpp.so[0m
[ 71%] Built target eddie_ros__rosidl_typesupport_introspection_cpp
[ 73%] [32m[1mLinking CXX shared library libeddie_ros__rosidl_typesupport_fastrtps_c.so[0m
[ 73%] Built target eddie_ros__rosidl_typesupport_fastrtps_c
[ 75%] [32m[1mLinking CXX shared library libeddie_ros__rosidl_typesupport_fastrtps_cpp.so[0m
[ 75%] Built target eddie_ros__rosidl_typesupport_fastrtps_cpp
[ 75%] Built target eddie_ros
[ 77%] [34m[1mGenerating Python code for ROS interfaces[0m
[ 77%] Built target eddie_ros__py
[ 79%] [32mBuilding C object CMakeFiles/eddie_ros__rosidl_generator_py.dir/rosidl_generator_py/eddie_ros/action/_arm_control_s.c.o[0m
[ 81%] [32mBuilding C object CMakeFiles/eddie_ros__rosidl_generator_py.dir/rosidl_generator_py/eddie_ros/action/_gripper_control_s.c.o[0m
[ 83%] [32m[1mLinking C shared library libeddie_ros__rosidl_generator_py.so[0m
[ 83%] Built target eddie_ros__rosidl_generator_py
[ 84%] [32mBuilding C object CMakeFiles/eddie_ros_s__rosidl_typesupport_introspection_c.dir/rosidl_generator_py/eddie_ros/_eddie_ros_s.ep.rosidl_typesupport_introspection_c.c.o[0m
[ 86%] [32mBuilding C object CMakeFiles/eddie_ros_s__rosidl_typesupport_c.dir/rosidl_generator_py/eddie_ros/_eddie_ros_s.ep.rosidl_typesupport_c.c.o[0m
[ 88%] [32mBuilding C object CMakeFiles/eddie_ros_s__rosidl_typesupport_fastrtps_c.dir/rosidl_generator_py/eddie_ros/_eddie_ros_s.ep.rosidl_typesupport_fastrtps_c.c.o[0m
[ 90%] [32m[1mLinking C shared module rosidl_generator_py/eddie_ros/eddie_ros_s__rosidl_typesupport_c.so[0m
[ 92%] [32m[1mLinking C shared module rosidl_generator_py/eddie_ros/eddie_ros_s__rosidl_typesupport_fastrtps_c.so[0m
[ 92%] Built target eddie_ros_s__rosidl_typesupport_c
[ 92%] Built target eddie_ros_s__rosidl_typesupport_fastrtps_c
[ 94%] [32m[1mLinking C shared module rosidl_generator_py/eddie_ros/eddie_ros_s__rosidl_typesupport_introspection_c.so[0m
[ 94%] Built target eddie_ros_s__rosidl_typesupport_introspection_c
[ 96%] [32m[1mLinking CXX executable eddie_ros_interface_test[0m
[ 98%] [32m[1mLinking CXX executable eddie_ros_interface[0m
[ 98%] Built target eddie_ros_interface_test
[ 98%] Built target eddie_ros_interface
[100%] [32m[1mLinking CXX executable task_planner_node[0m
[100%] Built target task_planner_node
-- Install configuration: ""
-- Installing: /home/wasim/r4s/install/eddie_ros/share/ament_index/resource_index/rosidl_interfaces/eddie_ros
-- Installing: /home/wasim/r4s/install/eddie_ros/share/eddie_ros/action/ArmControl.json
-- Installing: /home/wasim/r4s/install/eddie_ros/share/eddie_ros/action/GripperControl.json
-- Installing: /home/wasim/r4s/install/eddie_ros/include/eddie_ros/eddie_ros
-- Installing: /home/wasim/r4s/install/eddie_ros/include/eddie_ros/eddie_ros/msg
-- Installing: /home/wasim/r4s/install/eddie_ros/include/eddie_ros/eddie_ros/msg/rosidl_generator_c__visibility_control.h
-- Installing: /home/wasim/r4s/install/eddie_ros/include/eddie_ros/eddie_ros/action
-- Installing: /home/wasim/r4s/install/eddie_ros/include/eddie_ros/eddie_ros/action/arm_control.h
-- Installing: /home/wasim/r4s/install/eddie_ros/include/eddie_ros/eddie_ros/action/gripper_control.h
-- Installing: /home/wasim/r4s/install/eddie_ros/include/eddie_ros/eddie_ros/action/detail
-- Installing: /home/wasim/r4s/install/eddie_ros/include/eddie_ros/eddie_ros/action/detail/gripper_control__type_support.h
-- Installing: /home/wasim/r4s/install/eddie_ros/include/eddie_ros/eddie_ros/action/detail/arm_control__struct.h
-- Installing: /home/wasim/r4s/install/eddie_ros/include/eddie_ros/eddie_ros/action/detail/gripper_control__type_support.c
-- Installing: /home/wasim/r4s/install/eddie_ros/include/eddie_ros/eddie_ros/action/detail/arm_control__functions.h
-- Installing: /home/wasim/r4s/install/eddie_ros/include/eddie_ros/eddie_ros/action/detail/gripper_control__struct.h
-- Installing: /home/wasim/r4s/install/eddie_ros/include/eddie_ros/eddie_ros/action/detail/arm_control__type_support.h
-- Installing: /home/wasim/r4s/install/eddie_ros/include/eddie_ros/eddie_ros/action/detail/gripper_control__description.c
-- Installing: /home/wasim/r4s/install/eddie_ros/include/eddie_ros/eddie_ros/action/detail/gripper_control__functions.h
-- Installing: /home/wasim/r4s/install/eddie_ros/include/eddie_ros/eddie_ros/action/detail/gripper_control__functions.c
-- Installing: /home/wasim/r4s/install/eddie_ros/include/eddie_ros/eddie_ros/action/detail/arm_control__functions.c
-- Installing: /home/wasim/r4s/install/eddie_ros/include/eddie_ros/eddie_ros/action/detail/arm_control__description.c
-- Installing: /home/wasim/r4s/install/eddie_ros/include/eddie_ros/eddie_ros/action/detail/arm_control__type_support.c
-- Installing: /home/wasim/r4s/install/eddie_ros/share/eddie_ros/environment/library_path.sh
-- Installing: /home/wasim/r4s/install/eddie_ros/share/eddie_ros/environment/library_path.dsv
-- Installing: /home/wasim/r4s/install/eddie_ros/lib/libeddie_ros__rosidl_generator_c.so
-- Set non-toolchain portion of runtime path of "/home/wasim/r4s/install/eddie_ros/lib/libeddie_ros__rosidl_generator_c.so" to ""
-- Up-to-date: /home/wasim/r4s/install/eddie_ros/include/eddie_ros/eddie_ros
-- Up-to-date: /home/wasim/r4s/install/eddie_ros/include/eddie_ros/eddie_ros/msg
-- Installing: /home/wasim/r4s/install/eddie_ros/include/eddie_ros/eddie_ros/msg/rosidl_typesupport_fastrtps_c__visibility_control.h
-- Up-to-date: /home/wasim/r4s/install/eddie_ros/include/eddie_ros/eddie_ros/action
-- Up-to-date: /home/wasim/r4s/install/eddie_ros/include/eddie_ros/eddie_ros/action/detail
-- Installing: /home/wasim/r4s/install/eddie_ros/include/eddie_ros/eddie_ros/action/detail/gripper_control__rosidl_typesupport_fastrtps_c.h
-- Installing: /home/wasim/r4s/install/eddie_ros/include/eddie_ros/eddie_ros/action/detail/arm_control__rosidl_typesupport_fastrtps_c.h
-- Installing: /home/wasim/r4s/install/eddie_ros/lib/libeddie_ros__rosidl_typesupport_fastrtps_c.so
-- Set non-toolchain portion of runtime path of "/home/wasim/r4s/install/eddie_ros/lib/libeddie_ros__rosidl_typesupport_fastrtps_c.so" to ""
-- Up-to-date: /home/wasim/r4s/install/eddie_ros/include/eddie_ros/eddie_ros
-- Up-to-date: /home/wasim/r4s/install/eddie_ros/include/eddie_ros/eddie_ros/msg
-- Installing: /home/wasim/r4s/install/eddie_ros/include/eddie_ros/eddie_ros/msg/rosidl_generator_cpp__visibility_control.hpp
-- Up-to-date: /home/wasim/r4s/install/eddie_ros/include/eddie_ros/eddie_ros/action
-- Installing: /home/wasim/r4s/install/eddie_ros/include/eddie_ros/eddie_ros/action/arm_control.hpp
-- Up-to-date: /home/wasim/r4s/install/eddie_ros/include/eddie_ros/eddie_ros/action/detail
-- Installing: /home/wasim/r4s/install/eddie_ros/include/eddie_ros/eddie_ros/action/detail/gripper_control__struct.hpp
-- Installing: /home/wasim/r4s/install/eddie_ros/include/eddie_ros/eddie_ros/action/detail/gripper_control__builder.hpp
-- Installing: /home/wasim/r4s/install/eddie_ros/include/eddie_ros/eddie_ros/action/detail/arm_control__builder.hpp
-- Installing: /home/wasim/r4s/install/eddie_ros/include/eddie_ros/eddie_ros/action/detail/gripper_control__type_support.hpp
-- Installing: /home/wasim/r4s/install/eddie_ros/include/eddie_ros/eddie_ros/action/detail/arm_control__struct.hpp
-- Installing: /home/wasim/r4s/install/eddie_ros/include/eddie_ros/eddie_ros/action/detail/arm_control__traits.hpp
-- Installing: /home/wasim/r4s/install/eddie_ros/include/eddie_ros/eddie_ros/action/detail/gripper_control__traits.hpp
-- Installing: /home/wasim/r4s/install/eddie_ros/include/eddie_ros/eddie_ros/action/detail/arm_control__type_support.hpp
-- Installing: /home/wasim/r4s/install/eddie_ros/include/eddie_ros/eddie_ros/action/gripper_control.hpp
-- Up-to-date: /home/wasim/r4s/install/eddie_ros/include/eddie_ros/eddie_ros
-- Up-to-date: /home/wasim/r4s/install/eddie_ros/include/eddie_ros/eddie_ros/msg
-- Installing: /home/wasim/r4s/install/eddie_ros/include/eddie_ros/eddie_ros/msg/rosidl_typesupport_fastrtps_cpp__visibility_control.h
-- Up-to-date: /home/wasim/r4s/install/eddie_ros/include/eddie_ros/eddie_ros/action
-- Up-to-date: /home/wasim/r4s/install/eddie_ros/include/eddie_ros/eddie_ros/action/detail
-- Installing: /home/wasim/r4s/install/eddie_ros/include/eddie_ros/eddie_ros/action/detail/arm_control__rosidl_typesupport_fastrtps_cpp.hpp
-- Installing: /home/wasim/r4s/install/eddie_ros/include/eddie_ros/eddie_ros/action/detail/gripper_control__rosidl_typesupport_fastrtps_cpp.hpp
-- Installing: /home/wasim/r4s/install/eddie_ros/include/eddie_ros/eddie_ros/action/detail/dds_fastrtps
-- Installing: /home/wasim/r4s/install/eddie_ros/lib/libeddie_ros__rosidl_typesupport_fastrtps_cpp.so
-- Set non-toolchain portion of runtime path of "/home/wasim/r4s/install/eddie_ros/lib/libeddie_ros__rosidl_typesupport_fastrtps_cpp.so" to ""
-- Up-to-date: /home/wasim/r4s/install/eddie_ros/include/eddie_ros/eddie_ros
-- Up-to-date: /home/wasim/r4s/install/eddie_ros/include/eddie_ros/eddie_ros/msg
-- Installing: /home/wasim/r4s/install/eddie_ros/include/eddie_ros/eddie_ros/msg/rosidl_typesupport_introspection_c__visibility_control.h
-- Up-to-date: /home/wasim/r4s/install/eddie_ros/include/eddie_ros/eddie_ros/action
-- Up-to-date: /home/wasim/r4s/install/eddie_ros/include/eddie_ros/eddie_ros/action/detail
-- Installing: /home/wasim/r4s/install/eddie_ros/include/eddie_ros/eddie_ros/action/detail/gripper_control__type_support.c
-- Installing: /home/wasim/r4s/install/eddie_ros/include/eddie_ros/eddie_ros/action/detail/arm_control__rosidl_typesupport_introspection_c.h
-- Installing: /home/wasim/r4s/install/eddie_ros/include/eddie_ros/eddie_ros/action/detail/gripper_control__rosidl_typesupport_introspection_c.h
-- Installing: /home/wasim/r4s/install/eddie_ros/include/eddie_ros/eddie_ros/action/detail/arm_control__type_support.c
-- Installing: /home/wasim/r4s/install/eddie_ros/lib/libeddie_ros__rosidl_typesupport_introspection_c.so
-- Set non-toolchain portion of runtime path of "/home/wasim/r4s/install/eddie_ros/lib/libeddie_ros__rosidl_typesupport_introspection_c.so" to ""
-- Installing: /home/wasim/r4s/install/eddie_ros/lib/libeddie_ros__rosidl_typesupport_c.so
-- Set non-toolchain portion of runtime path of "/home/wasim/r4s/install/eddie_ros/lib/libeddie_ros__rosidl_typesupport_c.so" to ""
-- Up-to-date: /home/wasim/r4s/install/eddie_ros/include/eddie_ros/eddie_ros
-- Up-to-date: /home/wasim/r4s/install/eddie_ros/include/eddie_ros/eddie_ros/action
-- Up-to-date: /home/wasim/r4s/install/eddie_ros/include/eddie_ros/eddie_ros/action/detail
-- Installing: /home/wasim/r4s/install/eddie_ros/include/eddie_ros/eddie_ros/action/detail/gripper_control__rosidl_typesupport_introspection_cpp.hpp
-- Installing: /home/wasim/r4s/install/eddie_ros/include/eddie_ros/eddie_ros/action/detail/arm_control__rosidl_typesupport_introspection_cpp.hpp
-- Installing: /home/wasim/r4s/install/eddie_ros/include/eddie_ros/eddie_ros/action/detail/gripper_control__type_support.cpp
-- Installing: /home/wasim/r4s/install/eddie_ros/include/eddie_ros/eddie_ros/action/detail/arm_control__type_support.cpp
-- Installing: /home/wasim/r4s/install/eddie_ros/lib/libeddie_ros__rosidl_typesupport_introspection_cpp.so
-- Set non-toolchain portion of runtime path of "/home/wasim/r4s/install/eddie_ros/lib/libeddie_ros__rosidl_typesupport_introspection_cpp.so" to ""
-- Installing: /home/wasim/r4s/install/eddie_ros/lib/libeddie_ros__rosidl_typesupport_cpp.so
-- Set non-toolchain portion of runtime path of "/home/wasim/r4s/install/eddie_ros/lib/libeddie_ros__rosidl_typesupport_cpp.so" to ""
-- Installing: /home/wasim/r4s/install/eddie_ros/share/eddie_ros/environment/pythonpath.sh
-- Installing: /home/wasim/r4s/install/eddie_ros/share/eddie_ros/environment/pythonpath.dsv
-- Installing: /home/wasim/r4s/install/eddie_ros/lib/python3.12/site-packages/eddie_ros-0.0.1-py3.12.egg-info
-- Installing: /home/wasim/r4s/install/eddie_ros/lib/python3.12/site-packages/eddie_ros-0.0.1-py3.12.egg-info/top_level.txt
-- Installing: /home/wasim/r4s/install/eddie_ros/lib/python3.12/site-packages/eddie_ros-0.0.1-py3.12.egg-info/SOURCES.txt
-- Installing: /home/wasim/r4s/install/eddie_ros/lib/python3.12/site-packages/eddie_ros-0.0.1-py3.12.egg-info/dependency_links.txt
-- Installing: /home/wasim/r4s/install/eddie_ros/lib/python3.12/site-packages/eddie_ros-0.0.1-py3.12.egg-info/PKG-INFO
-- Installing: /home/wasim/r4s/install/eddie_ros/lib/python3.12/site-packages/eddie_ros
-- Installing: /home/wasim/r4s/install/eddie_ros/lib/python3.12/site-packages/eddie_ros/eddie_ros_s__rosidl_typesupport_introspection_c.so
-- Installing: /home/wasim/r4s/install/eddie_ros/lib/python3.12/site-packages/eddie_ros/eddie_ros_s__rosidl_typesupport_fastrtps_c.so
-- Installing: /home/wasim/r4s/install/eddie_ros/lib/python3.12/site-packages/eddie_ros/_eddie_ros_s.ep.rosidl_typesupport_introspection_c.c
-- Installing: /home/wasim/r4s/install/eddie_ros/lib/python3.12/site-packages/eddie_ros/_eddie_ros_s.ep.rosidl_typesupport_c.c
-- Installing: /home/wasim/r4s/install/eddie_ros/lib/python3.12/site-packages/eddie_ros/eddie_ros_s__rosidl_typesupport_c.so
-- Installing: /home/wasim/r4s/install/eddie_ros/lib/python3.12/site-packages/eddie_ros/__init__.py
-- Installing: /home/wasim/r4s/install/eddie_ros/lib/python3.12/site-packages/eddie_ros/action
-- Installing: /home/wasim/r4s/install/eddie_ros/lib/python3.12/site-packages/eddie_ros/action/_gripper_control.py
-- Installing: /home/wasim/r4s/install/eddie_ros/lib/python3.12/site-packages/eddie_ros/action/__init__.py
-- Installing: /home/wasim/r4s/install/eddie_ros/lib/python3.12/site-packages/eddie_ros/action/_arm_control.py
-- Installing: /home/wasim/r4s/install/eddie_ros/lib/python3.12/site-packages/eddie_ros/action/_arm_control_s.c
-- Installing: /home/wasim/r4s/install/eddie_ros/lib/python3.12/site-packages/eddie_ros/action/_gripper_control_s.c
-- Installing: /home/wasim/r4s/install/eddie_ros/lib/python3.12/site-packages/eddie_ros/_eddie_ros_s.ep.rosidl_typesupport_fastrtps_c.c
Listing '/home/wasim/r4s/install/eddie_ros/lib/python3.12/site-packages/eddie_ros'...
Compiling '/home/wasim/r4s/install/eddie_ros/lib/python3.12/site-packages/eddie_ros/__init__.py'...
Listing '/home/wasim/r4s/install/eddie_ros/lib/python3.12/site-packages/eddie_ros/action'...
Compiling '/home/wasim/r4s/install/eddie_ros/lib/python3.12/site-packages/eddie_ros/action/__init__.py'...
Compiling '/home/wasim/r4s/install/eddie_ros/lib/python3.12/site-packages/eddie_ros/action/_arm_control.py'...
Compiling '/home/wasim/r4s/install/eddie_ros/lib/python3.12/site-packages/eddie_ros/action/_gripper_control.py'...
-- Installing: /home/wasim/r4s/install/eddie_ros/lib/python3.12/site-packages/eddie_ros/eddie_ros_s__rosidl_typesupport_fastrtps_c.so
-- Set non-toolchain portion of runtime path of "/home/wasim/r4s/install/eddie_ros/lib/python3.12/site-packages/eddie_ros/eddie_ros_s__rosidl_typesupport_fastrtps_c.so" to ""
-- Installing: /home/wasim/r4s/install/eddie_ros/lib/python3.12/site-packages/eddie_ros/eddie_ros_s__rosidl_typesupport_introspection_c.so
-- Set non-toolchain portion of runtime path of "/home/wasim/r4s/install/eddie_ros/lib/python3.12/site-packages/eddie_ros/eddie_ros_s__rosidl_typesupport_introspection_c.so" to ""
-- Installing: /home/wasim/r4s/install/eddie_ros/lib/python3.12/site-packages/eddie_ros/eddie_ros_s__rosidl_typesupport_c.so
-- Set non-toolchain portion of runtime path of "/home/wasim/r4s/install/eddie_ros/lib/python3.12/site-packages/eddie_ros/eddie_ros_s__rosidl_typesupport_c.so" to ""
-- Installing: /home/wasim/r4s/install/eddie_ros/lib/libeddie_ros__rosidl_generator_py.so
-- Set non-toolchain portion of runtime path of "/home/wasim/r4s/install/eddie_ros/lib/libeddie_ros__rosidl_generator_py.so" to ""
-- Installing: /home/wasim/r4s/install/eddie_ros/share/eddie_ros/action/ArmControl.idl
-- Installing: /home/wasim/r4s/install/eddie_ros/share/eddie_ros/action/GripperControl.idl
-- Installing: /home/wasim/r4s/install/eddie_ros/share/eddie_ros/action/ArmControl.action
-- Installing: /home/wasim/r4s/install/eddie_ros/share/eddie_ros/action/GripperControl.action
-- Up-to-date: /home/wasim/r4s/install/eddie_ros/include
-- Up-to-date: /home/wasim/r4s/install/eddie_ros/include/eddie_ros
-- Installing: /home/wasim/r4s/install/eddie_ros/include/eddie_ros/eddie_ros.fsm.hpp
-- Installing: /home/wasim/r4s/install/eddie_ros/include/eddie_ros/interface.hpp
-- Installing: /home/wasim/r4s/install/eddie_ros/include/eddie_ros/eddie_ros.fsm
-- Installing: /home/wasim/r4s/install/eddie_ros/share/eddie_ros/urdf
-- Installing: /home/wasim/r4s/install/eddie_ros/share/eddie_ros/urdf/eddie.urdf
-- Installing: /home/wasim/r4s/install/eddie_ros/lib/eddie_ros/eddie_ros_interface
-- Installing: /home/wasim/r4s/install/eddie_ros/lib/eddie_ros/eddie_ros_interface_test
-- Installing: /home/wasim/r4s/install/eddie_ros/lib/eddie_ros/set_interface_permissions.sh
-- Installing: /home/wasim/r4s/install/eddie_ros/lib/eddie_ros/task_planner_node
-- Set non-toolchain portion of runtime path of "/home/wasim/r4s/install/eddie_ros/lib/eddie_ros/task_planner_node" to ""
-- Installing: /home/wasim/r4s/install/eddie_ros/share/ament_index/resource_index/package_run_dependencies/eddie_ros
-- Installing: /home/wasim/r4s/install/eddie_ros/share/ament_index/resource_index/parent_prefix_path/eddie_ros
-- Installing: /home/wasim/r4s/install/eddie_ros/share/eddie_ros/environment/ament_prefix_path.sh
-- Installing: /home/wasim/r4s/install/eddie_ros/share/eddie_ros/environment/ament_prefix_path.dsv
-- Installing: /home/wasim/r4s/install/eddie_ros/share/eddie_ros/environment/path.sh
-- Installing: /home/wasim/r4s/install/eddie_ros/share/eddie_ros/environment/path.dsv
-- Installing: /home/wasim/r4s/install/eddie_ros/share/eddie_ros/local_setup.bash
-- Installing: /home/wasim/r4s/install/eddie_ros/share/eddie_ros/local_setup.sh
-- Installing: /home/wasim/r4s/install/eddie_ros/share/eddie_ros/local_setup.zsh
-- Installing: /home/wasim/r4s/install/eddie_ros/share/eddie_ros/local_setup.dsv
-- Installing: /home/wasim/r4s/install/eddie_ros/share/eddie_ros/package.dsv
-- Installing: /home/wasim/r4s/install/eddie_ros/share/ament_index/resource_index/packages/eddie_ros
-- Installing: /home/wasim/r4s/install/eddie_ros/share/eddie_ros/cmake/export_eddie_ros__rosidl_generator_cExport.cmake
-- Installing: /home/wasim/r4s/install/eddie_ros/share/eddie_ros/cmake/export_eddie_ros__rosidl_generator_cExport-noconfig.cmake
-- Installing: /home/wasim/r4s/install/eddie_ros/share/eddie_ros/cmake/export_eddie_ros__rosidl_typesupport_fastrtps_cExport.cmake
-- Installing: /home/wasim/r4s/install/eddie_ros/share/eddie_ros/cmake/export_eddie_ros__rosidl_typesupport_fastrtps_cExport-noconfig.cmake
-- Installing: /home/wasim/r4s/install/eddie_ros/share/eddie_ros/cmake/export_eddie_ros__rosidl_generator_cppExport.cmake
-- Installing: /home/wasim/r4s/install/eddie_ros/share/eddie_ros/cmake/export_eddie_ros__rosidl_typesupport_fastrtps_cppExport.cmake
-- Installing: /home/wasim/r4s/install/eddie_ros/share/eddie_ros/cmake/export_eddie_ros__rosidl_typesupport_fastrtps_cppExport-noconfig.cmake
-- Installing: /home/wasim/r4s/install/eddie_ros/share/eddie_ros/cmake/eddie_ros__rosidl_typesupport_introspection_cExport.cmake
-- Installing: /home/wasim/r4s/install/eddie_ros/share/eddie_ros/cmake/eddie_ros__rosidl_typesupport_introspection_cExport-noconfig.cmake
-- Installing: /home/wasim/r4s/install/eddie_ros/share/eddie_ros/cmake/eddie_ros__rosidl_typesupport_cExport.cmake
-- Installing: /home/wasim/r4s/install/eddie_ros/share/eddie_ros/cmake/eddie_ros__rosidl_typesupport_cExport-noconfig.cmake
-- Installing: /home/wasim/r4s/install/eddie_ros/share/eddie_ros/cmake/eddie_ros__rosidl_typesupport_introspection_cppExport.cmake
-- Installing: /home/wasim/r4s/install/eddie_ros/share/eddie_ros/cmake/eddie_ros__rosidl_typesupport_introspection_cppExport-noconfig.cmake
-- Installing: /home/wasim/r4s/install/eddie_ros/share/eddie_ros/cmake/eddie_ros__rosidl_typesupport_cppExport.cmake
-- Installing: /home/wasim/r4s/install/eddie_ros/share/eddie_ros/cmake/eddie_ros__rosidl_typesupport_cppExport-noconfig.cmake
-- Installing: /home/wasim/r4s/install/eddie_ros/share/eddie_ros/cmake/export_eddie_ros__rosidl_generator_pyExport.cmake
-- Installing: /home/wasim/r4s/install/eddie_ros/share/eddie_ros/cmake/export_eddie_ros__rosidl_generator_pyExport-noconfig.cmake
-- Installing: /home/wasim/r4s/install/eddie_ros/share/eddie_ros/cmake/rosidl_cmake-extras.cmake
-- Installing: /home/wasim/r4s/install/eddie_ros/share/eddie_ros/cmake/ament_cmake_export_dependencies-extras.cmake
-- Installing: /home/wasim/r4s/install/eddie_ros/share/eddie_ros/cmake/ament_cmake_export_include_directories-extras.cmake
-- Installing: /home/wasim/r4s/install/eddie_ros/share/eddie_ros/cmake/ament_cmake_export_libraries-extras.cmake
-- Installing: /home/wasim/r4s/install/eddie_ros/share/eddie_ros/cmake/ament_cmake_export_targets-extras.cmake
-- Installing: /home/wasim/r4s/install/eddie_ros/share/eddie_ros/cmake/rosidl_cmake_export_typesupport_targets-extras.cmake
-- Installing: /home/wasim/r4s/install/eddie_ros/share/eddie_ros/cmake/rosidl_cmake_export_typesupport_libraries-extras.cmake
-- Installing: /home/wasim/r4s/install/eddie_ros/share/eddie_ros/cmake/eddie_rosConfig.cmake
-- Installing: /home/wasim/r4s/install/eddie_ros/share/eddie_ros/cmake/eddie_rosConfig-version.cmake
-- Installing: /home/wasim/r4s/install/eddie_ros/share/eddie_ros/package.xml
