[0.101s] DEBUG:colcon:Command line arguments: ['/usr/bin/colcon', 'build']
[0.101s] DEBUG:colcon:Parsed command line arguments: Namespace(log_base=None, log_level=None, verb_name='build', build_base='build', install_base='install', merge_install=False, symlink_install=False, test_result_base=None, continue_on_error=False, executor='parallel', parallel_workers=16, event_handlers=None, ignore_user_meta=False, metas=['./colcon.meta'], base_paths=['.'], packages_ignore=None, packages_ignore_regex=None, paths=None, packages_up_to=None, packages_up_to_regex=None, packages_above=None, packages_above_and_dependencies=None, packages_above_depth=None, packages_select_by_dep=None, packages_skip_by_dep=None, packages_skip_up_to=None, packages_select_build_failed=False, packages_skip_build_finished=False, packages_select_test_failures=False, packages_skip_test_passed=False, packages_select=None, packages_skip=None, packages_select_regex=None, packages_skip_regex=None, packages_start=None, packages_end=None, allow_overriding=[], cmake_args=None, cmake_target=None, cmake_target_skip_unavailable=False, cmake_clean_cache=False, cmake_clean_first=False, cmake_force_configure=False, ament_cmake_args=None, catkin_cmake_args=None, catkin_skip_building_tests=False, mixin_files=None, mixin=None, verb_parser=<colcon_mixin.mixin.mixin_argument.MixinArgumentDecorator object at 0x70b65c3ae4b0>, verb_extension=<colcon_core.verb.build.BuildVerb object at 0x70b65c3ae1e0>, main=<bound method BuildVerb.main of <colcon_core.verb.build.BuildVerb object at 0x70b65c3ae1e0>>, mixin_verb=('build',))
[0.142s] Level 1:colcon.colcon_core.package_discovery:discover_packages(colcon_meta) check parameters
[0.142s] Level 1:colcon.colcon_core.package_discovery:discover_packages(recursive) check parameters
[0.142s] Level 1:colcon.colcon_core.package_discovery:discover_packages(ignore) check parameters
[0.142s] Level 1:colcon.colcon_core.package_discovery:discover_packages(path) check parameters
[0.142s] Level 1:colcon.colcon_core.package_discovery:discover_packages(colcon_meta) discover
[0.142s] Level 1:colcon.colcon_core.package_discovery:discover_packages(recursive) discover
[0.142s] INFO:colcon.colcon_core.package_discovery:Crawling recursively for packages in '/home/wasim/r4s/src'
[0.143s] Level 1:colcon.colcon_core.package_identification:_identify(.) by extensions ['ignore', 'ignore_ament_install']
[0.143s] Level 1:colcon.colcon_core.package_identification:_identify(.) by extension 'ignore'
[0.143s] Level 1:colcon.colcon_core.package_identification:_identify(.) by extension 'ignore_ament_install'
[0.143s] Level 1:colcon.colcon_core.package_identification:_identify(.) by extensions ['colcon_pkg']
[0.143s] Level 1:colcon.colcon_core.package_identification:_identify(.) by extension 'colcon_pkg'
[0.143s] Level 1:colcon.colcon_core.package_identification:_identify(.) by extensions ['colcon_meta']
[0.143s] Level 1:colcon.colcon_core.package_identification:_identify(.) by extension 'colcon_meta'
[0.143s] Level 1:colcon.colcon_core.package_identification:_identify(.) by extensions ['ros']
[0.143s] Level 1:colcon.colcon_core.package_identification:_identify(.) by extension 'ros'
[0.164s] Level 1:colcon.colcon_core.package_identification:_identify(.) by extensions ['cmake', 'python']
[0.165s] Level 1:colcon.colcon_core.package_identification:_identify(.) by extension 'cmake'
[0.165s] Level 1:colcon.colcon_core.package_identification:_identify(.) by extension 'python'
[0.165s] Level 1:colcon.colcon_core.package_identification:_identify(.) by extensions ['python_setup_py']
[0.165s] Level 1:colcon.colcon_core.package_identification:_identify(.) by extension 'python_setup_py'
[0.165s] Level 1:colcon.colcon_core.package_identification:_identify(build) by extensions ['ignore', 'ignore_ament_install']
[0.165s] Level 1:colcon.colcon_core.package_identification:_identify(build) by extension 'ignore'
[0.165s] Level 1:colcon.colcon_core.package_identification:_identify(build) ignored
[0.165s] Level 1:colcon.colcon_core.package_identification:_identify(coord-dsl) by extensions ['ignore', 'ignore_ament_install']
[0.165s] Level 1:colcon.colcon_core.package_identification:_identify(coord-dsl) by extension 'ignore'
[0.165s] Level 1:colcon.colcon_core.package_identification:_identify(coord-dsl) by extension 'ignore_ament_install'
[0.165s] Level 1:colcon.colcon_core.package_identification:_identify(coord-dsl) by extensions ['colcon_pkg']
[0.165s] Level 1:colcon.colcon_core.package_identification:_identify(coord-dsl) by extension 'colcon_pkg'
[0.165s] Level 1:colcon.colcon_core.package_identification:_identify(coord-dsl) by extensions ['colcon_meta']
[0.165s] Level 1:colcon.colcon_core.package_identification:_identify(coord-dsl) by extension 'colcon_meta'
[0.165s] Level 1:colcon.colcon_core.package_identification:_identify(coord-dsl) by extensions ['ros']
[0.165s] Level 1:colcon.colcon_core.package_identification:_identify(coord-dsl) by extension 'ros'
[0.165s] Level 1:colcon.colcon_core.package_identification:_identify(coord-dsl) by extensions ['cmake', 'python']
[0.165s] Level 1:colcon.colcon_core.package_identification:_identify(coord-dsl) by extension 'cmake'
[0.165s] Level 1:colcon.colcon_core.package_identification:_identify(coord-dsl) by extension 'python'
[0.165s] Level 1:colcon.colcon_core.package_identification:_identify(coord-dsl) by extensions ['python_setup_py']
[0.165s] Level 1:colcon.colcon_core.package_identification:_identify(coord-dsl) by extension 'python_setup_py'
[0.166s] Level 1:colcon.colcon_core.package_identification:_identify(coord-dsl/models) by extensions ['ignore', 'ignore_ament_install']
[0.166s] Level 1:colcon.colcon_core.package_identification:_identify(coord-dsl/models) by extension 'ignore'
[0.166s] Level 1:colcon.colcon_core.package_identification:_identify(coord-dsl/models) by extension 'ignore_ament_install'
[0.166s] Level 1:colcon.colcon_core.package_identification:_identify(coord-dsl/models) by extensions ['colcon_pkg']
[0.166s] Level 1:colcon.colcon_core.package_identification:_identify(coord-dsl/models) by extension 'colcon_pkg'
[0.166s] Level 1:colcon.colcon_core.package_identification:_identify(coord-dsl/models) by extensions ['colcon_meta']
[0.166s] Level 1:colcon.colcon_core.package_identification:_identify(coord-dsl/models) by extension 'colcon_meta'
[0.166s] Level 1:colcon.colcon_core.package_identification:_identify(coord-dsl/models) by extensions ['ros']
[0.166s] Level 1:colcon.colcon_core.package_identification:_identify(coord-dsl/models) by extension 'ros'
[0.166s] Level 1:colcon.colcon_core.package_identification:_identify(coord-dsl/models) by extensions ['cmake', 'python']
[0.166s] Level 1:colcon.colcon_core.package_identification:_identify(coord-dsl/models) by extension 'cmake'
[0.166s] Level 1:colcon.colcon_core.package_identification:_identify(coord-dsl/models) by extension 'python'
[0.166s] Level 1:colcon.colcon_core.package_identification:_identify(coord-dsl/models) by extensions ['python_setup_py']
[0.166s] Level 1:colcon.colcon_core.package_identification:_identify(coord-dsl/models) by extension 'python_setup_py'
[0.166s] Level 1:colcon.colcon_core.package_identification:_identify(coord-dsl/models/fsm) by extensions ['ignore', 'ignore_ament_install']
[0.166s] Level 1:colcon.colcon_core.package_identification:_identify(coord-dsl/models/fsm) by extension 'ignore'
[0.166s] Level 1:colcon.colcon_core.package_identification:_identify(coord-dsl/models/fsm) by extension 'ignore_ament_install'
[0.166s] Level 1:colcon.colcon_core.package_identification:_identify(coord-dsl/models/fsm) by extensions ['colcon_pkg']
[0.166s] Level 1:colcon.colcon_core.package_identification:_identify(coord-dsl/models/fsm) by extension 'colcon_pkg'
[0.166s] Level 1:colcon.colcon_core.package_identification:_identify(coord-dsl/models/fsm) by extensions ['colcon_meta']
[0.166s] Level 1:colcon.colcon_core.package_identification:_identify(coord-dsl/models/fsm) by extension 'colcon_meta'
[0.166s] Level 1:colcon.colcon_core.package_identification:_identify(coord-dsl/models/fsm) by extensions ['ros']
[0.166s] Level 1:colcon.colcon_core.package_identification:_identify(coord-dsl/models/fsm) by extension 'ros'
[0.166s] Level 1:colcon.colcon_core.package_identification:_identify(coord-dsl/models/fsm) by extensions ['cmake', 'python']
[0.166s] Level 1:colcon.colcon_core.package_identification:_identify(coord-dsl/models/fsm) by extension 'cmake'
[0.166s] Level 1:colcon.colcon_core.package_identification:_identify(coord-dsl/models/fsm) by extension 'python'
[0.167s] Level 1:colcon.colcon_core.package_identification:_identify(coord-dsl/models/fsm) by extensions ['python_setup_py']
[0.167s] Level 1:colcon.colcon_core.package_identification:_identify(coord-dsl/models/fsm) by extension 'python_setup_py'
[0.167s] Level 1:colcon.colcon_core.package_identification:_identify(coord-dsl/src) by extensions ['ignore', 'ignore_ament_install']
[0.167s] Level 1:colcon.colcon_core.package_identification:_identify(coord-dsl/src) by extension 'ignore'
[0.167s] Level 1:colcon.colcon_core.package_identification:_identify(coord-dsl/src) by extension 'ignore_ament_install'
[0.167s] Level 1:colcon.colcon_core.package_identification:_identify(coord-dsl/src) by extensions ['colcon_pkg']
[0.167s] Level 1:colcon.colcon_core.package_identification:_identify(coord-dsl/src) by extension 'colcon_pkg'
[0.167s] Level 1:colcon.colcon_core.package_identification:_identify(coord-dsl/src) by extensions ['colcon_meta']
[0.167s] Level 1:colcon.colcon_core.package_identification:_identify(coord-dsl/src) by extension 'colcon_meta'
[0.167s] Level 1:colcon.colcon_core.package_identification:_identify(coord-dsl/src) by extensions ['ros']
[0.167s] Level 1:colcon.colcon_core.package_identification:_identify(coord-dsl/src) by extension 'ros'
[0.167s] Level 1:colcon.colcon_core.package_identification:_identify(coord-dsl/src) by extensions ['cmake', 'python']
[0.167s] Level 1:colcon.colcon_core.package_identification:_identify(coord-dsl/src) by extension 'cmake'
[0.167s] Level 1:colcon.colcon_core.package_identification:_identify(coord-dsl/src) by extension 'python'
[0.167s] Level 1:colcon.colcon_core.package_identification:_identify(coord-dsl/src) by extensions ['python_setup_py']
[0.167s] Level 1:colcon.colcon_core.package_identification:_identify(coord-dsl/src) by extension 'python_setup_py'
[0.167s] Level 1:colcon.colcon_core.package_identification:_identify(coord-dsl/src/coord_dsl) by extensions ['ignore', 'ignore_ament_install']
[0.167s] Level 1:colcon.colcon_core.package_identification:_identify(coord-dsl/src/coord_dsl) by extension 'ignore'
[0.167s] Level 1:colcon.colcon_core.package_identification:_identify(coord-dsl/src/coord_dsl) by extension 'ignore_ament_install'
[0.167s] Level 1:colcon.colcon_core.package_identification:_identify(coord-dsl/src/coord_dsl) by extensions ['colcon_pkg']
[0.167s] Level 1:colcon.colcon_core.package_identification:_identify(coord-dsl/src/coord_dsl) by extension 'colcon_pkg'
[0.167s] Level 1:colcon.colcon_core.package_identification:_identify(coord-dsl/src/coord_dsl) by extensions ['colcon_meta']
[0.167s] Level 1:colcon.colcon_core.package_identification:_identify(coord-dsl/src/coord_dsl) by extension 'colcon_meta'
[0.167s] Level 1:colcon.colcon_core.package_identification:_identify(coord-dsl/src/coord_dsl) by extensions ['ros']
[0.167s] Level 1:colcon.colcon_core.package_identification:_identify(coord-dsl/src/coord_dsl) by extension 'ros'
[0.167s] Level 1:colcon.colcon_core.package_identification:_identify(coord-dsl/src/coord_dsl) by extensions ['cmake', 'python']
[0.167s] Level 1:colcon.colcon_core.package_identification:_identify(coord-dsl/src/coord_dsl) by extension 'cmake'
[0.168s] Level 1:colcon.colcon_core.package_identification:_identify(coord-dsl/src/coord_dsl) by extension 'python'
[0.168s] Level 1:colcon.colcon_core.package_identification:_identify(coord-dsl/src/coord_dsl) by extensions ['python_setup_py']
[0.168s] Level 1:colcon.colcon_core.package_identification:_identify(coord-dsl/src/coord_dsl) by extension 'python_setup_py'
[0.168s] Level 1:colcon.colcon_core.package_identification:_identify(coord-dsl/src/coord_dsl/generators) by extensions ['ignore', 'ignore_ament_install']
[0.168s] Level 1:colcon.colcon_core.package_identification:_identify(coord-dsl/src/coord_dsl/generators) by extension 'ignore'
[0.168s] Level 1:colcon.colcon_core.package_identification:_identify(coord-dsl/src/coord_dsl/generators) by extension 'ignore_ament_install'
[0.168s] Level 1:colcon.colcon_core.package_identification:_identify(coord-dsl/src/coord_dsl/generators) by extensions ['colcon_pkg']
[0.168s] Level 1:colcon.colcon_core.package_identification:_identify(coord-dsl/src/coord_dsl/generators) by extension 'colcon_pkg'
[0.168s] Level 1:colcon.colcon_core.package_identification:_identify(coord-dsl/src/coord_dsl/generators) by extensions ['colcon_meta']
[0.168s] Level 1:colcon.colcon_core.package_identification:_identify(coord-dsl/src/coord_dsl/generators) by extension 'colcon_meta'
[0.168s] Level 1:colcon.colcon_core.package_identification:_identify(coord-dsl/src/coord_dsl/generators) by extensions ['ros']
[0.168s] Level 1:colcon.colcon_core.package_identification:_identify(coord-dsl/src/coord_dsl/generators) by extension 'ros'
[0.168s] Level 1:colcon.colcon_core.package_identification:_identify(coord-dsl/src/coord_dsl/generators) by extensions ['cmake', 'python']
[0.168s] Level 1:colcon.colcon_core.package_identification:_identify(coord-dsl/src/coord_dsl/generators) by extension 'cmake'
[0.168s] Level 1:colcon.colcon_core.package_identification:_identify(coord-dsl/src/coord_dsl/generators) by extension 'python'
[0.168s] Level 1:colcon.colcon_core.package_identification:_identify(coord-dsl/src/coord_dsl/generators) by extensions ['python_setup_py']
[0.168s] Level 1:colcon.colcon_core.package_identification:_identify(coord-dsl/src/coord_dsl/generators) by extension 'python_setup_py'
[0.168s] Level 1:colcon.colcon_core.package_identification:_identify(coord-dsl/src/coord_dsl/metamodels) by extensions ['ignore', 'ignore_ament_install']
[0.168s] Level 1:colcon.colcon_core.package_identification:_identify(coord-dsl/src/coord_dsl/metamodels) by extension 'ignore'
[0.168s] Level 1:colcon.colcon_core.package_identification:_identify(coord-dsl/src/coord_dsl/metamodels) by extension 'ignore_ament_install'
[0.168s] Level 1:colcon.colcon_core.package_identification:_identify(coord-dsl/src/coord_dsl/metamodels) by extensions ['colcon_pkg']
[0.168s] Level 1:colcon.colcon_core.package_identification:_identify(coord-dsl/src/coord_dsl/metamodels) by extension 'colcon_pkg'
[0.168s] Level 1:colcon.colcon_core.package_identification:_identify(coord-dsl/src/coord_dsl/metamodels) by extensions ['colcon_meta']
[0.168s] Level 1:colcon.colcon_core.package_identification:_identify(coord-dsl/src/coord_dsl/metamodels) by extension 'colcon_meta'
[0.168s] Level 1:colcon.colcon_core.package_identification:_identify(coord-dsl/src/coord_dsl/metamodels) by extensions ['ros']
[0.169s] Level 1:colcon.colcon_core.package_identification:_identify(coord-dsl/src/coord_dsl/metamodels) by extension 'ros'
[0.169s] Level 1:colcon.colcon_core.package_identification:_identify(coord-dsl/src/coord_dsl/metamodels) by extensions ['cmake', 'python']
[0.169s] Level 1:colcon.colcon_core.package_identification:_identify(coord-dsl/src/coord_dsl/metamodels) by extension 'cmake'
[0.169s] Level 1:colcon.colcon_core.package_identification:_identify(coord-dsl/src/coord_dsl/metamodels) by extension 'python'
[0.169s] Level 1:colcon.colcon_core.package_identification:_identify(coord-dsl/src/coord_dsl/metamodels) by extensions ['python_setup_py']
[0.169s] Level 1:colcon.colcon_core.package_identification:_identify(coord-dsl/src/coord_dsl/metamodels) by extension 'python_setup_py'
[0.169s] Level 1:colcon.colcon_core.package_identification:_identify(coord-dsl/src/coord_dsl/templates) by extensions ['ignore', 'ignore_ament_install']
[0.169s] Level 1:colcon.colcon_core.package_identification:_identify(coord-dsl/src/coord_dsl/templates) by extension 'ignore'
[0.169s] Level 1:colcon.colcon_core.package_identification:_identify(coord-dsl/src/coord_dsl/templates) by extension 'ignore_ament_install'
[0.169s] Level 1:colcon.colcon_core.package_identification:_identify(coord-dsl/src/coord_dsl/templates) by extensions ['colcon_pkg']
[0.169s] Level 1:colcon.colcon_core.package_identification:_identify(coord-dsl/src/coord_dsl/templates) by extension 'colcon_pkg'
[0.169s] Level 1:colcon.colcon_core.package_identification:_identify(coord-dsl/src/coord_dsl/templates) by extensions ['colcon_meta']
[0.169s] Level 1:colcon.colcon_core.package_identification:_identify(coord-dsl/src/coord_dsl/templates) by extension 'colcon_meta'
[0.169s] Level 1:colcon.colcon_core.package_identification:_identify(coord-dsl/src/coord_dsl/templates) by extensions ['ros']
[0.169s] Level 1:colcon.colcon_core.package_identification:_identify(coord-dsl/src/coord_dsl/templates) by extension 'ros'
[0.169s] Level 1:colcon.colcon_core.package_identification:_identify(coord-dsl/src/coord_dsl/templates) by extensions ['cmake', 'python']
[0.169s] Level 1:colcon.colcon_core.package_identification:_identify(coord-dsl/src/coord_dsl/templates) by extension 'cmake'
[0.169s] Level 1:colcon.colcon_core.package_identification:_identify(coord-dsl/src/coord_dsl/templates) by extension 'python'
[0.169s] Level 1:colcon.colcon_core.package_identification:_identify(coord-dsl/src/coord_dsl/templates) by extensions ['python_setup_py']
[0.169s] Level 1:colcon.colcon_core.package_identification:_identify(coord-dsl/src/coord_dsl/templates) by extension 'python_setup_py'
[0.169s] Level 1:colcon.colcon_core.package_identification:_identify(coord2b) by extensions ['ignore', 'ignore_ament_install']
[0.169s] Level 1:colcon.colcon_core.package_identification:_identify(coord2b) by extension 'ignore'
[0.170s] Level 1:colcon.colcon_core.package_identification:_identify(coord2b) by extension 'ignore_ament_install'
[0.170s] Level 1:colcon.colcon_core.package_identification:_identify(coord2b) by extensions ['colcon_pkg']
[0.170s] Level 1:colcon.colcon_core.package_identification:_identify(coord2b) by extension 'colcon_pkg'
[0.170s] Level 1:colcon.colcon_core.package_identification:_identify(coord2b) by extensions ['colcon_meta']
[0.170s] Level 1:colcon.colcon_core.package_identification:_identify(coord2b) by extension 'colcon_meta'
[0.170s] Level 1:colcon.colcon_core.package_identification:_identify(coord2b) by extensions ['ros']
[0.170s] Level 1:colcon.colcon_core.package_identification:_identify(coord2b) by extension 'ros'
[0.170s] Level 1:colcon.colcon_core.package_identification:_identify(coord2b) by extensions ['cmake', 'python']
[0.170s] Level 1:colcon.colcon_core.package_identification:_identify(coord2b) by extension 'cmake'
[0.171s] Level 1:colcon.colcon_core.package_identification:_identify(coord2b) by extension 'python'
[0.171s] DEBUG:colcon.colcon_core.package_identification:Package 'coord2b' with type 'cmake' and name 'coord2b'
[0.171s] Level 1:colcon.colcon_core.package_identification:_identify(eddie-ros) by extensions ['ignore', 'ignore_ament_install']
[0.171s] Level 1:colcon.colcon_core.package_identification:_identify(eddie-ros) by extension 'ignore'
[0.171s] Level 1:colcon.colcon_core.package_identification:_identify(eddie-ros) by extension 'ignore_ament_install'
[0.171s] Level 1:colcon.colcon_core.package_identification:_identify(eddie-ros) by extensions ['colcon_pkg']
[0.171s] Level 1:colcon.colcon_core.package_identification:_identify(eddie-ros) by extension 'colcon_pkg'
[0.171s] Level 1:colcon.colcon_core.package_identification:_identify(eddie-ros) by extensions ['colcon_meta']
[0.171s] Level 1:colcon.colcon_core.package_identification:_identify(eddie-ros) by extension 'colcon_meta'
[0.171s] Level 1:colcon.colcon_core.package_identification:_identify(eddie-ros) by extensions ['ros']
[0.171s] Level 1:colcon.colcon_core.package_identification:_identify(eddie-ros) by extension 'ros'
[0.174s] DEBUG:colcon.colcon_core.package_identification:Package 'eddie-ros' with type 'ros.ament_cmake' and name 'eddie_ros'
[0.174s] Level 1:colcon.colcon_core.package_identification:_identify(eddie_pmu_control) by extensions ['ignore', 'ignore_ament_install']
[0.174s] Level 1:colcon.colcon_core.package_identification:_identify(eddie_pmu_control) by extension 'ignore'
[0.174s] Level 1:colcon.colcon_core.package_identification:_identify(eddie_pmu_control) by extension 'ignore_ament_install'
[0.174s] Level 1:colcon.colcon_core.package_identification:_identify(eddie_pmu_control) by extensions ['colcon_pkg']
[0.174s] Level 1:colcon.colcon_core.package_identification:_identify(eddie_pmu_control) by extension 'colcon_pkg'
[0.174s] Level 1:colcon.colcon_core.package_identification:_identify(eddie_pmu_control) by extensions ['colcon_meta']
[0.174s] Level 1:colcon.colcon_core.package_identification:_identify(eddie_pmu_control) by extension 'colcon_meta'
[0.174s] Level 1:colcon.colcon_core.package_identification:_identify(eddie_pmu_control) by extensions ['ros']
[0.174s] Level 1:colcon.colcon_core.package_identification:_identify(eddie_pmu_control) by extension 'ros'
[0.174s] Level 1:colcon.colcon_core.package_identification:_identify(eddie_pmu_control) by extensions ['cmake', 'python']
[0.174s] Level 1:colcon.colcon_core.package_identification:_identify(eddie_pmu_control) by extension 'cmake'
[0.174s] Level 1:colcon.colcon_core.package_identification:_identify(eddie_pmu_control) by extension 'python'
[0.174s] DEBUG:colcon.colcon_core.package_identification:Package 'eddie_pmu_control' with type 'cmake' and name 'eddie_pmu_control'
[0.174s] Level 1:colcon.colcon_core.package_identification:_identify(install) by extensions ['ignore', 'ignore_ament_install']
[0.174s] Level 1:colcon.colcon_core.package_identification:_identify(install) by extension 'ignore'
[0.175s] Level 1:colcon.colcon_core.package_identification:_identify(install) ignored
[0.175s] Level 1:colcon.colcon_core.package_identification:_identify(log) by extensions ['ignore', 'ignore_ament_install']
[0.175s] Level 1:colcon.colcon_core.package_identification:_identify(log) by extension 'ignore'
[0.175s] Level 1:colcon.colcon_core.package_identification:_identify(log) ignored
[0.175s] Level 1:colcon.colcon_core.package_identification:_identify(orocos_kinematics_dynamics) by extensions ['ignore', 'ignore_ament_install']
[0.175s] Level 1:colcon.colcon_core.package_identification:_identify(orocos_kinematics_dynamics) by extension 'ignore'
[0.175s] Level 1:colcon.colcon_core.package_identification:_identify(orocos_kinematics_dynamics) by extension 'ignore_ament_install'
[0.175s] Level 1:colcon.colcon_core.package_identification:_identify(orocos_kinematics_dynamics) by extensions ['colcon_pkg']
[0.175s] Level 1:colcon.colcon_core.package_identification:_identify(orocos_kinematics_dynamics) by extension 'colcon_pkg'
[0.175s] Level 1:colcon.colcon_core.package_identification:_identify(orocos_kinematics_dynamics) by extensions ['colcon_meta']
[0.175s] Level 1:colcon.colcon_core.package_identification:_identify(orocos_kinematics_dynamics) by extension 'colcon_meta'
[0.175s] Level 1:colcon.colcon_core.package_identification:_identify(orocos_kinematics_dynamics) by extensions ['ros']
[0.175s] Level 1:colcon.colcon_core.package_identification:_identify(orocos_kinematics_dynamics) by extension 'ros'
[0.175s] Level 1:colcon.colcon_core.package_identification:_identify(orocos_kinematics_dynamics) by extensions ['cmake', 'python']
[0.175s] Level 1:colcon.colcon_core.package_identification:_identify(orocos_kinematics_dynamics) by extension 'cmake'
[0.175s] Level 1:colcon.colcon_core.package_identification:_identify(orocos_kinematics_dynamics) by extension 'python'
[0.175s] Level 1:colcon.colcon_core.package_identification:_identify(orocos_kinematics_dynamics) by extensions ['python_setup_py']
[0.175s] Level 1:colcon.colcon_core.package_identification:_identify(orocos_kinematics_dynamics) by extension 'python_setup_py'
[0.175s] Level 1:colcon.colcon_core.package_identification:_identify(orocos_kinematics_dynamics/orocos_kdl) by extensions ['ignore', 'ignore_ament_install']
[0.175s] Level 1:colcon.colcon_core.package_identification:_identify(orocos_kinematics_dynamics/orocos_kdl) by extension 'ignore'
[0.175s] Level 1:colcon.colcon_core.package_identification:_identify(orocos_kinematics_dynamics/orocos_kdl) by extension 'ignore_ament_install'
[0.175s] Level 1:colcon.colcon_core.package_identification:_identify(orocos_kinematics_dynamics/orocos_kdl) by extensions ['colcon_pkg']
[0.175s] Level 1:colcon.colcon_core.package_identification:_identify(orocos_kinematics_dynamics/orocos_kdl) by extension 'colcon_pkg'
[0.175s] Level 1:colcon.colcon_core.package_identification:_identify(orocos_kinematics_dynamics/orocos_kdl) by extensions ['colcon_meta']
[0.175s] Level 1:colcon.colcon_core.package_identification:_identify(orocos_kinematics_dynamics/orocos_kdl) by extension 'colcon_meta'
[0.176s] Level 1:colcon.colcon_core.package_identification:_identify(orocos_kinematics_dynamics/orocos_kdl) by extensions ['ros']
[0.176s] Level 1:colcon.colcon_core.package_identification:_identify(orocos_kinematics_dynamics/orocos_kdl) by extension 'ros'
[0.176s] DEBUG:colcon.colcon_core.package_identification:Package 'orocos_kinematics_dynamics/orocos_kdl' with type 'ros.cmake' and name 'orocos_kdl'
[0.176s] Level 1:colcon.colcon_core.package_identification:_identify(orocos_kinematics_dynamics/python_orocos_kdl) by extensions ['ignore', 'ignore_ament_install']
[0.176s] Level 1:colcon.colcon_core.package_identification:_identify(orocos_kinematics_dynamics/python_orocos_kdl) by extension 'ignore'
[0.176s] Level 1:colcon.colcon_core.package_identification:_identify(orocos_kinematics_dynamics/python_orocos_kdl) by extension 'ignore_ament_install'
[0.176s] Level 1:colcon.colcon_core.package_identification:_identify(orocos_kinematics_dynamics/python_orocos_kdl) by extensions ['colcon_pkg']
[0.176s] Level 1:colcon.colcon_core.package_identification:_identify(orocos_kinematics_dynamics/python_orocos_kdl) by extension 'colcon_pkg'
[0.176s] Level 1:colcon.colcon_core.package_identification:_identify(orocos_kinematics_dynamics/python_orocos_kdl) by extensions ['colcon_meta']
[0.176s] Level 1:colcon.colcon_core.package_identification:_identify(orocos_kinematics_dynamics/python_orocos_kdl) by extension 'colcon_meta'
[0.176s] Level 1:colcon.colcon_core.package_identification:_identify(orocos_kinematics_dynamics/python_orocos_kdl) by extensions ['ros']
[0.176s] Level 1:colcon.colcon_core.package_identification:_identify(orocos_kinematics_dynamics/python_orocos_kdl) by extension 'ros'
[0.177s] DEBUG:colcon.colcon_core.package_identification:Package 'orocos_kinematics_dynamics/python_orocos_kdl' with type 'ros.catkin' and name 'python_orocos_kdl'
[0.177s] Level 1:colcon.colcon_core.package_identification:_identify(robif2b) by extensions ['ignore', 'ignore_ament_install']
[0.177s] Level 1:colcon.colcon_core.package_identification:_identify(robif2b) by extension 'ignore'
[0.177s] Level 1:colcon.colcon_core.package_identification:_identify(robif2b) by extension 'ignore_ament_install'
[0.177s] Level 1:colcon.colcon_core.package_identification:_identify(robif2b) by extensions ['colcon_pkg']
[0.177s] Level 1:colcon.colcon_core.package_identification:_identify(robif2b) by extension 'colcon_pkg'
[0.177s] Level 1:colcon.colcon_core.package_identification:_identify(robif2b) by extensions ['colcon_meta']
[0.177s] Level 1:colcon.colcon_core.package_identification:_identify(robif2b) by extension 'colcon_meta'
[0.177s] Level 1:colcon.colcon_core.package_identification:_identify(robif2b) by extensions ['ros']
[0.177s] Level 1:colcon.colcon_core.package_identification:_identify(robif2b) by extension 'ros'
[0.177s] Level 1:colcon.colcon_core.package_identification:_identify(robif2b) by extensions ['cmake', 'python']
[0.177s] Level 1:colcon.colcon_core.package_identification:_identify(robif2b) by extension 'cmake'
[0.179s] Level 1:colcon.colcon_core.package_identification:_identify(robif2b) by extension 'python'
[0.179s] DEBUG:colcon.colcon_core.package_identification:Package 'robif2b' with type 'cmake' and name 'robif2b'
[0.179s] Level 1:colcon.colcon_core.package_identification:_identify(ros2_kortex_vision) by extensions ['ignore', 'ignore_ament_install']
[0.179s] Level 1:colcon.colcon_core.package_identification:_identify(ros2_kortex_vision) by extension 'ignore'
[0.179s] Level 1:colcon.colcon_core.package_identification:_identify(ros2_kortex_vision) by extension 'ignore_ament_install'
[0.179s] Level 1:colcon.colcon_core.package_identification:_identify(ros2_kortex_vision) by extensions ['colcon_pkg']
[0.179s] Level 1:colcon.colcon_core.package_identification:_identify(ros2_kortex_vision) by extension 'colcon_pkg'
[0.179s] Level 1:colcon.colcon_core.package_identification:_identify(ros2_kortex_vision) by extensions ['colcon_meta']
[0.179s] Level 1:colcon.colcon_core.package_identification:_identify(ros2_kortex_vision) by extension 'colcon_meta'
[0.179s] Level 1:colcon.colcon_core.package_identification:_identify(ros2_kortex_vision) by extensions ['ros']
[0.179s] Level 1:colcon.colcon_core.package_identification:_identify(ros2_kortex_vision) by extension 'ros'
[0.180s] DEBUG:colcon.colcon_core.package_identification:Package 'ros2_kortex_vision' with type 'ros.ament_cmake' and name 'kinova_vision'
[0.180s] Level 1:colcon.colcon_core.package_discovery:discover_packages(recursive) using defaults
[0.180s] Level 1:colcon.colcon_core.package_discovery:discover_packages(ignore) discover
[0.180s] Level 1:colcon.colcon_core.package_discovery:discover_packages(ignore) using defaults
[0.180s] Level 1:colcon.colcon_core.package_discovery:discover_packages(path) discover
[0.180s] Level 1:colcon.colcon_core.package_discovery:discover_packages(path) using defaults
[0.196s] Level 1:colcon.colcon_core.package_discovery:discover_packages(prefix_path) check parameters
[0.196s] Level 1:colcon.colcon_core.package_discovery:discover_packages(prefix_path) discover
[0.200s] DEBUG:colcon.colcon_installed_package_information.package_discovery:Found 443 installed packages in /opt/ros/jazzy
[0.200s] Level 1:colcon.colcon_core.package_discovery:discover_packages(prefix_path) using defaults
[0.252s] Level 5:colcon.colcon_core.verb:set package 'coord2b' build argument 'cmake_args' from command line to 'None'
[0.253s] Level 5:colcon.colcon_core.verb:set package 'coord2b' build argument 'cmake_target' from command line to 'None'
[0.253s] Level 5:colcon.colcon_core.verb:set package 'coord2b' build argument 'cmake_target_skip_unavailable' from command line to 'False'
[0.253s] Level 5:colcon.colcon_core.verb:set package 'coord2b' build argument 'cmake_clean_cache' from command line to 'False'
[0.253s] Level 5:colcon.colcon_core.verb:set package 'coord2b' build argument 'cmake_clean_first' from command line to 'False'
[0.253s] Level 5:colcon.colcon_core.verb:set package 'coord2b' build argument 'cmake_force_configure' from command line to 'False'
[0.253s] Level 5:colcon.colcon_core.verb:set package 'coord2b' build argument 'ament_cmake_args' from command line to 'None'
[0.253s] Level 5:colcon.colcon_core.verb:set package 'coord2b' build argument 'catkin_cmake_args' from command line to 'None'
[0.253s] Level 5:colcon.colcon_core.verb:set package 'coord2b' build argument 'catkin_skip_building_tests' from command line to 'False'
[0.253s] DEBUG:colcon.colcon_core.verb:Building package 'coord2b' with the following arguments: {'ament_cmake_args': None, 'build_base': '/home/wasim/r4s/src/build/coord2b', 'catkin_cmake_args': None, 'catkin_skip_building_tests': False, 'cmake_args': None, 'cmake_clean_cache': False, 'cmake_clean_first': False, 'cmake_force_configure': False, 'cmake_target': None, 'cmake_target_skip_unavailable': False, 'install_base': '/home/wasim/r4s/src/install/coord2b', 'merge_install': False, 'path': '/home/wasim/r4s/src/coord2b', 'symlink_install': False, 'test_result_base': None}
[0.253s] Level 5:colcon.colcon_core.verb:set package 'eddie_pmu_control' build argument 'cmake_args' from command line to 'None'
[0.253s] Level 5:colcon.colcon_core.verb:set package 'eddie_pmu_control' build argument 'cmake_target' from command line to 'None'
[0.253s] Level 5:colcon.colcon_core.verb:set package 'eddie_pmu_control' build argument 'cmake_target_skip_unavailable' from command line to 'False'
[0.253s] Level 5:colcon.colcon_core.verb:set package 'eddie_pmu_control' build argument 'cmake_clean_cache' from command line to 'False'
[0.253s] Level 5:colcon.colcon_core.verb:set package 'eddie_pmu_control' build argument 'cmake_clean_first' from command line to 'False'
[0.253s] Level 5:colcon.colcon_core.verb:set package 'eddie_pmu_control' build argument 'cmake_force_configure' from command line to 'False'
[0.253s] Level 5:colcon.colcon_core.verb:set package 'eddie_pmu_control' build argument 'ament_cmake_args' from command line to 'None'
[0.253s] Level 5:colcon.colcon_core.verb:set package 'eddie_pmu_control' build argument 'catkin_cmake_args' from command line to 'None'
[0.253s] Level 5:colcon.colcon_core.verb:set package 'eddie_pmu_control' build argument 'catkin_skip_building_tests' from command line to 'False'
[0.253s] DEBUG:colcon.colcon_core.verb:Building package 'eddie_pmu_control' with the following arguments: {'ament_cmake_args': None, 'build_base': '/home/wasim/r4s/src/build/eddie_pmu_control', 'catkin_cmake_args': None, 'catkin_skip_building_tests': False, 'cmake_args': None, 'cmake_clean_cache': False, 'cmake_clean_first': False, 'cmake_force_configure': False, 'cmake_target': None, 'cmake_target_skip_unavailable': False, 'install_base': '/home/wasim/r4s/src/install/eddie_pmu_control', 'merge_install': False, 'path': '/home/wasim/r4s/src/eddie_pmu_control', 'symlink_install': False, 'test_result_base': None}
[0.253s] Level 5:colcon.colcon_core.verb:set package 'kinova_vision' build argument 'cmake_args' from command line to 'None'
[0.253s] Level 5:colcon.colcon_core.verb:set package 'kinova_vision' build argument 'cmake_target' from command line to 'None'
[0.253s] Level 5:colcon.colcon_core.verb:set package 'kinova_vision' build argument 'cmake_target_skip_unavailable' from command line to 'False'
[0.253s] Level 5:colcon.colcon_core.verb:set package 'kinova_vision' build argument 'cmake_clean_cache' from command line to 'False'
[0.253s] Level 5:colcon.colcon_core.verb:set package 'kinova_vision' build argument 'cmake_clean_first' from command line to 'False'
[0.254s] Level 5:colcon.colcon_core.verb:set package 'kinova_vision' build argument 'cmake_force_configure' from command line to 'False'
[0.254s] Level 5:colcon.colcon_core.verb:set package 'kinova_vision' build argument 'ament_cmake_args' from command line to 'None'
[0.254s] Level 5:colcon.colcon_core.verb:set package 'kinova_vision' build argument 'catkin_cmake_args' from command line to 'None'
[0.254s] Level 5:colcon.colcon_core.verb:set package 'kinova_vision' build argument 'catkin_skip_building_tests' from command line to 'False'
[0.254s] DEBUG:colcon.colcon_core.verb:Building package 'kinova_vision' with the following arguments: {'ament_cmake_args': None, 'build_base': '/home/wasim/r4s/src/build/kinova_vision', 'catkin_cmake_args': None, 'catkin_skip_building_tests': False, 'cmake_args': None, 'cmake_clean_cache': False, 'cmake_clean_first': False, 'cmake_force_configure': False, 'cmake_target': None, 'cmake_target_skip_unavailable': False, 'install_base': '/home/wasim/r4s/src/install/kinova_vision', 'merge_install': False, 'path': '/home/wasim/r4s/src/ros2_kortex_vision', 'symlink_install': False, 'test_result_base': None}
[0.254s] Level 5:colcon.colcon_core.verb:set package 'orocos_kdl' build argument 'cmake_args' from command line to 'None'
[0.254s] Level 5:colcon.colcon_core.verb:set package 'orocos_kdl' build argument 'cmake_target' from command line to 'None'
[0.254s] Level 5:colcon.colcon_core.verb:set package 'orocos_kdl' build argument 'cmake_target_skip_unavailable' from command line to 'False'
[0.254s] Level 5:colcon.colcon_core.verb:set package 'orocos_kdl' build argument 'cmake_clean_cache' from command line to 'False'
[0.254s] Level 5:colcon.colcon_core.verb:set package 'orocos_kdl' build argument 'cmake_clean_first' from command line to 'False'
[0.254s] Level 5:colcon.colcon_core.verb:set package 'orocos_kdl' build argument 'cmake_force_configure' from command line to 'False'
[0.254s] Level 5:colcon.colcon_core.verb:set package 'orocos_kdl' build argument 'ament_cmake_args' from command line to 'None'
[0.254s] Level 5:colcon.colcon_core.verb:set package 'orocos_kdl' build argument 'catkin_cmake_args' from command line to 'None'
[0.254s] Level 5:colcon.colcon_core.verb:set package 'orocos_kdl' build argument 'catkin_skip_building_tests' from command line to 'False'
[0.254s] DEBUG:colcon.colcon_core.verb:Building package 'orocos_kdl' with the following arguments: {'ament_cmake_args': None, 'build_base': '/home/wasim/r4s/src/build/orocos_kdl', 'catkin_cmake_args': None, 'catkin_skip_building_tests': False, 'cmake_args': None, 'cmake_clean_cache': False, 'cmake_clean_first': False, 'cmake_force_configure': False, 'cmake_target': None, 'cmake_target_skip_unavailable': False, 'install_base': '/home/wasim/r4s/src/install/orocos_kdl', 'merge_install': False, 'path': '/home/wasim/r4s/src/orocos_kinematics_dynamics/orocos_kdl', 'symlink_install': False, 'test_result_base': None}
[0.254s] Level 5:colcon.colcon_core.verb:set package 'robif2b' build argument 'cmake_args' from command line to 'None'
[0.254s] Level 5:colcon.colcon_core.verb:set package 'robif2b' build argument 'cmake_target' from command line to 'None'
[0.254s] Level 5:colcon.colcon_core.verb:set package 'robif2b' build argument 'cmake_target_skip_unavailable' from command line to 'False'
[0.254s] Level 5:colcon.colcon_core.verb:set package 'robif2b' build argument 'cmake_clean_cache' from command line to 'False'
[0.254s] Level 5:colcon.colcon_core.verb:set package 'robif2b' build argument 'cmake_clean_first' from command line to 'False'
[0.254s] Level 5:colcon.colcon_core.verb:set package 'robif2b' build argument 'cmake_force_configure' from command line to 'False'
[0.254s] Level 5:colcon.colcon_core.verb:set package 'robif2b' build argument 'ament_cmake_args' from command line to 'None'
[0.254s] Level 5:colcon.colcon_core.verb:set package 'robif2b' build argument 'catkin_cmake_args' from command line to 'None'
[0.254s] Level 5:colcon.colcon_core.verb:set package 'robif2b' build argument 'catkin_skip_building_tests' from command line to 'False'
[0.254s] DEBUG:colcon.colcon_core.verb:Building package 'robif2b' with the following arguments: {'ament_cmake_args': None, 'build_base': '/home/wasim/r4s/src/build/robif2b', 'catkin_cmake_args': None, 'catkin_skip_building_tests': False, 'cmake_args': None, 'cmake_clean_cache': False, 'cmake_clean_first': False, 'cmake_force_configure': False, 'cmake_target': None, 'cmake_target_skip_unavailable': False, 'install_base': '/home/wasim/r4s/src/install/robif2b', 'merge_install': False, 'path': '/home/wasim/r4s/src/robif2b', 'symlink_install': False, 'test_result_base': None}
[0.255s] Level 5:colcon.colcon_core.verb:set package 'eddie_ros' build argument 'cmake_args' from command line to 'None'
[0.255s] Level 5:colcon.colcon_core.verb:set package 'eddie_ros' build argument 'cmake_target' from command line to 'None'
[0.255s] Level 5:colcon.colcon_core.verb:set package 'eddie_ros' build argument 'cmake_target_skip_unavailable' from command line to 'False'
[0.255s] Level 5:colcon.colcon_core.verb:set package 'eddie_ros' build argument 'cmake_clean_cache' from command line to 'False'
[0.255s] Level 5:colcon.colcon_core.verb:set package 'eddie_ros' build argument 'cmake_clean_first' from command line to 'False'
[0.255s] Level 5:colcon.colcon_core.verb:set package 'eddie_ros' build argument 'cmake_force_configure' from command line to 'False'
[0.255s] Level 5:colcon.colcon_core.verb:set package 'eddie_ros' build argument 'ament_cmake_args' from command line to 'None'
[0.255s] Level 5:colcon.colcon_core.verb:set package 'eddie_ros' build argument 'catkin_cmake_args' from command line to 'None'
[0.255s] Level 5:colcon.colcon_core.verb:set package 'eddie_ros' build argument 'catkin_skip_building_tests' from command line to 'False'
[0.255s] DEBUG:colcon.colcon_core.verb:Building package 'eddie_ros' with the following arguments: {'ament_cmake_args': None, 'build_base': '/home/wasim/r4s/src/build/eddie_ros', 'catkin_cmake_args': None, 'catkin_skip_building_tests': False, 'cmake_args': None, 'cmake_clean_cache': False, 'cmake_clean_first': False, 'cmake_force_configure': False, 'cmake_target': None, 'cmake_target_skip_unavailable': False, 'install_base': '/home/wasim/r4s/src/install/eddie_ros', 'merge_install': False, 'path': '/home/wasim/r4s/src/eddie-ros', 'symlink_install': False, 'test_result_base': None}
[0.255s] Level 5:colcon.colcon_core.verb:set package 'python_orocos_kdl' build argument 'cmake_args' from command line to 'None'
[0.255s] Level 5:colcon.colcon_core.verb:set package 'python_orocos_kdl' build argument 'cmake_target' from command line to 'None'
[0.255s] Level 5:colcon.colcon_core.verb:set package 'python_orocos_kdl' build argument 'cmake_target_skip_unavailable' from command line to 'False'
[0.255s] Level 5:colcon.colcon_core.verb:set package 'python_orocos_kdl' build argument 'cmake_clean_cache' from command line to 'False'
[0.255s] Level 5:colcon.colcon_core.verb:set package 'python_orocos_kdl' build argument 'cmake_clean_first' from command line to 'False'
[0.255s] Level 5:colcon.colcon_core.verb:set package 'python_orocos_kdl' build argument 'cmake_force_configure' from command line to 'False'
[0.255s] Level 5:colcon.colcon_core.verb:set package 'python_orocos_kdl' build argument 'ament_cmake_args' from command line to 'None'
[0.255s] Level 5:colcon.colcon_core.verb:set package 'python_orocos_kdl' build argument 'catkin_cmake_args' from command line to 'None'
[0.255s] Level 5:colcon.colcon_core.verb:set package 'python_orocos_kdl' build argument 'catkin_skip_building_tests' from command line to 'False'
[0.255s] DEBUG:colcon.colcon_core.verb:Building package 'python_orocos_kdl' with the following arguments: {'ament_cmake_args': None, 'build_base': '/home/wasim/r4s/src/build/python_orocos_kdl', 'catkin_cmake_args': None, 'catkin_skip_building_tests': False, 'cmake_args': None, 'cmake_clean_cache': False, 'cmake_clean_first': False, 'cmake_force_configure': False, 'cmake_target': None, 'cmake_target_skip_unavailable': False, 'install_base': '/home/wasim/r4s/src/install/python_orocos_kdl', 'merge_install': False, 'path': '/home/wasim/r4s/src/orocos_kinematics_dynamics/python_orocos_kdl', 'symlink_install': False, 'test_result_base': None}
[0.255s] INFO:colcon.colcon_core.executor:Executing jobs using 'parallel' executor
[0.256s] DEBUG:colcon.colcon_parallel_executor.executor.parallel:run_until_complete
[0.256s] INFO:colcon.colcon_ros.task.cmake.build:Building ROS package in '/home/wasim/r4s/src/orocos_kinematics_dynamics/orocos_kdl' with build type 'cmake'
[0.256s] INFO:colcon.colcon_cmake.task.cmake.build:Building CMake package in '/home/wasim/r4s/src/orocos_kinematics_dynamics/orocos_kdl'
[0.258s] INFO:colcon.colcon_core.plugin_system:Skipping extension 'colcon_core.shell.bat': Not used on non-Windows systems
[0.258s] INFO:colcon.colcon_core.shell:Skip shell extension 'powershell' for command environment: Not usable outside of PowerShell
[0.258s] DEBUG:colcon.colcon_core.shell:Skip shell extension 'dsv' for command environment
[0.262s] INFO:colcon.colcon_cmake.task.cmake.build:Building CMake package in '/home/wasim/r4s/src/coord2b'
[0.262s] INFO:colcon.colcon_core.shell:Skip shell extension 'powershell' for command environment: Not usable outside of PowerShell
[0.262s] DEBUG:colcon.colcon_core.shell:Skip shell extension 'dsv' for command environment
[0.266s] INFO:colcon.colcon_cmake.task.cmake.build:Building CMake package in '/home/wasim/r4s/src/robif2b'
[0.266s] INFO:colcon.colcon_core.shell:Skip shell extension 'powershell' for command environment: Not usable outside of PowerShell
[0.266s] DEBUG:colcon.colcon_core.shell:Skip shell extension 'dsv' for command environment
[0.270s] INFO:colcon.colcon_cmake.task.cmake.build:Building CMake package in '/home/wasim/r4s/src/eddie_pmu_control'
[0.270s] INFO:colcon.colcon_core.shell:Skip shell extension 'powershell' for command environment: Not usable outside of PowerShell
[0.270s] DEBUG:colcon.colcon_core.shell:Skip shell extension 'dsv' for command environment
[0.274s] INFO:colcon.colcon_ros.task.ament_cmake.build:Building ROS package in '/home/wasim/r4s/src/ros2_kortex_vision' with build type 'ament_cmake'
[0.274s] INFO:colcon.colcon_cmake.task.cmake.build:Building CMake package in '/home/wasim/r4s/src/ros2_kortex_vision'
[0.274s] INFO:colcon.colcon_core.shell:Skip shell extension 'powershell' for command environment: Not usable outside of PowerShell
[0.274s] DEBUG:colcon.colcon_core.shell:Skip shell extension 'dsv' for command environment
[0.282s] DEBUG:colcon.colcon_core.event_handler.log_command:Invoking command in '/home/wasim/r4s/src/build/orocos_kdl': CMAKE_PREFIX_PATH=${CMAKE_PREFIX_PATH}:/opt/ros/jazzy DEBUGINFOD_URLS=https://debuginfod.ubuntu.com /usr/bin/cmake --build /home/wasim/r4s/src/build/orocos_kdl -- -j16 -l16
[0.285s] DEBUG:colcon.colcon_core.event_handler.log_command:Invoking command in '/home/wasim/r4s/src/build/coord2b': DEBUGINFOD_URLS=https://debuginfod.ubuntu.com /usr/bin/cmake --build /home/wasim/r4s/src/build/coord2b -- -j16 -l16
[0.287s] DEBUG:colcon.colcon_core.event_handler.log_command:Invoking command in '/home/wasim/r4s/src/build/robif2b': DEBUGINFOD_URLS=https://debuginfod.ubuntu.com /usr/bin/cmake --build /home/wasim/r4s/src/build/robif2b -- -j16 -l16
[0.289s] DEBUG:colcon.colcon_core.event_handler.log_command:Invoking command in '/home/wasim/r4s/src/build/eddie_pmu_control': DEBUGINFOD_URLS=https://debuginfod.ubuntu.com /usr/bin/cmake --build /home/wasim/r4s/src/build/eddie_pmu_control -- -j16 -l16
[0.313s] DEBUG:colcon.colcon_core.event_handler.log_command:Invoking command in '/home/wasim/r4s/src/build/kinova_vision': CMAKE_PREFIX_PATH=${CMAKE_PREFIX_PATH}:/opt/ros/jazzy DEBUGINFOD_URLS=https://debuginfod.ubuntu.com /usr/bin/cmake --build /home/wasim/r4s/src/build/kinova_vision -- -j16 -l16
[0.375s] DEBUG:colcon.colcon_core.event_handler.log_command:Invoked command in '/home/wasim/r4s/src/build/eddie_pmu_control' returned '0': DEBUGINFOD_URLS=https://debuginfod.ubuntu.com /usr/bin/cmake --build /home/wasim/r4s/src/build/eddie_pmu_control -- -j16 -l16
[0.391s] DEBUG:colcon.colcon_core.event_handler.log_command:Invoking command in '/home/wasim/r4s/src/build/eddie_pmu_control': DEBUGINFOD_URLS=https://debuginfod.ubuntu.com /usr/bin/cmake --install /home/wasim/r4s/src/build/eddie_pmu_control
[0.406s] Level 1:colcon.colcon_core.environment:create_environment_scripts_only(eddie_pmu_control)
[0.406s] DEBUG:colcon.colcon_core.event_handler.log_command:Invoked command in '/home/wasim/r4s/src/build/eddie_pmu_control' returned '0': DEBUGINFOD_URLS=https://debuginfod.ubuntu.com /usr/bin/cmake --install /home/wasim/r4s/src/build/eddie_pmu_control
[0.409s] Level 1:colcon.colcon_core.environment:checking '/home/wasim/r4s/src/install/eddie_pmu_control' for CMake module files
[0.410s] Level 1:colcon.colcon_core.environment:checking '/home/wasim/r4s/src/install/eddie_pmu_control' for CMake config files
[0.410s] Level 1:colcon.colcon_core.environment:checking '/home/wasim/r4s/src/install/eddie_pmu_control/bin'
[0.410s] Level 1:colcon.colcon_core.shell:create_environment_hook('eddie_pmu_control', 'path')
[0.411s] INFO:colcon.colcon_core.shell:Creating environment hook '/home/wasim/r4s/src/install/eddie_pmu_control/share/eddie_pmu_control/hook/path.ps1'
[0.411s] INFO:colcon.colcon_core.shell:Creating environment descriptor '/home/wasim/r4s/src/install/eddie_pmu_control/share/eddie_pmu_control/hook/path.dsv'
[0.412s] INFO:colcon.colcon_core.shell:Creating environment hook '/home/wasim/r4s/src/install/eddie_pmu_control/share/eddie_pmu_control/hook/path.sh'
[0.412s] Level 1:colcon.colcon_core.environment:checking '/home/wasim/r4s/src/install/eddie_pmu_control/lib/pkgconfig/eddie_pmu_control.pc'
[0.413s] Level 1:colcon.colcon_core.environment:checking '/home/wasim/r4s/src/install/eddie_pmu_control/lib/python3.12/site-packages'
[0.413s] Level 1:colcon.colcon_core.environment:checking '/home/wasim/r4s/src/install/eddie_pmu_control/bin'
[0.413s] Level 1:colcon.colcon_core.shell:create_environment_hook('eddie_pmu_control', 'pythonscriptspath')
[0.413s] INFO:colcon.colcon_core.shell:Creating environment hook '/home/wasim/r4s/src/install/eddie_pmu_control/share/eddie_pmu_control/hook/pythonscriptspath.ps1'
[0.414s] INFO:colcon.colcon_core.shell:Creating environment descriptor '/home/wasim/r4s/src/install/eddie_pmu_control/share/eddie_pmu_control/hook/pythonscriptspath.dsv'
[0.414s] INFO:colcon.colcon_core.shell:Creating environment hook '/home/wasim/r4s/src/install/eddie_pmu_control/share/eddie_pmu_control/hook/pythonscriptspath.sh'
[0.415s] INFO:colcon.colcon_core.shell:Creating package script '/home/wasim/r4s/src/install/eddie_pmu_control/share/eddie_pmu_control/package.ps1'
[0.416s] INFO:colcon.colcon_core.shell:Creating package descriptor '/home/wasim/r4s/src/install/eddie_pmu_control/share/eddie_pmu_control/package.dsv'
[0.417s] INFO:colcon.colcon_core.shell:Creating package script '/home/wasim/r4s/src/install/eddie_pmu_control/share/eddie_pmu_control/package.sh'
[0.418s] INFO:colcon.colcon_core.shell:Creating package script '/home/wasim/r4s/src/install/eddie_pmu_control/share/eddie_pmu_control/package.bash'
[0.419s] INFO:colcon.colcon_core.shell:Creating package script '/home/wasim/r4s/src/install/eddie_pmu_control/share/eddie_pmu_control/package.zsh'
[0.419s] Level 1:colcon.colcon_core.environment:create_file_with_runtime_dependencies(/home/wasim/r4s/src/install/eddie_pmu_control/share/colcon-core/packages/eddie_pmu_control)
[0.422s] DEBUG:colcon.colcon_core.event_handler.log_command:Invoked command in '/home/wasim/r4s/src/build/coord2b' returned '0': DEBUGINFOD_URLS=https://debuginfod.ubuntu.com /usr/bin/cmake --build /home/wasim/r4s/src/build/coord2b -- -j16 -l16
[0.423s] DEBUG:colcon.colcon_core.event_handler.log_command:Invoking command in '/home/wasim/r4s/src/build/coord2b': DEBUGINFOD_URLS=https://debuginfod.ubuntu.com /usr/bin/cmake --install /home/wasim/r4s/src/build/coord2b
[0.424s] DEBUG:colcon.colcon_core.event_handler.log_command:Invoked command in '/home/wasim/r4s/src/build/robif2b' returned '0': DEBUGINFOD_URLS=https://debuginfod.ubuntu.com /usr/bin/cmake --build /home/wasim/r4s/src/build/robif2b -- -j16 -l16
[0.425s] DEBUG:colcon.colcon_core.event_handler.log_command:Invoking command in '/home/wasim/r4s/src/build/robif2b': DEBUGINFOD_URLS=https://debuginfod.ubuntu.com /usr/bin/cmake --install /home/wasim/r4s/src/build/robif2b
[0.440s] DEBUG:colcon.colcon_core.event_handler.log_command:Invoked command in '/home/wasim/r4s/src/build/orocos_kdl' returned '0': CMAKE_PREFIX_PATH=${CMAKE_PREFIX_PATH}:/opt/ros/jazzy DEBUGINFOD_URLS=https://debuginfod.ubuntu.com /usr/bin/cmake --build /home/wasim/r4s/src/build/orocos_kdl -- -j16 -l16
[0.443s] DEBUG:colcon.colcon_core.event_handler.log_command:Invoking command in '/home/wasim/r4s/src/build/orocos_kdl': CMAKE_PREFIX_PATH=${CMAKE_PREFIX_PATH}:/opt/ros/jazzy DEBUGINFOD_URLS=https://debuginfod.ubuntu.com /usr/bin/cmake --install /home/wasim/r4s/src/build/orocos_kdl
[0.444s] Level 1:colcon.colcon_core.environment:create_environment_scripts_only(coord2b)
[0.445s] DEBUG:colcon.colcon_core.event_handler.log_command:Invoked command in '/home/wasim/r4s/src/build/coord2b' returned '0': DEBUGINFOD_URLS=https://debuginfod.ubuntu.com /usr/bin/cmake --install /home/wasim/r4s/src/build/coord2b
[0.445s] Level 1:colcon.colcon_core.environment:checking '/home/wasim/r4s/src/install/coord2b' for CMake module files
[0.446s] Level 1:colcon.colcon_core.environment:checking '/home/wasim/r4s/src/install/coord2b' for CMake config files
[0.446s] Level 1:colcon.colcon_core.shell:create_environment_hook('coord2b', 'cmake_prefix_path')
[0.446s] INFO:colcon.colcon_core.shell:Creating environment hook '/home/wasim/r4s/src/install/coord2b/share/coord2b/hook/cmake_prefix_path.ps1'
[0.447s] INFO:colcon.colcon_core.shell:Creating environment descriptor '/home/wasim/r4s/src/install/coord2b/share/coord2b/hook/cmake_prefix_path.dsv'
[0.447s] INFO:colcon.colcon_core.shell:Creating environment hook '/home/wasim/r4s/src/install/coord2b/share/coord2b/hook/cmake_prefix_path.sh'
[0.448s] Level 1:colcon.colcon_core.environment:checking '/home/wasim/r4s/src/install/coord2b/lib'
[0.448s] Level 1:colcon.colcon_core.shell:create_environment_hook('coord2b', 'ld_library_path_lib')
[0.448s] INFO:colcon.colcon_core.shell:Creating environment hook '/home/wasim/r4s/src/install/coord2b/share/coord2b/hook/ld_library_path_lib.ps1'
[0.449s] INFO:colcon.colcon_core.shell:Creating environment descriptor '/home/wasim/r4s/src/install/coord2b/share/coord2b/hook/ld_library_path_lib.dsv'
[0.449s] INFO:colcon.colcon_core.shell:Creating environment hook '/home/wasim/r4s/src/install/coord2b/share/coord2b/hook/ld_library_path_lib.sh'
[0.450s] Level 1:colcon.colcon_core.environment:checking '/home/wasim/r4s/src/install/coord2b/bin'
[0.450s] Level 1:colcon.colcon_core.environment:checking '/home/wasim/r4s/src/install/coord2b/lib/pkgconfig/coord2b.pc'
[0.450s] Level 1:colcon.colcon_core.environment:checking '/home/wasim/r4s/src/install/coord2b/lib/python3.12/site-packages'
[0.450s] Level 1:colcon.colcon_core.environment:checking '/home/wasim/r4s/src/install/coord2b/bin'
[0.450s] INFO:colcon.colcon_core.shell:Creating package script '/home/wasim/r4s/src/install/coord2b/share/coord2b/package.ps1'
[0.451s] INFO:colcon.colcon_core.shell:Creating package descriptor '/home/wasim/r4s/src/install/coord2b/share/coord2b/package.dsv'
[0.452s] INFO:colcon.colcon_core.shell:Creating package script '/home/wasim/r4s/src/install/coord2b/share/coord2b/package.sh'
[0.452s] INFO:colcon.colcon_core.shell:Creating package script '/home/wasim/r4s/src/install/coord2b/share/coord2b/package.bash'
[0.453s] INFO:colcon.colcon_core.shell:Creating package script '/home/wasim/r4s/src/install/coord2b/share/coord2b/package.zsh'
[0.453s] Level 1:colcon.colcon_core.environment:create_file_with_runtime_dependencies(/home/wasim/r4s/src/install/coord2b/share/colcon-core/packages/coord2b)
[0.453s] Level 1:colcon.colcon_core.environment:create_environment_scripts_only(robif2b)
[0.454s] Level 1:colcon.colcon_core.environment:checking '/home/wasim/r4s/src/install/robif2b' for CMake module files
[0.455s] DEBUG:colcon.colcon_core.event_handler.log_command:Invoked command in '/home/wasim/r4s/src/build/robif2b' returned '0': DEBUGINFOD_URLS=https://debuginfod.ubuntu.com /usr/bin/cmake --install /home/wasim/r4s/src/build/robif2b
[0.456s] Level 1:colcon.colcon_core.environment:checking '/home/wasim/r4s/src/install/robif2b' for CMake config files
[0.457s] Level 1:colcon.colcon_core.shell:create_environment_hook('robif2b', 'cmake_prefix_path')
[0.457s] INFO:colcon.colcon_core.shell:Creating environment hook '/home/wasim/r4s/src/install/robif2b/share/robif2b/hook/cmake_prefix_path.ps1'
[0.464s] INFO:colcon.colcon_core.shell:Creating environment descriptor '/home/wasim/r4s/src/install/robif2b/share/robif2b/hook/cmake_prefix_path.dsv'
[0.468s] INFO:colcon.colcon_core.shell:Creating environment hook '/home/wasim/r4s/src/install/robif2b/share/robif2b/hook/cmake_prefix_path.sh'
[0.469s] Level 1:colcon.colcon_core.environment:checking '/home/wasim/r4s/src/install/robif2b/lib'
[0.469s] Level 1:colcon.colcon_core.shell:create_environment_hook('robif2b', 'ld_library_path_lib')
[0.470s] INFO:colcon.colcon_core.shell:Creating environment hook '/home/wasim/r4s/src/install/robif2b/share/robif2b/hook/ld_library_path_lib.ps1'
[0.470s] INFO:colcon.colcon_core.shell:Creating environment descriptor '/home/wasim/r4s/src/install/robif2b/share/robif2b/hook/ld_library_path_lib.dsv'
[0.470s] INFO:colcon.colcon_core.shell:Creating environment hook '/home/wasim/r4s/src/install/robif2b/share/robif2b/hook/ld_library_path_lib.sh'
[0.471s] Level 1:colcon.colcon_core.environment:checking '/home/wasim/r4s/src/install/robif2b/bin'
[0.471s] Level 1:colcon.colcon_core.environment:checking '/home/wasim/r4s/src/install/robif2b/lib/pkgconfig/robif2b.pc'
[0.471s] Level 1:colcon.colcon_core.environment:checking '/home/wasim/r4s/src/install/robif2b/lib/python3.12/site-packages'
[0.472s] Level 1:colcon.colcon_core.environment:checking '/home/wasim/r4s/src/install/robif2b/bin'
[0.472s] INFO:colcon.colcon_core.shell:Creating package script '/home/wasim/r4s/src/install/robif2b/share/robif2b/package.ps1'
[0.472s] INFO:colcon.colcon_core.shell:Creating package descriptor '/home/wasim/r4s/src/install/robif2b/share/robif2b/package.dsv'
[0.473s] INFO:colcon.colcon_core.shell:Creating package script '/home/wasim/r4s/src/install/robif2b/share/robif2b/package.sh'
[0.473s] INFO:colcon.colcon_core.shell:Creating package script '/home/wasim/r4s/src/install/robif2b/share/robif2b/package.bash'
[0.474s] INFO:colcon.colcon_core.shell:Creating package script '/home/wasim/r4s/src/install/robif2b/share/robif2b/package.zsh'
[0.474s] Level 1:colcon.colcon_core.environment:create_file_with_runtime_dependencies(/home/wasim/r4s/src/install/robif2b/share/colcon-core/packages/robif2b)
[0.476s] DEBUG:colcon.colcon_core.event_handler.log_command:Invoked command in '/home/wasim/r4s/src/build/orocos_kdl' returned '0': CMAKE_PREFIX_PATH=${CMAKE_PREFIX_PATH}:/opt/ros/jazzy DEBUGINFOD_URLS=https://debuginfod.ubuntu.com /usr/bin/cmake --install /home/wasim/r4s/src/build/orocos_kdl
[0.476s] Level 1:colcon.colcon_core.shell:create_environment_hook('orocos_kdl', 'pkg_config_path')
[0.477s] INFO:colcon.colcon_core.shell:Creating environment hook '/home/wasim/r4s/src/install/orocos_kdl/share/orocos_kdl/hook/pkg_config_path.ps1'
[0.477s] INFO:colcon.colcon_core.shell:Creating environment descriptor '/home/wasim/r4s/src/install/orocos_kdl/share/orocos_kdl/hook/pkg_config_path.dsv'
[0.478s] INFO:colcon.colcon_core.shell:Creating environment hook '/home/wasim/r4s/src/install/orocos_kdl/share/orocos_kdl/hook/pkg_config_path.sh'
[0.480s] Level 1:colcon.colcon_core.shell:create_environment_hook('orocos_kdl', 'pkg_config_path_multiarch')
[0.481s] INFO:colcon.colcon_core.shell:Creating environment hook '/home/wasim/r4s/src/install/orocos_kdl/share/orocos_kdl/hook/pkg_config_path_multiarch.ps1'
[0.481s] INFO:colcon.colcon_core.shell:Creating environment descriptor '/home/wasim/r4s/src/install/orocos_kdl/share/orocos_kdl/hook/pkg_config_path_multiarch.dsv'
[0.482s] INFO:colcon.colcon_core.shell:Creating environment hook '/home/wasim/r4s/src/install/orocos_kdl/share/orocos_kdl/hook/pkg_config_path_multiarch.sh'
[0.482s] Level 1:colcon.colcon_core.environment:create_environment_scripts_only(orocos_kdl)
[0.482s] Level 1:colcon.colcon_core.environment:checking '/home/wasim/r4s/src/install/orocos_kdl' for CMake module files
[0.483s] Level 1:colcon.colcon_core.shell:create_environment_hook('orocos_kdl', 'cmake_module_path')
[0.483s] INFO:colcon.colcon_core.shell:Creating environment hook '/home/wasim/r4s/src/install/orocos_kdl/share/orocos_kdl/hook/cmake_module_path.ps1'
[0.483s] INFO:colcon.colcon_core.shell:Creating environment descriptor '/home/wasim/r4s/src/install/orocos_kdl/share/orocos_kdl/hook/cmake_module_path.dsv'
[0.484s] INFO:colcon.colcon_core.shell:Creating environment hook '/home/wasim/r4s/src/install/orocos_kdl/share/orocos_kdl/hook/cmake_module_path.sh'
[0.484s] Level 1:colcon.colcon_core.environment:checking '/home/wasim/r4s/src/install/orocos_kdl' for CMake config files
[0.484s] Level 1:colcon.colcon_core.shell:create_environment_hook('orocos_kdl', 'cmake_prefix_path')
[0.485s] INFO:colcon.colcon_core.shell:Creating environment hook '/home/wasim/r4s/src/install/orocos_kdl/share/orocos_kdl/hook/cmake_prefix_path.ps1'
[0.485s] INFO:colcon.colcon_core.shell:Creating environment descriptor '/home/wasim/r4s/src/install/orocos_kdl/share/orocos_kdl/hook/cmake_prefix_path.dsv'
[0.485s] INFO:colcon.colcon_core.shell:Creating environment hook '/home/wasim/r4s/src/install/orocos_kdl/share/orocos_kdl/hook/cmake_prefix_path.sh'
[0.486s] Level 1:colcon.colcon_core.environment:checking '/home/wasim/r4s/src/install/orocos_kdl/lib'
[0.486s] Level 1:colcon.colcon_core.shell:create_environment_hook('orocos_kdl', 'ld_library_path_lib')
[0.486s] INFO:colcon.colcon_core.shell:Creating environment hook '/home/wasim/r4s/src/install/orocos_kdl/share/orocos_kdl/hook/ld_library_path_lib.ps1'
[0.487s] INFO:colcon.colcon_core.shell:Creating environment descriptor '/home/wasim/r4s/src/install/orocos_kdl/share/orocos_kdl/hook/ld_library_path_lib.dsv'
[0.487s] INFO:colcon.colcon_core.shell:Creating environment hook '/home/wasim/r4s/src/install/orocos_kdl/share/orocos_kdl/hook/ld_library_path_lib.sh'
[0.488s] Level 1:colcon.colcon_core.environment:checking '/home/wasim/r4s/src/install/orocos_kdl/bin'
[0.488s] Level 1:colcon.colcon_core.environment:checking '/home/wasim/r4s/src/install/orocos_kdl/lib/pkgconfig/orocos_kdl.pc'
[0.488s] Level 1:colcon.colcon_core.shell:create_environment_hook('orocos_kdl', 'pkg_config')
[0.488s] INFO:colcon.colcon_core.shell:Creating environment hook '/home/wasim/r4s/src/install/orocos_kdl/share/orocos_kdl/hook/pkg_config.ps1'
[0.488s] INFO:colcon.colcon_core.shell:Creating environment descriptor '/home/wasim/r4s/src/install/orocos_kdl/share/orocos_kdl/hook/pkg_config.dsv'
[0.489s] INFO:colcon.colcon_core.shell:Creating environment hook '/home/wasim/r4s/src/install/orocos_kdl/share/orocos_kdl/hook/pkg_config.sh'
[0.489s] Level 1:colcon.colcon_core.environment:checking '/home/wasim/r4s/src/install/orocos_kdl/lib/python3.12/site-packages'
[0.489s] Level 1:colcon.colcon_core.environment:checking '/home/wasim/r4s/src/install/orocos_kdl/bin'
[0.490s] INFO:colcon.colcon_core.shell:Creating package script '/home/wasim/r4s/src/install/orocos_kdl/share/orocos_kdl/package.ps1'
[0.490s] INFO:colcon.colcon_core.shell:Creating package descriptor '/home/wasim/r4s/src/install/orocos_kdl/share/orocos_kdl/package.dsv'
[0.491s] INFO:colcon.colcon_core.shell:Creating package script '/home/wasim/r4s/src/install/orocos_kdl/share/orocos_kdl/package.sh'
[0.492s] INFO:colcon.colcon_core.shell:Creating package script '/home/wasim/r4s/src/install/orocos_kdl/share/orocos_kdl/package.bash'
[0.492s] INFO:colcon.colcon_core.shell:Creating package script '/home/wasim/r4s/src/install/orocos_kdl/share/orocos_kdl/package.zsh'
[0.492s] Level 1:colcon.colcon_core.environment:create_file_with_runtime_dependencies(/home/wasim/r4s/src/install/orocos_kdl/share/colcon-core/packages/orocos_kdl)
[0.494s] DEBUG:colcon.colcon_core.event_handler.log_command:Invoked command in '/home/wasim/r4s/src/build/kinova_vision' returned '0': CMAKE_PREFIX_PATH=${CMAKE_PREFIX_PATH}:/opt/ros/jazzy DEBUGINFOD_URLS=https://debuginfod.ubuntu.com /usr/bin/cmake --build /home/wasim/r4s/src/build/kinova_vision -- -j16 -l16
[0.495s] DEBUG:colcon.colcon_core.event_handler.log_command:Invoking command in '/home/wasim/r4s/src/build/kinova_vision': CMAKE_PREFIX_PATH=${CMAKE_PREFIX_PATH}:/opt/ros/jazzy DEBUGINFOD_URLS=https://debuginfod.ubuntu.com /usr/bin/cmake --install /home/wasim/r4s/src/build/kinova_vision
[0.495s] INFO:colcon.colcon_ros.task.ament_cmake.build:Building ROS package in '/home/wasim/r4s/src/eddie-ros' with build type 'ament_cmake'
[0.495s] INFO:colcon.colcon_cmake.task.cmake.build:Building CMake package in '/home/wasim/r4s/src/eddie-ros'
[0.496s] INFO:colcon.colcon_core.shell:Skip shell extension 'powershell' for command environment: Not usable outside of PowerShell
[0.496s] DEBUG:colcon.colcon_core.shell:Skip shell extension 'dsv' for command environment
[0.500s] INFO:colcon.colcon_ros.task.catkin.build:Building ROS package in '/home/wasim/r4s/src/orocos_kinematics_dynamics/python_orocos_kdl' with build type 'catkin'
[0.500s] INFO:colcon.colcon_cmake.task.cmake.build:Building CMake package in '/home/wasim/r4s/src/orocos_kinematics_dynamics/python_orocos_kdl'
[0.501s] INFO:colcon.colcon_core.shell:Skip shell extension 'powershell' for command environment: Not usable outside of PowerShell
[0.501s] DEBUG:colcon.colcon_core.shell:Skip shell extension 'dsv' for command environment
[0.514s] DEBUG:colcon.colcon_core.event_handler.log_command:Invoking command in '/home/wasim/r4s/src/build/eddie_ros': CMAKE_MODULE_PATH=/home/wasim/r4s/src/install/orocos_kdl/share/orocos_kdl/cmake CMAKE_PREFIX_PATH=/home/wasim/r4s/src/install/robif2b:/home/wasim/r4s/src/install/orocos_kdl:/home/wasim/r4s/src/install/coord2b:/opt/ros/jazzy/opt/gz_sim_vendor:/opt/ros/jazzy/opt/gz_sensors_vendor:/opt/ros/jazzy/opt/gz_physics_vendor:/opt/ros/jazzy/opt/sdformat_vendor:/opt/ros/jazzy/opt/gz_gui_vendor:/opt/ros/jazzy/opt/gz_transport_vendor:/opt/ros/jazzy/opt/gz_rendering_vendor:/opt/ros/jazzy/opt/gz_plugin_vendor:/opt/ros/jazzy/opt/gz_fuel_tools_vendor:/opt/ros/jazzy/opt/gz_msgs_vendor:/opt/ros/jazzy/opt/gz_common_vendor:/opt/ros/jazzy/opt/gz_math_vendor:/opt/ros/jazzy/opt/gz_utils_vendor:/opt/ros/jazzy/opt/gz_tools_vendor:/opt/ros/jazzy/opt/gz_ogre_next_vendor:/opt/ros/jazzy/opt/gz_dartsim_vendor:/opt/ros/jazzy/opt/gz_cmake_vendor:/opt/ros/jazzy DEBUGINFOD_URLS=https://debuginfod.ubuntu.com LD_LIBRARY_PATH=/home/wasim/r4s/src/install/robif2b/lib:/home/wasim/r4s/src/install/orocos_kdl/lib:/home/wasim/r4s/src/install/coord2b/lib:${LD_LIBRARY_PATH} PKG_CONFIG_PATH=/home/wasim/r4s/src/install/orocos_kdl/lib/x86_64-linux-gnu/pkgconfig:/home/wasim/r4s/src/install/orocos_kdl/lib/pkgconfig /usr/bin/cmake /home/wasim/r4s/src/eddie-ros -DCMAKE_INSTALL_PREFIX=/home/wasim/r4s/src/install/eddie_ros
[0.517s] Level 1:colcon.colcon_core.environment:create_environment_scripts_only(kinova_vision)
[0.517s] Level 1:colcon.colcon_core.environment:checking '/home/wasim/r4s/src/install/kinova_vision' for CMake module files
[0.518s] DEBUG:colcon.colcon_core.event_handler.log_command:Invoking command in '/home/wasim/r4s/src/build/python_orocos_kdl': CMAKE_MODULE_PATH=/home/wasim/r4s/src/install/orocos_kdl/share/orocos_kdl/cmake CMAKE_PREFIX_PATH=/home/wasim/r4s/src/install/orocos_kdl:${CMAKE_PREFIX_PATH} DEBUGINFOD_URLS=https://debuginfod.ubuntu.com LD_LIBRARY_PATH=/home/wasim/r4s/src/install/orocos_kdl/lib:${LD_LIBRARY_PATH} PKG_CONFIG_PATH=/home/wasim/r4s/src/install/orocos_kdl/lib/x86_64-linux-gnu/pkgconfig:/home/wasim/r4s/src/install/orocos_kdl/lib/pkgconfig /usr/bin/cmake --build /home/wasim/r4s/src/build/python_orocos_kdl -- -j16 -l16
[0.518s] DEBUG:colcon.colcon_core.event_handler.log_command:Invoked command in '/home/wasim/r4s/src/build/kinova_vision' returned '0': CMAKE_PREFIX_PATH=${CMAKE_PREFIX_PATH}:/opt/ros/jazzy DEBUGINFOD_URLS=https://debuginfod.ubuntu.com /usr/bin/cmake --install /home/wasim/r4s/src/build/kinova_vision
[0.519s] Level 1:colcon.colcon_core.environment:checking '/home/wasim/r4s/src/install/kinova_vision' for CMake config files
[0.519s] Level 1:colcon.colcon_core.shell:create_environment_hook('kinova_vision', 'cmake_prefix_path')
[0.519s] INFO:colcon.colcon_core.shell:Creating environment hook '/home/wasim/r4s/src/install/kinova_vision/share/kinova_vision/hook/cmake_prefix_path.ps1'
[0.519s] INFO:colcon.colcon_core.shell:Creating environment descriptor '/home/wasim/r4s/src/install/kinova_vision/share/kinova_vision/hook/cmake_prefix_path.dsv'
[0.520s] INFO:colcon.colcon_core.shell:Creating environment hook '/home/wasim/r4s/src/install/kinova_vision/share/kinova_vision/hook/cmake_prefix_path.sh'
[0.520s] Level 1:colcon.colcon_core.environment:checking '/home/wasim/r4s/src/install/kinova_vision/lib'
[0.521s] Level 1:colcon.colcon_core.shell:create_environment_hook('kinova_vision', 'ld_library_path_lib')
[0.521s] INFO:colcon.colcon_core.shell:Creating environment hook '/home/wasim/r4s/src/install/kinova_vision/share/kinova_vision/hook/ld_library_path_lib.ps1'
[0.521s] INFO:colcon.colcon_core.shell:Creating environment descriptor '/home/wasim/r4s/src/install/kinova_vision/share/kinova_vision/hook/ld_library_path_lib.dsv'
[0.522s] INFO:colcon.colcon_core.shell:Creating environment hook '/home/wasim/r4s/src/install/kinova_vision/share/kinova_vision/hook/ld_library_path_lib.sh'
[0.522s] Level 1:colcon.colcon_core.environment:checking '/home/wasim/r4s/src/install/kinova_vision/bin'
[0.522s] Level 1:colcon.colcon_core.environment:checking '/home/wasim/r4s/src/install/kinova_vision/lib/pkgconfig/kinova_vision.pc'
[0.523s] Level 1:colcon.colcon_core.environment:checking '/home/wasim/r4s/src/install/kinova_vision/lib/python3.12/site-packages'
[0.523s] Level 1:colcon.colcon_core.environment:checking '/home/wasim/r4s/src/install/kinova_vision/bin'
[0.523s] INFO:colcon.colcon_core.shell:Creating package script '/home/wasim/r4s/src/install/kinova_vision/share/kinova_vision/package.ps1'
[0.524s] INFO:colcon.colcon_core.shell:Creating package descriptor '/home/wasim/r4s/src/install/kinova_vision/share/kinova_vision/package.dsv'
[0.524s] INFO:colcon.colcon_core.shell:Creating package script '/home/wasim/r4s/src/install/kinova_vision/share/kinova_vision/package.sh'
[0.524s] INFO:colcon.colcon_core.shell:Creating package script '/home/wasim/r4s/src/install/kinova_vision/share/kinova_vision/package.bash'
[0.525s] INFO:colcon.colcon_core.shell:Creating package script '/home/wasim/r4s/src/install/kinova_vision/share/kinova_vision/package.zsh'
[0.525s] Level 1:colcon.colcon_core.environment:create_file_with_runtime_dependencies(/home/wasim/r4s/src/install/kinova_vision/share/colcon-core/packages/kinova_vision)
[0.526s] Level 1:colcon.colcon_core.environment:create_environment_scripts_only(kinova_vision)
[0.526s] Level 1:colcon.colcon_core.environment:checking '/home/wasim/r4s/src/install/kinova_vision' for CMake module files
[0.527s] Level 1:colcon.colcon_core.environment:checking '/home/wasim/r4s/src/install/kinova_vision' for CMake config files
[0.527s] Level 1:colcon.colcon_core.shell:create_environment_hook('kinova_vision', 'cmake_prefix_path')
[0.527s] INFO:colcon.colcon_core.shell:Creating environment hook '/home/wasim/r4s/src/install/kinova_vision/share/kinova_vision/hook/cmake_prefix_path.ps1'
[0.527s] INFO:colcon.colcon_core.shell:Creating environment descriptor '/home/wasim/r4s/src/install/kinova_vision/share/kinova_vision/hook/cmake_prefix_path.dsv'
[0.528s] INFO:colcon.colcon_core.shell:Creating environment hook '/home/wasim/r4s/src/install/kinova_vision/share/kinova_vision/hook/cmake_prefix_path.sh'
[0.528s] Level 1:colcon.colcon_core.environment:checking '/home/wasim/r4s/src/install/kinova_vision/lib'
[0.528s] Level 1:colcon.colcon_core.shell:create_environment_hook('kinova_vision', 'ld_library_path_lib')
[0.529s] INFO:colcon.colcon_core.shell:Creating environment hook '/home/wasim/r4s/src/install/kinova_vision/share/kinova_vision/hook/ld_library_path_lib.ps1'
[0.529s] INFO:colcon.colcon_core.shell:Creating environment descriptor '/home/wasim/r4s/src/install/kinova_vision/share/kinova_vision/hook/ld_library_path_lib.dsv'
[0.529s] INFO:colcon.colcon_core.shell:Creating environment hook '/home/wasim/r4s/src/install/kinova_vision/share/kinova_vision/hook/ld_library_path_lib.sh'
[0.530s] Level 1:colcon.colcon_core.environment:checking '/home/wasim/r4s/src/install/kinova_vision/bin'
[0.530s] Level 1:colcon.colcon_core.environment:checking '/home/wasim/r4s/src/install/kinova_vision/lib/pkgconfig/kinova_vision.pc'
[0.530s] Level 1:colcon.colcon_core.environment:checking '/home/wasim/r4s/src/install/kinova_vision/lib/python3.12/site-packages'
[0.530s] Level 1:colcon.colcon_core.environment:checking '/home/wasim/r4s/src/install/kinova_vision/bin'
[0.531s] INFO:colcon.colcon_core.shell:Creating package script '/home/wasim/r4s/src/install/kinova_vision/share/kinova_vision/package.ps1'
[0.531s] INFO:colcon.colcon_core.shell:Creating package descriptor '/home/wasim/r4s/src/install/kinova_vision/share/kinova_vision/package.dsv'
[0.532s] INFO:colcon.colcon_core.shell:Creating package script '/home/wasim/r4s/src/install/kinova_vision/share/kinova_vision/package.sh'
[0.532s] INFO:colcon.colcon_core.shell:Creating package script '/home/wasim/r4s/src/install/kinova_vision/share/kinova_vision/package.bash'
[0.533s] INFO:colcon.colcon_core.shell:Creating package script '/home/wasim/r4s/src/install/kinova_vision/share/kinova_vision/package.zsh'
[0.533s] Level 1:colcon.colcon_core.environment:create_file_with_runtime_dependencies(/home/wasim/r4s/src/install/kinova_vision/share/colcon-core/packages/kinova_vision)
[0.618s] DEBUG:colcon.colcon_core.event_handler.log_command:Invoked command in '/home/wasim/r4s/src/build/python_orocos_kdl' returned '0': CMAKE_MODULE_PATH=/home/wasim/r4s/src/install/orocos_kdl/share/orocos_kdl/cmake CMAKE_PREFIX_PATH=/home/wasim/r4s/src/install/orocos_kdl:${CMAKE_PREFIX_PATH} DEBUGINFOD_URLS=https://debuginfod.ubuntu.com LD_LIBRARY_PATH=/home/wasim/r4s/src/install/orocos_kdl/lib:${LD_LIBRARY_PATH} PKG_CONFIG_PATH=/home/wasim/r4s/src/install/orocos_kdl/lib/x86_64-linux-gnu/pkgconfig:/home/wasim/r4s/src/install/orocos_kdl/lib/pkgconfig /usr/bin/cmake --build /home/wasim/r4s/src/build/python_orocos_kdl -- -j16 -l16
[0.619s] DEBUG:colcon.colcon_core.event_handler.log_command:Invoking command in '/home/wasim/r4s/src/build/python_orocos_kdl': CMAKE_MODULE_PATH=/home/wasim/r4s/src/install/orocos_kdl/share/orocos_kdl/cmake CMAKE_PREFIX_PATH=/home/wasim/r4s/src/install/orocos_kdl:${CMAKE_PREFIX_PATH} DEBUGINFOD_URLS=https://debuginfod.ubuntu.com LD_LIBRARY_PATH=/home/wasim/r4s/src/install/orocos_kdl/lib:${LD_LIBRARY_PATH} PKG_CONFIG_PATH=/home/wasim/r4s/src/install/orocos_kdl/lib/x86_64-linux-gnu/pkgconfig:/home/wasim/r4s/src/install/orocos_kdl/lib/pkgconfig /usr/bin/cmake --install /home/wasim/r4s/src/build/python_orocos_kdl
[0.634s] DEBUG:colcon.colcon_core.event_handler.log_command:Invoked command in '/home/wasim/r4s/src/build/python_orocos_kdl' returned '0': CMAKE_MODULE_PATH=/home/wasim/r4s/src/install/orocos_kdl/share/orocos_kdl/cmake CMAKE_PREFIX_PATH=/home/wasim/r4s/src/install/orocos_kdl:${CMAKE_PREFIX_PATH} DEBUGINFOD_URLS=https://debuginfod.ubuntu.com LD_LIBRARY_PATH=/home/wasim/r4s/src/install/orocos_kdl/lib:${LD_LIBRARY_PATH} PKG_CONFIG_PATH=/home/wasim/r4s/src/install/orocos_kdl/lib/x86_64-linux-gnu/pkgconfig:/home/wasim/r4s/src/install/orocos_kdl/lib/pkgconfig /usr/bin/cmake --install /home/wasim/r4s/src/build/python_orocos_kdl
[0.634s] Level 1:colcon.colcon_core.shell:create_environment_hook('python_orocos_kdl', 'ros_package_path')
[0.635s] INFO:colcon.colcon_core.shell:Creating environment hook '/home/wasim/r4s/src/install/python_orocos_kdl/share/python_orocos_kdl/hook/ros_package_path.ps1'
[0.635s] INFO:colcon.colcon_core.shell:Creating environment descriptor '/home/wasim/r4s/src/install/python_orocos_kdl/share/python_orocos_kdl/hook/ros_package_path.dsv'
[0.635s] INFO:colcon.colcon_core.shell:Creating environment hook '/home/wasim/r4s/src/install/python_orocos_kdl/share/python_orocos_kdl/hook/ros_package_path.sh'
[0.636s] Level 1:colcon.colcon_core.shell:create_environment_hook('python_orocos_kdl', 'pkg_config_path')
[0.636s] INFO:colcon.colcon_core.shell:Creating environment hook '/home/wasim/r4s/src/install/python_orocos_kdl/share/python_orocos_kdl/hook/pkg_config_path.ps1'
[0.637s] INFO:colcon.colcon_core.shell:Creating environment descriptor '/home/wasim/r4s/src/install/python_orocos_kdl/share/python_orocos_kdl/hook/pkg_config_path.dsv'
[0.637s] INFO:colcon.colcon_core.shell:Creating environment hook '/home/wasim/r4s/src/install/python_orocos_kdl/share/python_orocos_kdl/hook/pkg_config_path.sh'
[0.637s] Level 1:colcon.colcon_core.shell:create_environment_hook('python_orocos_kdl', 'pkg_config_path_multiarch')
[0.638s] INFO:colcon.colcon_core.shell:Creating environment hook '/home/wasim/r4s/src/install/python_orocos_kdl/share/python_orocos_kdl/hook/pkg_config_path_multiarch.ps1'
[0.638s] INFO:colcon.colcon_core.shell:Creating environment descriptor '/home/wasim/r4s/src/install/python_orocos_kdl/share/python_orocos_kdl/hook/pkg_config_path_multiarch.dsv'
[0.638s] INFO:colcon.colcon_core.shell:Creating environment hook '/home/wasim/r4s/src/install/python_orocos_kdl/share/python_orocos_kdl/hook/pkg_config_path_multiarch.sh'
[0.639s] Level 1:colcon.colcon_core.environment:create_environment_scripts_only(python_orocos_kdl)
[0.640s] Level 1:colcon.colcon_core.environment:checking '/home/wasim/r4s/src/install/python_orocos_kdl' for CMake module files
[0.640s] Level 1:colcon.colcon_core.environment:checking '/home/wasim/r4s/src/install/python_orocos_kdl' for CMake config files
[0.640s] Level 1:colcon.colcon_core.environment:checking '/home/wasim/r4s/src/install/python_orocos_kdl/lib'
[0.641s] Level 1:colcon.colcon_core.environment:checking '/home/wasim/r4s/src/install/python_orocos_kdl/bin'
[0.641s] Level 1:colcon.colcon_core.environment:checking '/home/wasim/r4s/src/install/python_orocos_kdl/lib/pkgconfig/python_orocos_kdl.pc'
[0.641s] Level 1:colcon.colcon_core.environment:checking '/home/wasim/r4s/src/install/python_orocos_kdl/lib/python3.12/site-packages'
[0.641s] Level 1:colcon.colcon_core.environment:checking '/home/wasim/r4s/src/install/python_orocos_kdl/bin'
[0.641s] INFO:colcon.colcon_core.shell:Creating package script '/home/wasim/r4s/src/install/python_orocos_kdl/share/python_orocos_kdl/package.ps1'
[0.642s] INFO:colcon.colcon_core.shell:Creating package descriptor '/home/wasim/r4s/src/install/python_orocos_kdl/share/python_orocos_kdl/package.dsv'
[0.642s] INFO:colcon.colcon_core.shell:Creating package script '/home/wasim/r4s/src/install/python_orocos_kdl/share/python_orocos_kdl/package.sh'
[0.643s] INFO:colcon.colcon_core.shell:Creating package script '/home/wasim/r4s/src/install/python_orocos_kdl/share/python_orocos_kdl/package.bash'
[0.643s] INFO:colcon.colcon_core.shell:Creating package script '/home/wasim/r4s/src/install/python_orocos_kdl/share/python_orocos_kdl/package.zsh'
[0.644s] Level 1:colcon.colcon_core.environment:create_file_with_runtime_dependencies(/home/wasim/r4s/src/install/python_orocos_kdl/share/colcon-core/packages/python_orocos_kdl)
[2.257s] DEBUG:colcon.colcon_core.event_handler.log_command:Invoked command in '/home/wasim/r4s/src/build/eddie_ros' returned '1': CMAKE_MODULE_PATH=/home/wasim/r4s/src/install/orocos_kdl/share/orocos_kdl/cmake CMAKE_PREFIX_PATH=/home/wasim/r4s/src/install/robif2b:/home/wasim/r4s/src/install/orocos_kdl:/home/wasim/r4s/src/install/coord2b:/opt/ros/jazzy/opt/gz_sim_vendor:/opt/ros/jazzy/opt/gz_sensors_vendor:/opt/ros/jazzy/opt/gz_physics_vendor:/opt/ros/jazzy/opt/sdformat_vendor:/opt/ros/jazzy/opt/gz_gui_vendor:/opt/ros/jazzy/opt/gz_transport_vendor:/opt/ros/jazzy/opt/gz_rendering_vendor:/opt/ros/jazzy/opt/gz_plugin_vendor:/opt/ros/jazzy/opt/gz_fuel_tools_vendor:/opt/ros/jazzy/opt/gz_msgs_vendor:/opt/ros/jazzy/opt/gz_common_vendor:/opt/ros/jazzy/opt/gz_math_vendor:/opt/ros/jazzy/opt/gz_utils_vendor:/opt/ros/jazzy/opt/gz_tools_vendor:/opt/ros/jazzy/opt/gz_ogre_next_vendor:/opt/ros/jazzy/opt/gz_dartsim_vendor:/opt/ros/jazzy/opt/gz_cmake_vendor:/opt/ros/jazzy DEBUGINFOD_URLS=https://debuginfod.ubuntu.com LD_LIBRARY_PATH=/home/wasim/r4s/src/install/robif2b/lib:/home/wasim/r4s/src/install/orocos_kdl/lib:/home/wasim/r4s/src/install/coord2b/lib:${LD_LIBRARY_PATH} PKG_CONFIG_PATH=/home/wasim/r4s/src/install/orocos_kdl/lib/x86_64-linux-gnu/pkgconfig:/home/wasim/r4s/src/install/orocos_kdl/lib/pkgconfig /usr/bin/cmake /home/wasim/r4s/src/eddie-ros -DCMAKE_INSTALL_PREFIX=/home/wasim/r4s/src/install/eddie_ros
[2.272s] Level 1:colcon.colcon_core.environment:create_environment_scripts_only(eddie_ros)
[2.272s] Level 1:colcon.colcon_core.environment:checking '/home/wasim/r4s/src/install/eddie_ros' for CMake module files
[2.273s] Level 1:colcon.colcon_core.environment:checking '/home/wasim/r4s/src/install/eddie_ros' for CMake config files
[2.273s] Level 1:colcon.colcon_core.environment:checking '/home/wasim/r4s/src/install/eddie_ros/bin'
[2.273s] Level 1:colcon.colcon_core.environment:checking '/home/wasim/r4s/src/install/eddie_ros/lib/pkgconfig/eddie_ros.pc'
[2.273s] Level 1:colcon.colcon_core.environment:checking '/home/wasim/r4s/src/install/eddie_ros/lib/python3.12/site-packages'
[2.274s] Level 1:colcon.colcon_core.environment:checking '/home/wasim/r4s/src/install/eddie_ros/bin'
[2.274s] INFO:colcon.colcon_core.shell:Creating package script '/home/wasim/r4s/src/install/eddie_ros/share/eddie_ros/package.ps1'
[2.274s] INFO:colcon.colcon_core.shell:Creating package descriptor '/home/wasim/r4s/src/install/eddie_ros/share/eddie_ros/package.dsv'
[2.274s] INFO:colcon.colcon_core.shell:Creating package script '/home/wasim/r4s/src/install/eddie_ros/share/eddie_ros/package.sh'
[2.275s] INFO:colcon.colcon_core.shell:Creating package script '/home/wasim/r4s/src/install/eddie_ros/share/eddie_ros/package.bash'
[2.275s] INFO:colcon.colcon_core.shell:Creating package script '/home/wasim/r4s/src/install/eddie_ros/share/eddie_ros/package.zsh'
[2.275s] Level 1:colcon.colcon_core.environment:create_file_with_runtime_dependencies(/home/wasim/r4s/src/install/eddie_ros/share/colcon-core/packages/eddie_ros)
[2.286s] DEBUG:colcon.colcon_parallel_executor.executor.parallel:closing loop
[2.286s] DEBUG:colcon.colcon_parallel_executor.executor.parallel:loop closed
[2.286s] DEBUG:colcon.colcon_parallel_executor.executor.parallel:run_until_complete finished with '1'
[2.286s] DEBUG:colcon.colcon_core.event_reactor:joining thread
[2.292s] INFO:colcon.colcon_core.plugin_system:Skipping extension 'colcon_notification.desktop_notification.terminal_notifier': Not used on non-Darwin systems
[2.292s] INFO:colcon.colcon_core.plugin_system:Skipping extension 'colcon_notification.desktop_notification.win32': Not used on non-Windows systems
[2.292s] INFO:colcon.colcon_notification.desktop_notification:Sending desktop notification using 'notify2'
[2.307s] DEBUG:colcon.colcon_core.event_reactor:joined thread
[2.307s] INFO:colcon.colcon_core.shell:Creating prefix script '/home/wasim/r4s/src/install/local_setup.ps1'
[2.308s] INFO:colcon.colcon_core.shell:Creating prefix util module '/home/wasim/r4s/src/install/_local_setup_util_ps1.py'
[2.309s] INFO:colcon.colcon_core.shell:Creating prefix chain script '/home/wasim/r4s/src/install/setup.ps1'
[2.310s] INFO:colcon.colcon_core.shell:Creating prefix script '/home/wasim/r4s/src/install/local_setup.sh'
[2.310s] INFO:colcon.colcon_core.shell:Creating prefix util module '/home/wasim/r4s/src/install/_local_setup_util_sh.py'
[2.311s] INFO:colcon.colcon_core.shell:Creating prefix chain script '/home/wasim/r4s/src/install/setup.sh'
[2.312s] INFO:colcon.colcon_core.shell:Creating prefix script '/home/wasim/r4s/src/install/local_setup.bash'
[2.312s] INFO:colcon.colcon_core.shell:Creating prefix chain script '/home/wasim/r4s/src/install/setup.bash'
[2.313s] INFO:colcon.colcon_core.shell:Creating prefix script '/home/wasim/r4s/src/install/local_setup.zsh'
[2.314s] INFO:colcon.colcon_core.shell:Creating prefix chain script '/home/wasim/r4s/src/install/setup.zsh'
