[0.280s] DEBUG:colcon:Command line arguments: ['/usr/bin/colcon', 'build']
[0.280s] DEBUG:colcon:Parsed command line arguments: Namespace(log_base=None, log_level=None, verb_name='build', build_base='build', install_base='install', merge_install=False, symlink_install=False, test_result_base=None, continue_on_error=False, executor='parallel', parallel_workers=16, event_handlers=None, ignore_user_meta=False, metas=['./colcon.meta'], base_paths=['.'], packages_ignore=None, packages_ignore_regex=None, paths=None, packages_up_to=None, packages_up_to_regex=None, packages_above=None, packages_above_and_dependencies=None, packages_above_depth=None, packages_select_by_dep=None, packages_skip_by_dep=None, packages_skip_up_to=None, packages_select_build_failed=False, packages_skip_build_finished=False, packages_select_test_failures=False, packages_skip_test_passed=False, packages_select=None, packages_skip=None, packages_select_regex=None, packages_skip_regex=None, packages_start=None, packages_end=None, allow_overriding=[], cmake_args=None, cmake_target=None, cmake_target_skip_unavailable=False, cmake_clean_cache=False, cmake_clean_first=False, cmake_force_configure=False, ament_cmake_args=None, catkin_cmake_args=None, catkin_skip_building_tests=False, mixin_files=None, mixin=None, verb_parser=<colcon_mixin.mixin.mixin_argument.MixinArgumentDecorator object at 0x76c6944c6450>, verb_extension=<colcon_core.verb.build.BuildVerb object at 0x76c6944c61b0>, main=<bound method BuildVerb.main of <colcon_core.verb.build.BuildVerb object at 0x76c6944c61b0>>, mixin_verb=('build',))
[0.376s] Level 1:colcon.colcon_core.package_discovery:discover_packages(colcon_meta) check parameters
[0.378s] INFO:colcon.colcon_metadata.package_discovery.colcon_meta:Using configuration from '/home/wasim/r4s/colcon.meta'
[0.378s] Level 1:colcon.colcon_core.package_discovery:discover_packages(recursive) check parameters
[0.378s] Level 1:colcon.colcon_core.package_discovery:discover_packages(ignore) check parameters
[0.378s] Level 1:colcon.colcon_core.package_discovery:discover_packages(path) check parameters
[0.378s] Level 1:colcon.colcon_core.package_discovery:discover_packages(colcon_meta) discover
[0.378s] Level 1:colcon.colcon_core.package_discovery:discover_packages(recursive) discover
[0.378s] INFO:colcon.colcon_core.package_discovery:Crawling recursively for packages in '/home/wasim/r4s'
[0.379s] Level 1:colcon.colcon_core.package_identification:_identify(.) by extensions ['ignore', 'ignore_ament_install']
[0.379s] Level 1:colcon.colcon_core.package_identification:_identify(.) by extension 'ignore'
[0.379s] Level 1:colcon.colcon_core.package_identification:_identify(.) by extension 'ignore_ament_install'
[0.379s] Level 1:colcon.colcon_core.package_identification:_identify(.) by extensions ['colcon_pkg']
[0.379s] Level 1:colcon.colcon_core.package_identification:_identify(.) by extension 'colcon_pkg'
[0.380s] Level 1:colcon.colcon_core.package_identification:_identify(.) by extensions ['colcon_meta']
[0.380s] Level 1:colcon.colcon_core.package_identification:_identify(.) by extension 'colcon_meta'
[0.380s] Level 1:colcon.colcon_core.package_identification:_identify(.) by extensions ['ros']
[0.380s] Level 1:colcon.colcon_core.package_identification:_identify(.) by extension 'ros'
[0.440s] Level 1:colcon.colcon_core.package_identification:_identify(.) by extensions ['cmake', 'python']
[0.440s] Level 1:colcon.colcon_core.package_identification:_identify(.) by extension 'cmake'
[0.440s] Level 1:colcon.colcon_core.package_identification:_identify(.) by extension 'python'
[0.440s] Level 1:colcon.colcon_core.package_identification:_identify(.) by extensions ['python_setup_py']
[0.440s] Level 1:colcon.colcon_core.package_identification:_identify(.) by extension 'python_setup_py'
[0.441s] Level 1:colcon.colcon_core.package_identification:_identify(build) by extensions ['ignore', 'ignore_ament_install']
[0.441s] Level 1:colcon.colcon_core.package_identification:_identify(build) by extension 'ignore'
[0.441s] Level 1:colcon.colcon_core.package_identification:_identify(build) ignored
[0.441s] Level 1:colcon.colcon_core.package_identification:_identify(install) by extensions ['ignore', 'ignore_ament_install']
[0.442s] Level 1:colcon.colcon_core.package_identification:_identify(install) by extension 'ignore'
[0.442s] Level 1:colcon.colcon_core.package_identification:_identify(install) ignored
[0.442s] Level 1:colcon.colcon_core.package_identification:_identify(log) by extensions ['ignore', 'ignore_ament_install']
[0.442s] Level 1:colcon.colcon_core.package_identification:_identify(log) by extension 'ignore'
[0.442s] Level 1:colcon.colcon_core.package_identification:_identify(log) ignored
[0.443s] Level 1:colcon.colcon_core.package_identification:_identify(src) by extensions ['ignore', 'ignore_ament_install']
[0.443s] Level 1:colcon.colcon_core.package_identification:_identify(src) by extension 'ignore'
[0.443s] Level 1:colcon.colcon_core.package_identification:_identify(src) by extension 'ignore_ament_install'
[0.443s] Level 1:colcon.colcon_core.package_identification:_identify(src) by extensions ['colcon_pkg']
[0.443s] Level 1:colcon.colcon_core.package_identification:_identify(src) by extension 'colcon_pkg'
[0.443s] Level 1:colcon.colcon_core.package_identification:_identify(src) by extensions ['colcon_meta']
[0.443s] Level 1:colcon.colcon_core.package_identification:_identify(src) by extension 'colcon_meta'
[0.444s] Level 1:colcon.colcon_core.package_identification:_identify(src) by extensions ['ros']
[0.444s] Level 1:colcon.colcon_core.package_identification:_identify(src) by extension 'ros'
[0.444s] Level 1:colcon.colcon_core.package_identification:_identify(src) by extensions ['cmake', 'python']
[0.444s] Level 1:colcon.colcon_core.package_identification:_identify(src) by extension 'cmake'
[0.444s] Level 1:colcon.colcon_core.package_identification:_identify(src) by extension 'python'
[0.444s] Level 1:colcon.colcon_core.package_identification:_identify(src) by extensions ['python_setup_py']
[0.444s] Level 1:colcon.colcon_core.package_identification:_identify(src) by extension 'python_setup_py'
[0.445s] Level 1:colcon.colcon_core.package_identification:_identify(src/build) by extensions ['ignore', 'ignore_ament_install']
[0.445s] Level 1:colcon.colcon_core.package_identification:_identify(src/build) by extension 'ignore'
[0.445s] Level 1:colcon.colcon_core.package_identification:_identify(src/build) ignored
[0.445s] Level 1:colcon.colcon_core.package_identification:_identify(src/coord-dsl) by extensions ['ignore', 'ignore_ament_install']
[0.445s] Level 1:colcon.colcon_core.package_identification:_identify(src/coord-dsl) by extension 'ignore'
[0.446s] Level 1:colcon.colcon_core.package_identification:_identify(src/coord-dsl) by extension 'ignore_ament_install'
[0.446s] Level 1:colcon.colcon_core.package_identification:_identify(src/coord-dsl) by extensions ['colcon_pkg']
[0.446s] Level 1:colcon.colcon_core.package_identification:_identify(src/coord-dsl) by extension 'colcon_pkg'
[0.446s] Level 1:colcon.colcon_core.package_identification:_identify(src/coord-dsl) by extensions ['colcon_meta']
[0.446s] Level 1:colcon.colcon_core.package_identification:_identify(src/coord-dsl) by extension 'colcon_meta'
[0.446s] Level 1:colcon.colcon_core.package_identification:_identify(src/coord-dsl) by extensions ['ros']
[0.446s] Level 1:colcon.colcon_core.package_identification:_identify(src/coord-dsl) by extension 'ros'
[0.446s] Level 1:colcon.colcon_core.package_identification:_identify(src/coord-dsl) by extensions ['cmake', 'python']
[0.446s] Level 1:colcon.colcon_core.package_identification:_identify(src/coord-dsl) by extension 'cmake'
[0.447s] Level 1:colcon.colcon_core.package_identification:_identify(src/coord-dsl) by extension 'python'
[0.447s] Level 1:colcon.colcon_core.package_identification:_identify(src/coord-dsl) by extensions ['python_setup_py']
[0.447s] Level 1:colcon.colcon_core.package_identification:_identify(src/coord-dsl) by extension 'python_setup_py'
[0.447s] Level 1:colcon.colcon_core.package_identification:_identify(src/coord-dsl/models) by extensions ['ignore', 'ignore_ament_install']
[0.447s] Level 1:colcon.colcon_core.package_identification:_identify(src/coord-dsl/models) by extension 'ignore'
[0.447s] Level 1:colcon.colcon_core.package_identification:_identify(src/coord-dsl/models) by extension 'ignore_ament_install'
[0.447s] Level 1:colcon.colcon_core.package_identification:_identify(src/coord-dsl/models) by extensions ['colcon_pkg']
[0.448s] Level 1:colcon.colcon_core.package_identification:_identify(src/coord-dsl/models) by extension 'colcon_pkg'
[0.448s] Level 1:colcon.colcon_core.package_identification:_identify(src/coord-dsl/models) by extensions ['colcon_meta']
[0.448s] Level 1:colcon.colcon_core.package_identification:_identify(src/coord-dsl/models) by extension 'colcon_meta'
[0.448s] Level 1:colcon.colcon_core.package_identification:_identify(src/coord-dsl/models) by extensions ['ros']
[0.448s] Level 1:colcon.colcon_core.package_identification:_identify(src/coord-dsl/models) by extension 'ros'
[0.448s] Level 1:colcon.colcon_core.package_identification:_identify(src/coord-dsl/models) by extensions ['cmake', 'python']
[0.448s] Level 1:colcon.colcon_core.package_identification:_identify(src/coord-dsl/models) by extension 'cmake'
[0.448s] Level 1:colcon.colcon_core.package_identification:_identify(src/coord-dsl/models) by extension 'python'
[0.448s] Level 1:colcon.colcon_core.package_identification:_identify(src/coord-dsl/models) by extensions ['python_setup_py']
[0.448s] Level 1:colcon.colcon_core.package_identification:_identify(src/coord-dsl/models) by extension 'python_setup_py'
[0.449s] Level 1:colcon.colcon_core.package_identification:_identify(src/coord-dsl/models/fsm) by extensions ['ignore', 'ignore_ament_install']
[0.449s] Level 1:colcon.colcon_core.package_identification:_identify(src/coord-dsl/models/fsm) by extension 'ignore'
[0.449s] Level 1:colcon.colcon_core.package_identification:_identify(src/coord-dsl/models/fsm) by extension 'ignore_ament_install'
[0.449s] Level 1:colcon.colcon_core.package_identification:_identify(src/coord-dsl/models/fsm) by extensions ['colcon_pkg']
[0.449s] Level 1:colcon.colcon_core.package_identification:_identify(src/coord-dsl/models/fsm) by extension 'colcon_pkg'
[0.449s] Level 1:colcon.colcon_core.package_identification:_identify(src/coord-dsl/models/fsm) by extensions ['colcon_meta']
[0.449s] Level 1:colcon.colcon_core.package_identification:_identify(src/coord-dsl/models/fsm) by extension 'colcon_meta'
[0.450s] Level 1:colcon.colcon_core.package_identification:_identify(src/coord-dsl/models/fsm) by extensions ['ros']
[0.450s] Level 1:colcon.colcon_core.package_identification:_identify(src/coord-dsl/models/fsm) by extension 'ros'
[0.450s] Level 1:colcon.colcon_core.package_identification:_identify(src/coord-dsl/models/fsm) by extensions ['cmake', 'python']
[0.450s] Level 1:colcon.colcon_core.package_identification:_identify(src/coord-dsl/models/fsm) by extension 'cmake'
[0.450s] Level 1:colcon.colcon_core.package_identification:_identify(src/coord-dsl/models/fsm) by extension 'python'
[0.450s] Level 1:colcon.colcon_core.package_identification:_identify(src/coord-dsl/models/fsm) by extensions ['python_setup_py']
[0.450s] Level 1:colcon.colcon_core.package_identification:_identify(src/coord-dsl/models/fsm) by extension 'python_setup_py'
[0.450s] Level 1:colcon.colcon_core.package_identification:_identify(src/coord-dsl/src) by extensions ['ignore', 'ignore_ament_install']
[0.451s] Level 1:colcon.colcon_core.package_identification:_identify(src/coord-dsl/src) by extension 'ignore'
[0.451s] Level 1:colcon.colcon_core.package_identification:_identify(src/coord-dsl/src) by extension 'ignore_ament_install'
[0.451s] Level 1:colcon.colcon_core.package_identification:_identify(src/coord-dsl/src) by extensions ['colcon_pkg']
[0.451s] Level 1:colcon.colcon_core.package_identification:_identify(src/coord-dsl/src) by extension 'colcon_pkg'
[0.451s] Level 1:colcon.colcon_core.package_identification:_identify(src/coord-dsl/src) by extensions ['colcon_meta']
[0.451s] Level 1:colcon.colcon_core.package_identification:_identify(src/coord-dsl/src) by extension 'colcon_meta'
[0.451s] Level 1:colcon.colcon_core.package_identification:_identify(src/coord-dsl/src) by extensions ['ros']
[0.451s] Level 1:colcon.colcon_core.package_identification:_identify(src/coord-dsl/src) by extension 'ros'
[0.452s] Level 1:colcon.colcon_core.package_identification:_identify(src/coord-dsl/src) by extensions ['cmake', 'python']
[0.452s] Level 1:colcon.colcon_core.package_identification:_identify(src/coord-dsl/src) by extension 'cmake'
[0.452s] Level 1:colcon.colcon_core.package_identification:_identify(src/coord-dsl/src) by extension 'python'
[0.452s] Level 1:colcon.colcon_core.package_identification:_identify(src/coord-dsl/src) by extensions ['python_setup_py']
[0.452s] Level 1:colcon.colcon_core.package_identification:_identify(src/coord-dsl/src) by extension 'python_setup_py'
[0.452s] Level 1:colcon.colcon_core.package_identification:_identify(src/coord-dsl/src/coord_dsl) by extensions ['ignore', 'ignore_ament_install']
[0.452s] Level 1:colcon.colcon_core.package_identification:_identify(src/coord-dsl/src/coord_dsl) by extension 'ignore'
[0.453s] Level 1:colcon.colcon_core.package_identification:_identify(src/coord-dsl/src/coord_dsl) by extension 'ignore_ament_install'
[0.453s] Level 1:colcon.colcon_core.package_identification:_identify(src/coord-dsl/src/coord_dsl) by extensions ['colcon_pkg']
[0.453s] Level 1:colcon.colcon_core.package_identification:_identify(src/coord-dsl/src/coord_dsl) by extension 'colcon_pkg'
[0.453s] Level 1:colcon.colcon_core.package_identification:_identify(src/coord-dsl/src/coord_dsl) by extensions ['colcon_meta']
[0.453s] Level 1:colcon.colcon_core.package_identification:_identify(src/coord-dsl/src/coord_dsl) by extension 'colcon_meta'
[0.453s] Level 1:colcon.colcon_core.package_identification:_identify(src/coord-dsl/src/coord_dsl) by extensions ['ros']
[0.453s] Level 1:colcon.colcon_core.package_identification:_identify(src/coord-dsl/src/coord_dsl) by extension 'ros'
[0.453s] Level 1:colcon.colcon_core.package_identification:_identify(src/coord-dsl/src/coord_dsl) by extensions ['cmake', 'python']
[0.453s] Level 1:colcon.colcon_core.package_identification:_identify(src/coord-dsl/src/coord_dsl) by extension 'cmake'
[0.453s] Level 1:colcon.colcon_core.package_identification:_identify(src/coord-dsl/src/coord_dsl) by extension 'python'
[0.454s] Level 1:colcon.colcon_core.package_identification:_identify(src/coord-dsl/src/coord_dsl) by extensions ['python_setup_py']
[0.454s] Level 1:colcon.colcon_core.package_identification:_identify(src/coord-dsl/src/coord_dsl) by extension 'python_setup_py'
[0.454s] Level 1:colcon.colcon_core.package_identification:_identify(src/coord-dsl/src/coord_dsl/generators) by extensions ['ignore', 'ignore_ament_install']
[0.454s] Level 1:colcon.colcon_core.package_identification:_identify(src/coord-dsl/src/coord_dsl/generators) by extension 'ignore'
[0.454s] Level 1:colcon.colcon_core.package_identification:_identify(src/coord-dsl/src/coord_dsl/generators) by extension 'ignore_ament_install'
[0.454s] Level 1:colcon.colcon_core.package_identification:_identify(src/coord-dsl/src/coord_dsl/generators) by extensions ['colcon_pkg']
[0.454s] Level 1:colcon.colcon_core.package_identification:_identify(src/coord-dsl/src/coord_dsl/generators) by extension 'colcon_pkg'
[0.455s] Level 1:colcon.colcon_core.package_identification:_identify(src/coord-dsl/src/coord_dsl/generators) by extensions ['colcon_meta']
[0.455s] Level 1:colcon.colcon_core.package_identification:_identify(src/coord-dsl/src/coord_dsl/generators) by extension 'colcon_meta'
[0.455s] Level 1:colcon.colcon_core.package_identification:_identify(src/coord-dsl/src/coord_dsl/generators) by extensions ['ros']
[0.455s] Level 1:colcon.colcon_core.package_identification:_identify(src/coord-dsl/src/coord_dsl/generators) by extension 'ros'
[0.455s] Level 1:colcon.colcon_core.package_identification:_identify(src/coord-dsl/src/coord_dsl/generators) by extensions ['cmake', 'python']
[0.455s] Level 1:colcon.colcon_core.package_identification:_identify(src/coord-dsl/src/coord_dsl/generators) by extension 'cmake'
[0.455s] Level 1:colcon.colcon_core.package_identification:_identify(src/coord-dsl/src/coord_dsl/generators) by extension 'python'
[0.455s] Level 1:colcon.colcon_core.package_identification:_identify(src/coord-dsl/src/coord_dsl/generators) by extensions ['python_setup_py']
[0.455s] Level 1:colcon.colcon_core.package_identification:_identify(src/coord-dsl/src/coord_dsl/generators) by extension 'python_setup_py'
[0.456s] Level 1:colcon.colcon_core.package_identification:_identify(src/coord-dsl/src/coord_dsl/metamodels) by extensions ['ignore', 'ignore_ament_install']
[0.456s] Level 1:colcon.colcon_core.package_identification:_identify(src/coord-dsl/src/coord_dsl/metamodels) by extension 'ignore'
[0.456s] Level 1:colcon.colcon_core.package_identification:_identify(src/coord-dsl/src/coord_dsl/metamodels) by extension 'ignore_ament_install'
[0.456s] Level 1:colcon.colcon_core.package_identification:_identify(src/coord-dsl/src/coord_dsl/metamodels) by extensions ['colcon_pkg']
[0.456s] Level 1:colcon.colcon_core.package_identification:_identify(src/coord-dsl/src/coord_dsl/metamodels) by extension 'colcon_pkg'
[0.456s] Level 1:colcon.colcon_core.package_identification:_identify(src/coord-dsl/src/coord_dsl/metamodels) by extensions ['colcon_meta']
[0.456s] Level 1:colcon.colcon_core.package_identification:_identify(src/coord-dsl/src/coord_dsl/metamodels) by extension 'colcon_meta'
[0.457s] Level 1:colcon.colcon_core.package_identification:_identify(src/coord-dsl/src/coord_dsl/metamodels) by extensions ['ros']
[0.457s] Level 1:colcon.colcon_core.package_identification:_identify(src/coord-dsl/src/coord_dsl/metamodels) by extension 'ros'
[0.457s] Level 1:colcon.colcon_core.package_identification:_identify(src/coord-dsl/src/coord_dsl/metamodels) by extensions ['cmake', 'python']
[0.457s] Level 1:colcon.colcon_core.package_identification:_identify(src/coord-dsl/src/coord_dsl/metamodels) by extension 'cmake'
[0.457s] Level 1:colcon.colcon_core.package_identification:_identify(src/coord-dsl/src/coord_dsl/metamodels) by extension 'python'
[0.457s] Level 1:colcon.colcon_core.package_identification:_identify(src/coord-dsl/src/coord_dsl/metamodels) by extensions ['python_setup_py']
[0.457s] Level 1:colcon.colcon_core.package_identification:_identify(src/coord-dsl/src/coord_dsl/metamodels) by extension 'python_setup_py'
[0.457s] Level 1:colcon.colcon_core.package_identification:_identify(src/coord-dsl/src/coord_dsl/templates) by extensions ['ignore', 'ignore_ament_install']
[0.458s] Level 1:colcon.colcon_core.package_identification:_identify(src/coord-dsl/src/coord_dsl/templates) by extension 'ignore'
[0.458s] Level 1:colcon.colcon_core.package_identification:_identify(src/coord-dsl/src/coord_dsl/templates) by extension 'ignore_ament_install'
[0.458s] Level 1:colcon.colcon_core.package_identification:_identify(src/coord-dsl/src/coord_dsl/templates) by extensions ['colcon_pkg']
[0.458s] Level 1:colcon.colcon_core.package_identification:_identify(src/coord-dsl/src/coord_dsl/templates) by extension 'colcon_pkg'
[0.458s] Level 1:colcon.colcon_core.package_identification:_identify(src/coord-dsl/src/coord_dsl/templates) by extensions ['colcon_meta']
[0.458s] Level 1:colcon.colcon_core.package_identification:_identify(src/coord-dsl/src/coord_dsl/templates) by extension 'colcon_meta'
[0.458s] Level 1:colcon.colcon_core.package_identification:_identify(src/coord-dsl/src/coord_dsl/templates) by extensions ['ros']
[0.458s] Level 1:colcon.colcon_core.package_identification:_identify(src/coord-dsl/src/coord_dsl/templates) by extension 'ros'
[0.458s] Level 1:colcon.colcon_core.package_identification:_identify(src/coord-dsl/src/coord_dsl/templates) by extensions ['cmake', 'python']
[0.459s] Level 1:colcon.colcon_core.package_identification:_identify(src/coord-dsl/src/coord_dsl/templates) by extension 'cmake'
[0.459s] Level 1:colcon.colcon_core.package_identification:_identify(src/coord-dsl/src/coord_dsl/templates) by extension 'python'
[0.459s] Level 1:colcon.colcon_core.package_identification:_identify(src/coord-dsl/src/coord_dsl/templates) by extensions ['python_setup_py']
[0.459s] Level 1:colcon.colcon_core.package_identification:_identify(src/coord-dsl/src/coord_dsl/templates) by extension 'python_setup_py'
[0.459s] Level 1:colcon.colcon_core.package_identification:_identify(src/coord2b) by extensions ['ignore', 'ignore_ament_install']
[0.459s] Level 1:colcon.colcon_core.package_identification:_identify(src/coord2b) by extension 'ignore'
[0.459s] Level 1:colcon.colcon_core.package_identification:_identify(src/coord2b) by extension 'ignore_ament_install'
[0.460s] Level 1:colcon.colcon_core.package_identification:_identify(src/coord2b) by extensions ['colcon_pkg']
[0.460s] Level 1:colcon.colcon_core.package_identification:_identify(src/coord2b) by extension 'colcon_pkg'
[0.460s] Level 1:colcon.colcon_core.package_identification:_identify(src/coord2b) by extensions ['colcon_meta']
[0.460s] Level 1:colcon.colcon_core.package_identification:_identify(src/coord2b) by extension 'colcon_meta'
[0.460s] Level 1:colcon.colcon_core.package_identification:_identify(src/coord2b) by extensions ['ros']
[0.460s] Level 1:colcon.colcon_core.package_identification:_identify(src/coord2b) by extension 'ros'
[0.460s] Level 1:colcon.colcon_core.package_identification:_identify(src/coord2b) by extensions ['cmake', 'python']
[0.460s] Level 1:colcon.colcon_core.package_identification:_identify(src/coord2b) by extension 'cmake'
[0.464s] Level 1:colcon.colcon_core.package_identification:_identify(src/coord2b) by extension 'python'
[0.464s] DEBUG:colcon.colcon_core.package_identification:Package 'src/coord2b' with type 'cmake' and name 'coord2b'
[0.464s] Level 1:colcon.colcon_core.package_identification:_identify(src/eddie-ros) by extensions ['ignore', 'ignore_ament_install']
[0.465s] Level 1:colcon.colcon_core.package_identification:_identify(src/eddie-ros) by extension 'ignore'
[0.465s] Level 1:colcon.colcon_core.package_identification:_identify(src/eddie-ros) by extension 'ignore_ament_install'
[0.465s] Level 1:colcon.colcon_core.package_identification:_identify(src/eddie-ros) by extensions ['colcon_pkg']
[0.465s] Level 1:colcon.colcon_core.package_identification:_identify(src/eddie-ros) by extension 'colcon_pkg'
[0.465s] Level 1:colcon.colcon_core.package_identification:_identify(src/eddie-ros) by extensions ['colcon_meta']
[0.465s] Level 1:colcon.colcon_core.package_identification:_identify(src/eddie-ros) by extension 'colcon_meta'
[0.465s] Level 1:colcon.colcon_core.package_identification:_identify(src/eddie-ros) by extensions ['ros']
[0.465s] Level 1:colcon.colcon_core.package_identification:_identify(src/eddie-ros) by extension 'ros'
[0.471s] DEBUG:colcon.colcon_core.package_identification:Package 'src/eddie-ros' with type 'ros.ament_cmake' and name 'eddie-ros'
[0.471s] Level 1:colcon.colcon_core.package_identification:_identify(src/eddie_pmu_control) by extensions ['ignore', 'ignore_ament_install']
[0.471s] Level 1:colcon.colcon_core.package_identification:_identify(src/eddie_pmu_control) by extension 'ignore'
[0.471s] Level 1:colcon.colcon_core.package_identification:_identify(src/eddie_pmu_control) by extension 'ignore_ament_install'
[0.471s] Level 1:colcon.colcon_core.package_identification:_identify(src/eddie_pmu_control) by extensions ['colcon_pkg']
[0.471s] Level 1:colcon.colcon_core.package_identification:_identify(src/eddie_pmu_control) by extension 'colcon_pkg'
[0.472s] Level 1:colcon.colcon_core.package_identification:_identify(src/eddie_pmu_control) by extensions ['colcon_meta']
[0.472s] Level 1:colcon.colcon_core.package_identification:_identify(src/eddie_pmu_control) by extension 'colcon_meta'
[0.472s] Level 1:colcon.colcon_core.package_identification:_identify(src/eddie_pmu_control) by extensions ['ros']
[0.472s] Level 1:colcon.colcon_core.package_identification:_identify(src/eddie_pmu_control) by extension 'ros'
[0.472s] Level 1:colcon.colcon_core.package_identification:_identify(src/eddie_pmu_control) by extensions ['cmake', 'python']
[0.472s] Level 1:colcon.colcon_core.package_identification:_identify(src/eddie_pmu_control) by extension 'cmake'
[0.473s] Level 1:colcon.colcon_core.package_identification:_identify(src/eddie_pmu_control) by extension 'python'
[0.473s] DEBUG:colcon.colcon_core.package_identification:Package 'src/eddie_pmu_control' with type 'cmake' and name 'eddie_pmu_control'
[0.473s] Level 1:colcon.colcon_core.package_identification:_identify(src/install) by extensions ['ignore', 'ignore_ament_install']
[0.473s] Level 1:colcon.colcon_core.package_identification:_identify(src/install) by extension 'ignore'
[0.474s] Level 1:colcon.colcon_core.package_identification:_identify(src/install) ignored
[0.474s] Level 1:colcon.colcon_core.package_identification:_identify(src/log) by extensions ['ignore', 'ignore_ament_install']
[0.474s] Level 1:colcon.colcon_core.package_identification:_identify(src/log) by extension 'ignore'
[0.474s] Level 1:colcon.colcon_core.package_identification:_identify(src/log) ignored
[0.474s] Level 1:colcon.colcon_core.package_identification:_identify(src/orocos_kinematics_dynamics) by extensions ['ignore', 'ignore_ament_install']
[0.475s] Level 1:colcon.colcon_core.package_identification:_identify(src/orocos_kinematics_dynamics) by extension 'ignore'
[0.475s] Level 1:colcon.colcon_core.package_identification:_identify(src/orocos_kinematics_dynamics) by extension 'ignore_ament_install'
[0.475s] Level 1:colcon.colcon_core.package_identification:_identify(src/orocos_kinematics_dynamics) by extensions ['colcon_pkg']
[0.475s] Level 1:colcon.colcon_core.package_identification:_identify(src/orocos_kinematics_dynamics) by extension 'colcon_pkg'
[0.475s] Level 1:colcon.colcon_core.package_identification:_identify(src/orocos_kinematics_dynamics) by extensions ['colcon_meta']
[0.475s] Level 1:colcon.colcon_core.package_identification:_identify(src/orocos_kinematics_dynamics) by extension 'colcon_meta'
[0.475s] Level 1:colcon.colcon_core.package_identification:_identify(src/orocos_kinematics_dynamics) by extensions ['ros']
[0.475s] Level 1:colcon.colcon_core.package_identification:_identify(src/orocos_kinematics_dynamics) by extension 'ros'
[0.475s] Level 1:colcon.colcon_core.package_identification:_identify(src/orocos_kinematics_dynamics) by extensions ['cmake', 'python']
[0.475s] Level 1:colcon.colcon_core.package_identification:_identify(src/orocos_kinematics_dynamics) by extension 'cmake'
[0.476s] Level 1:colcon.colcon_core.package_identification:_identify(src/orocos_kinematics_dynamics) by extension 'python'
[0.476s] Level 1:colcon.colcon_core.package_identification:_identify(src/orocos_kinematics_dynamics) by extensions ['python_setup_py']
[0.476s] Level 1:colcon.colcon_core.package_identification:_identify(src/orocos_kinematics_dynamics) by extension 'python_setup_py'
[0.476s] Level 1:colcon.colcon_core.package_identification:_identify(src/orocos_kinematics_dynamics/orocos_kdl) by extensions ['ignore', 'ignore_ament_install']
[0.476s] Level 1:colcon.colcon_core.package_identification:_identify(src/orocos_kinematics_dynamics/orocos_kdl) by extension 'ignore'
[0.476s] Level 1:colcon.colcon_core.package_identification:_identify(src/orocos_kinematics_dynamics/orocos_kdl) by extension 'ignore_ament_install'
[0.477s] Level 1:colcon.colcon_core.package_identification:_identify(src/orocos_kinematics_dynamics/orocos_kdl) by extensions ['colcon_pkg']
[0.477s] Level 1:colcon.colcon_core.package_identification:_identify(src/orocos_kinematics_dynamics/orocos_kdl) by extension 'colcon_pkg'
[0.477s] Level 1:colcon.colcon_core.package_identification:_identify(src/orocos_kinematics_dynamics/orocos_kdl) by extensions ['colcon_meta']
[0.477s] Level 1:colcon.colcon_core.package_identification:_identify(src/orocos_kinematics_dynamics/orocos_kdl) by extension 'colcon_meta'
[0.477s] Level 1:colcon.colcon_core.package_identification:_identify(src/orocos_kinematics_dynamics/orocos_kdl) by extensions ['ros']
[0.477s] Level 1:colcon.colcon_core.package_identification:_identify(src/orocos_kinematics_dynamics/orocos_kdl) by extension 'ros'
[0.478s] DEBUG:colcon.colcon_core.package_identification:Package 'src/orocos_kinematics_dynamics/orocos_kdl' with type 'ros.cmake' and name 'orocos_kdl'
[0.478s] Level 1:colcon.colcon_core.package_identification:_identify(src/orocos_kinematics_dynamics/python_orocos_kdl) by extensions ['ignore', 'ignore_ament_install']
[0.479s] Level 1:colcon.colcon_core.package_identification:_identify(src/orocos_kinematics_dynamics/python_orocos_kdl) by extension 'ignore'
[0.479s] Level 1:colcon.colcon_core.package_identification:_identify(src/orocos_kinematics_dynamics/python_orocos_kdl) by extension 'ignore_ament_install'
[0.479s] Level 1:colcon.colcon_core.package_identification:_identify(src/orocos_kinematics_dynamics/python_orocos_kdl) by extensions ['colcon_pkg']
[0.479s] Level 1:colcon.colcon_core.package_identification:_identify(src/orocos_kinematics_dynamics/python_orocos_kdl) by extension 'colcon_pkg'
[0.479s] Level 1:colcon.colcon_core.package_identification:_identify(src/orocos_kinematics_dynamics/python_orocos_kdl) by extensions ['colcon_meta']
[0.479s] Level 1:colcon.colcon_core.package_identification:_identify(src/orocos_kinematics_dynamics/python_orocos_kdl) by extension 'colcon_meta'
[0.479s] Level 1:colcon.colcon_core.package_identification:_identify(src/orocos_kinematics_dynamics/python_orocos_kdl) by extensions ['ros']
[0.479s] Level 1:colcon.colcon_core.package_identification:_identify(src/orocos_kinematics_dynamics/python_orocos_kdl) by extension 'ros'
[0.481s] DEBUG:colcon.colcon_core.package_identification:Package 'src/orocos_kinematics_dynamics/python_orocos_kdl' with type 'ros.catkin' and name 'python_orocos_kdl'
[0.481s] Level 1:colcon.colcon_core.package_identification:_identify(src/robif2b) by extensions ['ignore', 'ignore_ament_install']
[0.481s] Level 1:colcon.colcon_core.package_identification:_identify(src/robif2b) by extension 'ignore'
[0.481s] Level 1:colcon.colcon_core.package_identification:_identify(src/robif2b) by extension 'ignore_ament_install'
[0.482s] Level 1:colcon.colcon_core.package_identification:_identify(src/robif2b) by extensions ['colcon_pkg']
[0.482s] Level 1:colcon.colcon_core.package_identification:_identify(src/robif2b) by extension 'colcon_pkg'
[0.482s] Level 1:colcon.colcon_core.package_identification:_identify(src/robif2b) by extensions ['colcon_meta']
[0.482s] Level 1:colcon.colcon_core.package_identification:_identify(src/robif2b) by extension 'colcon_meta'
[0.482s] Level 1:colcon.colcon_core.package_identification:_identify(src/robif2b) by extensions ['ros']
[0.482s] Level 1:colcon.colcon_core.package_identification:_identify(src/robif2b) by extension 'ros'
[0.482s] Level 1:colcon.colcon_core.package_identification:_identify(src/robif2b) by extensions ['cmake', 'python']
[0.482s] Level 1:colcon.colcon_core.package_identification:_identify(src/robif2b) by extension 'cmake'
[0.486s] Level 1:colcon.colcon_core.package_identification:_identify(src/robif2b) by extension 'python'
[0.487s] DEBUG:colcon.colcon_core.package_identification:Package 'src/robif2b' with type 'cmake' and name 'robif2b'
[0.487s] Level 1:colcon.colcon_core.package_identification:_identify(src/ros2_kortex_vision) by extensions ['ignore', 'ignore_ament_install']
[0.487s] Level 1:colcon.colcon_core.package_identification:_identify(src/ros2_kortex_vision) by extension 'ignore'
[0.487s] Level 1:colcon.colcon_core.package_identification:_identify(src/ros2_kortex_vision) by extension 'ignore_ament_install'
[0.487s] Level 1:colcon.colcon_core.package_identification:_identify(src/ros2_kortex_vision) by extensions ['colcon_pkg']
[0.487s] Level 1:colcon.colcon_core.package_identification:_identify(src/ros2_kortex_vision) by extension 'colcon_pkg'
[0.487s] Level 1:colcon.colcon_core.package_identification:_identify(src/ros2_kortex_vision) by extensions ['colcon_meta']
[0.488s] Level 1:colcon.colcon_core.package_identification:_identify(src/ros2_kortex_vision) by extension 'colcon_meta'
[0.488s] Level 1:colcon.colcon_core.package_identification:_identify(src/ros2_kortex_vision) by extensions ['ros']
[0.488s] Level 1:colcon.colcon_core.package_identification:_identify(src/ros2_kortex_vision) by extension 'ros'
[0.490s] DEBUG:colcon.colcon_core.package_identification:Package 'src/ros2_kortex_vision' with type 'ros.ament_cmake' and name 'kinova_vision'
[0.490s] Level 1:colcon.colcon_core.package_discovery:discover_packages(recursive) using defaults
[0.490s] Level 1:colcon.colcon_core.package_discovery:discover_packages(ignore) discover
[0.490s] Level 1:colcon.colcon_core.package_discovery:discover_packages(ignore) using defaults
[0.490s] Level 1:colcon.colcon_core.package_discovery:discover_packages(path) discover
[0.490s] Level 1:colcon.colcon_core.package_discovery:discover_packages(path) using defaults
[0.535s] Level 1:colcon.colcon_core.package_discovery:discover_packages(prefix_path) check parameters
[0.535s] Level 1:colcon.colcon_core.package_discovery:discover_packages(prefix_path) discover
[0.544s] DEBUG:colcon.colcon_installed_package_information.package_discovery:Found 443 installed packages in /opt/ros/jazzy
[0.546s] Level 1:colcon.colcon_core.package_discovery:discover_packages(prefix_path) using defaults
[0.681s] Level 5:colcon.colcon_core.verb:set package 'coord2b' build argument 'cmake_args' from command line to 'None'
[0.681s] Level 5:colcon.colcon_core.verb:set package 'coord2b' build argument 'cmake_target' from command line to 'None'
[0.681s] Level 5:colcon.colcon_core.verb:set package 'coord2b' build argument 'cmake_target_skip_unavailable' from command line to 'False'
[0.681s] Level 5:colcon.colcon_core.verb:set package 'coord2b' build argument 'cmake_clean_cache' from command line to 'False'
[0.681s] Level 5:colcon.colcon_core.verb:set package 'coord2b' build argument 'cmake_clean_first' from command line to 'False'
[0.681s] Level 5:colcon.colcon_core.verb:set package 'coord2b' build argument 'cmake_force_configure' from command line to 'False'
[0.681s] Level 5:colcon.colcon_core.verb:set package 'coord2b' build argument 'ament_cmake_args' from command line to 'None'
[0.681s] Level 5:colcon.colcon_core.verb:set package 'coord2b' build argument 'catkin_cmake_args' from command line to 'None'
[0.681s] Level 5:colcon.colcon_core.verb:set package 'coord2b' build argument 'catkin_skip_building_tests' from command line to 'False'
[0.681s] DEBUG:colcon.colcon_core.verb:Building package 'coord2b' with the following arguments: {'ament_cmake_args': None, 'build_base': '/home/wasim/r4s/build/coord2b', 'catkin_cmake_args': None, 'catkin_skip_building_tests': False, 'cmake_args': None, 'cmake_clean_cache': False, 'cmake_clean_first': False, 'cmake_force_configure': False, 'cmake_target': None, 'cmake_target_skip_unavailable': False, 'install_base': '/home/wasim/r4s/install/coord2b', 'merge_install': False, 'path': '/home/wasim/r4s/src/coord2b', 'symlink_install': False, 'test_result_base': None}
[0.682s] Level 5:colcon.colcon_core.verb:set package 'eddie_pmu_control' build argument 'cmake_args' from command line to 'None'
[0.682s] Level 5:colcon.colcon_core.verb:set package 'eddie_pmu_control' build argument 'cmake_target' from command line to 'None'
[0.682s] Level 5:colcon.colcon_core.verb:set package 'eddie_pmu_control' build argument 'cmake_target_skip_unavailable' from command line to 'False'
[0.682s] Level 5:colcon.colcon_core.verb:set package 'eddie_pmu_control' build argument 'cmake_clean_cache' from command line to 'False'
[0.682s] Level 5:colcon.colcon_core.verb:set package 'eddie_pmu_control' build argument 'cmake_clean_first' from command line to 'False'
[0.682s] Level 5:colcon.colcon_core.verb:set package 'eddie_pmu_control' build argument 'cmake_force_configure' from command line to 'False'
[0.682s] Level 5:colcon.colcon_core.verb:set package 'eddie_pmu_control' build argument 'ament_cmake_args' from command line to 'None'
[0.682s] Level 5:colcon.colcon_core.verb:set package 'eddie_pmu_control' build argument 'catkin_cmake_args' from command line to 'None'
[0.682s] Level 5:colcon.colcon_core.verb:set package 'eddie_pmu_control' build argument 'catkin_skip_building_tests' from command line to 'False'
[0.682s] DEBUG:colcon.colcon_core.verb:Building package 'eddie_pmu_control' with the following arguments: {'ament_cmake_args': None, 'build_base': '/home/wasim/r4s/build/eddie_pmu_control', 'catkin_cmake_args': None, 'catkin_skip_building_tests': False, 'cmake_args': None, 'cmake_clean_cache': False, 'cmake_clean_first': False, 'cmake_force_configure': False, 'cmake_target': None, 'cmake_target_skip_unavailable': False, 'install_base': '/home/wasim/r4s/install/eddie_pmu_control', 'merge_install': False, 'path': '/home/wasim/r4s/src/eddie_pmu_control', 'symlink_install': False, 'test_result_base': None}
[0.683s] Level 5:colcon.colcon_core.verb:set package 'kinova_vision' build argument 'cmake_args' from command line to 'None'
[0.683s] Level 5:colcon.colcon_core.verb:set package 'kinova_vision' build argument 'cmake_target' from command line to 'None'
[0.683s] Level 5:colcon.colcon_core.verb:set package 'kinova_vision' build argument 'cmake_target_skip_unavailable' from command line to 'False'
[0.683s] Level 5:colcon.colcon_core.verb:set package 'kinova_vision' build argument 'cmake_clean_cache' from command line to 'False'
[0.683s] Level 5:colcon.colcon_core.verb:set package 'kinova_vision' build argument 'cmake_clean_first' from command line to 'False'
[0.683s] Level 5:colcon.colcon_core.verb:set package 'kinova_vision' build argument 'cmake_force_configure' from command line to 'False'
[0.683s] Level 5:colcon.colcon_core.verb:set package 'kinova_vision' build argument 'ament_cmake_args' from command line to 'None'
[0.684s] Level 5:colcon.colcon_core.verb:set package 'kinova_vision' build argument 'catkin_cmake_args' from command line to 'None'
[0.684s] Level 5:colcon.colcon_core.verb:set package 'kinova_vision' build argument 'catkin_skip_building_tests' from command line to 'False'
[0.684s] DEBUG:colcon.colcon_core.verb:Building package 'kinova_vision' with the following arguments: {'ament_cmake_args': None, 'build_base': '/home/wasim/r4s/build/kinova_vision', 'catkin_cmake_args': None, 'catkin_skip_building_tests': False, 'cmake_args': None, 'cmake_clean_cache': False, 'cmake_clean_first': False, 'cmake_force_configure': False, 'cmake_target': None, 'cmake_target_skip_unavailable': False, 'install_base': '/home/wasim/r4s/install/kinova_vision', 'merge_install': False, 'path': '/home/wasim/r4s/src/ros2_kortex_vision', 'symlink_install': False, 'test_result_base': None}
[0.684s] Level 5:colcon.colcon_core.verb:set package 'orocos_kdl' build argument 'cmake_args' from command line to 'None'
[0.684s] Level 5:colcon.colcon_core.verb:set package 'orocos_kdl' build argument 'cmake_target' from command line to 'None'
[0.684s] Level 5:colcon.colcon_core.verb:set package 'orocos_kdl' build argument 'cmake_target_skip_unavailable' from command line to 'False'
[0.684s] Level 5:colcon.colcon_core.verb:set package 'orocos_kdl' build argument 'cmake_clean_cache' from command line to 'False'
[0.684s] Level 5:colcon.colcon_core.verb:set package 'orocos_kdl' build argument 'cmake_clean_first' from command line to 'False'
[0.684s] Level 5:colcon.colcon_core.verb:set package 'orocos_kdl' build argument 'cmake_force_configure' from command line to 'False'
[0.684s] Level 5:colcon.colcon_core.verb:set package 'orocos_kdl' build argument 'ament_cmake_args' from command line to 'None'
[0.685s] Level 5:colcon.colcon_core.verb:set package 'orocos_kdl' build argument 'catkin_cmake_args' from command line to 'None'
[0.685s] Level 5:colcon.colcon_core.verb:set package 'orocos_kdl' build argument 'catkin_skip_building_tests' from command line to 'False'
[0.685s] DEBUG:colcon.colcon_core.verb:Building package 'orocos_kdl' with the following arguments: {'ament_cmake_args': None, 'build_base': '/home/wasim/r4s/build/orocos_kdl', 'catkin_cmake_args': None, 'catkin_skip_building_tests': False, 'cmake_args': None, 'cmake_clean_cache': False, 'cmake_clean_first': False, 'cmake_force_configure': False, 'cmake_target': None, 'cmake_target_skip_unavailable': False, 'install_base': '/home/wasim/r4s/install/orocos_kdl', 'merge_install': False, 'path': '/home/wasim/r4s/src/orocos_kinematics_dynamics/orocos_kdl', 'symlink_install': False, 'test_result_base': None}
[0.685s] Level 5:colcon.colcon_core.verb:set package 'robif2b' build argument 'cmake_args' from command line to 'None'
[0.685s] Level 5:colcon.colcon_core.verb:overwrite package 'robif2b' build argument 'cmake_args' from package metadata with '['-DENABLE_ETHERCAT=ON', '-DENABLE_KELO=ON', '-DENABLE_KORTEX=ON', '-DCMAKE_BUILD_TYPE=Debug', '-DENABLE_KORTEX_API_AUTO_DOWNLOAD=ON']' (before: 'None')
[0.685s] Level 5:colcon.colcon_core.verb:set package 'robif2b' build argument 'cmake_target' from command line to 'None'
[0.685s] Level 5:colcon.colcon_core.verb:set package 'robif2b' build argument 'cmake_target_skip_unavailable' from command line to 'False'
[0.686s] Level 5:colcon.colcon_core.verb:set package 'robif2b' build argument 'cmake_clean_cache' from command line to 'False'
[0.686s] Level 5:colcon.colcon_core.verb:set package 'robif2b' build argument 'cmake_clean_first' from command line to 'False'
[0.686s] Level 5:colcon.colcon_core.verb:set package 'robif2b' build argument 'cmake_force_configure' from command line to 'False'
[0.686s] Level 5:colcon.colcon_core.verb:set package 'robif2b' build argument 'ament_cmake_args' from command line to 'None'
[0.686s] Level 5:colcon.colcon_core.verb:set package 'robif2b' build argument 'catkin_cmake_args' from command line to 'None'
[0.686s] Level 5:colcon.colcon_core.verb:set package 'robif2b' build argument 'catkin_skip_building_tests' from command line to 'False'
[0.686s] DEBUG:colcon.colcon_core.verb:Building package 'robif2b' with the following arguments: {'ament_cmake_args': None, 'build_base': '/home/wasim/r4s/build/robif2b', 'catkin_cmake_args': None, 'catkin_skip_building_tests': False, 'cmake_args': ['-DENABLE_ETHERCAT=ON', '-DENABLE_KELO=ON', '-DENABLE_KORTEX=ON', '-DCMAKE_BUILD_TYPE=Debug', '-DENABLE_KORTEX_API_AUTO_DOWNLOAD=ON'], 'cmake_clean_cache': False, 'cmake_clean_first': False, 'cmake_force_configure': False, 'cmake_target': None, 'cmake_target_skip_unavailable': False, 'install_base': '/home/wasim/r4s/install/robif2b', 'merge_install': False, 'path': '/home/wasim/r4s/src/robif2b', 'symlink_install': False, 'test_result_base': None}
[0.686s] Level 5:colcon.colcon_core.verb:set package 'eddie-ros' build argument 'cmake_args' from command line to 'None'
[0.686s] Level 5:colcon.colcon_core.verb:set package 'eddie-ros' build argument 'cmake_target' from command line to 'None'
[0.686s] Level 5:colcon.colcon_core.verb:set package 'eddie-ros' build argument 'cmake_target_skip_unavailable' from command line to 'False'
[0.687s] Level 5:colcon.colcon_core.verb:set package 'eddie-ros' build argument 'cmake_clean_cache' from command line to 'False'
[0.687s] Level 5:colcon.colcon_core.verb:set package 'eddie-ros' build argument 'cmake_clean_first' from command line to 'False'
[0.687s] Level 5:colcon.colcon_core.verb:set package 'eddie-ros' build argument 'cmake_force_configure' from command line to 'False'
[0.687s] Level 5:colcon.colcon_core.verb:set package 'eddie-ros' build argument 'ament_cmake_args' from command line to 'None'
[0.687s] Level 5:colcon.colcon_core.verb:set package 'eddie-ros' build argument 'catkin_cmake_args' from command line to 'None'
[0.687s] Level 5:colcon.colcon_core.verb:set package 'eddie-ros' build argument 'catkin_skip_building_tests' from command line to 'False'
[0.687s] DEBUG:colcon.colcon_core.verb:Building package 'eddie-ros' with the following arguments: {'ament_cmake_args': None, 'build_base': '/home/wasim/r4s/build/eddie-ros', 'catkin_cmake_args': None, 'catkin_skip_building_tests': False, 'cmake_args': None, 'cmake_clean_cache': False, 'cmake_clean_first': False, 'cmake_force_configure': False, 'cmake_target': None, 'cmake_target_skip_unavailable': False, 'install_base': '/home/wasim/r4s/install/eddie-ros', 'merge_install': False, 'path': '/home/wasim/r4s/src/eddie-ros', 'symlink_install': False, 'test_result_base': None}
[0.687s] Level 5:colcon.colcon_core.verb:set package 'python_orocos_kdl' build argument 'cmake_args' from command line to 'None'
[0.687s] Level 5:colcon.colcon_core.verb:set package 'python_orocos_kdl' build argument 'cmake_target' from command line to 'None'
[0.688s] Level 5:colcon.colcon_core.verb:set package 'python_orocos_kdl' build argument 'cmake_target_skip_unavailable' from command line to 'False'
[0.688s] Level 5:colcon.colcon_core.verb:set package 'python_orocos_kdl' build argument 'cmake_clean_cache' from command line to 'False'
[0.688s] Level 5:colcon.colcon_core.verb:set package 'python_orocos_kdl' build argument 'cmake_clean_first' from command line to 'False'
[0.688s] Level 5:colcon.colcon_core.verb:set package 'python_orocos_kdl' build argument 'cmake_force_configure' from command line to 'False'
[0.688s] Level 5:colcon.colcon_core.verb:set package 'python_orocos_kdl' build argument 'ament_cmake_args' from command line to 'None'
[0.688s] Level 5:colcon.colcon_core.verb:set package 'python_orocos_kdl' build argument 'catkin_cmake_args' from command line to 'None'
[0.688s] Level 5:colcon.colcon_core.verb:set package 'python_orocos_kdl' build argument 'catkin_skip_building_tests' from command line to 'False'
[0.688s] DEBUG:colcon.colcon_core.verb:Building package 'python_orocos_kdl' with the following arguments: {'ament_cmake_args': None, 'build_base': '/home/wasim/r4s/build/python_orocos_kdl', 'catkin_cmake_args': None, 'catkin_skip_building_tests': False, 'cmake_args': None, 'cmake_clean_cache': False, 'cmake_clean_first': False, 'cmake_force_configure': False, 'cmake_target': None, 'cmake_target_skip_unavailable': False, 'install_base': '/home/wasim/r4s/install/python_orocos_kdl', 'merge_install': False, 'path': '/home/wasim/r4s/src/orocos_kinematics_dynamics/python_orocos_kdl', 'symlink_install': False, 'test_result_base': None}
[0.688s] INFO:colcon.colcon_core.executor:Executing jobs using 'parallel' executor
[0.690s] DEBUG:colcon.colcon_parallel_executor.executor.parallel:run_until_complete
[0.690s] INFO:colcon.colcon_ros.task.cmake.build:Building ROS package in '/home/wasim/r4s/src/orocos_kinematics_dynamics/orocos_kdl' with build type 'cmake'
[0.690s] INFO:colcon.colcon_cmake.task.cmake.build:Building CMake package in '/home/wasim/r4s/src/orocos_kinematics_dynamics/orocos_kdl'
[0.694s] INFO:colcon.colcon_core.plugin_system:Skipping extension 'colcon_core.shell.bat': Not used on non-Windows systems
[0.694s] INFO:colcon.colcon_core.shell:Skip shell extension 'powershell' for command environment: Not usable outside of PowerShell
[0.694s] DEBUG:colcon.colcon_core.shell:Skip shell extension 'dsv' for command environment
[0.704s] INFO:colcon.colcon_cmake.task.cmake.build:Building CMake package in '/home/wasim/r4s/src/coord2b'
[0.704s] INFO:colcon.colcon_core.shell:Skip shell extension 'powershell' for command environment: Not usable outside of PowerShell
[0.704s] DEBUG:colcon.colcon_core.shell:Skip shell extension 'dsv' for command environment
[0.713s] INFO:colcon.colcon_cmake.task.cmake.build:Building CMake package in '/home/wasim/r4s/src/robif2b'
[0.714s] INFO:colcon.colcon_core.shell:Skip shell extension 'powershell' for command environment: Not usable outside of PowerShell
[0.714s] DEBUG:colcon.colcon_core.shell:Skip shell extension 'dsv' for command environment
[0.723s] INFO:colcon.colcon_cmake.task.cmake.build:Building CMake package in '/home/wasim/r4s/src/eddie_pmu_control'
[0.723s] INFO:colcon.colcon_core.shell:Skip shell extension 'powershell' for command environment: Not usable outside of PowerShell
[0.724s] DEBUG:colcon.colcon_core.shell:Skip shell extension 'dsv' for command environment
[0.733s] INFO:colcon.colcon_ros.task.ament_cmake.build:Building ROS package in '/home/wasim/r4s/src/ros2_kortex_vision' with build type 'ament_cmake'
[0.733s] INFO:colcon.colcon_cmake.task.cmake.build:Building CMake package in '/home/wasim/r4s/src/ros2_kortex_vision'
[0.733s] INFO:colcon.colcon_core.shell:Skip shell extension 'powershell' for command environment: Not usable outside of PowerShell
[0.734s] DEBUG:colcon.colcon_core.shell:Skip shell extension 'dsv' for command environment
[0.755s] DEBUG:colcon.colcon_core.event_handler.log_command:Invoking command in '/home/wasim/r4s/build/orocos_kdl': CMAKE_PREFIX_PATH=${CMAKE_PREFIX_PATH}:/opt/ros/jazzy DEBUGINFOD_URLS=https://debuginfod.ubuntu.com /usr/bin/cmake --build /home/wasim/r4s/build/orocos_kdl -- -j16 -l16
[0.761s] DEBUG:colcon.colcon_core.event_handler.log_command:Invoking command in '/home/wasim/r4s/build/coord2b': DEBUGINFOD_URLS=https://debuginfod.ubuntu.com /usr/bin/cmake --build /home/wasim/r4s/build/coord2b -- -j16 -l16
[0.765s] DEBUG:colcon.colcon_core.event_handler.log_command:Invoking command in '/home/wasim/r4s/build/robif2b': DEBUGINFOD_URLS=https://debuginfod.ubuntu.com /usr/bin/cmake --build /home/wasim/r4s/build/robif2b -- -j16 -l16
[0.802s] DEBUG:colcon.colcon_core.event_handler.log_command:Invoking command in '/home/wasim/r4s/build/eddie_pmu_control': DEBUGINFOD_URLS=https://debuginfod.ubuntu.com /usr/bin/cmake --build /home/wasim/r4s/build/eddie_pmu_control -- -j16 -l16
[0.812s] DEBUG:colcon.colcon_core.event_handler.log_command:Invoking command in '/home/wasim/r4s/build/kinova_vision': CMAKE_PREFIX_PATH=${CMAKE_PREFIX_PATH}:/opt/ros/jazzy DEBUGINFOD_URLS=https://debuginfod.ubuntu.com /usr/bin/cmake --build /home/wasim/r4s/build/kinova_vision -- -j16 -l16
[0.941s] DEBUG:colcon.colcon_core.event_handler.log_command:Invoked command in '/home/wasim/r4s/build/eddie_pmu_control' returned '0': DEBUGINFOD_URLS=https://debuginfod.ubuntu.com /usr/bin/cmake --build /home/wasim/r4s/build/eddie_pmu_control -- -j16 -l16
[0.971s] DEBUG:colcon.colcon_core.event_handler.log_command:Invoking command in '/home/wasim/r4s/build/eddie_pmu_control': DEBUGINFOD_URLS=https://debuginfod.ubuntu.com /usr/bin/cmake --install /home/wasim/r4s/build/eddie_pmu_control
[1.001s] Level 1:colcon.colcon_core.environment:create_environment_scripts_only(eddie_pmu_control)
[1.004s] DEBUG:colcon.colcon_core.event_handler.log_command:Invoked command in '/home/wasim/r4s/build/eddie_pmu_control' returned '0': DEBUGINFOD_URLS=https://debuginfod.ubuntu.com /usr/bin/cmake --install /home/wasim/r4s/build/eddie_pmu_control
[1.009s] Level 1:colcon.colcon_core.environment:checking '/home/wasim/r4s/install/eddie_pmu_control' for CMake module files
[1.011s] Level 1:colcon.colcon_core.environment:checking '/home/wasim/r4s/install/eddie_pmu_control' for CMake config files
[1.013s] Level 1:colcon.colcon_core.environment:checking '/home/wasim/r4s/install/eddie_pmu_control/bin'
[1.013s] Level 1:colcon.colcon_core.shell:create_environment_hook('eddie_pmu_control', 'path')
[1.013s] INFO:colcon.colcon_core.shell:Creating environment hook '/home/wasim/r4s/install/eddie_pmu_control/share/eddie_pmu_control/hook/path.ps1'
[1.015s] INFO:colcon.colcon_core.shell:Creating environment descriptor '/home/wasim/r4s/install/eddie_pmu_control/share/eddie_pmu_control/hook/path.dsv'
[1.016s] INFO:colcon.colcon_core.shell:Creating environment hook '/home/wasim/r4s/install/eddie_pmu_control/share/eddie_pmu_control/hook/path.sh'
[1.018s] Level 1:colcon.colcon_core.environment:checking '/home/wasim/r4s/install/eddie_pmu_control/lib/pkgconfig/eddie_pmu_control.pc'
[1.019s] Level 1:colcon.colcon_core.environment:checking '/home/wasim/r4s/install/eddie_pmu_control/lib/python3.12/site-packages'
[1.020s] Level 1:colcon.colcon_core.environment:checking '/home/wasim/r4s/install/eddie_pmu_control/bin'
[1.020s] Level 1:colcon.colcon_core.shell:create_environment_hook('eddie_pmu_control', 'pythonscriptspath')
[1.021s] INFO:colcon.colcon_core.shell:Creating environment hook '/home/wasim/r4s/install/eddie_pmu_control/share/eddie_pmu_control/hook/pythonscriptspath.ps1'
[1.022s] INFO:colcon.colcon_core.shell:Creating environment descriptor '/home/wasim/r4s/install/eddie_pmu_control/share/eddie_pmu_control/hook/pythonscriptspath.dsv'
[1.023s] INFO:colcon.colcon_core.shell:Creating environment hook '/home/wasim/r4s/install/eddie_pmu_control/share/eddie_pmu_control/hook/pythonscriptspath.sh'
[1.025s] INFO:colcon.colcon_core.shell:Creating package script '/home/wasim/r4s/install/eddie_pmu_control/share/eddie_pmu_control/package.ps1'
[1.027s] INFO:colcon.colcon_core.shell:Creating package descriptor '/home/wasim/r4s/install/eddie_pmu_control/share/eddie_pmu_control/package.dsv'
[1.028s] INFO:colcon.colcon_core.shell:Creating package script '/home/wasim/r4s/install/eddie_pmu_control/share/eddie_pmu_control/package.sh'
[1.030s] INFO:colcon.colcon_core.shell:Creating package script '/home/wasim/r4s/install/eddie_pmu_control/share/eddie_pmu_control/package.bash'
[1.031s] INFO:colcon.colcon_core.shell:Creating package script '/home/wasim/r4s/install/eddie_pmu_control/share/eddie_pmu_control/package.zsh'
[1.033s] Level 1:colcon.colcon_core.environment:create_file_with_runtime_dependencies(/home/wasim/r4s/install/eddie_pmu_control/share/colcon-core/packages/eddie_pmu_control)
[1.038s] DEBUG:colcon.colcon_core.event_handler.log_command:Invoked command in '/home/wasim/r4s/build/coord2b' returned '0': DEBUGINFOD_URLS=https://debuginfod.ubuntu.com /usr/bin/cmake --build /home/wasim/r4s/build/coord2b -- -j16 -l16
[1.042s] DEBUG:colcon.colcon_core.event_handler.log_command:Invoking command in '/home/wasim/r4s/build/coord2b': DEBUGINFOD_URLS=https://debuginfod.ubuntu.com /usr/bin/cmake --install /home/wasim/r4s/build/coord2b
[1.044s] DEBUG:colcon.colcon_core.event_handler.log_command:Invoked command in '/home/wasim/r4s/build/robif2b' returned '0': DEBUGINFOD_URLS=https://debuginfod.ubuntu.com /usr/bin/cmake --build /home/wasim/r4s/build/robif2b -- -j16 -l16
[1.047s] DEBUG:colcon.colcon_core.event_handler.log_command:Invoking command in '/home/wasim/r4s/build/robif2b': DEBUGINFOD_URLS=https://debuginfod.ubuntu.com /usr/bin/cmake --install /home/wasim/r4s/build/robif2b
[1.062s] DEBUG:colcon.colcon_core.event_handler.log_command:Invoked command in '/home/wasim/r4s/build/orocos_kdl' returned '0': CMAKE_PREFIX_PATH=${CMAKE_PREFIX_PATH}:/opt/ros/jazzy DEBUGINFOD_URLS=https://debuginfod.ubuntu.com /usr/bin/cmake --build /home/wasim/r4s/build/orocos_kdl -- -j16 -l16
[1.065s] DEBUG:colcon.colcon_core.event_handler.log_command:Invoking command in '/home/wasim/r4s/build/orocos_kdl': CMAKE_PREFIX_PATH=${CMAKE_PREFIX_PATH}:/opt/ros/jazzy DEBUGINFOD_URLS=https://debuginfod.ubuntu.com /usr/bin/cmake --install /home/wasim/r4s/build/orocos_kdl
[1.080s] Level 1:colcon.colcon_core.environment:create_environment_scripts_only(coord2b)
[1.081s] Level 1:colcon.colcon_core.environment:checking '/home/wasim/r4s/install/coord2b' for CMake module files
[1.083s] DEBUG:colcon.colcon_core.event_handler.log_command:Invoked command in '/home/wasim/r4s/build/coord2b' returned '0': DEBUGINFOD_URLS=https://debuginfod.ubuntu.com /usr/bin/cmake --install /home/wasim/r4s/build/coord2b
[1.086s] Level 1:colcon.colcon_core.environment:checking '/home/wasim/r4s/install/coord2b' for CMake config files
[1.093s] Level 1:colcon.colcon_core.shell:create_environment_hook('coord2b', 'cmake_prefix_path')
[1.095s] INFO:colcon.colcon_core.shell:Creating environment hook '/home/wasim/r4s/install/coord2b/share/coord2b/hook/cmake_prefix_path.ps1'
[1.097s] INFO:colcon.colcon_core.shell:Creating environment descriptor '/home/wasim/r4s/install/coord2b/share/coord2b/hook/cmake_prefix_path.dsv'
[1.103s] INFO:colcon.colcon_core.shell:Creating environment hook '/home/wasim/r4s/install/coord2b/share/coord2b/hook/cmake_prefix_path.sh'
[1.108s] Level 1:colcon.colcon_core.environment:checking '/home/wasim/r4s/install/coord2b/lib'
[1.111s] Level 1:colcon.colcon_core.shell:create_environment_hook('coord2b', 'ld_library_path_lib')
[1.111s] INFO:colcon.colcon_core.shell:Creating environment hook '/home/wasim/r4s/install/coord2b/share/coord2b/hook/ld_library_path_lib.ps1'
[1.114s] INFO:colcon.colcon_core.shell:Creating environment descriptor '/home/wasim/r4s/install/coord2b/share/coord2b/hook/ld_library_path_lib.dsv'
[1.117s] INFO:colcon.colcon_core.shell:Creating environment hook '/home/wasim/r4s/install/coord2b/share/coord2b/hook/ld_library_path_lib.sh'
[1.120s] Level 1:colcon.colcon_core.environment:checking '/home/wasim/r4s/install/coord2b/bin'
[1.121s] Level 1:colcon.colcon_core.environment:checking '/home/wasim/r4s/install/coord2b/lib/pkgconfig/coord2b.pc'
[1.121s] Level 1:colcon.colcon_core.environment:checking '/home/wasim/r4s/install/coord2b/lib/python3.12/site-packages'
[1.122s] Level 1:colcon.colcon_core.environment:checking '/home/wasim/r4s/install/coord2b/bin'
[1.122s] INFO:colcon.colcon_core.shell:Creating package script '/home/wasim/r4s/install/coord2b/share/coord2b/package.ps1'
[1.124s] INFO:colcon.colcon_core.shell:Creating package descriptor '/home/wasim/r4s/install/coord2b/share/coord2b/package.dsv'
[1.130s] INFO:colcon.colcon_core.shell:Creating package script '/home/wasim/r4s/install/coord2b/share/coord2b/package.sh'
[1.134s] INFO:colcon.colcon_core.shell:Creating package script '/home/wasim/r4s/install/coord2b/share/coord2b/package.bash'
[1.136s] INFO:colcon.colcon_core.shell:Creating package script '/home/wasim/r4s/install/coord2b/share/coord2b/package.zsh'
[1.137s] Level 1:colcon.colcon_core.environment:create_file_with_runtime_dependencies(/home/wasim/r4s/install/coord2b/share/colcon-core/packages/coord2b)
[1.144s] Level 1:colcon.colcon_core.environment:create_environment_scripts_only(robif2b)
[1.145s] Level 1:colcon.colcon_core.environment:checking '/home/wasim/r4s/install/robif2b' for CMake module files
[1.148s] Level 1:colcon.colcon_core.environment:checking '/home/wasim/r4s/install/robif2b' for CMake config files
[1.149s] DEBUG:colcon.colcon_core.event_handler.log_command:Invoked command in '/home/wasim/r4s/build/robif2b' returned '0': DEBUGINFOD_URLS=https://debuginfod.ubuntu.com /usr/bin/cmake --install /home/wasim/r4s/build/robif2b
[1.151s] Level 1:colcon.colcon_core.shell:create_environment_hook('robif2b', 'cmake_prefix_path')
[1.152s] INFO:colcon.colcon_core.shell:Creating environment hook '/home/wasim/r4s/install/robif2b/share/robif2b/hook/cmake_prefix_path.ps1'
[1.153s] INFO:colcon.colcon_core.shell:Creating environment descriptor '/home/wasim/r4s/install/robif2b/share/robif2b/hook/cmake_prefix_path.dsv'
[1.154s] INFO:colcon.colcon_core.shell:Creating environment hook '/home/wasim/r4s/install/robif2b/share/robif2b/hook/cmake_prefix_path.sh'
[1.155s] Level 1:colcon.colcon_core.environment:checking '/home/wasim/r4s/install/robif2b/lib'
[1.155s] Level 1:colcon.colcon_core.shell:create_environment_hook('robif2b', 'ld_library_path_lib')
[1.156s] INFO:colcon.colcon_core.shell:Creating environment hook '/home/wasim/r4s/install/robif2b/share/robif2b/hook/ld_library_path_lib.ps1'
[1.157s] INFO:colcon.colcon_core.shell:Creating environment descriptor '/home/wasim/r4s/install/robif2b/share/robif2b/hook/ld_library_path_lib.dsv'
[1.159s] INFO:colcon.colcon_core.shell:Creating environment hook '/home/wasim/r4s/install/robif2b/share/robif2b/hook/ld_library_path_lib.sh'
[1.160s] Level 1:colcon.colcon_core.environment:checking '/home/wasim/r4s/install/robif2b/bin'
[1.160s] Level 1:colcon.colcon_core.environment:checking '/home/wasim/r4s/install/robif2b/lib/pkgconfig/robif2b.pc'
[1.161s] Level 1:colcon.colcon_core.environment:checking '/home/wasim/r4s/install/robif2b/lib/python3.12/site-packages'
[1.161s] Level 1:colcon.colcon_core.environment:checking '/home/wasim/r4s/install/robif2b/bin'
[1.162s] INFO:colcon.colcon_core.shell:Creating package script '/home/wasim/r4s/install/robif2b/share/robif2b/package.ps1'
[1.163s] INFO:colcon.colcon_core.shell:Creating package descriptor '/home/wasim/r4s/install/robif2b/share/robif2b/package.dsv'
[1.165s] INFO:colcon.colcon_core.shell:Creating package script '/home/wasim/r4s/install/robif2b/share/robif2b/package.sh'
[1.166s] INFO:colcon.colcon_core.shell:Creating package script '/home/wasim/r4s/install/robif2b/share/robif2b/package.bash'
[1.167s] INFO:colcon.colcon_core.shell:Creating package script '/home/wasim/r4s/install/robif2b/share/robif2b/package.zsh'
[1.168s] Level 1:colcon.colcon_core.environment:create_file_with_runtime_dependencies(/home/wasim/r4s/install/robif2b/share/colcon-core/packages/robif2b)
[1.171s] Level 1:colcon.colcon_core.shell:create_environment_hook('orocos_kdl', 'pkg_config_path')
[1.171s] INFO:colcon.colcon_core.shell:Creating environment hook '/home/wasim/r4s/install/orocos_kdl/share/orocos_kdl/hook/pkg_config_path.ps1'
[1.173s] DEBUG:colcon.colcon_core.event_handler.log_command:Invoked command in '/home/wasim/r4s/build/orocos_kdl' returned '0': CMAKE_PREFIX_PATH=${CMAKE_PREFIX_PATH}:/opt/ros/jazzy DEBUGINFOD_URLS=https://debuginfod.ubuntu.com /usr/bin/cmake --install /home/wasim/r4s/build/orocos_kdl
[1.173s] INFO:colcon.colcon_core.shell:Creating environment descriptor '/home/wasim/r4s/install/orocos_kdl/share/orocos_kdl/hook/pkg_config_path.dsv'
[1.174s] INFO:colcon.colcon_core.shell:Creating environment hook '/home/wasim/r4s/install/orocos_kdl/share/orocos_kdl/hook/pkg_config_path.sh'
[1.180s] Level 1:colcon.colcon_core.shell:create_environment_hook('orocos_kdl', 'pkg_config_path_multiarch')
[1.181s] INFO:colcon.colcon_core.shell:Creating environment hook '/home/wasim/r4s/install/orocos_kdl/share/orocos_kdl/hook/pkg_config_path_multiarch.ps1'
[1.182s] INFO:colcon.colcon_core.shell:Creating environment descriptor '/home/wasim/r4s/install/orocos_kdl/share/orocos_kdl/hook/pkg_config_path_multiarch.dsv'
[1.183s] INFO:colcon.colcon_core.shell:Creating environment hook '/home/wasim/r4s/install/orocos_kdl/share/orocos_kdl/hook/pkg_config_path_multiarch.sh'
[1.184s] Level 1:colcon.colcon_core.environment:create_environment_scripts_only(orocos_kdl)
[1.185s] Level 1:colcon.colcon_core.environment:checking '/home/wasim/r4s/install/orocos_kdl' for CMake module files
[1.187s] Level 1:colcon.colcon_core.shell:create_environment_hook('orocos_kdl', 'cmake_module_path')
[1.187s] INFO:colcon.colcon_core.shell:Creating environment hook '/home/wasim/r4s/install/orocos_kdl/share/orocos_kdl/hook/cmake_module_path.ps1'
[1.189s] INFO:colcon.colcon_core.shell:Creating environment descriptor '/home/wasim/r4s/install/orocos_kdl/share/orocos_kdl/hook/cmake_module_path.dsv'
[1.190s] INFO:colcon.colcon_core.shell:Creating environment hook '/home/wasim/r4s/install/orocos_kdl/share/orocos_kdl/hook/cmake_module_path.sh'
[1.191s] Level 1:colcon.colcon_core.environment:checking '/home/wasim/r4s/install/orocos_kdl' for CMake config files
[1.192s] Level 1:colcon.colcon_core.shell:create_environment_hook('orocos_kdl', 'cmake_prefix_path')
[1.192s] INFO:colcon.colcon_core.shell:Creating environment hook '/home/wasim/r4s/install/orocos_kdl/share/orocos_kdl/hook/cmake_prefix_path.ps1'
[1.194s] INFO:colcon.colcon_core.shell:Creating environment descriptor '/home/wasim/r4s/install/orocos_kdl/share/orocos_kdl/hook/cmake_prefix_path.dsv'
[1.194s] INFO:colcon.colcon_core.shell:Creating environment hook '/home/wasim/r4s/install/orocos_kdl/share/orocos_kdl/hook/cmake_prefix_path.sh'
[1.196s] Level 1:colcon.colcon_core.environment:checking '/home/wasim/r4s/install/orocos_kdl/lib'
[1.196s] Level 1:colcon.colcon_core.shell:create_environment_hook('orocos_kdl', 'ld_library_path_lib')
[1.197s] INFO:colcon.colcon_core.shell:Creating environment hook '/home/wasim/r4s/install/orocos_kdl/share/orocos_kdl/hook/ld_library_path_lib.ps1'
[1.198s] INFO:colcon.colcon_core.shell:Creating environment descriptor '/home/wasim/r4s/install/orocos_kdl/share/orocos_kdl/hook/ld_library_path_lib.dsv'
[1.199s] INFO:colcon.colcon_core.shell:Creating environment hook '/home/wasim/r4s/install/orocos_kdl/share/orocos_kdl/hook/ld_library_path_lib.sh'
[1.200s] Level 1:colcon.colcon_core.environment:checking '/home/wasim/r4s/install/orocos_kdl/bin'
[1.200s] Level 1:colcon.colcon_core.environment:checking '/home/wasim/r4s/install/orocos_kdl/lib/pkgconfig/orocos_kdl.pc'
[1.201s] Level 1:colcon.colcon_core.shell:create_environment_hook('orocos_kdl', 'pkg_config')
[1.201s] INFO:colcon.colcon_core.shell:Creating environment hook '/home/wasim/r4s/install/orocos_kdl/share/orocos_kdl/hook/pkg_config.ps1'
[1.202s] INFO:colcon.colcon_core.shell:Creating environment descriptor '/home/wasim/r4s/install/orocos_kdl/share/orocos_kdl/hook/pkg_config.dsv'
[1.203s] INFO:colcon.colcon_core.shell:Creating environment hook '/home/wasim/r4s/install/orocos_kdl/share/orocos_kdl/hook/pkg_config.sh'
[1.205s] Level 1:colcon.colcon_core.environment:checking '/home/wasim/r4s/install/orocos_kdl/lib/python3.12/site-packages'
[1.206s] Level 1:colcon.colcon_core.environment:checking '/home/wasim/r4s/install/orocos_kdl/bin'
[1.206s] INFO:colcon.colcon_core.shell:Creating package script '/home/wasim/r4s/install/orocos_kdl/share/orocos_kdl/package.ps1'
[1.209s] INFO:colcon.colcon_core.shell:Creating package descriptor '/home/wasim/r4s/install/orocos_kdl/share/orocos_kdl/package.dsv'
[1.210s] INFO:colcon.colcon_core.shell:Creating package script '/home/wasim/r4s/install/orocos_kdl/share/orocos_kdl/package.sh'
[1.212s] INFO:colcon.colcon_core.shell:Creating package script '/home/wasim/r4s/install/orocos_kdl/share/orocos_kdl/package.bash'
[1.214s] INFO:colcon.colcon_core.shell:Creating package script '/home/wasim/r4s/install/orocos_kdl/share/orocos_kdl/package.zsh'
[1.214s] Level 1:colcon.colcon_core.environment:create_file_with_runtime_dependencies(/home/wasim/r4s/install/orocos_kdl/share/colcon-core/packages/orocos_kdl)
[1.216s] INFO:colcon.colcon_ros.task.ament_cmake.build:Building ROS package in '/home/wasim/r4s/src/eddie-ros' with build type 'ament_cmake'
[1.216s] INFO:colcon.colcon_cmake.task.cmake.build:Building CMake package in '/home/wasim/r4s/src/eddie-ros'
[1.217s] INFO:colcon.colcon_core.shell:Skip shell extension 'powershell' for command environment: Not usable outside of PowerShell
[1.217s] DEBUG:colcon.colcon_core.shell:Skip shell extension 'dsv' for command environment
[1.229s] INFO:colcon.colcon_ros.task.catkin.build:Building ROS package in '/home/wasim/r4s/src/orocos_kinematics_dynamics/python_orocos_kdl' with build type 'catkin'
[1.230s] INFO:colcon.colcon_cmake.task.cmake.build:Building CMake package in '/home/wasim/r4s/src/orocos_kinematics_dynamics/python_orocos_kdl'
[1.230s] INFO:colcon.colcon_core.shell:Skip shell extension 'powershell' for command environment: Not usable outside of PowerShell
[1.230s] DEBUG:colcon.colcon_core.shell:Skip shell extension 'dsv' for command environment
[1.243s] DEBUG:colcon.colcon_core.event_handler.log_command:Invoked command in '/home/wasim/r4s/build/kinova_vision' returned '0': CMAKE_PREFIX_PATH=${CMAKE_PREFIX_PATH}:/opt/ros/jazzy DEBUGINFOD_URLS=https://debuginfod.ubuntu.com /usr/bin/cmake --build /home/wasim/r4s/build/kinova_vision -- -j16 -l16
[1.248s] DEBUG:colcon.colcon_core.event_handler.log_command:Invoking command in '/home/wasim/r4s/build/kinova_vision': CMAKE_PREFIX_PATH=${CMAKE_PREFIX_PATH}:/opt/ros/jazzy DEBUGINFOD_URLS=https://debuginfod.ubuntu.com /usr/bin/cmake --install /home/wasim/r4s/build/kinova_vision
[1.260s] DEBUG:colcon.colcon_core.event_handler.log_command:Invoking command in '/home/wasim/r4s/build/eddie-ros': CMAKE_MODULE_PATH=/home/wasim/r4s/install/orocos_kdl/share/orocos_kdl/cmake CMAKE_PREFIX_PATH=/home/wasim/r4s/install/robif2b:/home/wasim/r4s/install/orocos_kdl:/home/wasim/r4s/install/coord2b:/opt/ros/jazzy/opt/gz_sim_vendor:/opt/ros/jazzy/opt/gz_sensors_vendor:/opt/ros/jazzy/opt/gz_physics_vendor:/opt/ros/jazzy/opt/sdformat_vendor:/opt/ros/jazzy/opt/gz_gui_vendor:/opt/ros/jazzy/opt/gz_transport_vendor:/opt/ros/jazzy/opt/gz_rendering_vendor:/opt/ros/jazzy/opt/gz_plugin_vendor:/opt/ros/jazzy/opt/gz_fuel_tools_vendor:/opt/ros/jazzy/opt/gz_msgs_vendor:/opt/ros/jazzy/opt/gz_common_vendor:/opt/ros/jazzy/opt/gz_math_vendor:/opt/ros/jazzy/opt/gz_utils_vendor:/opt/ros/jazzy/opt/gz_tools_vendor:/opt/ros/jazzy/opt/gz_ogre_next_vendor:/opt/ros/jazzy/opt/gz_dartsim_vendor:/opt/ros/jazzy/opt/gz_cmake_vendor:/opt/ros/jazzy DEBUGINFOD_URLS=https://debuginfod.ubuntu.com LD_LIBRARY_PATH=/home/wasim/r4s/install/robif2b/lib:/home/wasim/r4s/install/orocos_kdl/lib:/home/wasim/r4s/install/coord2b/lib:${LD_LIBRARY_PATH} PKG_CONFIG_PATH=/home/wasim/r4s/install/orocos_kdl/lib/x86_64-linux-gnu/pkgconfig:/home/wasim/r4s/install/orocos_kdl/lib/pkgconfig /usr/bin/cmake --build /home/wasim/r4s/build/eddie-ros -- -j16 -l16
[1.266s] DEBUG:colcon.colcon_core.event_handler.log_command:Invoking command in '/home/wasim/r4s/build/python_orocos_kdl': CMAKE_MODULE_PATH=/home/wasim/r4s/install/orocos_kdl/share/orocos_kdl/cmake CMAKE_PREFIX_PATH=/home/wasim/r4s/install/orocos_kdl:${CMAKE_PREFIX_PATH} DEBUGINFOD_URLS=https://debuginfod.ubuntu.com LD_LIBRARY_PATH=/home/wasim/r4s/install/orocos_kdl/lib:${LD_LIBRARY_PATH} PKG_CONFIG_PATH=/home/wasim/r4s/install/orocos_kdl/lib/x86_64-linux-gnu/pkgconfig:/home/wasim/r4s/install/orocos_kdl/lib/pkgconfig /usr/bin/cmake --build /home/wasim/r4s/build/python_orocos_kdl -- -j16 -l16
[1.291s] Level 1:colcon.colcon_core.environment:create_environment_scripts_only(kinova_vision)
[1.292s] Level 1:colcon.colcon_core.environment:checking '/home/wasim/r4s/install/kinova_vision' for CMake module files
[1.293s] DEBUG:colcon.colcon_core.event_handler.log_command:Invoked command in '/home/wasim/r4s/build/kinova_vision' returned '0': CMAKE_PREFIX_PATH=${CMAKE_PREFIX_PATH}:/opt/ros/jazzy DEBUGINFOD_URLS=https://debuginfod.ubuntu.com /usr/bin/cmake --install /home/wasim/r4s/build/kinova_vision
[1.294s] Level 1:colcon.colcon_core.environment:checking '/home/wasim/r4s/install/kinova_vision' for CMake config files
[1.295s] Level 1:colcon.colcon_core.shell:create_environment_hook('kinova_vision', 'cmake_prefix_path')
[1.295s] INFO:colcon.colcon_core.shell:Creating environment hook '/home/wasim/r4s/install/kinova_vision/share/kinova_vision/hook/cmake_prefix_path.ps1'
[1.297s] INFO:colcon.colcon_core.shell:Creating environment descriptor '/home/wasim/r4s/install/kinova_vision/share/kinova_vision/hook/cmake_prefix_path.dsv'
[1.298s] INFO:colcon.colcon_core.shell:Creating environment hook '/home/wasim/r4s/install/kinova_vision/share/kinova_vision/hook/cmake_prefix_path.sh'
[1.299s] Level 1:colcon.colcon_core.environment:checking '/home/wasim/r4s/install/kinova_vision/lib'
[1.299s] Level 1:colcon.colcon_core.shell:create_environment_hook('kinova_vision', 'ld_library_path_lib')
[1.300s] INFO:colcon.colcon_core.shell:Creating environment hook '/home/wasim/r4s/install/kinova_vision/share/kinova_vision/hook/ld_library_path_lib.ps1'
[1.301s] INFO:colcon.colcon_core.shell:Creating environment descriptor '/home/wasim/r4s/install/kinova_vision/share/kinova_vision/hook/ld_library_path_lib.dsv'
[1.302s] INFO:colcon.colcon_core.shell:Creating environment hook '/home/wasim/r4s/install/kinova_vision/share/kinova_vision/hook/ld_library_path_lib.sh'
[1.303s] Level 1:colcon.colcon_core.environment:checking '/home/wasim/r4s/install/kinova_vision/bin'
[1.303s] Level 1:colcon.colcon_core.environment:checking '/home/wasim/r4s/install/kinova_vision/lib/pkgconfig/kinova_vision.pc'
[1.304s] Level 1:colcon.colcon_core.environment:checking '/home/wasim/r4s/install/kinova_vision/lib/python3.12/site-packages'
[1.304s] Level 1:colcon.colcon_core.environment:checking '/home/wasim/r4s/install/kinova_vision/bin'
[1.305s] INFO:colcon.colcon_core.shell:Creating package script '/home/wasim/r4s/install/kinova_vision/share/kinova_vision/package.ps1'
[1.307s] INFO:colcon.colcon_core.shell:Creating package descriptor '/home/wasim/r4s/install/kinova_vision/share/kinova_vision/package.dsv'
[1.308s] INFO:colcon.colcon_core.shell:Creating package script '/home/wasim/r4s/install/kinova_vision/share/kinova_vision/package.sh'
[1.309s] INFO:colcon.colcon_core.shell:Creating package script '/home/wasim/r4s/install/kinova_vision/share/kinova_vision/package.bash'
[1.310s] INFO:colcon.colcon_core.shell:Creating package script '/home/wasim/r4s/install/kinova_vision/share/kinova_vision/package.zsh'
[1.311s] Level 1:colcon.colcon_core.environment:create_file_with_runtime_dependencies(/home/wasim/r4s/install/kinova_vision/share/colcon-core/packages/kinova_vision)
[1.313s] Level 1:colcon.colcon_core.environment:create_environment_scripts_only(kinova_vision)
[1.313s] Level 1:colcon.colcon_core.environment:checking '/home/wasim/r4s/install/kinova_vision' for CMake module files
[1.315s] Level 1:colcon.colcon_core.environment:checking '/home/wasim/r4s/install/kinova_vision' for CMake config files
[1.315s] Level 1:colcon.colcon_core.shell:create_environment_hook('kinova_vision', 'cmake_prefix_path')
[1.316s] INFO:colcon.colcon_core.shell:Creating environment hook '/home/wasim/r4s/install/kinova_vision/share/kinova_vision/hook/cmake_prefix_path.ps1'
[1.317s] INFO:colcon.colcon_core.shell:Creating environment descriptor '/home/wasim/r4s/install/kinova_vision/share/kinova_vision/hook/cmake_prefix_path.dsv'
[1.319s] INFO:colcon.colcon_core.shell:Creating environment hook '/home/wasim/r4s/install/kinova_vision/share/kinova_vision/hook/cmake_prefix_path.sh'
[1.321s] Level 1:colcon.colcon_core.environment:checking '/home/wasim/r4s/install/kinova_vision/lib'
[1.321s] Level 1:colcon.colcon_core.shell:create_environment_hook('kinova_vision', 'ld_library_path_lib')
[1.322s] INFO:colcon.colcon_core.shell:Creating environment hook '/home/wasim/r4s/install/kinova_vision/share/kinova_vision/hook/ld_library_path_lib.ps1'
[1.323s] INFO:colcon.colcon_core.shell:Creating environment descriptor '/home/wasim/r4s/install/kinova_vision/share/kinova_vision/hook/ld_library_path_lib.dsv'
[1.324s] INFO:colcon.colcon_core.shell:Creating environment hook '/home/wasim/r4s/install/kinova_vision/share/kinova_vision/hook/ld_library_path_lib.sh'
[1.326s] Level 1:colcon.colcon_core.environment:checking '/home/wasim/r4s/install/kinova_vision/bin'
[1.326s] Level 1:colcon.colcon_core.environment:checking '/home/wasim/r4s/install/kinova_vision/lib/pkgconfig/kinova_vision.pc'
[1.327s] Level 1:colcon.colcon_core.environment:checking '/home/wasim/r4s/install/kinova_vision/lib/python3.12/site-packages'
[1.328s] Level 1:colcon.colcon_core.environment:checking '/home/wasim/r4s/install/kinova_vision/bin'
[1.329s] INFO:colcon.colcon_core.shell:Creating package script '/home/wasim/r4s/install/kinova_vision/share/kinova_vision/package.ps1'
[1.330s] INFO:colcon.colcon_core.shell:Creating package descriptor '/home/wasim/r4s/install/kinova_vision/share/kinova_vision/package.dsv'
[1.332s] INFO:colcon.colcon_core.shell:Creating package script '/home/wasim/r4s/install/kinova_vision/share/kinova_vision/package.sh'
[1.334s] INFO:colcon.colcon_core.shell:Creating package script '/home/wasim/r4s/install/kinova_vision/share/kinova_vision/package.bash'
[1.335s] INFO:colcon.colcon_core.shell:Creating package script '/home/wasim/r4s/install/kinova_vision/share/kinova_vision/package.zsh'
[1.336s] Level 1:colcon.colcon_core.environment:create_file_with_runtime_dependencies(/home/wasim/r4s/install/kinova_vision/share/colcon-core/packages/kinova_vision)
[1.501s] DEBUG:colcon.colcon_core.event_handler.log_command:Invoked command in '/home/wasim/r4s/build/python_orocos_kdl' returned '0': CMAKE_MODULE_PATH=/home/wasim/r4s/install/orocos_kdl/share/orocos_kdl/cmake CMAKE_PREFIX_PATH=/home/wasim/r4s/install/orocos_kdl:${CMAKE_PREFIX_PATH} DEBUGINFOD_URLS=https://debuginfod.ubuntu.com LD_LIBRARY_PATH=/home/wasim/r4s/install/orocos_kdl/lib:${LD_LIBRARY_PATH} PKG_CONFIG_PATH=/home/wasim/r4s/install/orocos_kdl/lib/x86_64-linux-gnu/pkgconfig:/home/wasim/r4s/install/orocos_kdl/lib/pkgconfig /usr/bin/cmake --build /home/wasim/r4s/build/python_orocos_kdl -- -j16 -l16
[1.505s] DEBUG:colcon.colcon_core.event_handler.log_command:Invoking command in '/home/wasim/r4s/build/python_orocos_kdl': CMAKE_MODULE_PATH=/home/wasim/r4s/install/orocos_kdl/share/orocos_kdl/cmake CMAKE_PREFIX_PATH=/home/wasim/r4s/install/orocos_kdl:${CMAKE_PREFIX_PATH} DEBUGINFOD_URLS=https://debuginfod.ubuntu.com LD_LIBRARY_PATH=/home/wasim/r4s/install/orocos_kdl/lib:${LD_LIBRARY_PATH} PKG_CONFIG_PATH=/home/wasim/r4s/install/orocos_kdl/lib/x86_64-linux-gnu/pkgconfig:/home/wasim/r4s/install/orocos_kdl/lib/pkgconfig /usr/bin/cmake --install /home/wasim/r4s/build/python_orocos_kdl
[1.535s] DEBUG:colcon.colcon_core.event_handler.log_command:Invoked command in '/home/wasim/r4s/build/python_orocos_kdl' returned '0': CMAKE_MODULE_PATH=/home/wasim/r4s/install/orocos_kdl/share/orocos_kdl/cmake CMAKE_PREFIX_PATH=/home/wasim/r4s/install/orocos_kdl:${CMAKE_PREFIX_PATH} DEBUGINFOD_URLS=https://debuginfod.ubuntu.com LD_LIBRARY_PATH=/home/wasim/r4s/install/orocos_kdl/lib:${LD_LIBRARY_PATH} PKG_CONFIG_PATH=/home/wasim/r4s/install/orocos_kdl/lib/x86_64-linux-gnu/pkgconfig:/home/wasim/r4s/install/orocos_kdl/lib/pkgconfig /usr/bin/cmake --install /home/wasim/r4s/build/python_orocos_kdl
[1.536s] Level 1:colcon.colcon_core.shell:create_environment_hook('python_orocos_kdl', 'ros_package_path')
[1.536s] INFO:colcon.colcon_core.shell:Creating environment hook '/home/wasim/r4s/install/python_orocos_kdl/share/python_orocos_kdl/hook/ros_package_path.ps1'
[1.537s] INFO:colcon.colcon_core.shell:Creating environment descriptor '/home/wasim/r4s/install/python_orocos_kdl/share/python_orocos_kdl/hook/ros_package_path.dsv'
[1.538s] INFO:colcon.colcon_core.shell:Creating environment hook '/home/wasim/r4s/install/python_orocos_kdl/share/python_orocos_kdl/hook/ros_package_path.sh'
[1.539s] Level 1:colcon.colcon_core.shell:create_environment_hook('python_orocos_kdl', 'pkg_config_path')
[1.540s] INFO:colcon.colcon_core.shell:Creating environment hook '/home/wasim/r4s/install/python_orocos_kdl/share/python_orocos_kdl/hook/pkg_config_path.ps1'
[1.541s] INFO:colcon.colcon_core.shell:Creating environment descriptor '/home/wasim/r4s/install/python_orocos_kdl/share/python_orocos_kdl/hook/pkg_config_path.dsv'
[1.541s] INFO:colcon.colcon_core.shell:Creating environment hook '/home/wasim/r4s/install/python_orocos_kdl/share/python_orocos_kdl/hook/pkg_config_path.sh'
[1.542s] Level 1:colcon.colcon_core.shell:create_environment_hook('python_orocos_kdl', 'pkg_config_path_multiarch')
[1.543s] INFO:colcon.colcon_core.shell:Creating environment hook '/home/wasim/r4s/install/python_orocos_kdl/share/python_orocos_kdl/hook/pkg_config_path_multiarch.ps1'
[1.543s] INFO:colcon.colcon_core.shell:Creating environment descriptor '/home/wasim/r4s/install/python_orocos_kdl/share/python_orocos_kdl/hook/pkg_config_path_multiarch.dsv'
[1.544s] INFO:colcon.colcon_core.shell:Creating environment hook '/home/wasim/r4s/install/python_orocos_kdl/share/python_orocos_kdl/hook/pkg_config_path_multiarch.sh'
[1.546s] Level 1:colcon.colcon_core.environment:create_environment_scripts_only(python_orocos_kdl)
[1.547s] Level 1:colcon.colcon_core.environment:checking '/home/wasim/r4s/install/python_orocos_kdl' for CMake module files
[1.548s] Level 1:colcon.colcon_core.environment:checking '/home/wasim/r4s/install/python_orocos_kdl' for CMake config files
[1.548s] Level 1:colcon.colcon_core.environment:checking '/home/wasim/r4s/install/python_orocos_kdl/lib'
[1.549s] Level 1:colcon.colcon_core.environment:checking '/home/wasim/r4s/install/python_orocos_kdl/bin'
[1.549s] Level 1:colcon.colcon_core.environment:checking '/home/wasim/r4s/install/python_orocos_kdl/lib/pkgconfig/python_orocos_kdl.pc'
[1.549s] Level 1:colcon.colcon_core.environment:checking '/home/wasim/r4s/install/python_orocos_kdl/lib/python3.12/site-packages'
[1.550s] Level 1:colcon.colcon_core.environment:checking '/home/wasim/r4s/install/python_orocos_kdl/bin'
[1.550s] INFO:colcon.colcon_core.shell:Creating package script '/home/wasim/r4s/install/python_orocos_kdl/share/python_orocos_kdl/package.ps1'
[1.551s] INFO:colcon.colcon_core.shell:Creating package descriptor '/home/wasim/r4s/install/python_orocos_kdl/share/python_orocos_kdl/package.dsv'
[1.553s] INFO:colcon.colcon_core.shell:Creating package script '/home/wasim/r4s/install/python_orocos_kdl/share/python_orocos_kdl/package.sh'
[1.554s] INFO:colcon.colcon_core.shell:Creating package script '/home/wasim/r4s/install/python_orocos_kdl/share/python_orocos_kdl/package.bash'
[1.555s] INFO:colcon.colcon_core.shell:Creating package script '/home/wasim/r4s/install/python_orocos_kdl/share/python_orocos_kdl/package.zsh'
[1.556s] Level 1:colcon.colcon_core.environment:create_file_with_runtime_dependencies(/home/wasim/r4s/install/python_orocos_kdl/share/colcon-core/packages/python_orocos_kdl)
[10.968s] DEBUG:colcon.colcon_core.event_handler.log_command:Invoked command in '/home/wasim/r4s/build/eddie-ros' returned '2': CMAKE_MODULE_PATH=/home/wasim/r4s/install/orocos_kdl/share/orocos_kdl/cmake CMAKE_PREFIX_PATH=/home/wasim/r4s/install/robif2b:/home/wasim/r4s/install/orocos_kdl:/home/wasim/r4s/install/coord2b:/opt/ros/jazzy/opt/gz_sim_vendor:/opt/ros/jazzy/opt/gz_sensors_vendor:/opt/ros/jazzy/opt/gz_physics_vendor:/opt/ros/jazzy/opt/sdformat_vendor:/opt/ros/jazzy/opt/gz_gui_vendor:/opt/ros/jazzy/opt/gz_transport_vendor:/opt/ros/jazzy/opt/gz_rendering_vendor:/opt/ros/jazzy/opt/gz_plugin_vendor:/opt/ros/jazzy/opt/gz_fuel_tools_vendor:/opt/ros/jazzy/opt/gz_msgs_vendor:/opt/ros/jazzy/opt/gz_common_vendor:/opt/ros/jazzy/opt/gz_math_vendor:/opt/ros/jazzy/opt/gz_utils_vendor:/opt/ros/jazzy/opt/gz_tools_vendor:/opt/ros/jazzy/opt/gz_ogre_next_vendor:/opt/ros/jazzy/opt/gz_dartsim_vendor:/opt/ros/jazzy/opt/gz_cmake_vendor:/opt/ros/jazzy DEBUGINFOD_URLS=https://debuginfod.ubuntu.com LD_LIBRARY_PATH=/home/wasim/r4s/install/robif2b/lib:/home/wasim/r4s/install/orocos_kdl/lib:/home/wasim/r4s/install/coord2b/lib:${LD_LIBRARY_PATH} PKG_CONFIG_PATH=/home/wasim/r4s/install/orocos_kdl/lib/x86_64-linux-gnu/pkgconfig:/home/wasim/r4s/install/orocos_kdl/lib/pkgconfig /usr/bin/cmake --build /home/wasim/r4s/build/eddie-ros -- -j16 -l16
[10.968s] Level 1:colcon.colcon_core.environment:create_environment_scripts_only(eddie-ros)
[10.969s] Level 1:colcon.colcon_core.environment:checking '/home/wasim/r4s/install/eddie-ros' for CMake module files
[10.969s] Level 1:colcon.colcon_core.environment:checking '/home/wasim/r4s/install/eddie-ros' for CMake config files
[10.969s] Level 1:colcon.colcon_core.shell:create_environment_hook('eddie-ros', 'cmake_prefix_path')
[10.970s] INFO:colcon.colcon_core.shell:Creating environment hook '/home/wasim/r4s/install/eddie-ros/share/eddie-ros/hook/cmake_prefix_path.ps1'
[10.970s] INFO:colcon.colcon_core.shell:Creating environment descriptor '/home/wasim/r4s/install/eddie-ros/share/eddie-ros/hook/cmake_prefix_path.dsv'
[10.970s] INFO:colcon.colcon_core.shell:Creating environment hook '/home/wasim/r4s/install/eddie-ros/share/eddie-ros/hook/cmake_prefix_path.sh'
[10.971s] Level 1:colcon.colcon_core.environment:checking '/home/wasim/r4s/install/eddie-ros/lib'
[10.971s] Level 1:colcon.colcon_core.environment:checking '/home/wasim/r4s/install/eddie-ros/bin'
[10.971s] Level 1:colcon.colcon_core.environment:checking '/home/wasim/r4s/install/eddie-ros/lib/pkgconfig/eddie-ros.pc'
[10.971s] Level 1:colcon.colcon_core.environment:checking '/home/wasim/r4s/install/eddie-ros/lib/python3.12/site-packages'
[10.971s] Level 1:colcon.colcon_core.environment:checking '/home/wasim/r4s/install/eddie-ros/bin'
[10.971s] INFO:colcon.colcon_core.shell:Creating package script '/home/wasim/r4s/install/eddie-ros/share/eddie-ros/package.ps1'
[10.972s] INFO:colcon.colcon_core.shell:Creating package descriptor '/home/wasim/r4s/install/eddie-ros/share/eddie-ros/package.dsv'
[10.972s] INFO:colcon.colcon_core.shell:Creating package script '/home/wasim/r4s/install/eddie-ros/share/eddie-ros/package.sh'
[10.973s] INFO:colcon.colcon_core.shell:Creating package script '/home/wasim/r4s/install/eddie-ros/share/eddie-ros/package.bash'
[10.973s] INFO:colcon.colcon_core.shell:Creating package script '/home/wasim/r4s/install/eddie-ros/share/eddie-ros/package.zsh'
[10.973s] Level 1:colcon.colcon_core.environment:create_file_with_runtime_dependencies(/home/wasim/r4s/install/eddie-ros/share/colcon-core/packages/eddie-ros)
[10.984s] DEBUG:colcon.colcon_parallel_executor.executor.parallel:closing loop
[10.984s] DEBUG:colcon.colcon_parallel_executor.executor.parallel:loop closed
[10.985s] DEBUG:colcon.colcon_parallel_executor.executor.parallel:run_until_complete finished with '2'
[10.985s] DEBUG:colcon.colcon_core.event_reactor:joining thread
[10.990s] INFO:colcon.colcon_core.plugin_system:Skipping extension 'colcon_notification.desktop_notification.terminal_notifier': Not used on non-Darwin systems
[10.990s] INFO:colcon.colcon_core.plugin_system:Skipping extension 'colcon_notification.desktop_notification.win32': Not used on non-Windows systems
[10.990s] INFO:colcon.colcon_notification.desktop_notification:Sending desktop notification using 'notify2'
[11.005s] DEBUG:colcon.colcon_core.event_reactor:joined thread
[11.005s] INFO:colcon.colcon_core.shell:Creating prefix script '/home/wasim/r4s/install/local_setup.ps1'
[11.006s] INFO:colcon.colcon_core.shell:Creating prefix util module '/home/wasim/r4s/install/_local_setup_util_ps1.py'
[11.007s] INFO:colcon.colcon_core.shell:Creating prefix chain script '/home/wasim/r4s/install/setup.ps1'
[11.008s] INFO:colcon.colcon_core.shell:Creating prefix script '/home/wasim/r4s/install/local_setup.sh'
[11.009s] INFO:colcon.colcon_core.shell:Creating prefix util module '/home/wasim/r4s/install/_local_setup_util_sh.py'
[11.009s] INFO:colcon.colcon_core.shell:Creating prefix chain script '/home/wasim/r4s/install/setup.sh'
[11.010s] INFO:colcon.colcon_core.shell:Creating prefix script '/home/wasim/r4s/install/local_setup.bash'
[11.011s] INFO:colcon.colcon_core.shell:Creating prefix chain script '/home/wasim/r4s/install/setup.bash'
[11.012s] INFO:colcon.colcon_core.shell:Creating prefix script '/home/wasim/r4s/install/local_setup.zsh'
[11.012s] INFO:colcon.colcon_core.shell:Creating prefix chain script '/home/wasim/r4s/install/setup.zsh'
