[0.020s] Invoking command in '/home/wasim/r4s/build/coord2b': DEBUGINFOD_URLS=https://debuginfod.ubuntu.com /usr/bin/cmake --build /home/wasim/r4s/build/coord2b -- -j16 -l16
[0.076s] [ 20%] [32m[1mLinking C shared library libcoord2b.so[0m
[0.120s] [ 60%] Built target coord2b
[0.145s] [ 80%] [32m[1mLinking C executable traffic_lights[0m
[0.188s] [100%] Built target traffic_lights
[0.203s] Invoked command in '/home/wasim/r4s/build/coord2b' returned '0': DEBUGINFOD_URLS=https://debuginfod.ubuntu.com /usr/bin/cmake --build /home/wasim/r4s/build/coord2b -- -j16 -l16
[0.204s] Invoking command in '/home/wasim/r4s/build/coord2b': DEBUGINFOD_URLS=https://debuginfod.ubuntu.com /usr/bin/cmake --install /home/wasim/r4s/build/coord2b
[0.215s] -- Install configuration: ""
[0.215s] -- Up-to-date: /home/wasim/r4s/install/coord2b/include
[0.215s] -- Up-to-date: /home/wasim/r4s/install/coord2b/include/coord2b
[0.215s] -- Up-to-date: /home/wasim/r4s/install/coord2b/include/coord2b/functions
[0.216s] -- Up-to-date: /home/wasim/r4s/install/coord2b/include/coord2b/functions/fsm.h
[0.216s] -- Up-to-date: /home/wasim/r4s/install/coord2b/include/coord2b/functions/event_loop.h
[0.216s] -- Up-to-date: /home/wasim/r4s/install/coord2b/include/coord2b/types
[0.216s] -- Up-to-date: /home/wasim/r4s/install/coord2b/include/coord2b/types/fsm.h
[0.216s] -- Up-to-date: /home/wasim/r4s/install/coord2b/include/coord2b/types/event_loop.h
[0.216s] -- Up-to-date: /home/wasim/r4s/install/coord2b/lib/cmake/coord2b/coord2b-config.cmake
[0.216s] -- Up-to-date: /home/wasim/r4s/install/coord2b/lib/cmake/coord2b/coord2b-config-version.cmake
[0.216s] -- Up-to-date: /home/wasim/r4s/install/coord2b/lib/cmake/coord2b/coord2b-targets.cmake
[0.216s] -- Up-to-date: /home/wasim/r4s/install/coord2b/lib/cmake/coord2b/coord2b-targets-noconfig.cmake
[0.216s] -- Installing: /home/wasim/r4s/install/coord2b/lib/libcoord2b.so
[0.219s] Invoked command in '/home/wasim/r4s/build/coord2b' returned '0': DEBUGINFOD_URLS=https://debuginfod.ubuntu.com /usr/bin/cmake --install /home/wasim/r4s/build/coord2b
