[ 33%] [32mBuilding CXX object CMakeFiles/eddie_ros_interface_test.dir/src/interface-test.cpp.o[0m
[ 33%] [32mBuilding CXX object CMakeFiles/eddie_ros_interface.dir/src/interface.cpp.o[0m
[ 50%] [32mBuilding CXX object CMakeFiles/eddie_ros_interface_test.dir/src/interface-parameters.cpp.o[0m
[ 66%] [32mBuilding CXX object CMakeFiles/eddie_ros_interface.dir/src/interface-parameters.cpp.o[0m
[ 83%] [32m[1mLinking CXX executable eddie_ros_interface_test[0m
[100%] [32m[1mLinking CXX executable eddie_ros_interface[0m
[100%] Built target eddie_ros_interface_test
[100%] Built target eddie_ros_interface
-- Install configuration: ""
-- Up-to-date: /home/wasim/r4s/install/eddie-ros/include
-- Up-to-date: /home/wasim/r4s/install/eddie-ros/include/eddie-ros
-- Up-to-date: /home/wasim/r4s/install/eddie-ros/include/eddie-ros/eddie_ros.fsm.hpp
-- Installing: /home/wasim/r4s/install/eddie-ros/include/eddie-ros/interface.hpp
-- Up-to-date: /home/wasim/r4s/install/eddie-ros/include/eddie-ros/eddie_ros.fsm
-- Up-to-date: /home/wasim/r4s/install/eddie-ros/share/eddie-ros/urdf
-- Up-to-date: /home/wasim/r4s/install/eddie-ros/share/eddie-ros/urdf/eddie.urdf
-- Installing: /home/wasim/r4s/install/eddie-ros/lib/eddie-ros/eddie_ros_interface
-- Installing: /home/wasim/r4s/install/eddie-ros/lib/eddie-ros/eddie_ros_interface_test
-- Up-to-date: /home/wasim/r4s/install/eddie-ros/lib/eddie-ros/set_interface_permissions.sh
-- Up-to-date: /home/wasim/r4s/install/eddie-ros/share/ament_index/resource_index/package_run_dependencies/eddie-ros
-- Up-to-date: /home/wasim/r4s/install/eddie-ros/share/ament_index/resource_index/parent_prefix_path/eddie-ros
-- Up-to-date: /home/wasim/r4s/install/eddie-ros/share/eddie-ros/environment/ament_prefix_path.sh
-- Up-to-date: /home/wasim/r4s/install/eddie-ros/share/eddie-ros/environment/ament_prefix_path.dsv
-- Up-to-date: /home/wasim/r4s/install/eddie-ros/share/eddie-ros/environment/path.sh
-- Up-to-date: /home/wasim/r4s/install/eddie-ros/share/eddie-ros/environment/path.dsv
-- Up-to-date: /home/wasim/r4s/install/eddie-ros/share/eddie-ros/local_setup.bash
-- Up-to-date: /home/wasim/r4s/install/eddie-ros/share/eddie-ros/local_setup.sh
-- Up-to-date: /home/wasim/r4s/install/eddie-ros/share/eddie-ros/local_setup.zsh
-- Up-to-date: /home/wasim/r4s/install/eddie-ros/share/eddie-ros/local_setup.dsv
-- Installing: /home/wasim/r4s/install/eddie-ros/share/eddie-ros/package.dsv
-- Up-to-date: /home/wasim/r4s/install/eddie-ros/share/ament_index/resource_index/packages/eddie-ros
-- Up-to-date: /home/wasim/r4s/install/eddie-ros/share/eddie-ros/cmake/eddie-rosConfig.cmake
-- Up-to-date: /home/wasim/r4s/install/eddie-ros/share/eddie-ros/cmake/eddie-rosConfig-version.cmake
-- Up-to-date: /home/wasim/r4s/install/eddie-ros/share/eddie-ros/package.xml
