[0.068s] Invoking command in '/home/wasim/r4s/src/build/orocos_kdl': CMAKE_PREFIX_PATH=${CMAKE_PREFIX_PATH}:/opt/ros/jazzy DEBUGINFOD_URLS=https://debuginfod.ubuntu.com /usr/bin/cmake /home/wasim/r4s/src/orocos_kinematics_dynamics/orocos_kdl -DCMAKE_INSTALL_PREFIX=/home/wasim/r4s/src/install/orocos_kdl
[0.289s] -- The C compiler identification is GNU 13.3.0
[0.452s] -- The CXX compiler identification is GNU 13.3.0
[0.503s] -- Detecting C compiler ABI info
[0.760s] -- Detecting C compiler ABI info - done
[0.785s] -- Check for working C compiler: /usr/bin/cc - skipped
[0.795s] -- Detecting C compile features
[0.795s] -- Detecting C compile features - done
[0.822s] -- Detecting CXX compiler ABI info
[1.104s] -- Detecting CXX compiler ABI info - done
[1.129s] -- Check for working CXX compiler: /usr/bin/c++ - skipped
[1.130s] -- Detecting CXX compile features
[1.131s] -- Detecting CXX compile features - done
[1.133s] -- Orocos KDL version  (1.5.2)
[1.187s] -- Setting build type to 'Release'
[1.218s] -- Performing Test HAVE_STL_CONTAINER_INCOMPLETE_TYPES
[2.032s] -- Performing Test HAVE_STL_CONTAINER_INCOMPLETE_TYPES - Success
[2.053s] -- Configuring done (2.0s)
[2.090s] -- Generating done (0.0s)
[2.098s] -- Build files have been written to: /home/wasim/r4s/src/build/orocos_kdl
[2.109s] Invoked command in '/home/wasim/r4s/src/build/orocos_kdl' returned '0': CMAKE_PREFIX_PATH=${CMAKE_PREFIX_PATH}:/opt/ros/jazzy DEBUGINFOD_URLS=https://debuginfod.ubuntu.com /usr/bin/cmake /home/wasim/r4s/src/orocos_kinematics_dynamics/orocos_kdl -DCMAKE_INSTALL_PREFIX=/home/wasim/r4s/src/install/orocos_kdl
[2.112s] Invoking command in '/home/wasim/r4s/src/build/orocos_kdl': CMAKE_PREFIX_PATH=${CMAKE_PREFIX_PATH}:/opt/ros/jazzy DEBUGINFOD_URLS=https://debuginfod.ubuntu.com /usr/bin/cmake --build /home/wasim/r4s/src/build/orocos_kdl -- -j16 -l16
[2.278s] [  2%] [32mBuilding CXX object src/CMakeFiles/orocos-kdl.dir/chain.cpp.o[0m
[2.279s] [  2%] [32mBuilding CXX object src/CMakeFiles/orocos-kdl.dir/articulatedbodyinertia.cpp.o[0m
[2.279s] [  4%] [32mBuilding CXX object src/CMakeFiles/orocos-kdl.dir/chainfdsolver_recursive_newton_euler.cpp.o[0m
[2.279s] [  5%] [32mBuilding CXX object src/CMakeFiles/orocos-kdl.dir/chainfksolvervel_recursive.cpp.o[0m
[2.279s] [  8%] [32mBuilding CXX object src/CMakeFiles/orocos-kdl.dir/chainhdsolver_vereshchagin.cpp.o[0m
[2.280s] [  8%] [32mBuilding CXX object src/CMakeFiles/orocos-kdl.dir/chainfksolverpos_recursive.cpp.o[0m
[2.280s] [ 10%] [32mBuilding CXX object src/CMakeFiles/orocos-kdl.dir/chainexternalwrenchestimator.cpp.o[0m
[2.281s] [ 14%] [32mBuilding CXX object src/CMakeFiles/orocos-kdl.dir/chainidsolver_recursive_newton_euler.cpp.o[0m
[2.281s] [ 14%] [32mBuilding CXX object src/CMakeFiles/orocos-kdl.dir/chainiksolverpos_lma.cpp.o[0m
[2.281s] [ 14%] [32mBuilding CXX object src/CMakeFiles/orocos-kdl.dir/chaindynparam.cpp.o[0m
[2.284s] [ 16%] [32mBuilding CXX object src/CMakeFiles/orocos-kdl.dir/chainiksolverpos_nr.cpp.o[0m
[2.285s] [ 17%] [32mBuilding CXX object src/CMakeFiles/orocos-kdl.dir/chainhdsolver_vereshchagin_fext.cpp.o[0m
[2.287s] [ 19%] [32mBuilding CXX object src/CMakeFiles/orocos-kdl.dir/chainiksolvervel_pinv.cpp.o[0m
[2.288s] [ 20%] [32mBuilding CXX object src/CMakeFiles/orocos-kdl.dir/chainidsolver_vereshchagin.cpp.o[0m
[2.288s] [ 22%] [32mBuilding CXX object src/CMakeFiles/orocos-kdl.dir/chainiksolverpos_nr_jl.cpp.o[0m
[2.304s] [ 23%] [32mBuilding CXX object src/CMakeFiles/orocos-kdl.dir/chainiksolvervel_pinv_givens.cpp.o[0m
[4.660s] [ 25%] [32mBuilding CXX object src/CMakeFiles/orocos-kdl.dir/chainiksolvervel_pinv_nso.cpp.o[0m
[6.438s] [ 26%] [32mBuilding CXX object src/CMakeFiles/orocos-kdl.dir/chainiksolvervel_wdls.cpp.o[0m
[6.509s] [ 27%] [32mBuilding CXX object src/CMakeFiles/orocos-kdl.dir/chainjnttojacdotsolver.cpp.o[0m
[6.569s] [ 29%] [32mBuilding CXX object src/CMakeFiles/orocos-kdl.dir/frameacc.cpp.o[0m
[6.601s] [ 30%] [32mBuilding CXX object src/CMakeFiles/orocos-kdl.dir/chainjnttojacsolver.cpp.o[0m
[6.740s] [ 32%] [32mBuilding CXX object src/CMakeFiles/orocos-kdl.dir/frames.cpp.o[0m
[6.789s] [ 33%] [32mBuilding CXX object src/CMakeFiles/orocos-kdl.dir/frames_io.cpp.o[0m
[6.824s] [ 35%] [32mBuilding CXX object src/CMakeFiles/orocos-kdl.dir/framevel.cpp.o[0m
[6.907s] [ 36%] [32mBuilding CXX object src/CMakeFiles/orocos-kdl.dir/jacobian.cpp.o[0m
[7.832s] [ 38%] [32mBuilding CXX object src/CMakeFiles/orocos-kdl.dir/jntarray.cpp.o[0m
[8.063s] [ 39%] [32mBuilding CXX object src/CMakeFiles/orocos-kdl.dir/jntarrayacc.cpp.o[0m
[8.071s] [ 41%] [32mBuilding CXX object src/CMakeFiles/orocos-kdl.dir/jntarrayvel.cpp.o[0m
[8.273s] [ 42%] [32mBuilding CXX object src/CMakeFiles/orocos-kdl.dir/jntspaceinertiamatrix.cpp.o[0m
[9.335s] [ 44%] [32mBuilding CXX object src/CMakeFiles/orocos-kdl.dir/joint.cpp.o[0m
[10.610s] [ 45%] [32mBuilding CXX object src/CMakeFiles/orocos-kdl.dir/kinfam_io.cpp.o[0m
[10.649s] [ 47%] [32mBuilding CXX object src/CMakeFiles/orocos-kdl.dir/path.cpp.o[0m
[10.762s] [ 48%] [32mBuilding CXX object src/CMakeFiles/orocos-kdl.dir/path_circle.cpp.o[0m
[11.120s] [ 50%] [32mBuilding CXX object src/CMakeFiles/orocos-kdl.dir/path_composite.cpp.o[0m
[11.305s] [ 51%] [32mBuilding CXX object src/CMakeFiles/orocos-kdl.dir/path_cyclic_closed.cpp.o[0m
[11.498s] [ 52%] [32mBuilding CXX object src/CMakeFiles/orocos-kdl.dir/path_line.cpp.o[0m
[11.643s] [ 54%] [32mBuilding CXX object src/CMakeFiles/orocos-kdl.dir/path_point.cpp.o[0m
[11.751s] [ 55%] [32mBuilding CXX object src/CMakeFiles/orocos-kdl.dir/path_roundedcomposite.cpp.o[0m
[12.272s] [ 57%] [32mBuilding CXX object src/CMakeFiles/orocos-kdl.dir/rigidbodyinertia.cpp.o[0m
[13.101s] [ 58%] [32mBuilding CXX object src/CMakeFiles/orocos-kdl.dir/rotational_interpolation.cpp.o[0m
[13.745s] [ 60%] [32mBuilding CXX object src/CMakeFiles/orocos-kdl.dir/rotational_interpolation_sa.cpp.o[0m
[13.912s] [ 61%] [32mBuilding CXX object src/CMakeFiles/orocos-kdl.dir/rotationalinertia.cpp.o[0m
[14.480s] [ 63%] [32mBuilding CXX object src/CMakeFiles/orocos-kdl.dir/segment.cpp.o[0m
[14.601s] [ 64%] [32mBuilding CXX object src/CMakeFiles/orocos-kdl.dir/trajectory.cpp.o[0m
[14.636s] [ 66%] [32mBuilding CXX object src/CMakeFiles/orocos-kdl.dir/trajectory_composite.cpp.o[0m
[15.130s] [ 67%] [32mBuilding CXX object src/CMakeFiles/orocos-kdl.dir/trajectory_segment.cpp.o[0m
[15.304s] [ 69%] [32mBuilding CXX object src/CMakeFiles/orocos-kdl.dir/trajectory_stationary.cpp.o[0m
[15.358s] [ 70%] [32mBuilding CXX object src/CMakeFiles/orocos-kdl.dir/tree.cpp.o[0m
[15.632s] [ 72%] [32mBuilding CXX object src/CMakeFiles/orocos-kdl.dir/treefksolverpos_recursive.cpp.o[0m
[15.857s] [ 73%] [32mBuilding CXX object src/CMakeFiles/orocos-kdl.dir/treeidsolver_recursive_newton_euler.cpp.o[0m
[16.502s] [ 75%] [32mBuilding CXX object src/CMakeFiles/orocos-kdl.dir/treeiksolverpos_nr_jl.cpp.o[0m
[16.695s] [ 76%] [32mBuilding CXX object src/CMakeFiles/orocos-kdl.dir/treeiksolverpos_online.cpp.o[0m
[17.535s] [ 77%] [32mBuilding CXX object src/CMakeFiles/orocos-kdl.dir/treeiksolvervel_wdls.cpp.o[0m
[17.839s] [ 79%] [32mBuilding CXX object src/CMakeFiles/orocos-kdl.dir/treejnttojacsolver.cpp.o[0m
[18.213s] [ 80%] [32mBuilding CXX object src/CMakeFiles/orocos-kdl.dir/utilities/error_stack.cxx.o[0m
[18.718s] [ 82%] [32mBuilding CXX object src/CMakeFiles/orocos-kdl.dir/utilities/ldl_solver_eigen.cpp.o[0m
[18.872s] [ 83%] [32mBuilding CXX object src/CMakeFiles/orocos-kdl.dir/utilities/svd_HH.cpp.o[0m
[19.165s] [ 85%] [32mBuilding CXX object src/CMakeFiles/orocos-kdl.dir/utilities/svd_eigen_HH.cpp.o[0m
[19.313s] [ 86%] [32mBuilding CXX object src/CMakeFiles/orocos-kdl.dir/utilities/svd_eigen_Macie.cpp.o[0m
[19.449s] [ 88%] [32mBuilding CXX object src/CMakeFiles/orocos-kdl.dir/utilities/utility_io.cxx.o[0m
[19.458s] [ 89%] [32mBuilding CXX object src/CMakeFiles/orocos-kdl.dir/utilities/utility.cxx.o[0m
[20.446s] [ 91%] [32mBuilding CXX object src/CMakeFiles/orocos-kdl.dir/velocityprofile.cpp.o[0m
[20.524s] [ 92%] [32mBuilding CXX object src/CMakeFiles/orocos-kdl.dir/velocityprofile_dirac.cpp.o[0m
[20.785s] [ 94%] [32mBuilding CXX object src/CMakeFiles/orocos-kdl.dir/velocityprofile_rect.cpp.o[0m
[21.199s] [ 95%] [32mBuilding CXX object src/CMakeFiles/orocos-kdl.dir/velocityprofile_spline.cpp.o[0m
[21.373s] [ 97%] [32mBuilding CXX object src/CMakeFiles/orocos-kdl.dir/velocityprofile_trap.cpp.o[0m
[21.405s] [ 98%] [32mBuilding CXX object src/CMakeFiles/orocos-kdl.dir/velocityprofile_traphalf.cpp.o[0m
[26.294s] [100%] [32m[1mLinking CXX shared library liborocos-kdl.so[0m
[26.454s] [100%] Built target orocos-kdl
[26.474s] Invoked command in '/home/wasim/r4s/src/build/orocos_kdl' returned '0': CMAKE_PREFIX_PATH=${CMAKE_PREFIX_PATH}:/opt/ros/jazzy DEBUGINFOD_URLS=https://debuginfod.ubuntu.com /usr/bin/cmake --build /home/wasim/r4s/src/build/orocos_kdl -- -j16 -l16
[26.475s] Invoking command in '/home/wasim/r4s/src/build/orocos_kdl': CMAKE_PREFIX_PATH=${CMAKE_PREFIX_PATH}:/opt/ros/jazzy DEBUGINFOD_URLS=https://debuginfod.ubuntu.com /usr/bin/cmake --install /home/wasim/r4s/src/build/orocos_kdl
[26.487s] -- Install configuration: "Release"
[26.487s] -- Installing: /home/wasim/r4s/src/install/orocos_kdl/share/orocos_kdl/cmake/FindEigen3.cmake
[26.488s] -- Installing: /home/wasim/r4s/src/install/orocos_kdl/share/orocos_kdl/cmake/orocos_kdl-config.cmake
[26.488s] -- Installing: /home/wasim/r4s/src/install/orocos_kdl/share/orocos_kdl/cmake/orocos_kdl-config-version.cmake
[26.488s] -- Installing: /home/wasim/r4s/src/install/orocos_kdl/share/orocos_kdl/cmake/OrocosKDLTargets.cmake
[26.489s] -- Installing: /home/wasim/r4s/src/install/orocos_kdl/share/orocos_kdl/cmake/OrocosKDLTargets-release.cmake
[26.489s] -- Installing: /home/wasim/r4s/src/install/orocos_kdl/lib/pkgconfig/orocos-kdl.pc
[26.489s] -- Installing: /home/wasim/r4s/src/install/orocos_kdl/lib/pkgconfig/orocos_kdl.pc
[26.490s] -- Installing: /home/wasim/r4s/src/install/orocos_kdl/lib/liborocos-kdl.so.1.5.2
[26.492s] -- Installing: /home/wasim/r4s/src/install/orocos_kdl/lib/liborocos-kdl.so.1.5
[26.492s] -- Set non-toolchain portion of runtime path of "/home/wasim/r4s/src/install/orocos_kdl/lib/liborocos-kdl.so.1.5.2" to "$ORIGIN/../lib"
[26.492s] -- Installing: /home/wasim/r4s/src/install/orocos_kdl/lib/liborocos-kdl.so
[26.492s] -- Installing: /home/wasim/r4s/src/install/orocos_kdl/include/kdl/articulatedbodyinertia.hpp
[26.493s] -- Installing: /home/wasim/r4s/src/install/orocos_kdl/include/kdl/chain.hpp
[26.493s] -- Installing: /home/wasim/r4s/src/install/orocos_kdl/include/kdl/chaindynparam.hpp
[26.493s] -- Installing: /home/wasim/r4s/src/install/orocos_kdl/include/kdl/chainexternalwrenchestimator.hpp
[26.493s] -- Installing: /home/wasim/r4s/src/install/orocos_kdl/include/kdl/chainfdsolver.hpp
[26.494s] -- Installing: /home/wasim/r4s/src/install/orocos_kdl/include/kdl/chainfdsolver_recursive_newton_euler.hpp
[26.494s] -- Installing: /home/wasim/r4s/src/install/orocos_kdl/include/kdl/chainfksolver.hpp
[26.494s] -- Installing: /home/wasim/r4s/src/install/orocos_kdl/include/kdl/chainfksolverpos_recursive.hpp
[26.494s] -- Installing: /home/wasim/r4s/src/install/orocos_kdl/include/kdl/chainfksolvervel_recursive.hpp
[26.495s] -- Installing: /home/wasim/r4s/src/install/orocos_kdl/include/kdl/chainhdsolver_vereshchagin.hpp
[26.495s] -- Installing: /home/wasim/r4s/src/install/orocos_kdl/include/kdl/chainhdsolver_vereshchagin_fext.hpp
[26.495s] -- Installing: /home/wasim/r4s/src/install/orocos_kdl/include/kdl/chainidsolver.hpp
[26.495s] -- Installing: /home/wasim/r4s/src/install/orocos_kdl/include/kdl/chainidsolver_recursive_newton_euler.hpp
[26.496s] -- Installing: /home/wasim/r4s/src/install/orocos_kdl/include/kdl/chainidsolver_vereshchagin.hpp
[26.496s] -- Installing: /home/wasim/r4s/src/install/orocos_kdl/include/kdl/chainiksolver.hpp
[26.496s] -- Installing: /home/wasim/r4s/src/install/orocos_kdl/include/kdl/chainiksolverpos_lma.hpp
[26.496s] -- Installing: /home/wasim/r4s/src/install/orocos_kdl/include/kdl/chainiksolverpos_nr.hpp
[26.496s] -- Installing: /home/wasim/r4s/src/install/orocos_kdl/include/kdl/chainiksolverpos_nr_jl.hpp
[26.497s] -- Installing: /home/wasim/r4s/src/install/orocos_kdl/include/kdl/chainiksolvervel_pinv.hpp
[26.497s] -- Installing: /home/wasim/r4s/src/install/orocos_kdl/include/kdl/chainiksolvervel_pinv_givens.hpp
[26.497s] -- Installing: /home/wasim/r4s/src/install/orocos_kdl/include/kdl/chainiksolvervel_pinv_nso.hpp
[26.497s] -- Installing: /home/wasim/r4s/src/install/orocos_kdl/include/kdl/chainiksolvervel_wdls.hpp
[26.497s] -- Installing: /home/wasim/r4s/src/install/orocos_kdl/include/kdl/chainjnttojacdotsolver.hpp
[26.497s] -- Installing: /home/wasim/r4s/src/install/orocos_kdl/include/kdl/chainjnttojacsolver.hpp
[26.498s] -- Installing: /home/wasim/r4s/src/install/orocos_kdl/include/kdl/frameacc.hpp
[26.498s] -- Installing: /home/wasim/r4s/src/install/orocos_kdl/include/kdl/frameacc.inl
[26.498s] -- Installing: /home/wasim/r4s/src/install/orocos_kdl/include/kdl/frameacc_io.hpp
[26.498s] -- Installing: /home/wasim/r4s/src/install/orocos_kdl/include/kdl/frames.hpp
[26.499s] -- Installing: /home/wasim/r4s/src/install/orocos_kdl/include/kdl/frames.inl
[26.499s] -- Installing: /home/wasim/r4s/src/install/orocos_kdl/include/kdl/frames_io.hpp
[26.499s] -- Installing: /home/wasim/r4s/src/install/orocos_kdl/include/kdl/framevel.hpp
[26.499s] -- Installing: /home/wasim/r4s/src/install/orocos_kdl/include/kdl/framevel.inl
[26.500s] -- Installing: /home/wasim/r4s/src/install/orocos_kdl/include/kdl/framevel_io.hpp
[26.500s] -- Installing: /home/wasim/r4s/src/install/orocos_kdl/include/kdl/jacobian.hpp
[26.500s] -- Installing: /home/wasim/r4s/src/install/orocos_kdl/include/kdl/jntarray.hpp
[26.500s] -- Installing: /home/wasim/r4s/src/install/orocos_kdl/include/kdl/jntarrayacc.hpp
[26.501s] -- Installing: /home/wasim/r4s/src/install/orocos_kdl/include/kdl/jntarrayvel.hpp
[26.501s] -- Installing: /home/wasim/r4s/src/install/orocos_kdl/include/kdl/jntspaceinertiamatrix.hpp
[26.501s] -- Installing: /home/wasim/r4s/src/install/orocos_kdl/include/kdl/joint.hpp
[26.501s] -- Installing: /home/wasim/r4s/src/install/orocos_kdl/include/kdl/kdl.hpp
[26.502s] -- Installing: /home/wasim/r4s/src/install/orocos_kdl/include/kdl/kinfam.hpp
[26.502s] -- Installing: /home/wasim/r4s/src/install/orocos_kdl/include/kdl/kinfam_io.hpp
[26.502s] -- Installing: /home/wasim/r4s/src/install/orocos_kdl/include/kdl/motion.hpp
[26.503s] -- Installing: /home/wasim/r4s/src/install/orocos_kdl/include/kdl/path.hpp
[26.503s] -- Installing: /home/wasim/r4s/src/install/orocos_kdl/include/kdl/path_circle.hpp
[26.503s] -- Installing: /home/wasim/r4s/src/install/orocos_kdl/include/kdl/path_composite.hpp
[26.503s] -- Installing: /home/wasim/r4s/src/install/orocos_kdl/include/kdl/path_cyclic_closed.hpp
[26.504s] -- Installing: /home/wasim/r4s/src/install/orocos_kdl/include/kdl/path_line.hpp
[26.504s] -- Installing: /home/wasim/r4s/src/install/orocos_kdl/include/kdl/path_point.hpp
[26.504s] -- Installing: /home/wasim/r4s/src/install/orocos_kdl/include/kdl/path_roundedcomposite.hpp
[26.504s] -- Installing: /home/wasim/r4s/src/install/orocos_kdl/include/kdl/rigidbodyinertia.hpp
[26.504s] -- Installing: /home/wasim/r4s/src/install/orocos_kdl/include/kdl/rotational_interpolation.hpp
[26.505s] -- Installing: /home/wasim/r4s/src/install/orocos_kdl/include/kdl/rotational_interpolation_sa.hpp
[26.505s] -- Installing: /home/wasim/r4s/src/install/orocos_kdl/include/kdl/rotationalinertia.hpp
[26.505s] -- Installing: /home/wasim/r4s/src/install/orocos_kdl/include/kdl/segment.hpp
[26.505s] -- Installing: /home/wasim/r4s/src/install/orocos_kdl/include/kdl/solveri.hpp
[26.505s] -- Installing: /home/wasim/r4s/src/install/orocos_kdl/include/kdl/stiffness.hpp
[26.506s] -- Installing: /home/wasim/r4s/src/install/orocos_kdl/include/kdl/trajectory.hpp
[26.506s] -- Installing: /home/wasim/r4s/src/install/orocos_kdl/include/kdl/trajectory_composite.hpp
[26.506s] -- Installing: /home/wasim/r4s/src/install/orocos_kdl/include/kdl/trajectory_segment.hpp
[26.506s] -- Installing: /home/wasim/r4s/src/install/orocos_kdl/include/kdl/trajectory_stationary.hpp
[26.506s] -- Installing: /home/wasim/r4s/src/install/orocos_kdl/include/kdl/tree.hpp
[26.507s] -- Installing: /home/wasim/r4s/src/install/orocos_kdl/include/kdl/treefksolver.hpp
[26.507s] -- Installing: /home/wasim/r4s/src/install/orocos_kdl/include/kdl/treefksolverpos_recursive.hpp
[26.507s] -- Installing: /home/wasim/r4s/src/install/orocos_kdl/include/kdl/treeidsolver.hpp
[26.507s] -- Installing: /home/wasim/r4s/src/install/orocos_kdl/include/kdl/treeidsolver_recursive_newton_euler.hpp
[26.507s] -- Installing: /home/wasim/r4s/src/install/orocos_kdl/include/kdl/treeiksolver.hpp
[26.508s] -- Installing: /home/wasim/r4s/src/install/orocos_kdl/include/kdl/treeiksolverpos_nr_jl.hpp
[26.508s] -- Installing: /home/wasim/r4s/src/install/orocos_kdl/include/kdl/treeiksolverpos_online.hpp
[26.508s] -- Installing: /home/wasim/r4s/src/install/orocos_kdl/include/kdl/treeiksolvervel_wdls.hpp
[26.508s] -- Installing: /home/wasim/r4s/src/install/orocos_kdl/include/kdl/treejnttojacsolver.hpp
[26.508s] -- Installing: /home/wasim/r4s/src/install/orocos_kdl/include/kdl/velocityprofile.hpp
[26.509s] -- Installing: /home/wasim/r4s/src/install/orocos_kdl/include/kdl/velocityprofile_dirac.hpp
[26.509s] -- Installing: /home/wasim/r4s/src/install/orocos_kdl/include/kdl/velocityprofile_rect.hpp
[26.509s] -- Installing: /home/wasim/r4s/src/install/orocos_kdl/include/kdl/velocityprofile_spline.hpp
[26.509s] -- Installing: /home/wasim/r4s/src/install/orocos_kdl/include/kdl/velocityprofile_trap.hpp
[26.509s] -- Installing: /home/wasim/r4s/src/install/orocos_kdl/include/kdl/velocityprofile_traphalf.hpp
[26.509s] -- Installing: /home/wasim/r4s/src/install/orocos_kdl/include/kdl/config.h
[26.510s] -- Installing: /home/wasim/r4s/src/install/orocos_kdl/include/kdl/utilities/error.h
[26.510s] -- Installing: /home/wasim/r4s/src/install/orocos_kdl/include/kdl/utilities/error_stack.h
[26.510s] -- Installing: /home/wasim/r4s/src/install/orocos_kdl/include/kdl/utilities/hash_combine.h
[26.511s] -- Installing: /home/wasim/r4s/src/install/orocos_kdl/include/kdl/utilities/kdl-config.h
[26.511s] -- Installing: /home/wasim/r4s/src/install/orocos_kdl/include/kdl/utilities/ldl_solver_eigen.hpp
[26.511s] -- Installing: /home/wasim/r4s/src/install/orocos_kdl/include/kdl/utilities/rall1d.h
[26.511s] -- Installing: /home/wasim/r4s/src/install/orocos_kdl/include/kdl/utilities/rall1d_io.h
[26.512s] -- Installing: /home/wasim/r4s/src/install/orocos_kdl/include/kdl/utilities/rall2d.h
[26.512s] -- Installing: /home/wasim/r4s/src/install/orocos_kdl/include/kdl/utilities/rall2d_io.h
[26.512s] -- Installing: /home/wasim/r4s/src/install/orocos_kdl/include/kdl/utilities/rallNd.h
[26.513s] -- Installing: /home/wasim/r4s/src/install/orocos_kdl/include/kdl/utilities/scoped_ptr.hpp
[26.513s] -- Installing: /home/wasim/r4s/src/install/orocos_kdl/include/kdl/utilities/svd_HH.hpp
[26.513s] -- Installing: /home/wasim/r4s/src/install/orocos_kdl/include/kdl/utilities/svd_eigen_HH.hpp
[26.513s] -- Installing: /home/wasim/r4s/src/install/orocos_kdl/include/kdl/utilities/svd_eigen_Macie.hpp
[26.513s] -- Installing: /home/wasim/r4s/src/install/orocos_kdl/include/kdl/utilities/traits.h
[26.513s] -- Installing: /home/wasim/r4s/src/install/orocos_kdl/include/kdl/utilities/utility.h
[26.514s] -- Installing: /home/wasim/r4s/src/install/orocos_kdl/include/kdl/utilities/utility_io.h
[26.517s] Invoked command in '/home/wasim/r4s/src/build/orocos_kdl' returned '0': CMAKE_PREFIX_PATH=${CMAKE_PREFIX_PATH}:/opt/ros/jazzy DEBUGINFOD_URLS=https://debuginfod.ubuntu.com /usr/bin/cmake --install /home/wasim/r4s/src/build/orocos_kdl
