[0.011s] Invoking command in '/home/wasim/r4s/src/build/eddie_ros': CMAKE_PREFIX_PATH=${CMAKE_PREFIX_PATH}:/opt/ros/jazzy DEBUGINFOD_URLS=https://debuginfod.ubuntu.com /usr/bin/cmake /home/wasim/r4s/src/eddie-ros -DCMAKE_INSTALL_PREFIX=/home/wasim/r4s/src/install/eddie_ros
[0.026s] -- Found ament_cmake: 2.5.4 (/opt/ros/jazzy/share/ament_cmake/cmake)
[0.053s] -- Found Python3: /usr/bin/python3 (found version "3.12.3") found components: Interpreter 
[0.127s] -- Found rclcpp: 28.1.9 (/opt/ros/jazzy/share/rclcpp/cmake)
[0.153s] -- Found rosidl_generator_c: 4.6.5 (/opt/ros/jazzy/share/rosidl_generator_c/cmake)
[0.161s] -- Found rosidl_generator_cpp: 4.6.5 (/opt/ros/jazzy/share/rosidl_generator_cpp/cmake)
[0.171s] -- Using all available rosidl_typesupport_c: rosidl_typesupport_fastrtps_c;rosidl_typesupport_introspection_c
[0.182s] -- Using all available rosidl_typesupport_cpp: rosidl_typesupport_fastrtps_cpp;rosidl_typesupport_introspection_cpp
[0.237s] -- Found rmw_implementation_cmake: 7.3.2 (/opt/ros/jazzy/share/rmw_implementation_cmake/cmake)
[0.238s] -- Found rmw_fastrtps_cpp: 8.4.2 (/opt/ros/jazzy/share/rmw_fastrtps_cpp/cmake)
[0.306s] -- Using RMW implementation 'rmw_fastrtps_cpp' as default
[0.367s] -- Found rclcpp_action: 28.1.9 (/opt/ros/jazzy/share/rclcpp_action/cmake)
[0.403s] -- Found rclcpp_components: 28.1.9 (/opt/ros/jazzy/share/rclcpp_components/cmake)
[0.428s] -- Found geometry_msgs: 5.3.6 (/opt/ros/jazzy/share/geometry_msgs/cmake)
[0.457s] -- Found kdl_parser: 2.11.0 (/opt/ros/jazzy/share/kdl_parser/cmake)
[0.458s] -- Found eigen3_cmake_module: 0.3.0 (/opt/ros/jazzy/share/eigen3_cmake_module/cmake)
[0.460s] -- Ensuring Eigen3 include directory is part of orocos-kdl CMake target
[0.462s] -- Found rosidl_default_generators: 1.6.0 (/opt/ros/jazzy/share/rosidl_default_generators/cmake)
[0.469s] -- Found rosidl_adapter: 4.6.5 (/opt/ros/jazzy/share/rosidl_adapter/cmake)
[0.744s] -- Found ament_cmake_ros: 0.12.0 (/opt/ros/jazzy/share/ament_cmake_ros/cmake)
[1.018s] -- Using all available rosidl_typesupport_c: rosidl_typesupport_fastrtps_c;rosidl_typesupport_introspection_c
[1.124s] -- Using all available rosidl_typesupport_cpp: rosidl_typesupport_fastrtps_cpp;rosidl_typesupport_introspection_cpp
[1.125s] -- Found python_cmake_module: 0.11.1 (/opt/ros/jazzy/share/python_cmake_module/cmake)
[1.365s] -- Found Python3: /usr/bin/python3 (found version "3.12.3") found components: Interpreter Development NumPy Development.Module Development.Embed 
[1.407s] -- Configuring done (1.4s)
[1.465s] [31mCMake Error at CMakeLists.txt:55 (target_link_libraries):
[1.465s]   Target "eddie_ros_interface" links to:
[1.465s] 
[1.465s]     robif2b::ethercat
[1.465s] 
[1.465s]   but the target was not found.  Possible reasons include:
[1.465s] 
[1.465s]     * There is a typo in the target name.
[1.465s]     * A find_package call is missing for an IMPORTED target.
[1.466s]     * An ALIAS target is missing.
[1.466s] 
[1.466s] 
[1.466s] [0m
[1.466s] [31mCMake Error at CMakeLists.txt:76 (target_link_libraries):
[1.466s]   Target "task_planner_node" links to:
[1.466s] 
[1.466s]     robif2b::ethercat
[1.466s] 
[1.466s]   but the target was not found.  Possible reasons include:
[1.466s] 
[1.466s]     * There is a typo in the target name.
[1.466s]     * A find_package call is missing for an IMPORTED target.
[1.466s]     * An ALIAS target is missing.
[1.466s] 
[1.466s] 
[1.467s] [0m
[1.467s] [31mCMake Error at CMakeLists.txt:97 (target_link_libraries):
[1.467s]   Target "eddie_ros_interface_test" links to:
[1.467s] 
[1.467s]     robif2b::ethercat
[1.467s] 
[1.467s]   but the target was not found.  Possible reasons include:
[1.467s] 
[1.467s]     * There is a typo in the target name.
[1.467s]     * A find_package call is missing for an IMPORTED target.
[1.467s]     * An ALIAS target is missing.
[1.467s] 
[1.467s] 
[1.467s] [0m
[1.467s] -- Generating done (0.0s)
[1.468s] [0mCMake Generate step failed.  Build files cannot be regenerated correctly.[0m
[1.479s] Invoked command in '/home/wasim/r4s/src/build/eddie_ros' returned '1': CMAKE_PREFIX_PATH=${CMAKE_PREFIX_PATH}:/opt/ros/jazzy DEBUGINFOD_URLS=https://debuginfod.ubuntu.com /usr/bin/cmake /home/wasim/r4s/src/eddie-ros -DCMAKE_INSTALL_PREFIX=/home/wasim/r4s/src/install/eddie_ros
