-- The C compiler identification is GNU 13.3.0
-- The CXX compiler identification is GNU 13.3.0
-- Detecting C compiler ABI info
-- Detecting C compiler ABI info - done
-- Check for working C compiler: /usr/bin/cc - skipped
-- Detecting C compile features
-- Detecting C compile features - done
-- Detecting CXX compiler ABI info
-- Detecting CXX compiler ABI info - done
-- Check for working CXX compiler: /usr/bin/c++ - skipped
-- Detecting CXX compile features
-- Detecting CXX compile features - done
-- Found Python3: /usr/bin/python3 (found version "3.12.3") found components: Interpreter Development Development.Module Development.Embed 
-- Performing Test HAS_FLTO
-- Performing Test HAS_FLTO - Success
-- pybind11 found, building against installed version
-- Configuring done (1.2s)
-- Generating done (0.0s)
-- Build files have been written to: /home/wasim/r4s/src/build/python_orocos_kdl
[ 50%] [32mBuilding CXX object CMakeFiles/PyKDL.dir/PyKDL/PyKDL.cpp.o[0m
[ 50%] [32mBuilding CXX object CMakeFiles/PyKDL.dir/PyKDL/frames.cpp.o[0m
[ 50%] [32mBuilding CXX object CMakeFiles/PyKDL.dir/PyKDL/kinfam.cpp.o[0m
[ 66%] [32mBuilding CXX object CMakeFiles/PyKDL.dir/PyKDL/framevel.cpp.o[0m
[ 83%] [32mBuilding CXX object CMakeFiles/PyKDL.dir/PyKDL/dynamics.cpp.o[0m
[100%] [32m[1mLinking CXX shared module PyKDL.cpython-312-x86_64-linux-gnu.so[0m
[100%] Built target PyKDL
