[0.016s] Invoking command in '/home/wasim/r4s/src/build/python_orocos_kdl': CMAKE_MODULE_PATH=/home/wasim/r4s/src/install/orocos_kdl/share/orocos_kdl/cmake CMAKE_PREFIX_PATH=/home/wasim/r4s/src/install/orocos_kdl:${CMAKE_PREFIX_PATH} DEBUGINFOD_URLS=https://debuginfod.ubuntu.com LD_LIBRARY_PATH=/home/wasim/r4s/src/install/orocos_kdl/lib:${LD_LIBRARY_PATH} PKG_CONFIG_PATH=/home/wasim/r4s/src/install/orocos_kdl/lib/x86_64-linux-gnu/pkgconfig:/home/wasim/r4s/src/install/orocos_kdl/lib/pkgconfig /usr/bin/cmake /home/wasim/r4s/src/orocos_kinematics_dynamics/python_orocos_kdl -DCATKIN_INSTALL_INTO_PREFIX_ROOT=0 -DCMAKE_INSTALL_PREFIX=/home/wasim/r4s/src/install/python_orocos_kdl
[0.100s] -- The C compiler identification is GNU 13.3.0
[0.180s] -- The CXX compiler identification is GNU 13.3.0
[0.203s] -- Detecting C compiler ABI info
[0.337s] -- Detecting C compiler ABI info - done
[0.350s] -- Check for working C compiler: /usr/bin/cc - skipped
[0.351s] -- Detecting C compile features
[0.351s] -- Detecting C compile features - done
[0.366s] -- Detecting CXX compiler ABI info
[0.519s] -- Detecting CXX compiler ABI info - done
[0.534s] -- Check for working CXX compiler: /usr/bin/c++ - skipped
[0.535s] -- Detecting CXX compile features
[0.535s] -- Detecting CXX compile features - done
[0.946s] -- Found Python3: /usr/bin/python3 (found version "3.12.3") found components: Interpreter Development Development.Module Development.Embed 
[1.037s] -- Performing Test HAS_FLTO
[1.255s] -- Performing Test HAS_FLTO - Success
[1.256s] -- pybind11 found, building against installed version
[1.257s] -- Configuring done (1.2s)
[1.263s] -- Generating done (0.0s)
[1.264s] [33mCMake Warning:
[1.264s]   Manually-specified variables were not used by the project:
[1.264s] 
[1.264s]     CATKIN_INSTALL_INTO_PREFIX_ROOT
[1.264s] 
[1.264s] [0m
[1.266s] -- Build files have been written to: /home/wasim/r4s/src/build/python_orocos_kdl
[1.274s] Invoked command in '/home/wasim/r4s/src/build/python_orocos_kdl' returned '0': CMAKE_MODULE_PATH=/home/wasim/r4s/src/install/orocos_kdl/share/orocos_kdl/cmake CMAKE_PREFIX_PATH=/home/wasim/r4s/src/install/orocos_kdl:${CMAKE_PREFIX_PATH} DEBUGINFOD_URLS=https://debuginfod.ubuntu.com LD_LIBRARY_PATH=/home/wasim/r4s/src/install/orocos_kdl/lib:${LD_LIBRARY_PATH} PKG_CONFIG_PATH=/home/wasim/r4s/src/install/orocos_kdl/lib/x86_64-linux-gnu/pkgconfig:/home/wasim/r4s/src/install/orocos_kdl/lib/pkgconfig /usr/bin/cmake /home/wasim/r4s/src/orocos_kinematics_dynamics/python_orocos_kdl -DCATKIN_INSTALL_INTO_PREFIX_ROOT=0 -DCMAKE_INSTALL_PREFIX=/home/wasim/r4s/src/install/python_orocos_kdl
[1.275s] Invoking command in '/home/wasim/r4s/src/build/python_orocos_kdl': CMAKE_MODULE_PATH=/home/wasim/r4s/src/install/orocos_kdl/share/orocos_kdl/cmake CMAKE_PREFIX_PATH=/home/wasim/r4s/src/install/orocos_kdl:${CMAKE_PREFIX_PATH} DEBUGINFOD_URLS=https://debuginfod.ubuntu.com LD_LIBRARY_PATH=/home/wasim/r4s/src/install/orocos_kdl/lib:${LD_LIBRARY_PATH} PKG_CONFIG_PATH=/home/wasim/r4s/src/install/orocos_kdl/lib/x86_64-linux-gnu/pkgconfig:/home/wasim/r4s/src/install/orocos_kdl/lib/pkgconfig /usr/bin/cmake --build /home/wasim/r4s/src/build/python_orocos_kdl -- -j16 -l16
[1.359s] [ 50%] [32mBuilding CXX object CMakeFiles/PyKDL.dir/PyKDL/PyKDL.cpp.o[0m
[1.359s] [ 50%] [32mBuilding CXX object CMakeFiles/PyKDL.dir/PyKDL/frames.cpp.o[0m
[1.360s] [ 50%] [32mBuilding CXX object CMakeFiles/PyKDL.dir/PyKDL/kinfam.cpp.o[0m
[1.360s] [ 66%] [32mBuilding CXX object CMakeFiles/PyKDL.dir/PyKDL/framevel.cpp.o[0m
[1.360s] [ 83%] [32mBuilding CXX object CMakeFiles/PyKDL.dir/PyKDL/dynamics.cpp.o[0m
[11.161s] [100%] [32m[1mLinking CXX shared module PyKDL.cpython-312-x86_64-linux-gnu.so[0m
[12.500s] [01m[Klto-wrapper:[m[K [01;35m[Kwarning: [m[Kusing serial compilation of 2 LTRANS jobs
[12.500s] [01m[Klto-wrapper:[m[K [01;36m[Knote: [m[Ksee the ]8;;https://gcc.gnu.org/onlinedocs/gcc/Optimize-Options.html#index-flto‘[01m[K-flto[m[K’ option documentation]8;; for more information
[21.758s] [100%] Built target PyKDL
