[0.282s] DEBUG:colcon:Command line arguments: ['/usr/bin/colcon', 'build']
[0.282s] DEBUG:colcon:Parsed command line arguments: Namespace(log_base=None, log_level=None, verb_name='build', build_base='build', install_base='install', merge_install=False, symlink_install=False, test_result_base=None, continue_on_error=False, executor='parallel', parallel_workers=16, event_handlers=None, ignore_user_meta=False, metas=['./colcon.meta'], base_paths=['.'], packages_ignore=None, packages_ignore_regex=None, paths=None, packages_up_to=None, packages_up_to_regex=None, packages_above=None, packages_above_and_dependencies=None, packages_above_depth=None, packages_select_by_dep=None, packages_skip_by_dep=None, packages_skip_up_to=None, packages_select_build_failed=False, packages_skip_build_finished=False, packages_select_test_failures=False, packages_skip_test_passed=False, packages_select=None, packages_skip=None, packages_select_regex=None, packages_skip_regex=None, packages_start=None, packages_end=None, allow_overriding=[], cmake_args=None, cmake_target=None, cmake_target_skip_unavailable=False, cmake_clean_cache=False, cmake_clean_first=False, cmake_force_configure=False, ament_cmake_args=None, catkin_cmake_args=None, catkin_skip_building_tests=False, mixin_files=None, mixin=None, verb_parser=<colcon_mixin.mixin.mixin_argument.MixinArgumentDecorator object at 0x7d2f009ae450>, verb_extension=<colcon_core.verb.build.BuildVerb object at 0x7d2f009ae210>, main=<bound method BuildVerb.main of <colcon_core.verb.build.BuildVerb object at 0x7d2f009ae210>>, mixin_verb=('build',))
[0.375s] Level 1:colcon.colcon_core.package_discovery:discover_packages(colcon_meta) check parameters
[0.377s] INFO:colcon.colcon_metadata.package_discovery.colcon_meta:Using configuration from '/home/wasim/r4s/colcon.meta'
[0.377s] Level 1:colcon.colcon_core.package_discovery:discover_packages(recursive) check parameters
[0.377s] Level 1:colcon.colcon_core.package_discovery:discover_packages(ignore) check parameters
[0.377s] Level 1:colcon.colcon_core.package_discovery:discover_packages(path) check parameters
[0.377s] Level 1:colcon.colcon_core.package_discovery:discover_packages(colcon_meta) discover
[0.377s] Level 1:colcon.colcon_core.package_discovery:discover_packages(recursive) discover
[0.377s] INFO:colcon.colcon_core.package_discovery:Crawling recursively for packages in '/home/wasim/r4s'
[0.377s] Level 1:colcon.colcon_core.package_identification:_identify(.) by extensions ['ignore', 'ignore_ament_install']
[0.378s] Level 1:colcon.colcon_core.package_identification:_identify(.) by extension 'ignore'
[0.378s] Level 1:colcon.colcon_core.package_identification:_identify(.) by extension 'ignore_ament_install'
[0.378s] Level 1:colcon.colcon_core.package_identification:_identify(.) by extensions ['colcon_pkg']
[0.378s] Level 1:colcon.colcon_core.package_identification:_identify(.) by extension 'colcon_pkg'
[0.378s] Level 1:colcon.colcon_core.package_identification:_identify(.) by extensions ['colcon_meta']
[0.378s] Level 1:colcon.colcon_core.package_identification:_identify(.) by extension 'colcon_meta'
[0.378s] Level 1:colcon.colcon_core.package_identification:_identify(.) by extensions ['ros']
[0.378s] Level 1:colcon.colcon_core.package_identification:_identify(.) by extension 'ros'
[0.440s] Level 1:colcon.colcon_core.package_identification:_identify(.) by extensions ['cmake', 'python']
[0.440s] Level 1:colcon.colcon_core.package_identification:_identify(.) by extension 'cmake'
[0.440s] Level 1:colcon.colcon_core.package_identification:_identify(.) by extension 'python'
[0.440s] Level 1:colcon.colcon_core.package_identification:_identify(.) by extensions ['python_setup_py']
[0.440s] Level 1:colcon.colcon_core.package_identification:_identify(.) by extension 'python_setup_py'
[0.440s] Level 1:colcon.colcon_core.package_identification:_identify(build) by extensions ['ignore', 'ignore_ament_install']
[0.441s] Level 1:colcon.colcon_core.package_identification:_identify(build) by extension 'ignore'
[0.441s] Level 1:colcon.colcon_core.package_identification:_identify(build) ignored
[0.441s] Level 1:colcon.colcon_core.package_identification:_identify(install) by extensions ['ignore', 'ignore_ament_install']
[0.441s] Level 1:colcon.colcon_core.package_identification:_identify(install) by extension 'ignore'
[0.441s] Level 1:colcon.colcon_core.package_identification:_identify(install) ignored
[0.442s] Level 1:colcon.colcon_core.package_identification:_identify(log) by extensions ['ignore', 'ignore_ament_install']
[0.442s] Level 1:colcon.colcon_core.package_identification:_identify(log) by extension 'ignore'
[0.442s] Level 1:colcon.colcon_core.package_identification:_identify(log) ignored
[0.442s] Level 1:colcon.colcon_core.package_identification:_identify(src) by extensions ['ignore', 'ignore_ament_install']
[0.442s] Level 1:colcon.colcon_core.package_identification:_identify(src) by extension 'ignore'
[0.442s] Level 1:colcon.colcon_core.package_identification:_identify(src) by extension 'ignore_ament_install'
[0.442s] Level 1:colcon.colcon_core.package_identification:_identify(src) by extensions ['colcon_pkg']
[0.443s] Level 1:colcon.colcon_core.package_identification:_identify(src) by extension 'colcon_pkg'
[0.443s] Level 1:colcon.colcon_core.package_identification:_identify(src) by extensions ['colcon_meta']
[0.443s] Level 1:colcon.colcon_core.package_identification:_identify(src) by extension 'colcon_meta'
[0.443s] Level 1:colcon.colcon_core.package_identification:_identify(src) by extensions ['ros']
[0.443s] Level 1:colcon.colcon_core.package_identification:_identify(src) by extension 'ros'
[0.443s] Level 1:colcon.colcon_core.package_identification:_identify(src) by extensions ['cmake', 'python']
[0.443s] Level 1:colcon.colcon_core.package_identification:_identify(src) by extension 'cmake'
[0.443s] Level 1:colcon.colcon_core.package_identification:_identify(src) by extension 'python'
[0.443s] Level 1:colcon.colcon_core.package_identification:_identify(src) by extensions ['python_setup_py']
[0.443s] Level 1:colcon.colcon_core.package_identification:_identify(src) by extension 'python_setup_py'
[0.444s] Level 1:colcon.colcon_core.package_identification:_identify(src/coord-dsl) by extensions ['ignore', 'ignore_ament_install']
[0.444s] Level 1:colcon.colcon_core.package_identification:_identify(src/coord-dsl) by extension 'ignore'
[0.444s] Level 1:colcon.colcon_core.package_identification:_identify(src/coord-dsl) by extension 'ignore_ament_install'
[0.444s] Level 1:colcon.colcon_core.package_identification:_identify(src/coord-dsl) by extensions ['colcon_pkg']
[0.444s] Level 1:colcon.colcon_core.package_identification:_identify(src/coord-dsl) by extension 'colcon_pkg'
[0.444s] Level 1:colcon.colcon_core.package_identification:_identify(src/coord-dsl) by extensions ['colcon_meta']
[0.444s] Level 1:colcon.colcon_core.package_identification:_identify(src/coord-dsl) by extension 'colcon_meta'
[0.445s] Level 1:colcon.colcon_core.package_identification:_identify(src/coord-dsl) by extensions ['ros']
[0.445s] Level 1:colcon.colcon_core.package_identification:_identify(src/coord-dsl) by extension 'ros'
[0.445s] Level 1:colcon.colcon_core.package_identification:_identify(src/coord-dsl) by extensions ['cmake', 'python']
[0.445s] Level 1:colcon.colcon_core.package_identification:_identify(src/coord-dsl) by extension 'cmake'
[0.445s] Level 1:colcon.colcon_core.package_identification:_identify(src/coord-dsl) by extension 'python'
[0.445s] Level 1:colcon.colcon_core.package_identification:_identify(src/coord-dsl) by extensions ['python_setup_py']
[0.445s] Level 1:colcon.colcon_core.package_identification:_identify(src/coord-dsl) by extension 'python_setup_py'
[0.445s] Level 1:colcon.colcon_core.package_identification:_identify(src/coord-dsl/models) by extensions ['ignore', 'ignore_ament_install']
[0.446s] Level 1:colcon.colcon_core.package_identification:_identify(src/coord-dsl/models) by extension 'ignore'
[0.446s] Level 1:colcon.colcon_core.package_identification:_identify(src/coord-dsl/models) by extension 'ignore_ament_install'
[0.446s] Level 1:colcon.colcon_core.package_identification:_identify(src/coord-dsl/models) by extensions ['colcon_pkg']
[0.446s] Level 1:colcon.colcon_core.package_identification:_identify(src/coord-dsl/models) by extension 'colcon_pkg'
[0.446s] Level 1:colcon.colcon_core.package_identification:_identify(src/coord-dsl/models) by extensions ['colcon_meta']
[0.446s] Level 1:colcon.colcon_core.package_identification:_identify(src/coord-dsl/models) by extension 'colcon_meta'
[0.446s] Level 1:colcon.colcon_core.package_identification:_identify(src/coord-dsl/models) by extensions ['ros']
[0.446s] Level 1:colcon.colcon_core.package_identification:_identify(src/coord-dsl/models) by extension 'ros'
[0.447s] Level 1:colcon.colcon_core.package_identification:_identify(src/coord-dsl/models) by extensions ['cmake', 'python']
[0.447s] Level 1:colcon.colcon_core.package_identification:_identify(src/coord-dsl/models) by extension 'cmake'
[0.447s] Level 1:colcon.colcon_core.package_identification:_identify(src/coord-dsl/models) by extension 'python'
[0.447s] Level 1:colcon.colcon_core.package_identification:_identify(src/coord-dsl/models) by extensions ['python_setup_py']
[0.448s] Level 1:colcon.colcon_core.package_identification:_identify(src/coord-dsl/models) by extension 'python_setup_py'
[0.448s] Level 1:colcon.colcon_core.package_identification:_identify(src/coord-dsl/models/fsm) by extensions ['ignore', 'ignore_ament_install']
[0.448s] Level 1:colcon.colcon_core.package_identification:_identify(src/coord-dsl/models/fsm) by extension 'ignore'
[0.448s] Level 1:colcon.colcon_core.package_identification:_identify(src/coord-dsl/models/fsm) by extension 'ignore_ament_install'
[0.448s] Level 1:colcon.colcon_core.package_identification:_identify(src/coord-dsl/models/fsm) by extensions ['colcon_pkg']
[0.449s] Level 1:colcon.colcon_core.package_identification:_identify(src/coord-dsl/models/fsm) by extension 'colcon_pkg'
[0.449s] Level 1:colcon.colcon_core.package_identification:_identify(src/coord-dsl/models/fsm) by extensions ['colcon_meta']
[0.449s] Level 1:colcon.colcon_core.package_identification:_identify(src/coord-dsl/models/fsm) by extension 'colcon_meta'
[0.449s] Level 1:colcon.colcon_core.package_identification:_identify(src/coord-dsl/models/fsm) by extensions ['ros']
[0.449s] Level 1:colcon.colcon_core.package_identification:_identify(src/coord-dsl/models/fsm) by extension 'ros'
[0.450s] Level 1:colcon.colcon_core.package_identification:_identify(src/coord-dsl/models/fsm) by extensions ['cmake', 'python']
[0.450s] Level 1:colcon.colcon_core.package_identification:_identify(src/coord-dsl/models/fsm) by extension 'cmake'
[0.450s] Level 1:colcon.colcon_core.package_identification:_identify(src/coord-dsl/models/fsm) by extension 'python'
[0.450s] Level 1:colcon.colcon_core.package_identification:_identify(src/coord-dsl/models/fsm) by extensions ['python_setup_py']
[0.450s] Level 1:colcon.colcon_core.package_identification:_identify(src/coord-dsl/models/fsm) by extension 'python_setup_py'
[0.450s] Level 1:colcon.colcon_core.package_identification:_identify(src/coord-dsl/src) by extensions ['ignore', 'ignore_ament_install']
[0.451s] Level 1:colcon.colcon_core.package_identification:_identify(src/coord-dsl/src) by extension 'ignore'
[0.451s] Level 1:colcon.colcon_core.package_identification:_identify(src/coord-dsl/src) by extension 'ignore_ament_install'
[0.451s] Level 1:colcon.colcon_core.package_identification:_identify(src/coord-dsl/src) by extensions ['colcon_pkg']
[0.451s] Level 1:colcon.colcon_core.package_identification:_identify(src/coord-dsl/src) by extension 'colcon_pkg'
[0.451s] Level 1:colcon.colcon_core.package_identification:_identify(src/coord-dsl/src) by extensions ['colcon_meta']
[0.451s] Level 1:colcon.colcon_core.package_identification:_identify(src/coord-dsl/src) by extension 'colcon_meta'
[0.451s] Level 1:colcon.colcon_core.package_identification:_identify(src/coord-dsl/src) by extensions ['ros']
[0.451s] Level 1:colcon.colcon_core.package_identification:_identify(src/coord-dsl/src) by extension 'ros'
[0.451s] Level 1:colcon.colcon_core.package_identification:_identify(src/coord-dsl/src) by extensions ['cmake', 'python']
[0.452s] Level 1:colcon.colcon_core.package_identification:_identify(src/coord-dsl/src) by extension 'cmake'
[0.452s] Level 1:colcon.colcon_core.package_identification:_identify(src/coord-dsl/src) by extension 'python'
[0.452s] Level 1:colcon.colcon_core.package_identification:_identify(src/coord-dsl/src) by extensions ['python_setup_py']
[0.452s] Level 1:colcon.colcon_core.package_identification:_identify(src/coord-dsl/src) by extension 'python_setup_py'
[0.452s] Level 1:colcon.colcon_core.package_identification:_identify(src/coord-dsl/src/coord_dsl) by extensions ['ignore', 'ignore_ament_install']
[0.452s] Level 1:colcon.colcon_core.package_identification:_identify(src/coord-dsl/src/coord_dsl) by extension 'ignore'
[0.452s] Level 1:colcon.colcon_core.package_identification:_identify(src/coord-dsl/src/coord_dsl) by extension 'ignore_ament_install'
[0.453s] Level 1:colcon.colcon_core.package_identification:_identify(src/coord-dsl/src/coord_dsl) by extensions ['colcon_pkg']
[0.453s] Level 1:colcon.colcon_core.package_identification:_identify(src/coord-dsl/src/coord_dsl) by extension 'colcon_pkg'
[0.453s] Level 1:colcon.colcon_core.package_identification:_identify(src/coord-dsl/src/coord_dsl) by extensions ['colcon_meta']
[0.453s] Level 1:colcon.colcon_core.package_identification:_identify(src/coord-dsl/src/coord_dsl) by extension 'colcon_meta'
[0.453s] Level 1:colcon.colcon_core.package_identification:_identify(src/coord-dsl/src/coord_dsl) by extensions ['ros']
[0.453s] Level 1:colcon.colcon_core.package_identification:_identify(src/coord-dsl/src/coord_dsl) by extension 'ros'
[0.453s] Level 1:colcon.colcon_core.package_identification:_identify(src/coord-dsl/src/coord_dsl) by extensions ['cmake', 'python']
[0.453s] Level 1:colcon.colcon_core.package_identification:_identify(src/coord-dsl/src/coord_dsl) by extension 'cmake'
[0.454s] Level 1:colcon.colcon_core.package_identification:_identify(src/coord-dsl/src/coord_dsl) by extension 'python'
[0.454s] Level 1:colcon.colcon_core.package_identification:_identify(src/coord-dsl/src/coord_dsl) by extensions ['python_setup_py']
[0.454s] Level 1:colcon.colcon_core.package_identification:_identify(src/coord-dsl/src/coord_dsl) by extension 'python_setup_py'
[0.454s] Level 1:colcon.colcon_core.package_identification:_identify(src/coord-dsl/src/coord_dsl/generators) by extensions ['ignore', 'ignore_ament_install']
[0.454s] Level 1:colcon.colcon_core.package_identification:_identify(src/coord-dsl/src/coord_dsl/generators) by extension 'ignore'
[0.454s] Level 1:colcon.colcon_core.package_identification:_identify(src/coord-dsl/src/coord_dsl/generators) by extension 'ignore_ament_install'
[0.454s] Level 1:colcon.colcon_core.package_identification:_identify(src/coord-dsl/src/coord_dsl/generators) by extensions ['colcon_pkg']
[0.454s] Level 1:colcon.colcon_core.package_identification:_identify(src/coord-dsl/src/coord_dsl/generators) by extension 'colcon_pkg'
[0.455s] Level 1:colcon.colcon_core.package_identification:_identify(src/coord-dsl/src/coord_dsl/generators) by extensions ['colcon_meta']
[0.455s] Level 1:colcon.colcon_core.package_identification:_identify(src/coord-dsl/src/coord_dsl/generators) by extension 'colcon_meta'
[0.455s] Level 1:colcon.colcon_core.package_identification:_identify(src/coord-dsl/src/coord_dsl/generators) by extensions ['ros']
[0.455s] Level 1:colcon.colcon_core.package_identification:_identify(src/coord-dsl/src/coord_dsl/generators) by extension 'ros'
[0.455s] Level 1:colcon.colcon_core.package_identification:_identify(src/coord-dsl/src/coord_dsl/generators) by extensions ['cmake', 'python']
[0.455s] Level 1:colcon.colcon_core.package_identification:_identify(src/coord-dsl/src/coord_dsl/generators) by extension 'cmake'
[0.455s] Level 1:colcon.colcon_core.package_identification:_identify(src/coord-dsl/src/coord_dsl/generators) by extension 'python'
[0.456s] Level 1:colcon.colcon_core.package_identification:_identify(src/coord-dsl/src/coord_dsl/generators) by extensions ['python_setup_py']
[0.456s] Level 1:colcon.colcon_core.package_identification:_identify(src/coord-dsl/src/coord_dsl/generators) by extension 'python_setup_py'
[0.456s] Level 1:colcon.colcon_core.package_identification:_identify(src/coord-dsl/src/coord_dsl/metamodels) by extensions ['ignore', 'ignore_ament_install']
[0.456s] Level 1:colcon.colcon_core.package_identification:_identify(src/coord-dsl/src/coord_dsl/metamodels) by extension 'ignore'
[0.456s] Level 1:colcon.colcon_core.package_identification:_identify(src/coord-dsl/src/coord_dsl/metamodels) by extension 'ignore_ament_install'
[0.456s] Level 1:colcon.colcon_core.package_identification:_identify(src/coord-dsl/src/coord_dsl/metamodels) by extensions ['colcon_pkg']
[0.456s] Level 1:colcon.colcon_core.package_identification:_identify(src/coord-dsl/src/coord_dsl/metamodels) by extension 'colcon_pkg'
[0.457s] Level 1:colcon.colcon_core.package_identification:_identify(src/coord-dsl/src/coord_dsl/metamodels) by extensions ['colcon_meta']
[0.457s] Level 1:colcon.colcon_core.package_identification:_identify(src/coord-dsl/src/coord_dsl/metamodels) by extension 'colcon_meta'
[0.457s] Level 1:colcon.colcon_core.package_identification:_identify(src/coord-dsl/src/coord_dsl/metamodels) by extensions ['ros']
[0.457s] Level 1:colcon.colcon_core.package_identification:_identify(src/coord-dsl/src/coord_dsl/metamodels) by extension 'ros'
[0.457s] Level 1:colcon.colcon_core.package_identification:_identify(src/coord-dsl/src/coord_dsl/metamodels) by extensions ['cmake', 'python']
[0.457s] Level 1:colcon.colcon_core.package_identification:_identify(src/coord-dsl/src/coord_dsl/metamodels) by extension 'cmake'
[0.457s] Level 1:colcon.colcon_core.package_identification:_identify(src/coord-dsl/src/coord_dsl/metamodels) by extension 'python'
[0.457s] Level 1:colcon.colcon_core.package_identification:_identify(src/coord-dsl/src/coord_dsl/metamodels) by extensions ['python_setup_py']
[0.457s] Level 1:colcon.colcon_core.package_identification:_identify(src/coord-dsl/src/coord_dsl/metamodels) by extension 'python_setup_py'
[0.458s] Level 1:colcon.colcon_core.package_identification:_identify(src/coord-dsl/src/coord_dsl/templates) by extensions ['ignore', 'ignore_ament_install']
[0.458s] Level 1:colcon.colcon_core.package_identification:_identify(src/coord-dsl/src/coord_dsl/templates) by extension 'ignore'
[0.458s] Level 1:colcon.colcon_core.package_identification:_identify(src/coord-dsl/src/coord_dsl/templates) by extension 'ignore_ament_install'
[0.458s] Level 1:colcon.colcon_core.package_identification:_identify(src/coord-dsl/src/coord_dsl/templates) by extensions ['colcon_pkg']
[0.458s] Level 1:colcon.colcon_core.package_identification:_identify(src/coord-dsl/src/coord_dsl/templates) by extension 'colcon_pkg'
[0.458s] Level 1:colcon.colcon_core.package_identification:_identify(src/coord-dsl/src/coord_dsl/templates) by extensions ['colcon_meta']
[0.458s] Level 1:colcon.colcon_core.package_identification:_identify(src/coord-dsl/src/coord_dsl/templates) by extension 'colcon_meta'
[0.458s] Level 1:colcon.colcon_core.package_identification:_identify(src/coord-dsl/src/coord_dsl/templates) by extensions ['ros']
[0.458s] Level 1:colcon.colcon_core.package_identification:_identify(src/coord-dsl/src/coord_dsl/templates) by extension 'ros'
[0.459s] Level 1:colcon.colcon_core.package_identification:_identify(src/coord-dsl/src/coord_dsl/templates) by extensions ['cmake', 'python']
[0.459s] Level 1:colcon.colcon_core.package_identification:_identify(src/coord-dsl/src/coord_dsl/templates) by extension 'cmake'
[0.459s] Level 1:colcon.colcon_core.package_identification:_identify(src/coord-dsl/src/coord_dsl/templates) by extension 'python'
[0.459s] Level 1:colcon.colcon_core.package_identification:_identify(src/coord-dsl/src/coord_dsl/templates) by extensions ['python_setup_py']
[0.459s] Level 1:colcon.colcon_core.package_identification:_identify(src/coord-dsl/src/coord_dsl/templates) by extension 'python_setup_py'
[0.459s] Level 1:colcon.colcon_core.package_identification:_identify(src/coord2b) by extensions ['ignore', 'ignore_ament_install']
[0.459s] Level 1:colcon.colcon_core.package_identification:_identify(src/coord2b) by extension 'ignore'
[0.460s] Level 1:colcon.colcon_core.package_identification:_identify(src/coord2b) by extension 'ignore_ament_install'
[0.460s] Level 1:colcon.colcon_core.package_identification:_identify(src/coord2b) by extensions ['colcon_pkg']
[0.460s] Level 1:colcon.colcon_core.package_identification:_identify(src/coord2b) by extension 'colcon_pkg'
[0.460s] Level 1:colcon.colcon_core.package_identification:_identify(src/coord2b) by extensions ['colcon_meta']
[0.460s] Level 1:colcon.colcon_core.package_identification:_identify(src/coord2b) by extension 'colcon_meta'
[0.460s] Level 1:colcon.colcon_core.package_identification:_identify(src/coord2b) by extensions ['ros']
[0.460s] Level 1:colcon.colcon_core.package_identification:_identify(src/coord2b) by extension 'ros'
[0.460s] Level 1:colcon.colcon_core.package_identification:_identify(src/coord2b) by extensions ['cmake', 'python']
[0.460s] Level 1:colcon.colcon_core.package_identification:_identify(src/coord2b) by extension 'cmake'
[0.464s] Level 1:colcon.colcon_core.package_identification:_identify(src/coord2b) by extension 'python'
[0.464s] DEBUG:colcon.colcon_core.package_identification:Package 'src/coord2b' with type 'cmake' and name 'coord2b'
[0.464s] Level 1:colcon.colcon_core.package_identification:_identify(src/eddie-ros) by extensions ['ignore', 'ignore_ament_install']
[0.465s] Level 1:colcon.colcon_core.package_identification:_identify(src/eddie-ros) by extension 'ignore'
[0.465s] Level 1:colcon.colcon_core.package_identification:_identify(src/eddie-ros) by extension 'ignore_ament_install'
[0.465s] Level 1:colcon.colcon_core.package_identification:_identify(src/eddie-ros) by extensions ['colcon_pkg']
[0.465s] Level 1:colcon.colcon_core.package_identification:_identify(src/eddie-ros) by extension 'colcon_pkg'
[0.465s] Level 1:colcon.colcon_core.package_identification:_identify(src/eddie-ros) by extensions ['colcon_meta']
[0.465s] Level 1:colcon.colcon_core.package_identification:_identify(src/eddie-ros) by extension 'colcon_meta'
[0.465s] Level 1:colcon.colcon_core.package_identification:_identify(src/eddie-ros) by extensions ['ros']
[0.465s] Level 1:colcon.colcon_core.package_identification:_identify(src/eddie-ros) by extension 'ros'
[0.470s] DEBUG:colcon.colcon_core.package_identification:Package 'src/eddie-ros' with type 'ros.ament_cmake' and name 'eddie-ros'
[0.471s] Level 1:colcon.colcon_core.package_identification:_identify(src/eddie_pmu_control) by extensions ['ignore', 'ignore_ament_install']
[0.471s] Level 1:colcon.colcon_core.package_identification:_identify(src/eddie_pmu_control) by extension 'ignore'
[0.471s] Level 1:colcon.colcon_core.package_identification:_identify(src/eddie_pmu_control) by extension 'ignore_ament_install'
[0.471s] Level 1:colcon.colcon_core.package_identification:_identify(src/eddie_pmu_control) by extensions ['colcon_pkg']
[0.471s] Level 1:colcon.colcon_core.package_identification:_identify(src/eddie_pmu_control) by extension 'colcon_pkg'
[0.471s] Level 1:colcon.colcon_core.package_identification:_identify(src/eddie_pmu_control) by extensions ['colcon_meta']
[0.471s] Level 1:colcon.colcon_core.package_identification:_identify(src/eddie_pmu_control) by extension 'colcon_meta'
[0.471s] Level 1:colcon.colcon_core.package_identification:_identify(src/eddie_pmu_control) by extensions ['ros']
[0.472s] Level 1:colcon.colcon_core.package_identification:_identify(src/eddie_pmu_control) by extension 'ros'
[0.472s] Level 1:colcon.colcon_core.package_identification:_identify(src/eddie_pmu_control) by extensions ['cmake', 'python']
[0.472s] Level 1:colcon.colcon_core.package_identification:_identify(src/eddie_pmu_control) by extension 'cmake'
[0.472s] Level 1:colcon.colcon_core.package_identification:_identify(src/eddie_pmu_control) by extension 'python'
[0.473s] DEBUG:colcon.colcon_core.package_identification:Package 'src/eddie_pmu_control' with type 'cmake' and name 'eddie_pmu_control'
[0.473s] Level 1:colcon.colcon_core.package_identification:_identify(src/orocos_kinematics_dynamics) by extensions ['ignore', 'ignore_ament_install']
[0.473s] Level 1:colcon.colcon_core.package_identification:_identify(src/orocos_kinematics_dynamics) by extension 'ignore'
[0.473s] Level 1:colcon.colcon_core.package_identification:_identify(src/orocos_kinematics_dynamics) by extension 'ignore_ament_install'
[0.473s] Level 1:colcon.colcon_core.package_identification:_identify(src/orocos_kinematics_dynamics) by extensions ['colcon_pkg']
[0.473s] Level 1:colcon.colcon_core.package_identification:_identify(src/orocos_kinematics_dynamics) by extension 'colcon_pkg'
[0.473s] Level 1:colcon.colcon_core.package_identification:_identify(src/orocos_kinematics_dynamics) by extensions ['colcon_meta']
[0.473s] Level 1:colcon.colcon_core.package_identification:_identify(src/orocos_kinematics_dynamics) by extension 'colcon_meta'
[0.474s] Level 1:colcon.colcon_core.package_identification:_identify(src/orocos_kinematics_dynamics) by extensions ['ros']
[0.474s] Level 1:colcon.colcon_core.package_identification:_identify(src/orocos_kinematics_dynamics) by extension 'ros'
[0.474s] Level 1:colcon.colcon_core.package_identification:_identify(src/orocos_kinematics_dynamics) by extensions ['cmake', 'python']
[0.474s] Level 1:colcon.colcon_core.package_identification:_identify(src/orocos_kinematics_dynamics) by extension 'cmake'
[0.474s] Level 1:colcon.colcon_core.package_identification:_identify(src/orocos_kinematics_dynamics) by extension 'python'
[0.474s] Level 1:colcon.colcon_core.package_identification:_identify(src/orocos_kinematics_dynamics) by extensions ['python_setup_py']
[0.474s] Level 1:colcon.colcon_core.package_identification:_identify(src/orocos_kinematics_dynamics) by extension 'python_setup_py'
[0.474s] Level 1:colcon.colcon_core.package_identification:_identify(src/orocos_kinematics_dynamics/orocos_kdl) by extensions ['ignore', 'ignore_ament_install']
[0.475s] Level 1:colcon.colcon_core.package_identification:_identify(src/orocos_kinematics_dynamics/orocos_kdl) by extension 'ignore'
[0.475s] Level 1:colcon.colcon_core.package_identification:_identify(src/orocos_kinematics_dynamics/orocos_kdl) by extension 'ignore_ament_install'
[0.475s] Level 1:colcon.colcon_core.package_identification:_identify(src/orocos_kinematics_dynamics/orocos_kdl) by extensions ['colcon_pkg']
[0.475s] Level 1:colcon.colcon_core.package_identification:_identify(src/orocos_kinematics_dynamics/orocos_kdl) by extension 'colcon_pkg'
[0.475s] Level 1:colcon.colcon_core.package_identification:_identify(src/orocos_kinematics_dynamics/orocos_kdl) by extensions ['colcon_meta']
[0.475s] Level 1:colcon.colcon_core.package_identification:_identify(src/orocos_kinematics_dynamics/orocos_kdl) by extension 'colcon_meta'
[0.475s] Level 1:colcon.colcon_core.package_identification:_identify(src/orocos_kinematics_dynamics/orocos_kdl) by extensions ['ros']
[0.475s] Level 1:colcon.colcon_core.package_identification:_identify(src/orocos_kinematics_dynamics/orocos_kdl) by extension 'ros'
[0.476s] DEBUG:colcon.colcon_core.package_identification:Package 'src/orocos_kinematics_dynamics/orocos_kdl' with type 'ros.cmake' and name 'orocos_kdl'
[0.477s] Level 1:colcon.colcon_core.package_identification:_identify(src/orocos_kinematics_dynamics/python_orocos_kdl) by extensions ['ignore', 'ignore_ament_install']
[0.477s] Level 1:colcon.colcon_core.package_identification:_identify(src/orocos_kinematics_dynamics/python_orocos_kdl) by extension 'ignore'
[0.477s] Level 1:colcon.colcon_core.package_identification:_identify(src/orocos_kinematics_dynamics/python_orocos_kdl) by extension 'ignore_ament_install'
[0.477s] Level 1:colcon.colcon_core.package_identification:_identify(src/orocos_kinematics_dynamics/python_orocos_kdl) by extensions ['colcon_pkg']
[0.477s] Level 1:colcon.colcon_core.package_identification:_identify(src/orocos_kinematics_dynamics/python_orocos_kdl) by extension 'colcon_pkg'
[0.477s] Level 1:colcon.colcon_core.package_identification:_identify(src/orocos_kinematics_dynamics/python_orocos_kdl) by extensions ['colcon_meta']
[0.477s] Level 1:colcon.colcon_core.package_identification:_identify(src/orocos_kinematics_dynamics/python_orocos_kdl) by extension 'colcon_meta'
[0.477s] Level 1:colcon.colcon_core.package_identification:_identify(src/orocos_kinematics_dynamics/python_orocos_kdl) by extensions ['ros']
[0.477s] Level 1:colcon.colcon_core.package_identification:_identify(src/orocos_kinematics_dynamics/python_orocos_kdl) by extension 'ros'
[0.479s] DEBUG:colcon.colcon_core.package_identification:Package 'src/orocos_kinematics_dynamics/python_orocos_kdl' with type 'ros.catkin' and name 'python_orocos_kdl'
[0.479s] Level 1:colcon.colcon_core.package_identification:_identify(src/robif2b) by extensions ['ignore', 'ignore_ament_install']
[0.479s] Level 1:colcon.colcon_core.package_identification:_identify(src/robif2b) by extension 'ignore'
[0.479s] Level 1:colcon.colcon_core.package_identification:_identify(src/robif2b) by extension 'ignore_ament_install'
[0.480s] Level 1:colcon.colcon_core.package_identification:_identify(src/robif2b) by extensions ['colcon_pkg']
[0.480s] Level 1:colcon.colcon_core.package_identification:_identify(src/robif2b) by extension 'colcon_pkg'
[0.480s] Level 1:colcon.colcon_core.package_identification:_identify(src/robif2b) by extensions ['colcon_meta']
[0.480s] Level 1:colcon.colcon_core.package_identification:_identify(src/robif2b) by extension 'colcon_meta'
[0.480s] Level 1:colcon.colcon_core.package_identification:_identify(src/robif2b) by extensions ['ros']
[0.480s] Level 1:colcon.colcon_core.package_identification:_identify(src/robif2b) by extension 'ros'
[0.480s] Level 1:colcon.colcon_core.package_identification:_identify(src/robif2b) by extensions ['cmake', 'python']
[0.480s] Level 1:colcon.colcon_core.package_identification:_identify(src/robif2b) by extension 'cmake'
[0.484s] Level 1:colcon.colcon_core.package_identification:_identify(src/robif2b) by extension 'python'
[0.484s] DEBUG:colcon.colcon_core.package_identification:Package 'src/robif2b' with type 'cmake' and name 'robif2b'
[0.485s] Level 1:colcon.colcon_core.package_identification:_identify(src/ros2_kortex_vision) by extensions ['ignore', 'ignore_ament_install']
[0.485s] Level 1:colcon.colcon_core.package_identification:_identify(src/ros2_kortex_vision) by extension 'ignore'
[0.485s] Level 1:colcon.colcon_core.package_identification:_identify(src/ros2_kortex_vision) by extension 'ignore_ament_install'
[0.485s] Level 1:colcon.colcon_core.package_identification:_identify(src/ros2_kortex_vision) by extensions ['colcon_pkg']
[0.485s] Level 1:colcon.colcon_core.package_identification:_identify(src/ros2_kortex_vision) by extension 'colcon_pkg'
[0.485s] Level 1:colcon.colcon_core.package_identification:_identify(src/ros2_kortex_vision) by extensions ['colcon_meta']
[0.485s] Level 1:colcon.colcon_core.package_identification:_identify(src/ros2_kortex_vision) by extension 'colcon_meta'
[0.485s] Level 1:colcon.colcon_core.package_identification:_identify(src/ros2_kortex_vision) by extensions ['ros']
[0.485s] Level 1:colcon.colcon_core.package_identification:_identify(src/ros2_kortex_vision) by extension 'ros'
[0.488s] DEBUG:colcon.colcon_core.package_identification:Package 'src/ros2_kortex_vision' with type 'ros.ament_cmake' and name 'kinova_vision'
[0.488s] Level 1:colcon.colcon_core.package_discovery:discover_packages(recursive) using defaults
[0.488s] Level 1:colcon.colcon_core.package_discovery:discover_packages(ignore) discover
[0.488s] Level 1:colcon.colcon_core.package_discovery:discover_packages(ignore) using defaults
[0.488s] Level 1:colcon.colcon_core.package_discovery:discover_packages(path) discover
[0.488s] Level 1:colcon.colcon_core.package_discovery:discover_packages(path) using defaults
[0.529s] Level 1:colcon.colcon_core.package_discovery:discover_packages(prefix_path) check parameters
[0.529s] Level 1:colcon.colcon_core.package_discovery:discover_packages(prefix_path) discover
[0.539s] DEBUG:colcon.colcon_installed_package_information.package_discovery:Found 441 installed packages in /opt/ros/jazzy
[0.542s] Level 1:colcon.colcon_core.package_discovery:discover_packages(prefix_path) using defaults
[0.675s] Level 5:colcon.colcon_core.verb:set package 'coord2b' build argument 'cmake_args' from command line to 'None'
[0.675s] Level 5:colcon.colcon_core.verb:set package 'coord2b' build argument 'cmake_target' from command line to 'None'
[0.675s] Level 5:colcon.colcon_core.verb:set package 'coord2b' build argument 'cmake_target_skip_unavailable' from command line to 'False'
[0.675s] Level 5:colcon.colcon_core.verb:set package 'coord2b' build argument 'cmake_clean_cache' from command line to 'False'
[0.675s] Level 5:colcon.colcon_core.verb:set package 'coord2b' build argument 'cmake_clean_first' from command line to 'False'
[0.675s] Level 5:colcon.colcon_core.verb:set package 'coord2b' build argument 'cmake_force_configure' from command line to 'False'
[0.675s] Level 5:colcon.colcon_core.verb:set package 'coord2b' build argument 'ament_cmake_args' from command line to 'None'
[0.675s] Level 5:colcon.colcon_core.verb:set package 'coord2b' build argument 'catkin_cmake_args' from command line to 'None'
[0.675s] Level 5:colcon.colcon_core.verb:set package 'coord2b' build argument 'catkin_skip_building_tests' from command line to 'False'
[0.675s] DEBUG:colcon.colcon_core.verb:Building package 'coord2b' with the following arguments: {'ament_cmake_args': None, 'build_base': '/home/wasim/r4s/build/coord2b', 'catkin_cmake_args': None, 'catkin_skip_building_tests': False, 'cmake_args': None, 'cmake_clean_cache': False, 'cmake_clean_first': False, 'cmake_force_configure': False, 'cmake_target': None, 'cmake_target_skip_unavailable': False, 'install_base': '/home/wasim/r4s/install/coord2b', 'merge_install': False, 'path': '/home/wasim/r4s/src/coord2b', 'symlink_install': False, 'test_result_base': None}
[0.676s] Level 5:colcon.colcon_core.verb:set package 'eddie_pmu_control' build argument 'cmake_args' from command line to 'None'
[0.676s] Level 5:colcon.colcon_core.verb:set package 'eddie_pmu_control' build argument 'cmake_target' from command line to 'None'
[0.676s] Level 5:colcon.colcon_core.verb:set package 'eddie_pmu_control' build argument 'cmake_target_skip_unavailable' from command line to 'False'
[0.676s] Level 5:colcon.colcon_core.verb:set package 'eddie_pmu_control' build argument 'cmake_clean_cache' from command line to 'False'
[0.676s] Level 5:colcon.colcon_core.verb:set package 'eddie_pmu_control' build argument 'cmake_clean_first' from command line to 'False'
[0.676s] Level 5:colcon.colcon_core.verb:set package 'eddie_pmu_control' build argument 'cmake_force_configure' from command line to 'False'
[0.676s] Level 5:colcon.colcon_core.verb:set package 'eddie_pmu_control' build argument 'ament_cmake_args' from command line to 'None'
[0.676s] Level 5:colcon.colcon_core.verb:set package 'eddie_pmu_control' build argument 'catkin_cmake_args' from command line to 'None'
[0.676s] Level 5:colcon.colcon_core.verb:set package 'eddie_pmu_control' build argument 'catkin_skip_building_tests' from command line to 'False'
[0.676s] DEBUG:colcon.colcon_core.verb:Building package 'eddie_pmu_control' with the following arguments: {'ament_cmake_args': None, 'build_base': '/home/wasim/r4s/build/eddie_pmu_control', 'catkin_cmake_args': None, 'catkin_skip_building_tests': False, 'cmake_args': None, 'cmake_clean_cache': False, 'cmake_clean_first': False, 'cmake_force_configure': False, 'cmake_target': None, 'cmake_target_skip_unavailable': False, 'install_base': '/home/wasim/r4s/install/eddie_pmu_control', 'merge_install': False, 'path': '/home/wasim/r4s/src/eddie_pmu_control', 'symlink_install': False, 'test_result_base': None}
[0.677s] Level 5:colcon.colcon_core.verb:set package 'kinova_vision' build argument 'cmake_args' from command line to 'None'
[0.677s] Level 5:colcon.colcon_core.verb:set package 'kinova_vision' build argument 'cmake_target' from command line to 'None'
[0.677s] Level 5:colcon.colcon_core.verb:set package 'kinova_vision' build argument 'cmake_target_skip_unavailable' from command line to 'False'
[0.677s] Level 5:colcon.colcon_core.verb:set package 'kinova_vision' build argument 'cmake_clean_cache' from command line to 'False'
[0.677s] Level 5:colcon.colcon_core.verb:set package 'kinova_vision' build argument 'cmake_clean_first' from command line to 'False'
[0.677s] Level 5:colcon.colcon_core.verb:set package 'kinova_vision' build argument 'cmake_force_configure' from command line to 'False'
[0.677s] Level 5:colcon.colcon_core.verb:set package 'kinova_vision' build argument 'ament_cmake_args' from command line to 'None'
[0.677s] Level 5:colcon.colcon_core.verb:set package 'kinova_vision' build argument 'catkin_cmake_args' from command line to 'None'
[0.677s] Level 5:colcon.colcon_core.verb:set package 'kinova_vision' build argument 'catkin_skip_building_tests' from command line to 'False'
[0.677s] DEBUG:colcon.colcon_core.verb:Building package 'kinova_vision' with the following arguments: {'ament_cmake_args': None, 'build_base': '/home/wasim/r4s/build/kinova_vision', 'catkin_cmake_args': None, 'catkin_skip_building_tests': False, 'cmake_args': None, 'cmake_clean_cache': False, 'cmake_clean_first': False, 'cmake_force_configure': False, 'cmake_target': None, 'cmake_target_skip_unavailable': False, 'install_base': '/home/wasim/r4s/install/kinova_vision', 'merge_install': False, 'path': '/home/wasim/r4s/src/ros2_kortex_vision', 'symlink_install': False, 'test_result_base': None}
[0.678s] Level 5:colcon.colcon_core.verb:set package 'orocos_kdl' build argument 'cmake_args' from command line to 'None'
[0.678s] Level 5:colcon.colcon_core.verb:set package 'orocos_kdl' build argument 'cmake_target' from command line to 'None'
[0.678s] Level 5:colcon.colcon_core.verb:set package 'orocos_kdl' build argument 'cmake_target_skip_unavailable' from command line to 'False'
[0.678s] Level 5:colcon.colcon_core.verb:set package 'orocos_kdl' build argument 'cmake_clean_cache' from command line to 'False'
[0.678s] Level 5:colcon.colcon_core.verb:set package 'orocos_kdl' build argument 'cmake_clean_first' from command line to 'False'
[0.678s] Level 5:colcon.colcon_core.verb:set package 'orocos_kdl' build argument 'cmake_force_configure' from command line to 'False'
[0.678s] Level 5:colcon.colcon_core.verb:set package 'orocos_kdl' build argument 'ament_cmake_args' from command line to 'None'
[0.678s] Level 5:colcon.colcon_core.verb:set package 'orocos_kdl' build argument 'catkin_cmake_args' from command line to 'None'
[0.678s] Level 5:colcon.colcon_core.verb:set package 'orocos_kdl' build argument 'catkin_skip_building_tests' from command line to 'False'
[0.678s] DEBUG:colcon.colcon_core.verb:Building package 'orocos_kdl' with the following arguments: {'ament_cmake_args': None, 'build_base': '/home/wasim/r4s/build/orocos_kdl', 'catkin_cmake_args': None, 'catkin_skip_building_tests': False, 'cmake_args': None, 'cmake_clean_cache': False, 'cmake_clean_first': False, 'cmake_force_configure': False, 'cmake_target': None, 'cmake_target_skip_unavailable': False, 'install_base': '/home/wasim/r4s/install/orocos_kdl', 'merge_install': False, 'path': '/home/wasim/r4s/src/orocos_kinematics_dynamics/orocos_kdl', 'symlink_install': False, 'test_result_base': None}
[0.679s] Level 5:colcon.colcon_core.verb:set package 'robif2b' build argument 'cmake_args' from command line to 'None'
[0.679s] Level 5:colcon.colcon_core.verb:overwrite package 'robif2b' build argument 'cmake_args' from package metadata with '['-DENABLE_ETHERCAT=ON', '-DENABLE_KELO=ON', '-DENABLE_KORTEX=ON', '-DCMAKE_BUILD_TYPE=Debug', '-DENABLE_KORTEX_API_AUTO_DOWNLOAD=ON']' (before: 'None')
[0.679s] Level 5:colcon.colcon_core.verb:set package 'robif2b' build argument 'cmake_target' from command line to 'None'
[0.679s] Level 5:colcon.colcon_core.verb:set package 'robif2b' build argument 'cmake_target_skip_unavailable' from command line to 'False'
[0.679s] Level 5:colcon.colcon_core.verb:set package 'robif2b' build argument 'cmake_clean_cache' from command line to 'False'
[0.679s] Level 5:colcon.colcon_core.verb:set package 'robif2b' build argument 'cmake_clean_first' from command line to 'False'
[0.679s] Level 5:colcon.colcon_core.verb:set package 'robif2b' build argument 'cmake_force_configure' from command line to 'False'
[0.679s] Level 5:colcon.colcon_core.verb:set package 'robif2b' build argument 'ament_cmake_args' from command line to 'None'
[0.679s] Level 5:colcon.colcon_core.verb:set package 'robif2b' build argument 'catkin_cmake_args' from command line to 'None'
[0.679s] Level 5:colcon.colcon_core.verb:set package 'robif2b' build argument 'catkin_skip_building_tests' from command line to 'False'
[0.679s] DEBUG:colcon.colcon_core.verb:Building package 'robif2b' with the following arguments: {'ament_cmake_args': None, 'build_base': '/home/wasim/r4s/build/robif2b', 'catkin_cmake_args': None, 'catkin_skip_building_tests': False, 'cmake_args': ['-DENABLE_ETHERCAT=ON', '-DENABLE_KELO=ON', '-DENABLE_KORTEX=ON', '-DCMAKE_BUILD_TYPE=Debug', '-DENABLE_KORTEX_API_AUTO_DOWNLOAD=ON'], 'cmake_clean_cache': False, 'cmake_clean_first': False, 'cmake_force_configure': False, 'cmake_target': None, 'cmake_target_skip_unavailable': False, 'install_base': '/home/wasim/r4s/install/robif2b', 'merge_install': False, 'path': '/home/wasim/r4s/src/robif2b', 'symlink_install': False, 'test_result_base': None}
[0.680s] Level 5:colcon.colcon_core.verb:set package 'eddie-ros' build argument 'cmake_args' from command line to 'None'
[0.680s] Level 5:colcon.colcon_core.verb:set package 'eddie-ros' build argument 'cmake_target' from command line to 'None'
[0.680s] Level 5:colcon.colcon_core.verb:set package 'eddie-ros' build argument 'cmake_target_skip_unavailable' from command line to 'False'
[0.680s] Level 5:colcon.colcon_core.verb:set package 'eddie-ros' build argument 'cmake_clean_cache' from command line to 'False'
[0.680s] Level 5:colcon.colcon_core.verb:set package 'eddie-ros' build argument 'cmake_clean_first' from command line to 'False'
[0.680s] Level 5:colcon.colcon_core.verb:set package 'eddie-ros' build argument 'cmake_force_configure' from command line to 'False'
[0.680s] Level 5:colcon.colcon_core.verb:set package 'eddie-ros' build argument 'ament_cmake_args' from command line to 'None'
[0.680s] Level 5:colcon.colcon_core.verb:set package 'eddie-ros' build argument 'catkin_cmake_args' from command line to 'None'
[0.680s] Level 5:colcon.colcon_core.verb:set package 'eddie-ros' build argument 'catkin_skip_building_tests' from command line to 'False'
[0.680s] DEBUG:colcon.colcon_core.verb:Building package 'eddie-ros' with the following arguments: {'ament_cmake_args': None, 'build_base': '/home/wasim/r4s/build/eddie-ros', 'catkin_cmake_args': None, 'catkin_skip_building_tests': False, 'cmake_args': None, 'cmake_clean_cache': False, 'cmake_clean_first': False, 'cmake_force_configure': False, 'cmake_target': None, 'cmake_target_skip_unavailable': False, 'install_base': '/home/wasim/r4s/install/eddie-ros', 'merge_install': False, 'path': '/home/wasim/r4s/src/eddie-ros', 'symlink_install': False, 'test_result_base': None}
[0.681s] Level 5:colcon.colcon_core.verb:set package 'python_orocos_kdl' build argument 'cmake_args' from command line to 'None'
[0.681s] Level 5:colcon.colcon_core.verb:set package 'python_orocos_kdl' build argument 'cmake_target' from command line to 'None'
[0.681s] Level 5:colcon.colcon_core.verb:set package 'python_orocos_kdl' build argument 'cmake_target_skip_unavailable' from command line to 'False'
[0.681s] Level 5:colcon.colcon_core.verb:set package 'python_orocos_kdl' build argument 'cmake_clean_cache' from command line to 'False'
[0.681s] Level 5:colcon.colcon_core.verb:set package 'python_orocos_kdl' build argument 'cmake_clean_first' from command line to 'False'
[0.681s] Level 5:colcon.colcon_core.verb:set package 'python_orocos_kdl' build argument 'cmake_force_configure' from command line to 'False'
[0.681s] Level 5:colcon.colcon_core.verb:set package 'python_orocos_kdl' build argument 'ament_cmake_args' from command line to 'None'
[0.681s] Level 5:colcon.colcon_core.verb:set package 'python_orocos_kdl' build argument 'catkin_cmake_args' from command line to 'None'
[0.681s] Level 5:colcon.colcon_core.verb:set package 'python_orocos_kdl' build argument 'catkin_skip_building_tests' from command line to 'False'
[0.681s] DEBUG:colcon.colcon_core.verb:Building package 'python_orocos_kdl' with the following arguments: {'ament_cmake_args': None, 'build_base': '/home/wasim/r4s/build/python_orocos_kdl', 'catkin_cmake_args': None, 'catkin_skip_building_tests': False, 'cmake_args': None, 'cmake_clean_cache': False, 'cmake_clean_first': False, 'cmake_force_configure': False, 'cmake_target': None, 'cmake_target_skip_unavailable': False, 'install_base': '/home/wasim/r4s/install/python_orocos_kdl', 'merge_install': False, 'path': '/home/wasim/r4s/src/orocos_kinematics_dynamics/python_orocos_kdl', 'symlink_install': False, 'test_result_base': None}
[0.682s] INFO:colcon.colcon_core.executor:Executing jobs using 'parallel' executor
[0.684s] DEBUG:colcon.colcon_parallel_executor.executor.parallel:run_until_complete
[0.684s] INFO:colcon.colcon_ros.task.cmake.build:Building ROS package in '/home/wasim/r4s/src/orocos_kinematics_dynamics/orocos_kdl' with build type 'cmake'
[0.684s] INFO:colcon.colcon_cmake.task.cmake.build:Building CMake package in '/home/wasim/r4s/src/orocos_kinematics_dynamics/orocos_kdl'
[0.690s] INFO:colcon.colcon_core.plugin_system:Skipping extension 'colcon_core.shell.bat': Not used on non-Windows systems
[0.690s] INFO:colcon.colcon_core.shell:Skip shell extension 'powershell' for command environment: Not usable outside of PowerShell
[0.691s] DEBUG:colcon.colcon_core.shell:Skip shell extension 'dsv' for command environment
[0.701s] INFO:colcon.colcon_cmake.task.cmake.build:Building CMake package in '/home/wasim/r4s/src/coord2b'
[0.701s] INFO:colcon.colcon_core.shell:Skip shell extension 'powershell' for command environment: Not usable outside of PowerShell
[0.702s] DEBUG:colcon.colcon_core.shell:Skip shell extension 'dsv' for command environment
[0.710s] INFO:colcon.colcon_cmake.task.cmake.build:Building CMake package in '/home/wasim/r4s/src/robif2b'
[0.711s] INFO:colcon.colcon_core.shell:Skip shell extension 'powershell' for command environment: Not usable outside of PowerShell
[0.711s] DEBUG:colcon.colcon_core.shell:Skip shell extension 'dsv' for command environment
[0.720s] INFO:colcon.colcon_cmake.task.cmake.build:Building CMake package in '/home/wasim/r4s/src/eddie_pmu_control'
[0.721s] INFO:colcon.colcon_core.shell:Skip shell extension 'powershell' for command environment: Not usable outside of PowerShell
[0.721s] DEBUG:colcon.colcon_core.shell:Skip shell extension 'dsv' for command environment
[0.730s] INFO:colcon.colcon_ros.task.ament_cmake.build:Building ROS package in '/home/wasim/r4s/src/ros2_kortex_vision' with build type 'ament_cmake'
[0.730s] INFO:colcon.colcon_cmake.task.cmake.build:Building CMake package in '/home/wasim/r4s/src/ros2_kortex_vision'
[0.731s] INFO:colcon.colcon_core.shell:Skip shell extension 'powershell' for command environment: Not usable outside of PowerShell
[0.731s] DEBUG:colcon.colcon_core.shell:Skip shell extension 'dsv' for command environment
[0.750s] DEBUG:colcon.colcon_core.event_handler.log_command:Invoking command in '/home/wasim/r4s/build/orocos_kdl': CMAKE_PREFIX_PATH=${CMAKE_PREFIX_PATH}:/opt/ros/jazzy DEBUGINFOD_URLS=https://debuginfod.ubuntu.com /usr/bin/cmake /home/wasim/r4s/src/orocos_kinematics_dynamics/orocos_kdl -DCMAKE_INSTALL_PREFIX=/home/wasim/r4s/install/orocos_kdl
[0.757s] DEBUG:colcon.colcon_core.event_handler.log_command:Invoking command in '/home/wasim/r4s/build/coord2b': DEBUGINFOD_URLS=https://debuginfod.ubuntu.com /usr/bin/cmake /home/wasim/r4s/src/coord2b -DCMAKE_INSTALL_PREFIX=/home/wasim/r4s/install/coord2b
[0.760s] DEBUG:colcon.colcon_core.event_handler.log_command:Invoking command in '/home/wasim/r4s/build/robif2b': DEBUGINFOD_URLS=https://debuginfod.ubuntu.com /usr/bin/cmake /home/wasim/r4s/src/robif2b -DENABLE_ETHERCAT=ON -DENABLE_KELO=ON -DENABLE_KORTEX=ON -DCMAKE_BUILD_TYPE=Debug -DENABLE_KORTEX_API_AUTO_DOWNLOAD=ON -DCMAKE_INSTALL_PREFIX=/home/wasim/r4s/install/robif2b
[0.766s] DEBUG:colcon.colcon_core.event_handler.log_command:Invoking command in '/home/wasim/r4s/build/eddie_pmu_control': DEBUGINFOD_URLS=https://debuginfod.ubuntu.com /usr/bin/cmake /home/wasim/r4s/src/eddie_pmu_control -DCMAKE_INSTALL_PREFIX=/home/wasim/r4s/install/eddie_pmu_control
[0.777s] DEBUG:colcon.colcon_core.event_handler.log_command:Invoking command in '/home/wasim/r4s/build/kinova_vision': CMAKE_PREFIX_PATH=${CMAKE_PREFIX_PATH}:/opt/ros/jazzy DEBUGINFOD_URLS=https://debuginfod.ubuntu.com /usr/bin/cmake /home/wasim/r4s/src/ros2_kortex_vision -DCMAKE_INSTALL_PREFIX=/home/wasim/r4s/install/kinova_vision
[1.715s] DEBUG:colcon.colcon_core.event_handler.log_command:Invoked command in '/home/wasim/r4s/build/eddie_pmu_control' returned '0': DEBUGINFOD_URLS=https://debuginfod.ubuntu.com /usr/bin/cmake /home/wasim/r4s/src/eddie_pmu_control -DCMAKE_INSTALL_PREFIX=/home/wasim/r4s/install/eddie_pmu_control
[1.718s] DEBUG:colcon.colcon_core.event_handler.log_command:Invoking command in '/home/wasim/r4s/build/eddie_pmu_control': DEBUGINFOD_URLS=https://debuginfod.ubuntu.com /usr/bin/cmake --build /home/wasim/r4s/build/eddie_pmu_control -- -j16 -l16
[1.723s] DEBUG:colcon.colcon_core.event_handler.log_command:Invoked command in '/home/wasim/r4s/build/coord2b' returned '0': DEBUGINFOD_URLS=https://debuginfod.ubuntu.com /usr/bin/cmake /home/wasim/r4s/src/coord2b -DCMAKE_INSTALL_PREFIX=/home/wasim/r4s/install/coord2b
[1.725s] DEBUG:colcon.colcon_core.event_handler.log_command:Invoking command in '/home/wasim/r4s/build/coord2b': DEBUGINFOD_URLS=https://debuginfod.ubuntu.com /usr/bin/cmake --build /home/wasim/r4s/build/coord2b -- -j16 -l16
[2.106s] DEBUG:colcon.colcon_core.event_handler.log_command:Invoked command in '/home/wasim/r4s/build/eddie_pmu_control' returned '0': DEBUGINFOD_URLS=https://debuginfod.ubuntu.com /usr/bin/cmake --build /home/wasim/r4s/build/eddie_pmu_control -- -j16 -l16
[2.132s] DEBUG:colcon.colcon_core.event_handler.log_command:Invoking command in '/home/wasim/r4s/build/eddie_pmu_control': DEBUGINFOD_URLS=https://debuginfod.ubuntu.com /usr/bin/cmake --install /home/wasim/r4s/build/eddie_pmu_control
[2.159s] Level 1:colcon.colcon_core.environment:create_environment_scripts_only(eddie_pmu_control)
[2.160s] DEBUG:colcon.colcon_core.event_handler.log_command:Invoked command in '/home/wasim/r4s/build/eddie_pmu_control' returned '0': DEBUGINFOD_URLS=https://debuginfod.ubuntu.com /usr/bin/cmake --install /home/wasim/r4s/build/eddie_pmu_control
[2.164s] Level 1:colcon.colcon_core.environment:checking '/home/wasim/r4s/install/eddie_pmu_control' for CMake module files
[2.165s] Level 1:colcon.colcon_core.environment:checking '/home/wasim/r4s/install/eddie_pmu_control' for CMake config files
[2.166s] Level 1:colcon.colcon_core.environment:checking '/home/wasim/r4s/install/eddie_pmu_control/bin'
[2.166s] Level 1:colcon.colcon_core.shell:create_environment_hook('eddie_pmu_control', 'path')
[2.166s] INFO:colcon.colcon_core.shell:Creating environment hook '/home/wasim/r4s/install/eddie_pmu_control/share/eddie_pmu_control/hook/path.ps1'
[2.168s] INFO:colcon.colcon_core.shell:Creating environment descriptor '/home/wasim/r4s/install/eddie_pmu_control/share/eddie_pmu_control/hook/path.dsv'
[2.169s] INFO:colcon.colcon_core.shell:Creating environment hook '/home/wasim/r4s/install/eddie_pmu_control/share/eddie_pmu_control/hook/path.sh'
[2.170s] Level 1:colcon.colcon_core.environment:checking '/home/wasim/r4s/install/eddie_pmu_control/lib/pkgconfig/eddie_pmu_control.pc'
[2.170s] Level 1:colcon.colcon_core.environment:checking '/home/wasim/r4s/install/eddie_pmu_control/lib/python3.12/site-packages'
[2.171s] Level 1:colcon.colcon_core.environment:checking '/home/wasim/r4s/install/eddie_pmu_control/bin'
[2.171s] Level 1:colcon.colcon_core.shell:create_environment_hook('eddie_pmu_control', 'pythonscriptspath')
[2.171s] INFO:colcon.colcon_core.shell:Creating environment hook '/home/wasim/r4s/install/eddie_pmu_control/share/eddie_pmu_control/hook/pythonscriptspath.ps1'
[2.172s] INFO:colcon.colcon_core.shell:Creating environment descriptor '/home/wasim/r4s/install/eddie_pmu_control/share/eddie_pmu_control/hook/pythonscriptspath.dsv'
[2.173s] INFO:colcon.colcon_core.shell:Creating environment hook '/home/wasim/r4s/install/eddie_pmu_control/share/eddie_pmu_control/hook/pythonscriptspath.sh'
[2.174s] INFO:colcon.colcon_core.shell:Creating package script '/home/wasim/r4s/install/eddie_pmu_control/share/eddie_pmu_control/package.ps1'
[2.197s] INFO:colcon.colcon_core.shell:Creating package descriptor '/home/wasim/r4s/install/eddie_pmu_control/share/eddie_pmu_control/package.dsv'
[2.198s] INFO:colcon.colcon_core.shell:Creating package script '/home/wasim/r4s/install/eddie_pmu_control/share/eddie_pmu_control/package.sh'
[2.200s] INFO:colcon.colcon_core.shell:Creating package script '/home/wasim/r4s/install/eddie_pmu_control/share/eddie_pmu_control/package.bash'
[2.201s] INFO:colcon.colcon_core.shell:Creating package script '/home/wasim/r4s/install/eddie_pmu_control/share/eddie_pmu_control/package.zsh'
[2.202s] Level 1:colcon.colcon_core.environment:create_file_with_runtime_dependencies(/home/wasim/r4s/install/eddie_pmu_control/share/colcon-core/packages/eddie_pmu_control)
[2.326s] DEBUG:colcon.colcon_core.event_handler.log_command:Invoked command in '/home/wasim/r4s/build/coord2b' returned '0': DEBUGINFOD_URLS=https://debuginfod.ubuntu.com /usr/bin/cmake --build /home/wasim/r4s/build/coord2b -- -j16 -l16
[2.328s] DEBUG:colcon.colcon_core.event_handler.log_command:Invoking command in '/home/wasim/r4s/build/coord2b': DEBUGINFOD_URLS=https://debuginfod.ubuntu.com /usr/bin/cmake --install /home/wasim/r4s/build/coord2b
[2.359s] Level 1:colcon.colcon_core.environment:create_environment_scripts_only(coord2b)
[2.360s] Level 1:colcon.colcon_core.environment:checking '/home/wasim/r4s/install/coord2b' for CMake module files
[2.361s] DEBUG:colcon.colcon_core.event_handler.log_command:Invoked command in '/home/wasim/r4s/build/coord2b' returned '0': DEBUGINFOD_URLS=https://debuginfod.ubuntu.com /usr/bin/cmake --install /home/wasim/r4s/build/coord2b
[2.362s] Level 1:colcon.colcon_core.environment:checking '/home/wasim/r4s/install/coord2b' for CMake config files
[2.362s] Level 1:colcon.colcon_core.shell:create_environment_hook('coord2b', 'cmake_prefix_path')
[2.363s] INFO:colcon.colcon_core.shell:Creating environment hook '/home/wasim/r4s/install/coord2b/share/coord2b/hook/cmake_prefix_path.ps1'
[2.364s] INFO:colcon.colcon_core.shell:Creating environment descriptor '/home/wasim/r4s/install/coord2b/share/coord2b/hook/cmake_prefix_path.dsv'
[2.365s] INFO:colcon.colcon_core.shell:Creating environment hook '/home/wasim/r4s/install/coord2b/share/coord2b/hook/cmake_prefix_path.sh'
[2.366s] Level 1:colcon.colcon_core.environment:checking '/home/wasim/r4s/install/coord2b/lib'
[2.366s] Level 1:colcon.colcon_core.shell:create_environment_hook('coord2b', 'ld_library_path_lib')
[2.367s] INFO:colcon.colcon_core.shell:Creating environment hook '/home/wasim/r4s/install/coord2b/share/coord2b/hook/ld_library_path_lib.ps1'
[2.367s] INFO:colcon.colcon_core.shell:Creating environment descriptor '/home/wasim/r4s/install/coord2b/share/coord2b/hook/ld_library_path_lib.dsv'
[2.368s] INFO:colcon.colcon_core.shell:Creating environment hook '/home/wasim/r4s/install/coord2b/share/coord2b/hook/ld_library_path_lib.sh'
[2.369s] Level 1:colcon.colcon_core.environment:checking '/home/wasim/r4s/install/coord2b/bin'
[2.369s] Level 1:colcon.colcon_core.environment:checking '/home/wasim/r4s/install/coord2b/lib/pkgconfig/coord2b.pc'
[2.370s] Level 1:colcon.colcon_core.environment:checking '/home/wasim/r4s/install/coord2b/lib/python3.12/site-packages'
[2.370s] Level 1:colcon.colcon_core.environment:checking '/home/wasim/r4s/install/coord2b/bin'
[2.370s] INFO:colcon.colcon_core.shell:Creating package script '/home/wasim/r4s/install/coord2b/share/coord2b/package.ps1'
[2.371s] INFO:colcon.colcon_core.shell:Creating package descriptor '/home/wasim/r4s/install/coord2b/share/coord2b/package.dsv'
[2.372s] INFO:colcon.colcon_core.shell:Creating package script '/home/wasim/r4s/install/coord2b/share/coord2b/package.sh'
[2.373s] INFO:colcon.colcon_core.shell:Creating package script '/home/wasim/r4s/install/coord2b/share/coord2b/package.bash'
[2.374s] INFO:colcon.colcon_core.shell:Creating package script '/home/wasim/r4s/install/coord2b/share/coord2b/package.zsh'
[2.374s] Level 1:colcon.colcon_core.environment:create_file_with_runtime_dependencies(/home/wasim/r4s/install/coord2b/share/colcon-core/packages/coord2b)
[2.537s] DEBUG:colcon.colcon_core.event_handler.log_command:Invoked command in '/home/wasim/r4s/build/kinova_vision' returned '1': CMAKE_PREFIX_PATH=${CMAKE_PREFIX_PATH}:/opt/ros/jazzy DEBUGINFOD_URLS=https://debuginfod.ubuntu.com /usr/bin/cmake /home/wasim/r4s/src/ros2_kortex_vision -DCMAKE_INSTALL_PREFIX=/home/wasim/r4s/install/kinova_vision
[2.552s] DEBUG:colcon.colcon_core.event_handler.log_command:Invoked command in '/home/wasim/r4s/build/orocos_kdl' returned '0': CMAKE_PREFIX_PATH=${CMAKE_PREFIX_PATH}:/opt/ros/jazzy DEBUGINFOD_URLS=https://debuginfod.ubuntu.com /usr/bin/cmake /home/wasim/r4s/src/orocos_kinematics_dynamics/orocos_kdl -DCMAKE_INSTALL_PREFIX=/home/wasim/r4s/install/orocos_kdl
[2.554s] DEBUG:colcon.colcon_core.event_handler.log_command:Invoking command in '/home/wasim/r4s/build/orocos_kdl': CMAKE_PREFIX_PATH=${CMAKE_PREFIX_PATH}:/opt/ros/jazzy DEBUGINFOD_URLS=https://debuginfod.ubuntu.com /usr/bin/cmake --build /home/wasim/r4s/build/orocos_kdl -- -j16 -l16
[2.570s] Level 1:colcon.colcon_core.environment:create_environment_scripts_only(kinova_vision)
[2.571s] Level 1:colcon.colcon_core.environment:checking '/home/wasim/r4s/install/kinova_vision' for CMake module files
[2.571s] Level 1:colcon.colcon_core.environment:checking '/home/wasim/r4s/install/kinova_vision' for CMake config files
[2.572s] Level 1:colcon.colcon_core.environment:checking '/home/wasim/r4s/install/kinova_vision/bin'
[2.572s] Level 1:colcon.colcon_core.environment:checking '/home/wasim/r4s/install/kinova_vision/lib/pkgconfig/kinova_vision.pc'
[2.572s] Level 1:colcon.colcon_core.environment:checking '/home/wasim/r4s/install/kinova_vision/lib/python3.12/site-packages'
[2.573s] Level 1:colcon.colcon_core.environment:checking '/home/wasim/r4s/install/kinova_vision/bin'
[2.573s] INFO:colcon.colcon_core.shell:Creating package script '/home/wasim/r4s/install/kinova_vision/share/kinova_vision/package.ps1'
[2.574s] INFO:colcon.colcon_core.shell:Creating package descriptor '/home/wasim/r4s/install/kinova_vision/share/kinova_vision/package.dsv'
[2.575s] INFO:colcon.colcon_core.shell:Creating package script '/home/wasim/r4s/install/kinova_vision/share/kinova_vision/package.sh'
[2.575s] INFO:colcon.colcon_core.shell:Creating package script '/home/wasim/r4s/install/kinova_vision/share/kinova_vision/package.bash'
[2.576s] INFO:colcon.colcon_core.shell:Creating package script '/home/wasim/r4s/install/kinova_vision/share/kinova_vision/package.zsh'
[2.577s] Level 1:colcon.colcon_core.environment:create_file_with_runtime_dependencies(/home/wasim/r4s/install/kinova_vision/share/colcon-core/packages/kinova_vision)
[22.772s] DEBUG:colcon.colcon_parallel_executor.executor.parallel:closing loop
[22.772s] DEBUG:colcon.colcon_parallel_executor.executor.parallel:loop closed
[22.772s] DEBUG:colcon.colcon_parallel_executor.executor.parallel:run_until_complete finished with '1'
[22.772s] DEBUG:colcon.colcon_core.event_reactor:joining thread
[22.778s] INFO:colcon.colcon_core.plugin_system:Skipping extension 'colcon_notification.desktop_notification.terminal_notifier': Not used on non-Darwin systems
[22.778s] INFO:colcon.colcon_core.plugin_system:Skipping extension 'colcon_notification.desktop_notification.win32': Not used on non-Windows systems
[22.778s] INFO:colcon.colcon_notification.desktop_notification:Sending desktop notification using 'notify2'
[22.791s] DEBUG:colcon.colcon_core.event_reactor:joined thread
[22.791s] INFO:colcon.colcon_core.shell:Creating prefix script '/home/wasim/r4s/install/local_setup.ps1'
[22.792s] INFO:colcon.colcon_core.shell:Creating prefix util module '/home/wasim/r4s/install/_local_setup_util_ps1.py'
[22.793s] INFO:colcon.colcon_core.shell:Creating prefix chain script '/home/wasim/r4s/install/setup.ps1'
[22.794s] INFO:colcon.colcon_core.shell:Creating prefix script '/home/wasim/r4s/install/local_setup.sh'
[22.795s] INFO:colcon.colcon_core.shell:Creating prefix util module '/home/wasim/r4s/install/_local_setup_util_sh.py'
[22.796s] INFO:colcon.colcon_core.shell:Creating prefix chain script '/home/wasim/r4s/install/setup.sh'
[22.797s] INFO:colcon.colcon_core.shell:Creating prefix script '/home/wasim/r4s/install/local_setup.bash'
[22.797s] INFO:colcon.colcon_core.shell:Creating prefix chain script '/home/wasim/r4s/install/setup.bash'
[22.798s] INFO:colcon.colcon_core.shell:Creating prefix script '/home/wasim/r4s/install/local_setup.zsh'
[22.798s] INFO:colcon.colcon_core.shell:Creating prefix chain script '/home/wasim/r4s/install/setup.zsh'
