[0.017s] Invoking command in '/home/wasim/r4s/build/coord2b': DEBUGINFOD_URLS=https://debuginfod.ubuntu.com /usr/bin/cmake --build /home/wasim/r4s/build/coord2b -- -j16 -l16
[0.074s] [ 60%] Built target coord2b
[0.099s] [100%] Built target traffic_lights
[0.124s] Invoked command in '/home/wasim/r4s/build/coord2b' returned '0': DEBUGINFOD_URLS=https://debuginfod.ubuntu.com /usr/bin/cmake --build /home/wasim/r4s/build/coord2b -- -j16 -l16
[0.125s] Invoking command in '/home/wasim/r4s/build/coord2b': DEBUGINFOD_URLS=https://debuginfod.ubuntu.com /usr/bin/cmake --install /home/wasim/r4s/build/coord2b
[0.135s] -- Install configuration: ""
[0.135s] -- Up-to-date: /home/wasim/r4s/install/coord2b/include
[0.135s] -- Up-to-date: /home/wasim/r4s/install/coord2b/include/coord2b
[0.135s] -- Up-to-date: /home/wasim/r4s/install/coord2b/include/coord2b/functions
[0.135s] -- Up-to-date: /home/wasim/r4s/install/coord2b/include/coord2b/functions/fsm.h
[0.135s] -- Up-to-date: /home/wasim/r4s/install/coord2b/include/coord2b/functions/event_loop.h
[0.135s] -- Up-to-date: /home/wasim/r4s/install/coord2b/include/coord2b/types
[0.135s] -- Up-to-date: /home/wasim/r4s/install/coord2b/include/coord2b/types/fsm.h
[0.137s] -- Up-to-date: /home/wasim/r4s/install/coord2b/include/coord2b/types/event_loop.h
[0.137s] -- Up-to-date: /home/wasim/r4s/install/coord2b/lib/cmake/coord2b/coord2b-config.cmake
[0.137s] -- Up-to-date: /home/wasim/r4s/install/coord2b/lib/cmake/coord2b/coord2b-config-version.cmake
[0.137s] -- Up-to-date: /home/wasim/r4s/install/coord2b/lib/cmake/coord2b/coord2b-targets.cmake
[0.137s] -- Up-to-date: /home/wasim/r4s/install/coord2b/lib/cmake/coord2b/coord2b-targets-noconfig.cmake
[0.138s] -- Up-to-date: /home/wasim/r4s/install/coord2b/lib/libcoord2b.so
[0.140s] Invoked command in '/home/wasim/r4s/build/coord2b' returned '0': DEBUGINFOD_URLS=https://debuginfod.ubuntu.com /usr/bin/cmake --install /home/wasim/r4s/build/coord2b
