[0.032s] Invoking command in '/home/wasim/r4s/build/kinova_vision': CMAKE_PREFIX_PATH=${CMAKE_PREFIX_PATH}:/opt/ros/jazzy DEBUGINFOD_URLS=https://debuginfod.ubuntu.com /usr/bin/cmake --build /home/wasim/r4s/build/kinova_vision -- -j16 -l16
[0.107s] [ 50%] Built target kinova_vision
[0.149s] [100%] Built target kinova_vision_node
[0.183s] Invoked command in '/home/wasim/r4s/build/kinova_vision' returned '0': CMAKE_PREFIX_PATH=${CMAKE_PREFIX_PATH}:/opt/ros/jazzy DEBUGINFOD_URLS=https://debuginfod.ubuntu.com /usr/bin/cmake --build /home/wasim/r4s/build/kinova_vision -- -j16 -l16
[0.184s] Invoking command in '/home/wasim/r4s/build/kinova_vision': CMAKE_PREFIX_PATH=${CMAKE_PREFIX_PATH}:/opt/ros/jazzy DEBUGINFOD_URLS=https://debuginfod.ubuntu.com /usr/bin/cmake --install /home/wasim/r4s/build/kinova_vision
[0.195s] -- Install configuration: ""
[0.196s] -- Up-to-date: /home/wasim/r4s/install/kinova_vision/lib/libkinova_vision.so
[0.196s] -- Up-to-date: /home/wasim/r4s/install/kinova_vision/lib/kinova_vision/kinova_vision_node
[0.196s] -- Up-to-date: /home/wasim/r4s/install/kinova_vision/share/kinova_vision/launch
[0.196s] -- Up-to-date: /home/wasim/r4s/install/kinova_vision/share/kinova_vision/launch/camera_streams.rviz
[0.196s] -- Up-to-date: /home/wasim/r4s/install/kinova_vision/share/kinova_vision/launch/calibration
[0.196s] -- Up-to-date: /home/wasim/r4s/install/kinova_vision/share/kinova_vision/launch/calibration/default_color_calib_320x240.ini
[0.196s] -- Up-to-date: /home/wasim/r4s/install/kinova_vision/share/kinova_vision/launch/calibration/default_depth_calib_424x240.ini
[0.196s] -- Up-to-date: /home/wasim/r4s/install/kinova_vision/share/kinova_vision/launch/calibration/default_color_calib_1920x1080.ini
[0.196s] -- Up-to-date: /home/wasim/r4s/install/kinova_vision/share/kinova_vision/launch/calibration/default_depth_calib_480x270.ini
[0.197s] -- Up-to-date: /home/wasim/r4s/install/kinova_vision/share/kinova_vision/launch/calibration/default_color_calib_640x480.ini
[0.197s] -- Up-to-date: /home/wasim/r4s/install/kinova_vision/share/kinova_vision/launch/calibration/default_color_calib_1280x720.ini
[0.197s] -- Up-to-date: /home/wasim/r4s/install/kinova_vision/share/kinova_vision/launch/kinova_vision.launch.py
[0.197s] -- Up-to-date: /home/wasim/r4s/install/kinova_vision/share/kinova_vision/environment/library_path.sh
[0.197s] -- Up-to-date: /home/wasim/r4s/install/kinova_vision/share/kinova_vision/environment/library_path.dsv
[0.197s] -- Up-to-date: /home/wasim/r4s/install/kinova_vision/share/ament_index/resource_index/package_run_dependencies/kinova_vision
[0.197s] -- Up-to-date: /home/wasim/r4s/install/kinova_vision/share/ament_index/resource_index/parent_prefix_path/kinova_vision
[0.197s] -- Up-to-date: /home/wasim/r4s/install/kinova_vision/share/kinova_vision/environment/ament_prefix_path.sh
[0.197s] -- Up-to-date: /home/wasim/r4s/install/kinova_vision/share/kinova_vision/environment/ament_prefix_path.dsv
[0.197s] -- Up-to-date: /home/wasim/r4s/install/kinova_vision/share/kinova_vision/environment/path.sh
[0.197s] -- Up-to-date: /home/wasim/r4s/install/kinova_vision/share/kinova_vision/environment/path.dsv
[0.197s] -- Up-to-date: /home/wasim/r4s/install/kinova_vision/share/kinova_vision/local_setup.bash
[0.197s] -- Up-to-date: /home/wasim/r4s/install/kinova_vision/share/kinova_vision/local_setup.sh
[0.197s] -- Up-to-date: /home/wasim/r4s/install/kinova_vision/share/kinova_vision/local_setup.zsh
[0.197s] -- Up-to-date: /home/wasim/r4s/install/kinova_vision/share/kinova_vision/local_setup.dsv
[0.198s] -- Installing: /home/wasim/r4s/install/kinova_vision/share/kinova_vision/package.dsv
[0.198s] -- Up-to-date: /home/wasim/r4s/install/kinova_vision/share/ament_index/resource_index/packages/kinova_vision
[0.198s] -- Up-to-date: /home/wasim/r4s/install/kinova_vision/share/kinova_vision/cmake/ament_cmake_export_include_directories-extras.cmake
[0.198s] -- Up-to-date: /home/wasim/r4s/install/kinova_vision/share/kinova_vision/cmake/ament_cmake_export_libraries-extras.cmake
[0.198s] -- Up-to-date: /home/wasim/r4s/install/kinova_vision/share/kinova_vision/cmake/kinova_visionConfig.cmake
[0.198s] -- Up-to-date: /home/wasim/r4s/install/kinova_vision/share/kinova_vision/cmake/kinova_visionConfig-version.cmake
[0.198s] -- Up-to-date: /home/wasim/r4s/install/kinova_vision/share/kinova_vision/package.xml
[0.199s] Invoked command in '/home/wasim/r4s/build/kinova_vision' returned '0': CMAKE_PREFIX_PATH=${CMAKE_PREFIX_PATH}:/opt/ros/jazzy DEBUGINFOD_URLS=https://debuginfod.ubuntu.com /usr/bin/cmake --install /home/wasim/r4s/build/kinova_vision
